#
# There is insufficient memory for the Java Runtime Environment to continue.
# Native memory allocation (mmap) failed to map 315621376 bytes for G1 virtual space
# Possible reasons:
#   The system is out of physical RAM or swap space
#   The process is running with CompressedOops enabled, and the Java Heap may be blocking the growth of the native heap
# Possible solutions:
#   Reduce memory load on the system
#   Increase physical memory or swap space
#   Check if swap backing store is full
#   Decrease Java heap size (-Xmx/-Xms)
#   Decrease number of Java threads
#   Decrease Java thread stack sizes (-Xss)
#   Set larger code cache with -XX:ReservedCodeCacheSize=
#   JVM is running with Unscaled Compressed Oops mode in which the Java heap is
#     placed in the first 4GB address space. The Java Heap base address is the
#     maximum limit for the native heap growth. Please use -XX:HeapBaseMinAddress
#     to set the Java Heap base and to place the Java Heap above 4GB virtual address.
# This output file may be truncated or incomplete.
#
#  Out of Memory Error (os_windows.cpp:3825), pid=24232, tid=29452
#
# JRE version: OpenJDK Runtime Environment (17.0.10) (build 17.0.10+0--11609105)
# Java VM: OpenJDK 64-Bit Server VM (17.0.10+0--11609105, mixed mode, tiered, compressed oops, compressed class ptrs, g1 gc, windows-amd64)
# No core dump will be written. Minidumps are not enabled by default on client versions of Windows
#

---------------  S U M M A R Y ------------

Command Line: --add-opens=java.base/java.util=ALL-UNNAMED --add-opens=java.base/java.lang=ALL-UNNAMED --add-opens=java.base/java.lang.invoke=ALL-UNNAMED --add-opens=java.prefs/java.util.prefs=ALL-UNNAMED --add-opens=java.base/java.nio.charset=ALL-UNNAMED --add-opens=java.base/java.net=ALL-UNNAMED --add-opens=java.base/java.util.concurrent.atomic=ALL-UNNAMED -Xmx2048m -Dfile.encoding=UTF-8 -Duser.country=SV -Duser.language=es -Duser.variant -javaagent:C:\Users\angel\.gradle\wrapper\dists\gradle-8.7-bin\bhs2wmbdwecv87pi65oeuq5iu\gradle-8.7\lib\agents\gradle-instrumentation-agent-8.7.jar org.gradle.launcher.daemon.bootstrap.GradleDaemon 8.7

Host: 12th Gen Intel(R) Core(TM) i7-1250U, 12 cores, 7G,  Windows 11 , 64 bit Build 22621 (10.0.22621.3958)
Time: Fri Aug 30 00:47:35 2024 Hora estándar, América Central elapsed time: 46.625022 seconds (0d 0h 0m 46s)

---------------  T H R E A D  ---------------

Current thread (0x0000020a7e011530):  VMThread "VM Thread" [stack: 0x00000067d6200000,0x00000067d6300000] [id=29452]

Stack: [0x00000067d6200000,0x00000067d6300000]
Native frames: (J=compiled Java code, j=interpreted, Vv=VM code, C=native code)
V  [jvm.dll+0x688de9]
V  [jvm.dll+0x8423da]
V  [jvm.dll+0x84401e]
V  [jvm.dll+0x844683]
V  [jvm.dll+0x24be0f]
V  [jvm.dll+0x685bb9]
V  [jvm.dll+0x67a46a]
V  [jvm.dll+0x30cbab]
V  [jvm.dll+0x314056]
V  [jvm.dll+0x363dce]
V  [jvm.dll+0x363fff]
V  [jvm.dll+0x2e2978]
V  [jvm.dll+0x2e0b54]
V  [jvm.dll+0x2e015c]
V  [jvm.dll+0x32502b]
V  [jvm.dll+0x848d7b]
V  [jvm.dll+0x849ac1]
V  [jvm.dll+0x849fdd]
V  [jvm.dll+0x84a3b4]
V  [jvm.dll+0x84a480]
V  [jvm.dll+0x7f0c7a]
V  [jvm.dll+0x687c65]
C  [ucrtbase.dll+0x29333]
C  [KERNEL32.DLL+0x1257d]
C  [ntdll.dll+0x5af28]

VM_Operation (0x00000067d79eeb30): G1CollectForAllocation, mode: safepoint, requested by thread 0x0000020a133612a0


---------------  P R O C E S S  ---------------

Threads class SMR info:
_java_thread_list=0x0000020a1e4ccc00, length=71, elements={
0x0000020a72f7d200, 0x0000020a7e015380, 0x0000020a7e016200, 0x0000020a7e171b30,
0x0000020a7e180a70, 0x0000020a7e183540, 0x0000020a7e183f00, 0x0000020a7e185440,
0x0000020a7e185ef0, 0x0000020a7e191230, 0x0000020a7e2c11c0, 0x0000020a7e3fa020,
0x0000020a7fc6c440, 0x0000020a131d7490, 0x0000020a7f5859c0, 0x0000020a1324e150,
0x0000020a132f0a00, 0x0000020a1335da40, 0x0000020a133612a0, 0x0000020a7f962430,
0x0000020a7f9605d0, 0x0000020a7f962940, 0x0000020a7f9600c0, 0x0000020a7f960ae0,
0x0000020a7f960ff0, 0x0000020a7f95f6a0, 0x0000020a7f95f190, 0x0000020a7f95fbb0,
0x0000020a7f961500, 0x0000020a7f961a10, 0x0000020a7e45a720, 0x0000020a7e456f70,
0x0000020a7e45cfa0, 0x0000020a7e457990, 0x0000020a7e4592e0, 0x0000020a7e457ea0,
0x0000020a7e4583b0, 0x0000020a7e45d4b0, 0x0000020a7e45bb60, 0x0000020a7e4597f0,
0x0000020a7e45ac30, 0x0000020a7e459d00, 0x0000020a7e45b650, 0x0000020a7e45ded0,
0x0000020a7e45c070, 0x0000020a7e457480, 0x0000020a7e4588c0, 0x0000020a7e456a60,
0x0000020a7e45a210, 0x0000020a7e45c580, 0x0000020a7e45e3e0, 0x0000020a7e458dd0,
0x0000020a7e45ca90, 0x0000020a159a09c0, 0x0000020a159a18f0, 0x0000020a159a2310,
0x0000020a159a2d30, 0x0000020a159a3c60, 0x0000020a159a4170, 0x0000020a159a4680,
0x0000020a159a50a0, 0x0000020a135d7310, 0x0000020a135d68f0, 0x0000020a135d4fa0,
0x0000020a135d63e0, 0x0000020a135d54b0, 0x0000020a135d59c0, 0x0000020a135d6e00,
0x0000020a135d4a90, 0x0000020a135d8240, 0x0000020a135d5ed0
}

Java Threads: ( => current thread )
  0x0000020a72f7d200 JavaThread "main" [_thread_blocked, id=32148, stack(0x00000067d5c00000,0x00000067d5d00000)]
  0x0000020a7e015380 JavaThread "Reference Handler" daemon [_thread_blocked, id=16872, stack(0x00000067d6300000,0x00000067d6400000)]
  0x0000020a7e016200 JavaThread "Finalizer" daemon [_thread_blocked, id=29172, stack(0x00000067d6400000,0x00000067d6500000)]
  0x0000020a7e171b30 JavaThread "Signal Dispatcher" daemon [_thread_blocked, id=1244, stack(0x00000067d6500000,0x00000067d6600000)]
  0x0000020a7e180a70 JavaThread "Attach Listener" daemon [_thread_blocked, id=20676, stack(0x00000067d6600000,0x00000067d6700000)]
  0x0000020a7e183540 JavaThread "Service Thread" daemon [_thread_blocked, id=28052, stack(0x00000067d6700000,0x00000067d6800000)]
  0x0000020a7e183f00 JavaThread "Monitor Deflation Thread" daemon [_thread_blocked, id=5992, stack(0x00000067d6800000,0x00000067d6900000)]
  0x0000020a7e185440 JavaThread "C2 CompilerThread0" daemon [_thread_blocked, id=17696, stack(0x00000067d6900000,0x00000067d6a00000)]
  0x0000020a7e185ef0 JavaThread "C1 CompilerThread0" daemon [_thread_blocked, id=10488, stack(0x00000067d6a00000,0x00000067d6b00000)]
  0x0000020a7e191230 JavaThread "Sweeper thread" daemon [_thread_blocked, id=26448, stack(0x00000067d6b00000,0x00000067d6c00000)]
  0x0000020a7e2c11c0 JavaThread "Common-Cleaner" daemon [_thread_blocked, id=28568, stack(0x00000067d6c00000,0x00000067d6d00000)]
  0x0000020a7e3fa020 JavaThread "Notification Thread" daemon [_thread_blocked, id=16140, stack(0x00000067d6d00000,0x00000067d6e00000)]
  0x0000020a7fc6c440 JavaThread "Daemon health stats" [_thread_blocked, id=15448, stack(0x00000067d7300000,0x00000067d7400000)]
  0x0000020a131d7490 JavaThread "Incoming local TCP Connector on port 49351" [_thread_in_native, id=20892, stack(0x00000067d7400000,0x00000067d7500000)]
  0x0000020a7f5859c0 JavaThread "Daemon periodic checks" [_thread_blocked, id=26300, stack(0x00000067d7500000,0x00000067d7600000)]
  0x0000020a1324e150 JavaThread "Daemon" [_thread_blocked, id=31416, stack(0x00000067d7600000,0x00000067d7700000)]
  0x0000020a132f0a00 JavaThread "Handler for socket connection from /127.0.0.1:49351 to /127.0.0.1:49352" [_thread_in_native, id=29144, stack(0x00000067d7700000,0x00000067d7800000)]
  0x0000020a1335da40 JavaThread "Cancel handler" [_thread_blocked, id=27696, stack(0x00000067d7800000,0x00000067d7900000)]
  0x0000020a133612a0 JavaThread "Daemon worker" [_thread_blocked, id=13624, stack(0x00000067d7900000,0x00000067d7a00000)]
  0x0000020a7f962430 JavaThread "Asynchronous log dispatcher for DefaultDaemonConnection: socket connection from /127.0.0.1:49351 to /127.0.0.1:49352" [_thread_blocked, id=15380, stack(0x00000067d7a00000,0x00000067d7b00000)]
  0x0000020a7f9605d0 JavaThread "Stdin handler" [_thread_blocked, id=23788, stack(0x00000067d7b00000,0x00000067d7c00000)]
  0x0000020a7f962940 JavaThread "Daemon client event forwarder" [_thread_blocked, id=292, stack(0x00000067d7c00000,0x00000067d7d00000)]
  0x0000020a7f9600c0 JavaThread "Cache worker for journal cache (C:\Users\angel\.gradle\caches\journal-1)" [_thread_blocked, id=24560, stack(0x00000067d8200000,0x00000067d8300000)]
  0x0000020a7f960ae0 JavaThread "File lock request listener" [_thread_in_native, id=5932, stack(0x00000067d8300000,0x00000067d8400000)]
  0x0000020a7f960ff0 JavaThread "Cache worker for file hash cache (C:\Users\angel\.gradle\caches\8.7\fileHashes)" [_thread_blocked, id=19104, stack(0x00000067d8400000,0x00000067d8500000)]
  0x0000020a7f95f6a0 JavaThread "Cache worker for file hash cache (C:\Users\angel\OneDrive\Escritorio\DilloSports\.gradle\8.7\fileHashes)" [_thread_blocked, id=30752, stack(0x00000067d8500000,0x00000067d8600000)]
  0x0000020a7f95f190 JavaThread "File watcher server" daemon [_thread_blocked, id=3308, stack(0x00000067d8600000,0x00000067d8700000)]
  0x0000020a7f95fbb0 JavaThread "File watcher consumer" daemon [_thread_blocked, id=20488, stack(0x00000067d8700000,0x00000067d8800000)]
  0x0000020a7f961500 JavaThread "jar transforms" [_thread_blocked, id=18148, stack(0x00000067d8800000,0x00000067d8900000)]
  0x0000020a7f961a10 JavaThread "jar transforms Thread 2" [_thread_blocked, id=22192, stack(0x00000067d8900000,0x00000067d8a00000)]
  0x0000020a7e45a720 JavaThread "jar transforms Thread 3" [_thread_blocked, id=8960, stack(0x00000067d8a00000,0x00000067d8b00000)]
  0x0000020a7e456f70 JavaThread "jar transforms Thread 4" [_thread_blocked, id=32528, stack(0x00000067d8b00000,0x00000067d8c00000)]
  0x0000020a7e45cfa0 JavaThread "jar transforms Thread 5" [_thread_blocked, id=21692, stack(0x00000067d8c00000,0x00000067d8d00000)]
  0x0000020a7e457990 JavaThread "jar transforms Thread 6" [_thread_blocked, id=32948, stack(0x00000067d8d00000,0x00000067d8e00000)]
  0x0000020a7e4592e0 JavaThread "jar transforms Thread 7" [_thread_blocked, id=20384, stack(0x00000067d8e00000,0x00000067d8f00000)]
  0x0000020a7e457ea0 JavaThread "jar transforms Thread 8" [_thread_blocked, id=23424, stack(0x00000067d8f00000,0x00000067d9000000)]
  0x0000020a7e4583b0 JavaThread "jar transforms Thread 9" [_thread_blocked, id=14556, stack(0x00000067d9000000,0x00000067d9100000)]
  0x0000020a7e45d4b0 JavaThread "jar transforms Thread 10" [_thread_blocked, id=29196, stack(0x00000067d9100000,0x00000067d9200000)]
  0x0000020a7e45bb60 JavaThread "Cache worker for checksums cache (C:\Users\angel\OneDrive\Escritorio\DilloSports\.gradle\8.7\checksums)" [_thread_blocked, id=12732, stack(0x00000067d9200000,0x00000067d9300000)]
  0x0000020a7e4597f0 JavaThread "Cache worker for cache directory md-supplier (C:\Users\angel\.gradle\caches\8.7\md-supplier)" [_thread_blocked, id=33148, stack(0x00000067d9300000,0x00000067d9400000)]
  0x0000020a7e45ac30 JavaThread "Cache worker for cache directory md-rule (C:\Users\angel\.gradle\caches\8.7\md-rule)" [_thread_blocked, id=2352, stack(0x00000067d9400000,0x00000067d9500000)]
  0x0000020a7e459d00 JavaThread "Cache worker for file content cache (C:\Users\angel\.gradle\caches\8.7\fileContent)" [_thread_blocked, id=18476, stack(0x00000067d9500000,0x00000067d9600000)]
  0x0000020a7e45b650 JavaThread "Unconstrained build operations" [_thread_blocked, id=27492, stack(0x00000067d9700000,0x00000067d9800000)]
  0x0000020a7e45ded0 JavaThread "Unconstrained build operations Thread 2" [_thread_blocked, id=31692, stack(0x00000067d9800000,0x00000067d9900000)]
  0x0000020a7e45c070 JavaThread "Unconstrained build operations Thread 3" [_thread_blocked, id=25216, stack(0x00000067d9900000,0x00000067d9a00000)]
  0x0000020a7e457480 JavaThread "Unconstrained build operations Thread 4" [_thread_blocked, id=35428, stack(0x00000067d9a00000,0x00000067d9b00000)]
  0x0000020a7e4588c0 JavaThread "Unconstrained build operations Thread 5" [_thread_blocked, id=16604, stack(0x00000067d9b00000,0x00000067d9c00000)]
  0x0000020a7e456a60 JavaThread "Unconstrained build operations Thread 6" [_thread_blocked, id=35312, stack(0x00000067d9c00000,0x00000067d9d00000)]
  0x0000020a7e45a210 JavaThread "Unconstrained build operations Thread 7" [_thread_blocked, id=22072, stack(0x00000067d9d00000,0x00000067d9e00000)]
  0x0000020a7e45c580 JavaThread "Unconstrained build operations Thread 8" [_thread_blocked, id=31076, stack(0x00000067d9e00000,0x00000067d9f00000)]
  0x0000020a7e45e3e0 JavaThread "Unconstrained build operations Thread 9" [_thread_blocked, id=5108, stack(0x00000067d9f00000,0x00000067da000000)]
  0x0000020a7e458dd0 JavaThread "Unconstrained build operations Thread 10" [_thread_blocked, id=10104, stack(0x00000067da000000,0x00000067da100000)]
  0x0000020a7e45ca90 JavaThread "Cache worker for Build Output Cleanup Cache (C:\Users\angel\OneDrive\Escritorio\DilloSports\.gradle\buildOutputCleanup)" [_thread_blocked, id=6484, stack(0x00000067da100000,0x00000067da200000)]
  0x0000020a159a09c0 JavaThread "Unconstrained build operations Thread 11" [_thread_blocked, id=33452, stack(0x00000067dab00000,0x00000067dac00000)]
  0x0000020a159a18f0 JavaThread "Unconstrained build operations Thread 12" [_thread_blocked, id=34756, stack(0x00000067dac00000,0x00000067dad00000)]
  0x0000020a159a2310 JavaThread "Unconstrained build operations Thread 13" [_thread_blocked, id=32036, stack(0x00000067dad00000,0x00000067dae00000)]
  0x0000020a159a2d30 JavaThread "Unconstrained build operations Thread 14" [_thread_blocked, id=5536, stack(0x00000067dae00000,0x00000067daf00000)]
  0x0000020a159a3c60 JavaThread "Unconstrained build operations Thread 15" [_thread_blocked, id=29280, stack(0x00000067daf00000,0x00000067db000000)]
  0x0000020a159a4170 JavaThread "Unconstrained build operations Thread 16" [_thread_blocked, id=14396, stack(0x00000067db000000,0x00000067db100000)]
  0x0000020a159a4680 JavaThread "Unconstrained build operations Thread 17" [_thread_blocked, id=34988, stack(0x00000067db100000,0x00000067db200000)]
  0x0000020a159a50a0 JavaThread "Unconstrained build operations Thread 18" [_thread_blocked, id=20944, stack(0x00000067db200000,0x00000067db300000)]
  0x0000020a135d7310 JavaThread "Unconstrained build operations Thread 19" [_thread_blocked, id=14976, stack(0x00000067db300000,0x00000067db400000)]
  0x0000020a135d68f0 JavaThread "Unconstrained build operations Thread 20" [_thread_blocked, id=13592, stack(0x00000067db400000,0x00000067db500000)]
  0x0000020a135d4fa0 JavaThread "Unconstrained build operations Thread 21" [_thread_blocked, id=28560, stack(0x00000067db500000,0x00000067db600000)]
  0x0000020a135d63e0 JavaThread "Unconstrained build operations Thread 22" [_thread_blocked, id=20952, stack(0x00000067db600000,0x00000067db700000)]
  0x0000020a135d54b0 JavaThread "Unconstrained build operations Thread 23" [_thread_blocked, id=34876, stack(0x00000067db700000,0x00000067db800000)]
  0x0000020a135d59c0 JavaThread "Unconstrained build operations Thread 24" [_thread_blocked, id=32224, stack(0x00000067db800000,0x00000067db900000)]
  0x0000020a135d6e00 JavaThread "Unconstrained build operations Thread 25" [_thread_blocked, id=28712, stack(0x00000067db900000,0x00000067dba00000)]
  0x0000020a135d4a90 JavaThread "Unconstrained build operations Thread 26" [_thread_blocked, id=34924, stack(0x00000067dba00000,0x00000067dbb00000)]
  0x0000020a135d8240 JavaThread "Unconstrained build operations Thread 27" [_thread_blocked, id=2524, stack(0x00000067dbb00000,0x00000067dbc00000)]
  0x0000020a135d5ed0 JavaThread "Unconstrained build operations Thread 28" [_thread_blocked, id=31820, stack(0x00000067dbc00000,0x00000067dbd00000)]

Other Threads:
=>0x0000020a7e011530 VMThread "VM Thread" [stack: 0x00000067d6200000,0x00000067d6300000] [id=29452]
  0x0000020a7e3fa500 WatcherThread [stack: 0x00000067d6e00000,0x00000067d6f00000] [id=808]
  0x0000020a72fd8690 GCTaskThread "GC Thread#0" [stack: 0x00000067d5d00000,0x00000067d5e00000] [id=14956]
  0x0000020a7f1858e0 GCTaskThread "GC Thread#1" [stack: 0x00000067d7000000,0x00000067d7100000] [id=35132]
  0x0000020a7e7d3c60 GCTaskThread "GC Thread#2" [stack: 0x00000067d7100000,0x00000067d7200000] [id=412]
  0x0000020a7f256d30 GCTaskThread "GC Thread#3" [stack: 0x00000067d7200000,0x00000067d7300000] [id=23472]
  0x0000020a7f252030 GCTaskThread "GC Thread#4" [stack: 0x00000067d6f00000,0x00000067d7000000] [id=7428]
  0x0000020a7f093330 GCTaskThread "GC Thread#5" [stack: 0x00000067d7d00000,0x00000067d7e00000] [id=28344]
  0x0000020a7fc30040 GCTaskThread "GC Thread#6" [stack: 0x00000067d7e00000,0x00000067d7f00000] [id=16812]
  0x0000020a13382020 GCTaskThread "GC Thread#7" [stack: 0x00000067d7f00000,0x00000067d8000000] [id=18424]
  0x0000020a7f83b3b0 GCTaskThread "GC Thread#8" [stack: 0x00000067d8000000,0x00000067d8100000] [id=35076]
  0x0000020a72fe9d80 ConcurrentGCThread "G1 Main Marker" [stack: 0x00000067d5e00000,0x00000067d5f00000] [id=2748]
  0x0000020a72fea7a0 ConcurrentGCThread "G1 Conc#0" [stack: 0x00000067d5f00000,0x00000067d6000000] [id=32040]
  0x0000020a7e537f70 ConcurrentGCThread "G1 Conc#1" [stack: 0x00000067d8100000,0x00000067d8200000] [id=6872]
  0x0000020a7302d7d0 ConcurrentGCThread "G1 Refine#0" [stack: 0x00000067d6000000,0x00000067d6100000] [id=33132]
  0x0000020a151c9f70 ConcurrentGCThread "G1 Refine#1" [stack: 0x00000067da200000,0x00000067da300000] [id=31220]
  0x0000020a151ca260 ConcurrentGCThread "G1 Refine#2" [stack: 0x00000067da300000,0x00000067da400000] [id=34820]
  0x0000020a16248de0 ConcurrentGCThread "G1 Refine#3" [stack: 0x00000067da400000,0x00000067da500000] [id=27860]
  0x0000020a16247950 ConcurrentGCThread "G1 Refine#4" [stack: 0x00000067da500000,0x00000067da600000] [id=34304]
  0x0000020a1624a850 ConcurrentGCThread "G1 Refine#5" [stack: 0x00000067da600000,0x00000067da700000] [id=21780]
  0x0000020a16247c40 ConcurrentGCThread "G1 Refine#6" [stack: 0x00000067da700000,0x00000067da800000] [id=21312]
  0x0000020a162496b0 ConcurrentGCThread "G1 Refine#7" [stack: 0x00000067da800000,0x00000067da900000] [id=23464]
  0x0000020a7302e200 ConcurrentGCThread "G1 Service" [stack: 0x00000067d6100000,0x00000067d6200000] [id=15456]

Threads with active compile tasks:
C2 CompilerThread0    46668 11246       4       org.jetbrains.kotlin.metadata.ProtoBuf$Type::writeTo (354 bytes)
C1 CompilerThread0    46668 11294       3       java.util.ArrayList$SubList::toArray (79 bytes)

VM state: at safepoint (normal execution)

VM Mutex/Monitor currently owned by a thread:  ([mutex/lock_event])
[0x0000020a72f7a2e0] Threads_lock - owner thread: 0x0000020a7e011530
[0x0000020a72f79b90] Heap_lock - owner thread: 0x0000020a133612a0

Heap address: 0x0000000080000000, size: 2048 MB, Compressed Oops mode: 32-bit

CDS archive(s) not mapped
Compressed class space mapped at: 0x0000000100000000-0x0000000140000000, reserved size: 1073741824
Narrow klass base: 0x0000000000000000, Narrow klass shift: 3, Narrow klass range: 0x140000000

GC Precious Log:
 CPUs: 12 total, 10 available
 Memory: 7885M
 Large Page Support: Disabled
 NUMA Support: Disabled
 Compressed Oops: Enabled (32-bit)
 Heap Region Size: 1M
 Heap Min Capacity: 8M
 Heap Initial Capacity: 124M
 Heap Max Capacity: 2G
 Pre-touch: Disabled
 Parallel Workers: 9
 Concurrent Workers: 2
 Concurrent Refinement Workers: 9
 Periodic GC: Disabled

Heap:
 garbage-first heap   total 209920K, used 147631K [0x0000000080000000, 0x0000000100000000)
  region size 1024K, 5 young (5120K), 5 survivors (5120K)
 Metaspace       used 128642K, committed 129408K, reserved 1179648K
  class space    used 16715K, committed 17088K, reserved 1048576K

Heap Regions: E=young(eden), S=young(survivor), O=old, HS=humongous(starts), HC=humongous(continues), CS=collection set, F=free, OA=open archive, CA=closed archive, TAMS=top-at-mark-start (previous, next)
|   0|0x0000000080000000, 0x0000000080100000, 0x0000000080100000|100%|HS|  |TAMS 0x0000000080100000, 0x0000000080000000| Complete 
|   1|0x0000000080100000, 0x0000000080200000, 0x0000000080200000|100%|HC|  |TAMS 0x0000000080200000, 0x0000000080100000| Complete 
|   2|0x0000000080200000, 0x0000000080300000, 0x0000000080300000|100%|HC|  |TAMS 0x0000000080300000, 0x0000000080200000| Complete 
|   3|0x0000000080300000, 0x0000000080400000, 0x0000000080400000|100%|HC|  |TAMS 0x0000000080400000, 0x0000000080300000| Complete 
|   4|0x0000000080400000, 0x0000000080500000, 0x0000000080500000|100%| O|  |TAMS 0x0000000080500000, 0x0000000080400000| Untracked 
|   5|0x0000000080500000, 0x0000000080600000, 0x0000000080600000|100%| O|  |TAMS 0x0000000080600000, 0x0000000080500000| Untracked 
|   6|0x0000000080600000, 0x0000000080700000, 0x0000000080700000|100%| O|  |TAMS 0x0000000080700000, 0x0000000080600000| Untracked 
|   7|0x0000000080700000, 0x0000000080800000, 0x0000000080800000|100%| O|  |TAMS 0x0000000080800000, 0x0000000080700000| Untracked 
|   8|0x0000000080800000, 0x0000000080900000, 0x0000000080900000|100%| O|  |TAMS 0x0000000080900000, 0x0000000080800000| Untracked 
|   9|0x0000000080900000, 0x0000000080a00000, 0x0000000080a00000|100%| O|  |TAMS 0x0000000080a00000, 0x0000000080900000| Untracked 
|  10|0x0000000080a00000, 0x0000000080b00000, 0x0000000080b00000|100%| O|  |TAMS 0x0000000080b00000, 0x0000000080a00000| Untracked 
|  11|0x0000000080b00000, 0x0000000080c00000, 0x0000000080c00000|100%| O|  |TAMS 0x0000000080c00000, 0x0000000080b00000| Untracked 
|  12|0x0000000080c00000, 0x0000000080d00000, 0x0000000080d00000|100%| O|  |TAMS 0x0000000080d00000, 0x0000000080c00000| Untracked 
|  13|0x0000000080d00000, 0x0000000080e00000, 0x0000000080e00000|100%| O|  |TAMS 0x0000000080e00000, 0x0000000080d00000| Untracked 
|  14|0x0000000080e00000, 0x0000000080f00000, 0x0000000080f00000|100%| O|  |TAMS 0x0000000080f00000, 0x0000000080e00000| Untracked 
|  15|0x0000000080f00000, 0x0000000081000000, 0x0000000081000000|100%| O|  |TAMS 0x0000000081000000, 0x0000000080f00000| Untracked 
|  16|0x0000000081000000, 0x0000000081100000, 0x0000000081100000|100%| O|  |TAMS 0x0000000081100000, 0x0000000081000000| Untracked 
|  17|0x0000000081100000, 0x0000000081200000, 0x0000000081200000|100%| O|  |TAMS 0x0000000081200000, 0x0000000081100000| Untracked 
|  18|0x0000000081200000, 0x0000000081300000, 0x0000000081300000|100%| O|  |TAMS 0x0000000081300000, 0x0000000081200000| Untracked 
|  19|0x0000000081300000, 0x0000000081400000, 0x0000000081400000|100%|HS|  |TAMS 0x0000000081400000, 0x0000000081300000| Complete 
|  20|0x0000000081400000, 0x0000000081500000, 0x0000000081500000|100%|HC|  |TAMS 0x0000000081500000, 0x0000000081400000| Complete 
|  21|0x0000000081500000, 0x0000000081600000, 0x0000000081600000|100%|HC|  |TAMS 0x0000000081600000, 0x0000000081500000| Complete 
|  22|0x0000000081600000, 0x0000000081700000, 0x0000000081700000|100%|HC|  |TAMS 0x0000000081700000, 0x0000000081600000| Complete 
|  23|0x0000000081700000, 0x0000000081800000, 0x0000000081800000|100%|HC|  |TAMS 0x0000000081800000, 0x0000000081700000| Complete 
|  24|0x0000000081800000, 0x0000000081900000, 0x0000000081900000|100%|HS|  |TAMS 0x0000000081900000, 0x0000000081800000| Complete 
|  25|0x0000000081900000, 0x0000000081a00000, 0x0000000081a00000|100%|HC|  |TAMS 0x0000000081a00000, 0x0000000081900000| Complete 
|  26|0x0000000081a00000, 0x0000000081b00000, 0x0000000081b00000|100%|HC|  |TAMS 0x0000000081b00000, 0x0000000081a00000| Complete 
|  27|0x0000000081b00000, 0x0000000081c00000, 0x0000000081c00000|100%|HS|  |TAMS 0x0000000081c00000, 0x0000000081b00000| Complete 
|  28|0x0000000081c00000, 0x0000000081d00000, 0x0000000081d00000|100%|HC|  |TAMS 0x0000000081d00000, 0x0000000081c00000| Complete 
|  29|0x0000000081d00000, 0x0000000081e00000, 0x0000000081e00000|100%|HC|  |TAMS 0x0000000081e00000, 0x0000000081d00000| Complete 
|  30|0x0000000081e00000, 0x0000000081f00000, 0x0000000081f00000|100%| O|  |TAMS 0x0000000081f00000, 0x0000000081e00000| Untracked 
|  31|0x0000000081f00000, 0x0000000082000000, 0x0000000082000000|100%| O|  |TAMS 0x0000000082000000, 0x0000000081f00000| Untracked 
|  32|0x0000000082000000, 0x0000000082100000, 0x0000000082100000|100%| O|  |TAMS 0x0000000082100000, 0x0000000082000000| Untracked 
|  33|0x0000000082100000, 0x0000000082200000, 0x0000000082200000|100%| O|  |TAMS 0x0000000082200000, 0x0000000082100000| Untracked 
|  34|0x0000000082200000, 0x0000000082300000, 0x0000000082300000|100%|HS|  |TAMS 0x0000000082300000, 0x0000000082200000| Complete 
|  35|0x0000000082300000, 0x0000000082400000, 0x0000000082400000|100%| O|  |TAMS 0x0000000082400000, 0x0000000082300000| Untracked 
|  36|0x0000000082400000, 0x0000000082500000, 0x0000000082500000|100%| O|  |TAMS 0x0000000082500000, 0x0000000082400000| Untracked 
|  37|0x0000000082500000, 0x0000000082600000, 0x0000000082600000|100%| O|  |TAMS 0x0000000082600000, 0x0000000082500000| Untracked 
|  38|0x0000000082600000, 0x0000000082700000, 0x0000000082700000|100%| O|  |TAMS 0x0000000082700000, 0x0000000082600000| Untracked 
|  39|0x0000000082700000, 0x0000000082800000, 0x0000000082800000|100%| O|  |TAMS 0x0000000082800000, 0x0000000082700000| Untracked 
|  40|0x0000000082800000, 0x0000000082900000, 0x0000000082900000|100%| O|  |TAMS 0x0000000082900000, 0x0000000082800000| Untracked 
|  41|0x0000000082900000, 0x0000000082a00000, 0x0000000082a00000|100%| O|  |TAMS 0x0000000082a00000, 0x0000000082900000| Untracked 
|  42|0x0000000082a00000, 0x0000000082b00000, 0x0000000082b00000|100%| O|  |TAMS 0x0000000082b00000, 0x0000000082a00000| Untracked 
|  43|0x0000000082b00000, 0x0000000082c00000, 0x0000000082c00000|100%| O|  |TAMS 0x0000000082c00000, 0x0000000082b00000| Untracked 
|  44|0x0000000082c00000, 0x0000000082d00000, 0x0000000082d00000|100%| O|  |TAMS 0x0000000082d00000, 0x0000000082c00000| Untracked 
|  45|0x0000000082d00000, 0x0000000082e00000, 0x0000000082e00000|100%| O|  |TAMS 0x0000000082e00000, 0x0000000082d00000| Untracked 
|  46|0x0000000082e00000, 0x0000000082f00000, 0x0000000082f00000|100%|HS|  |TAMS 0x0000000082f00000, 0x0000000082e00000| Complete 
|  47|0x0000000082f00000, 0x0000000083000000, 0x0000000083000000|100%|HC|  |TAMS 0x0000000083000000, 0x0000000082f00000| Complete 
|  48|0x0000000083000000, 0x0000000083100000, 0x0000000083100000|100%|HC|  |TAMS 0x0000000083100000, 0x0000000083000000| Complete 
|  49|0x0000000083100000, 0x0000000083200000, 0x0000000083200000|100%|HS|  |TAMS 0x0000000083200000, 0x0000000083100000| Complete 
|  50|0x0000000083200000, 0x0000000083300000, 0x0000000083300000|100%|HC|  |TAMS 0x0000000083300000, 0x0000000083200000| Complete 
|  51|0x0000000083300000, 0x0000000083400000, 0x0000000083400000|100%|HC|  |TAMS 0x0000000083400000, 0x0000000083300000| Complete 
|  52|0x0000000083400000, 0x0000000083500000, 0x0000000083500000|100%|HC|  |TAMS 0x0000000083500000, 0x0000000083400000| Complete 
|  53|0x0000000083500000, 0x0000000083600000, 0x0000000083600000|100%|HC|  |TAMS 0x0000000083600000, 0x0000000083500000| Complete 
|  54|0x0000000083600000, 0x0000000083700000, 0x0000000083700000|100%| O|  |TAMS 0x0000000083700000, 0x0000000083600000| Untracked 
|  55|0x0000000083700000, 0x0000000083800000, 0x0000000083800000|100%| O|  |TAMS 0x0000000083800000, 0x0000000083700000| Untracked 
|  56|0x0000000083800000, 0x0000000083900000, 0x0000000083900000|100%|HS|  |TAMS 0x0000000083900000, 0x0000000083800000| Complete 
|  57|0x0000000083900000, 0x0000000083a00000, 0x0000000083a00000|100%|HC|  |TAMS 0x0000000083a00000, 0x0000000083900000| Complete 
|  58|0x0000000083a00000, 0x0000000083b00000, 0x0000000083b00000|100%|HC|  |TAMS 0x0000000083b00000, 0x0000000083a00000| Complete 
|  59|0x0000000083b00000, 0x0000000083c00000, 0x0000000083c00000|100%|HC|  |TAMS 0x0000000083c00000, 0x0000000083b00000| Complete 
|  60|0x0000000083c00000, 0x0000000083d00000, 0x0000000083d00000|100%|HC|  |TAMS 0x0000000083d00000, 0x0000000083c00000| Complete 
|  61|0x0000000083d00000, 0x0000000083e00000, 0x0000000083e00000|100%| O|  |TAMS 0x0000000083e00000, 0x0000000083d00000| Untracked 
|  62|0x0000000083e00000, 0x0000000083f00000, 0x0000000083f00000|100%| O|  |TAMS 0x0000000083f00000, 0x0000000083e00000| Untracked 
|  63|0x0000000083f00000, 0x0000000084000000, 0x0000000084000000|100%| O|  |TAMS 0x0000000084000000, 0x0000000083f00000| Untracked 
|  64|0x0000000084000000, 0x0000000084100000, 0x0000000084100000|100%| O|  |TAMS 0x0000000084000000, 0x0000000084000000| Untracked 
|  65|0x0000000084100000, 0x0000000084200000, 0x0000000084200000|100%| O|  |TAMS 0x0000000084200000, 0x0000000084100000| Untracked 
|  66|0x0000000084200000, 0x0000000084300000, 0x0000000084300000|100%| O|  |TAMS 0x0000000084300000, 0x0000000084200000| Untracked 
|  67|0x0000000084300000, 0x0000000084400000, 0x0000000084400000|100%| O|  |TAMS 0x0000000084400000, 0x0000000084300000| Untracked 
|  68|0x0000000084400000, 0x0000000084500000, 0x0000000084500000|100%| O|  |TAMS 0x0000000084500000, 0x0000000084400000| Untracked 
|  69|0x0000000084500000, 0x0000000084600000, 0x0000000084600000|100%| O|  |TAMS 0x0000000084600000, 0x0000000084500000| Untracked 
|  70|0x0000000084600000, 0x0000000084700000, 0x0000000084700000|100%| O|  |TAMS 0x0000000084700000, 0x0000000084600000| Untracked 
|  71|0x0000000084700000, 0x0000000084800000, 0x0000000084800000|100%| O|  |TAMS 0x0000000084800000, 0x0000000084700000| Untracked 
|  72|0x0000000084800000, 0x0000000084900000, 0x0000000084900000|100%| O|  |TAMS 0x0000000084900000, 0x0000000084800000| Untracked 
|  73|0x0000000084900000, 0x0000000084a00000, 0x0000000084a00000|100%| O|  |TAMS 0x0000000084a00000, 0x0000000084900000| Untracked 
|  74|0x0000000084a00000, 0x0000000084b00000, 0x0000000084b00000|100%| O|  |TAMS 0x0000000084b00000, 0x0000000084a00000| Untracked 
|  75|0x0000000084b00000, 0x0000000084c00000, 0x0000000084c00000|100%| O|  |TAMS 0x0000000084c00000, 0x0000000084b00000| Untracked 
|  76|0x0000000084c00000, 0x0000000084d00000, 0x0000000084d00000|100%| O|  |TAMS 0x0000000084d00000, 0x0000000084c00000| Untracked 
|  77|0x0000000084d00000, 0x0000000084e00000, 0x0000000084e00000|100%|HS|  |TAMS 0x0000000084e00000, 0x0000000084d00000| Complete 
|  78|0x0000000084e00000, 0x0000000084f00000, 0x0000000084f00000|100%| O|  |TAMS 0x0000000084f00000, 0x0000000084e00000| Untracked 
|  79|0x0000000084f00000, 0x0000000085000000, 0x0000000085000000|100%| O|  |TAMS 0x0000000085000000, 0x0000000084f00000| Untracked 
|  80|0x0000000085000000, 0x0000000085100000, 0x0000000085100000|100%| O|  |TAMS 0x0000000085100000, 0x0000000085000000| Untracked 
|  81|0x0000000085100000, 0x0000000085200000, 0x0000000085200000|100%| O|  |TAMS 0x0000000085200000, 0x0000000085100000| Untracked 
|  82|0x0000000085200000, 0x0000000085300000, 0x0000000085300000|100%| O|  |TAMS 0x0000000085300000, 0x0000000085200000| Untracked 
|  83|0x0000000085300000, 0x0000000085400000, 0x0000000085400000|100%| O|  |TAMS 0x0000000085400000, 0x0000000085300000| Untracked 
|  84|0x0000000085400000, 0x0000000085500000, 0x0000000085500000|100%| O|  |TAMS 0x0000000085500000, 0x0000000085400000| Untracked 
|  85|0x0000000085500000, 0x0000000085600000, 0x0000000085600000|100%| O|  |TAMS 0x0000000085600000, 0x0000000085500000| Untracked 
|  86|0x0000000085600000, 0x0000000085700000, 0x0000000085700000|100%|HS|  |TAMS 0x0000000085700000, 0x0000000085600000| Complete 
|  87|0x0000000085700000, 0x0000000085800000, 0x0000000085800000|100%|HC|  |TAMS 0x0000000085800000, 0x0000000085700000| Complete 
|  88|0x0000000085800000, 0x0000000085900000, 0x0000000085900000|100%|HC|  |TAMS 0x0000000085900000, 0x0000000085800000| Complete 
|  89|0x0000000085900000, 0x0000000085a00000, 0x0000000085a00000|100%|HC|  |TAMS 0x0000000085a00000, 0x0000000085900000| Complete 
|  90|0x0000000085a00000, 0x0000000085b00000, 0x0000000085b00000|100%|HC|  |TAMS 0x0000000085b00000, 0x0000000085a00000| Complete 
|  91|0x0000000085b00000, 0x0000000085c00000, 0x0000000085c00000|100%|HC|  |TAMS 0x0000000085c00000, 0x0000000085b00000| Complete 
|  92|0x0000000085c00000, 0x0000000085d00000, 0x0000000085d00000|100%| O|  |TAMS 0x0000000085d00000, 0x0000000085c00000| Untracked 
|  93|0x0000000085d00000, 0x0000000085e00000, 0x0000000085e00000|100%| O|  |TAMS 0x0000000085e00000, 0x0000000085d00000| Untracked 
|  94|0x0000000085e00000, 0x0000000085f00000, 0x0000000085f00000|100%| O|  |TAMS 0x0000000085f00000, 0x0000000085e00000| Untracked 
|  95|0x0000000085f00000, 0x0000000086000000, 0x0000000086000000|100%| O|  |TAMS 0x0000000086000000, 0x0000000085f00000| Untracked 
|  96|0x0000000086000000, 0x0000000086100000, 0x0000000086100000|100%| O|  |TAMS 0x0000000086100000, 0x0000000086000000| Untracked 
|  97|0x0000000086100000, 0x0000000086200000, 0x0000000086200000|100%| O|  |TAMS 0x0000000086200000, 0x0000000086100000| Untracked 
|  98|0x0000000086200000, 0x0000000086300000, 0x0000000086300000|100%| O|  |TAMS 0x0000000086300000, 0x0000000086200000| Untracked 
|  99|0x0000000086300000, 0x0000000086400000, 0x0000000086400000|100%| O|  |TAMS 0x0000000086400000, 0x0000000086300000| Untracked 
| 100|0x0000000086400000, 0x0000000086500000, 0x0000000086500000|100%|HS|  |TAMS 0x0000000086400000, 0x0000000086400000| Complete 
| 101|0x0000000086500000, 0x0000000086600000, 0x0000000086600000|100%| O|  |TAMS 0x0000000086500000, 0x0000000086500000| Untracked 
| 102|0x0000000086600000, 0x0000000086700000, 0x0000000086700000|100%| O|  |TAMS 0x0000000086600000, 0x0000000086600000| Untracked 
| 103|0x0000000086700000, 0x0000000086800000, 0x0000000086800000|100%| O|  |TAMS 0x0000000086800000, 0x0000000086700000| Untracked 
| 104|0x0000000086800000, 0x0000000086900000, 0x0000000086900000|100%| O|  |TAMS 0x0000000086900000, 0x0000000086800000| Untracked 
| 105|0x0000000086900000, 0x0000000086a00000, 0x0000000086a00000|100%| O|  |TAMS 0x0000000086a00000, 0x0000000086900000| Untracked 
| 106|0x0000000086a00000, 0x0000000086b00000, 0x0000000086b00000|100%|HS|  |TAMS 0x0000000086a00000, 0x0000000086a00000| Complete 
| 107|0x0000000086b00000, 0x0000000086c00000, 0x0000000086c00000|100%| O|  |TAMS 0x0000000086ba7800, 0x0000000086b00000| Untracked 
| 108|0x0000000086c00000, 0x0000000086d00000, 0x0000000086d00000|100%| O|  |TAMS 0x0000000086c00000, 0x0000000086c00000| Untracked 
| 109|0x0000000086d00000, 0x0000000086e00000, 0x0000000086e00000|100%| O|  |TAMS 0x0000000086d00000, 0x0000000086d00000| Untracked 
| 110|0x0000000086e00000, 0x0000000086f00000, 0x0000000086f00000|100%| O|  |TAMS 0x0000000086e00000, 0x0000000086e00000| Untracked 
| 111|0x0000000086f00000, 0x0000000087000000, 0x0000000087000000|100%| O|  |TAMS 0x0000000086f00000, 0x0000000086f00000| Untracked 
| 112|0x0000000087000000, 0x0000000087100000, 0x0000000087100000|100%| O|  |TAMS 0x0000000087000000, 0x0000000087000000| Untracked 
| 113|0x0000000087100000, 0x0000000087200000, 0x0000000087200000|100%| O|  |TAMS 0x0000000087100000, 0x0000000087100000| Untracked 
| 114|0x0000000087200000, 0x0000000087300000, 0x0000000087300000|100%| O|  |TAMS 0x0000000087200000, 0x0000000087200000| Untracked 
| 115|0x0000000087300000, 0x0000000087400000, 0x0000000087400000|100%| O|  |TAMS 0x0000000087300000, 0x0000000087300000| Untracked 
| 116|0x0000000087400000, 0x0000000087500000, 0x0000000087500000|100%| O|  |TAMS 0x0000000087400000, 0x0000000087400000| Untracked 
| 117|0x0000000087500000, 0x0000000087600000, 0x0000000087600000|100%| O|  |TAMS 0x0000000087500000, 0x0000000087500000| Untracked 
| 118|0x0000000087600000, 0x0000000087700000, 0x0000000087700000|100%| O|  |TAMS 0x0000000087600000, 0x0000000087600000| Untracked 
| 119|0x0000000087700000, 0x0000000087700000, 0x0000000087800000|  0%| F|  |TAMS 0x0000000087700000, 0x0000000087700000| Untracked 
| 120|0x0000000087800000, 0x0000000087800000, 0x0000000087900000|  0%| F|  |TAMS 0x0000000087800000, 0x0000000087800000| Untracked 
| 121|0x0000000087900000, 0x0000000087a00000, 0x0000000087a00000|100%| O|  |TAMS 0x0000000087900000, 0x0000000087900000| Untracked 
| 122|0x0000000087a00000, 0x0000000087b00000, 0x0000000087b00000|100%| O|  |TAMS 0x0000000087a00000, 0x0000000087a00000| Untracked 
| 123|0x0000000087b00000, 0x0000000087c00000, 0x0000000087c00000|100%| O|  |TAMS 0x0000000087b00000, 0x0000000087b00000| Untracked 
| 124|0x0000000087c00000, 0x0000000087d00000, 0x0000000087d00000|100%| O|  |TAMS 0x0000000087c00000, 0x0000000087c00000| Untracked 
| 125|0x0000000087d00000, 0x0000000087e00000, 0x0000000087e00000|100%| O|  |TAMS 0x0000000087d00000, 0x0000000087d00000| Untracked 
| 126|0x0000000087e00000, 0x0000000087f00000, 0x0000000087f00000|100%| O|  |TAMS 0x0000000087e00000, 0x0000000087e00000| Untracked 
| 127|0x0000000087f00000, 0x0000000088000000, 0x0000000088000000|100%| O|  |TAMS 0x0000000087f00000, 0x0000000087f00000| Untracked 
| 128|0x0000000088000000, 0x0000000088100000, 0x0000000088100000|100%| O|  |TAMS 0x0000000088000000, 0x0000000088000000| Untracked 
| 129|0x0000000088100000, 0x0000000088200000, 0x0000000088200000|100%| O|  |TAMS 0x0000000088100000, 0x0000000088100000| Untracked 
| 130|0x0000000088200000, 0x0000000088300000, 0x0000000088300000|100%| O|  |TAMS 0x0000000088200000, 0x0000000088200000| Untracked 
| 131|0x0000000088300000, 0x0000000088400000, 0x0000000088400000|100%|HS|  |TAMS 0x0000000088300000, 0x0000000088300000| Complete 
| 132|0x0000000088400000, 0x0000000088500000, 0x0000000088500000|100%|HC|  |TAMS 0x0000000088400000, 0x0000000088400000| Complete 
| 133|0x0000000088500000, 0x0000000088600000, 0x0000000088600000|100%|HS|  |TAMS 0x0000000088500000, 0x0000000088500000| Complete 
| 134|0x0000000088600000, 0x0000000088700000, 0x0000000088700000|100%|HC|  |TAMS 0x0000000088600000, 0x0000000088600000| Complete 
| 135|0x0000000088700000, 0x0000000088800000, 0x0000000088800000|100%|HC|  |TAMS 0x0000000088700000, 0x0000000088700000| Complete 
| 136|0x0000000088800000, 0x0000000088900000, 0x0000000088900000|100%|HC|  |TAMS 0x0000000088800000, 0x0000000088800000| Complete 
| 137|0x0000000088900000, 0x0000000088900000, 0x0000000088a00000|  0%| F|  |TAMS 0x0000000088900000, 0x0000000088900000| Untracked 
| 138|0x0000000088a00000, 0x0000000088b00000, 0x0000000088b00000|100%| O|  |TAMS 0x0000000088a00000, 0x0000000088a00000| Untracked 
| 139|0x0000000088b00000, 0x0000000088c00000, 0x0000000088c00000|100%| O|  |TAMS 0x0000000088b00000, 0x0000000088b00000| Untracked 
| 140|0x0000000088c00000, 0x0000000088d00000, 0x0000000088d00000|100%| O|  |TAMS 0x0000000088c00000, 0x0000000088c00000| Untracked 
| 141|0x0000000088d00000, 0x0000000088e00000, 0x0000000088e00000|100%| O|  |TAMS 0x0000000088d00000, 0x0000000088d00000| Untracked 
| 142|0x0000000088e00000, 0x0000000088e2bc00, 0x0000000088f00000| 17%| O|  |TAMS 0x0000000088e00000, 0x0000000088e00000| Untracked 
| 143|0x0000000088f00000, 0x0000000088f00000, 0x0000000089000000|  0%| F|  |TAMS 0x0000000088f00000, 0x0000000088f00000| Untracked 
| 144|0x0000000089000000, 0x0000000089000000, 0x0000000089100000|  0%| F|  |TAMS 0x0000000089000000, 0x0000000089000000| Untracked 
| 145|0x0000000089100000, 0x0000000089100000, 0x0000000089200000|  0%| F|  |TAMS 0x0000000089100000, 0x0000000089100000| Untracked 
| 146|0x0000000089200000, 0x0000000089200000, 0x0000000089300000|  0%| F|  |TAMS 0x0000000089200000, 0x0000000089200000| Untracked 
| 147|0x0000000089300000, 0x0000000089300000, 0x0000000089400000|  0%| F|  |TAMS 0x0000000089300000, 0x0000000089300000| Untracked 
| 148|0x0000000089400000, 0x0000000089400000, 0x0000000089500000|  0%| F|  |TAMS 0x0000000089400000, 0x0000000089400000| Untracked 
| 149|0x0000000089500000, 0x0000000089500000, 0x0000000089600000|  0%| F|  |TAMS 0x0000000089500000, 0x0000000089500000| Untracked 
| 150|0x0000000089600000, 0x0000000089600000, 0x0000000089700000|  0%| F|  |TAMS 0x0000000089600000, 0x0000000089600000| Untracked 
| 151|0x0000000089700000, 0x0000000089700000, 0x0000000089800000|  0%| F|  |TAMS 0x0000000089700000, 0x0000000089700000| Untracked 
| 152|0x0000000089800000, 0x0000000089800000, 0x0000000089900000|  0%| F|  |TAMS 0x0000000089800000, 0x0000000089800000| Untracked 
| 153|0x0000000089900000, 0x0000000089900000, 0x0000000089a00000|  0%| F|  |TAMS 0x0000000089900000, 0x0000000089900000| Untracked 
| 154|0x0000000089a00000, 0x0000000089a00000, 0x0000000089b00000|  0%| F|  |TAMS 0x0000000089a00000, 0x0000000089a00000| Untracked 
| 155|0x0000000089b00000, 0x0000000089b00000, 0x0000000089c00000|  0%| F|  |TAMS 0x0000000089b00000, 0x0000000089b00000| Untracked 
| 156|0x0000000089c00000, 0x0000000089c00000, 0x0000000089d00000|  0%| F|  |TAMS 0x0000000089c00000, 0x0000000089c00000| Untracked 
| 157|0x0000000089d00000, 0x0000000089d00000, 0x0000000089e00000|  0%| F|  |TAMS 0x0000000089d00000, 0x0000000089d00000| Untracked 
| 158|0x0000000089e00000, 0x0000000089e00000, 0x0000000089f00000|  0%| F|  |TAMS 0x0000000089e00000, 0x0000000089e00000| Untracked 
| 159|0x0000000089f00000, 0x0000000089f00000, 0x000000008a000000|  0%| F|  |TAMS 0x0000000089f00000, 0x0000000089f00000| Untracked 
| 160|0x000000008a000000, 0x000000008a000000, 0x000000008a100000|  0%| F|  |TAMS 0x000000008a000000, 0x000000008a000000| Untracked 
| 161|0x000000008a100000, 0x000000008a100000, 0x000000008a200000|  0%| F|  |TAMS 0x000000008a100000, 0x000000008a100000| Untracked 
| 162|0x000000008a200000, 0x000000008a300000, 0x000000008a300000|100%| S|CS|TAMS 0x000000008a200000, 0x000000008a200000| Complete 
| 163|0x000000008a300000, 0x000000008a400000, 0x000000008a400000|100%| S|CS|TAMS 0x000000008a300000, 0x000000008a300000| Complete 
| 164|0x000000008a400000, 0x000000008a500000, 0x000000008a500000|100%| S|CS|TAMS 0x000000008a400000, 0x000000008a400000| Complete 
| 165|0x000000008a500000, 0x000000008a600000, 0x000000008a600000|100%| S|CS|TAMS 0x000000008a500000, 0x000000008a500000| Complete 
| 166|0x000000008a600000, 0x000000008a700000, 0x000000008a700000|100%| S|CS|TAMS 0x000000008a600000, 0x000000008a600000| Complete 
| 167|0x000000008a700000, 0x000000008a700000, 0x000000008a800000|  0%| F|  |TAMS 0x000000008a700000, 0x000000008a700000| Untracked 
| 168|0x000000008a800000, 0x000000008a800000, 0x000000008a900000|  0%| F|  |TAMS 0x000000008a800000, 0x000000008a800000| Untracked 
| 169|0x000000008a900000, 0x000000008a900000, 0x000000008aa00000|  0%| F|  |TAMS 0x000000008a900000, 0x000000008a900000| Untracked 
| 170|0x000000008aa00000, 0x000000008aa00000, 0x000000008ab00000|  0%| F|  |TAMS 0x000000008aa00000, 0x000000008aa00000| Untracked 
| 171|0x000000008ab00000, 0x000000008ab00000, 0x000000008ac00000|  0%| F|  |TAMS 0x000000008ab00000, 0x000000008ab00000| Untracked 
| 172|0x000000008ac00000, 0x000000008ac00000, 0x000000008ad00000|  0%| F|  |TAMS 0x000000008ac00000, 0x000000008ac00000| Untracked 
| 173|0x000000008ad00000, 0x000000008ad00000, 0x000000008ae00000|  0%| F|  |TAMS 0x000000008ad00000, 0x000000008ad00000| Untracked 
| 174|0x000000008ae00000, 0x000000008ae00000, 0x000000008af00000|  0%| F|  |TAMS 0x000000008ae00000, 0x000000008ae00000| Untracked 
| 175|0x000000008af00000, 0x000000008af00000, 0x000000008b000000|  0%| F|  |TAMS 0x000000008af00000, 0x000000008af00000| Untracked 
| 176|0x000000008b000000, 0x000000008b000000, 0x000000008b100000|  0%| F|  |TAMS 0x000000008b000000, 0x000000008b000000| Untracked 
| 177|0x000000008b100000, 0x000000008b100000, 0x000000008b200000|  0%| F|  |TAMS 0x000000008b100000, 0x000000008b100000| Untracked 
| 178|0x000000008b200000, 0x000000008b200000, 0x000000008b300000|  0%| F|  |TAMS 0x000000008b200000, 0x000000008b200000| Untracked 
| 179|0x000000008b300000, 0x000000008b300000, 0x000000008b400000|  0%| F|  |TAMS 0x000000008b300000, 0x000000008b300000| Untracked 
| 180|0x000000008b400000, 0x000000008b400000, 0x000000008b500000|  0%| F|  |TAMS 0x000000008b400000, 0x000000008b400000| Untracked 
| 181|0x000000008b500000, 0x000000008b500000, 0x000000008b600000|  0%| F|  |TAMS 0x000000008b500000, 0x000000008b500000| Untracked 
| 182|0x000000008b600000, 0x000000008b600000, 0x000000008b700000|  0%| F|  |TAMS 0x000000008b600000, 0x000000008b600000| Untracked 
| 183|0x000000008b700000, 0x000000008b700000, 0x000000008b800000|  0%| F|  |TAMS 0x000000008b700000, 0x000000008b700000| Untracked 
| 184|0x000000008b800000, 0x000000008b800000, 0x000000008b900000|  0%| F|  |TAMS 0x000000008b800000, 0x000000008b800000| Untracked 
| 185|0x000000008b900000, 0x000000008b900000, 0x000000008ba00000|  0%| F|  |TAMS 0x000000008b900000, 0x000000008b900000| Untracked 
| 186|0x000000008ba00000, 0x000000008ba00000, 0x000000008bb00000|  0%| F|  |TAMS 0x000000008ba00000, 0x000000008ba00000| Untracked 
| 187|0x000000008bb00000, 0x000000008bb00000, 0x000000008bc00000|  0%| F|  |TAMS 0x000000008bb00000, 0x000000008bb00000| Untracked 
| 188|0x000000008bc00000, 0x000000008bc00000, 0x000000008bd00000|  0%| F|  |TAMS 0x000000008bc00000, 0x000000008bc00000| Untracked 
| 189|0x000000008bd00000, 0x000000008bd00000, 0x000000008be00000|  0%| F|  |TAMS 0x000000008bd00000, 0x000000008bd00000| Untracked 
| 190|0x000000008be00000, 0x000000008be00000, 0x000000008bf00000|  0%| F|  |TAMS 0x000000008be00000, 0x000000008be00000| Untracked 
| 191|0x000000008bf00000, 0x000000008bf00000, 0x000000008c000000|  0%| F|  |TAMS 0x000000008bf00000, 0x000000008bf00000| Untracked 
| 192|0x000000008c000000, 0x000000008c000000, 0x000000008c100000|  0%| F|  |TAMS 0x000000008c000000, 0x000000008c000000| Untracked 
| 193|0x000000008c100000, 0x000000008c100000, 0x000000008c200000|  0%| F|  |TAMS 0x000000008c100000, 0x000000008c100000| Untracked 
| 194|0x000000008c200000, 0x000000008c200000, 0x000000008c300000|  0%| F|  |TAMS 0x000000008c200000, 0x000000008c200000| Untracked 
| 195|0x000000008c300000, 0x000000008c300000, 0x000000008c400000|  0%| F|  |TAMS 0x000000008c300000, 0x000000008c300000| Untracked 
| 196|0x000000008c400000, 0x000000008c400000, 0x000000008c500000|  0%| F|  |TAMS 0x000000008c400000, 0x000000008c400000| Untracked 
| 197|0x000000008c500000, 0x000000008c500000, 0x000000008c600000|  0%| F|  |TAMS 0x000000008c500000, 0x000000008c500000| Untracked 
| 198|0x000000008c600000, 0x000000008c600000, 0x000000008c700000|  0%| F|  |TAMS 0x000000008c600000, 0x000000008c600000| Untracked 
| 199|0x000000008c700000, 0x000000008c700000, 0x000000008c800000|  0%| F|  |TAMS 0x000000008c700000, 0x000000008c700000| Untracked 
| 200|0x000000008c800000, 0x000000008c800000, 0x000000008c900000|  0%| F|  |TAMS 0x000000008c800000, 0x000000008c800000| Untracked 
| 201|0x000000008c900000, 0x000000008c900000, 0x000000008ca00000|  0%| F|  |TAMS 0x000000008c900000, 0x000000008c900000| Untracked 
| 202|0x000000008ca00000, 0x000000008ca00000, 0x000000008cb00000|  0%| F|  |TAMS 0x000000008ca00000, 0x000000008ca00000| Untracked 
| 203|0x000000008cb00000, 0x000000008cb00000, 0x000000008cc00000|  0%| F|  |TAMS 0x000000008cb00000, 0x000000008cb00000| Untracked 
| 204|0x000000008cc00000, 0x000000008cc00000, 0x000000008cd00000|  0%| F|  |TAMS 0x000000008cc00000, 0x000000008cc00000| Untracked 

Card table byte_map: [0x0000020a76c90000,0x0000020a77090000] _byte_map_base: 0x0000020a76890000

Marking Bits (Prev, Next): (CMBitMap*) 0x0000020a72fd8cf0, (CMBitMap*) 0x0000020a72fd8cb0
 Prev Bits: [0x0000020a79490000, 0x0000020a7b490000)
 Next Bits: [0x0000020a77490000, 0x0000020a79490000)

Polling page: 0x0000020a70ee0000

Metaspace:

Usage:
  Non-class:    109.30 MB used.
      Class:     16.32 MB used.
       Both:    125.63 MB used.

Virtual space:
  Non-class space:      128.00 MB reserved,     109.69 MB ( 86%) committed,  2 nodes.
      Class space:        1.00 GB reserved,      16.69 MB (  2%) committed,  1 nodes.
             Both:        1.12 GB reserved,     126.38 MB ( 11%) committed. 

Chunk freelists:
   Non-Class:  1.68 MB
       Class:  15.16 MB
        Both:  16.84 MB

MaxMetaspaceSize: unlimited
CompressedClassSpaceSize: 1.00 GB
Initial GC threshold: 21.00 MB
Current GC threshold: 210.44 MB
CDS: off
MetaspaceReclaimPolicy: balanced
 - commit_granule_bytes: 65536.
 - commit_granule_words: 8192.
 - virtual_space_node_default_size: 8388608.
 - enlarge_chunks_in_place: 1.
 - new_chunks_are_fully_committed: 0.
 - uncommit_free_chunks: 1.
 - use_allocation_guard: 0.
 - handle_deallocations: 1.


Internal statistics:

num_allocs_failed_limit: 3.
num_arena_births: 886.
num_arena_deaths: 0.
num_vsnodes_births: 3.
num_vsnodes_deaths: 0.
num_space_committed: 2020.
num_space_uncommitted: 0.
num_chunks_returned_to_freelist: 3.
num_chunks_taken_from_freelist: 5137.
num_chunk_merges: 3.
num_chunk_splits: 3904.
num_chunks_enlarged: 3150.
num_inconsistent_stats: 0.

CodeHeap 'non-profiled nmethods': size=120000Kb used=4928Kb max_used=4928Kb free=115071Kb
 bounds [0x0000020a07ad0000, 0x0000020a07fb0000, 0x0000020a0f000000]
CodeHeap 'profiled nmethods': size=120000Kb used=19279Kb max_used=19279Kb free=100720Kb
 bounds [0x0000020a00000000, 0x0000020a012e0000, 0x0000020a07530000]
CodeHeap 'non-nmethods': size=5760Kb used=2549Kb max_used=2578Kb free=3210Kb
 bounds [0x0000020a07530000, 0x0000020a077c0000, 0x0000020a07ad0000]
 total_blobs=10922 nmethods=9805 adapters=1027
 compilation: enabled
              stopped_count=0, restarted_count=0
 full_count=0

Compilation events (20 events):
Event: 46.612 Thread 0x0000020a7e185ef0 nmethod 11278 0x0000020a012cd010 code [0x0000020a012cd1c0, 0x0000020a012cd3e8]
Event: 46.613 Thread 0x0000020a7e185ef0 11279       3       org.jetbrains.kotlin.descriptors.impl.LazyPackageViewDescriptorImpl$empty$2::invoke (5 bytes)
Event: 46.613 Thread 0x0000020a7e185ef0 nmethod 11279 0x0000020a012cd510 code [0x0000020a012cd720, 0x0000020a012cdd68]
Event: 46.613 Thread 0x0000020a7e185ef0 11280       3       org.jetbrains.kotlin.descriptors.impl.LazyPackageViewDescriptorImpl$empty$2::invoke (24 bytes)
Event: 46.614 Thread 0x0000020a7e185ef0 nmethod 11280 0x0000020a012cdf90 code [0x0000020a012ce1a0, 0x0000020a012ce788]
Event: 46.614 Thread 0x0000020a7e185ef0 11281       3       gnu.trove.THash::<init> (31 bytes)
Event: 46.614 Thread 0x0000020a7e185ef0 nmethod 11281 0x0000020a012ce990 code [0x0000020a012ceb40, 0x0000020a012cede8]
Event: 46.614 Thread 0x0000020a7e185ef0 11282       3       gnu.trove.THashMap::rehash (124 bytes)
Event: 46.615 Thread 0x0000020a7e185ef0 nmethod 11282 0x0000020a012cef10 code [0x0000020a012cf120, 0x0000020a012cfb78]
Event: 46.615 Thread 0x0000020a7e185ef0 11283       3       gnu.trove.TObjectHash::capacity (6 bytes)
Event: 46.615 Thread 0x0000020a7e185ef0 nmethod 11283 0x0000020a012cff10 code [0x0000020a012d00a0, 0x0000020a012d01b8]
Event: 46.615 Thread 0x0000020a7e185ef0 11285       3       gnu.trove.THash::<init> (8 bytes)
Event: 46.615 Thread 0x0000020a7e185ef0 nmethod 11285 0x0000020a012d0290 code [0x0000020a012d0440, 0x0000020a012d06e8]
Event: 46.615 Thread 0x0000020a7e185ef0 11284       3       org.jetbrains.kotlin.load.java.structure.impl.classFiles.BinaryJavaClass::getTypeParameters (18 bytes)
Event: 46.615 Thread 0x0000020a7e185ef0 nmethod 11284 0x0000020a012d0810 code [0x0000020a012d0a80, 0x0000020a012d12f8]
Event: 46.616 Thread 0x0000020a7e185ef0 11286       3       org.jetbrains.kotlin.load.java.typeEnhancement.SignatureParts::getAnnotationTypeQualifierResolver (8 bytes)
Event: 46.616 Thread 0x0000020a7e185ef0 nmethod 11286 0x0000020a012d1690 code [0x0000020a012d1840, 0x0000020a012d19f8]
Event: 46.616 Thread 0x0000020a7e185ef0 11290   !   3       org.jetbrains.kotlin.cli.jvm.index.JvmDependenciesDynamicCompoundIndex::traverseDirectoriesInPackage (126 bytes)
Event: 46.618 Thread 0x0000020a7e185ef0 nmethod 11290 0x0000020a012d1b10 code [0x0000020a012d1f00, 0x0000020a012d3a88]
Event: 46.618 Thread 0x0000020a7e185ef0 11294       3       java.util.ArrayList$SubList::toArray (79 bytes)

GC Heap History (20 events):
Event: 35.376 GC heap after
{Heap after GC invocations=51 (full 0):
 garbage-first heap   total 209920K, used 102055K [0x0000000080000000, 0x0000000100000000)
  region size 1024K, 4 young (4096K), 4 survivors (4096K)
 Metaspace       used 98504K, committed 99200K, reserved 1179648K
  class space    used 13383K, committed 13696K, reserved 1048576K
}
Event: 36.393 GC heap before
{Heap before GC invocations=52 (full 0):
 garbage-first heap   total 209920K, used 172711K [0x0000000080000000, 0x0000000100000000)
  region size 1024K, 72 young (73728K), 4 survivors (4096K)
 Metaspace       used 101653K, committed 102400K, reserved 1179648K
  class space    used 13733K, committed 14080K, reserved 1048576K
}
Event: 36.398 GC heap after
{Heap after GC invocations=53 (full 0):
 garbage-first heap   total 209920K, used 105954K [0x0000000080000000, 0x0000000100000000)
  region size 1024K, 8 young (8192K), 8 survivors (8192K)
 Metaspace       used 101653K, committed 102400K, reserved 1179648K
  class space    used 13733K, committed 14080K, reserved 1048576K
}
Event: 36.436 GC heap before
{Heap before GC invocations=53 (full 0):
 garbage-first heap   total 209920K, used 106978K [0x0000000080000000, 0x0000000100000000)
  region size 1024K, 10 young (10240K), 8 survivors (8192K)
 Metaspace       used 101922K, committed 102656K, reserved 1179648K
  class space    used 13777K, committed 14144K, reserved 1048576K
}
Event: 36.441 GC heap after
{Heap after GC invocations=54 (full 0):
 garbage-first heap   total 209920K, used 106326K [0x0000000080000000, 0x0000000100000000)
  region size 1024K, 2 young (2048K), 2 survivors (2048K)
 Metaspace       used 101922K, committed 102656K, reserved 1179648K
  class space    used 13777K, committed 14144K, reserved 1048576K
}
Event: 37.852 GC heap before
{Heap before GC invocations=54 (full 0):
 garbage-first heap   total 209920K, used 171862K [0x0000000080000000, 0x0000000100000000)
  region size 1024K, 67 young (68608K), 2 survivors (2048K)
 Metaspace       used 109504K, committed 110272K, reserved 1179648K
  class space    used 14635K, committed 14976K, reserved 1048576K
}
Event: 37.860 GC heap after
{Heap after GC invocations=55 (full 0):
 garbage-first heap   total 209920K, used 108962K [0x0000000080000000, 0x0000000100000000)
  region size 1024K, 4 young (4096K), 4 survivors (4096K)
 Metaspace       used 109504K, committed 110272K, reserved 1179648K
  class space    used 14635K, committed 14976K, reserved 1048576K
}
Event: 39.205 GC heap before
{Heap before GC invocations=56 (full 0):
 garbage-first heap   total 209920K, used 172450K [0x0000000080000000, 0x0000000100000000)
  region size 1024K, 67 young (68608K), 4 survivors (4096K)
 Metaspace       used 119150K, committed 119936K, reserved 1179648K
  class space    used 15590K, committed 15936K, reserved 1048576K
}
Event: 39.216 GC heap after
{Heap after GC invocations=57 (full 0):
 garbage-first heap   total 209920K, used 109687K [0x0000000080000000, 0x0000000100000000)
  region size 1024K, 5 young (5120K), 5 survivors (5120K)
 Metaspace       used 119150K, committed 119936K, reserved 1179648K
  class space    used 15590K, committed 15936K, reserved 1048576K
}
Event: 39.413 GC heap before
{Heap before GC invocations=57 (full 0):
 garbage-first heap   total 209920K, used 114807K [0x0000000080000000, 0x0000000100000000)
  region size 1024K, 10 young (10240K), 5 survivors (5120K)
 Metaspace       used 119642K, committed 120384K, reserved 1179648K
  class space    used 15665K, committed 16000K, reserved 1048576K
}
Event: 39.424 GC heap after
{Heap after GC invocations=58 (full 0):
 garbage-first heap   total 209920K, used 109742K [0x0000000080000000, 0x0000000100000000)
  region size 1024K, 1 young (1024K), 1 survivors (1024K)
 Metaspace       used 119642K, committed 120384K, reserved 1179648K
  class space    used 15665K, committed 16000K, reserved 1048576K
}
Event: 44.741 GC heap before
{Heap before GC invocations=58 (full 0):
 garbage-first heap   total 209920K, used 176302K [0x0000000080000000, 0x0000000100000000)
  region size 1024K, 66 young (67584K), 1 survivors (1024K)
 Metaspace       used 128159K, committed 128832K, reserved 1179648K
  class space    used 16693K, committed 17024K, reserved 1048576K
}
Event: 44.766 GC heap after
{Heap after GC invocations=59 (full 0):
 garbage-first heap   total 209920K, used 117783K [0x0000000080000000, 0x0000000100000000)
  region size 1024K, 9 young (9216K), 9 survivors (9216K)
 Metaspace       used 128159K, committed 128832K, reserved 1179648K
  class space    used 16693K, committed 17024K, reserved 1048576K
}
Event: 45.418 GC heap before
{Heap before GC invocations=59 (full 0):
 garbage-first heap   total 209920K, used 145431K [0x0000000080000000, 0x0000000100000000)
  region size 1024K, 37 young (37888K), 9 survivors (9216K)
 Metaspace       used 128516K, committed 129280K, reserved 1179648K
  class space    used 16714K, committed 17088K, reserved 1048576K
}
Event: 45.433 GC heap after
{Heap after GC invocations=60 (full 0):
 garbage-first heap   total 209920K, used 118628K [0x0000000080000000, 0x0000000100000000)
  region size 1024K, 4 young (4096K), 4 survivors (4096K)
 Metaspace       used 128516K, committed 129280K, reserved 1179648K
  class space    used 16714K, committed 17088K, reserved 1048576K
}
Event: 46.264 GC heap before
{Heap before GC invocations=61 (full 0):
 garbage-first heap   total 209920K, used 180068K [0x0000000080000000, 0x0000000100000000)
  region size 1024K, 57 young (58368K), 4 survivors (4096K)
 Metaspace       used 128522K, committed 129280K, reserved 1179648K
  class space    used 16714K, committed 17088K, reserved 1048576K
}
Event: 46.293 GC heap after
{Heap after GC invocations=62 (full 0):
 garbage-first heap   total 209920K, used 132404K [0x0000000080000000, 0x0000000100000000)
  region size 1024K, 8 young (8192K), 8 survivors (8192K)
 Metaspace       used 128522K, committed 129280K, reserved 1179648K
  class space    used 16714K, committed 17088K, reserved 1048576K
}
Event: 46.301 GC heap before
{Heap before GC invocations=62 (full 0):
 garbage-first heap   total 209920K, used 134452K [0x0000000080000000, 0x0000000100000000)
  region size 1024K, 10 young (10240K), 8 survivors (8192K)
 Metaspace       used 128522K, committed 129280K, reserved 1179648K
  class space    used 16714K, committed 17088K, reserved 1048576K
}
Event: 46.314 GC heap after
{Heap after GC invocations=63 (full 0):
 garbage-first heap   total 209920K, used 131199K [0x0000000080000000, 0x0000000100000000)
  region size 1024K, 1 young (1024K), 1 survivors (1024K)
 Metaspace       used 128522K, committed 129280K, reserved 1179648K
  class space    used 16714K, committed 17088K, reserved 1048576K
}
Event: 46.618 GC heap before
{Heap before GC invocations=63 (full 0):
 garbage-first heap   total 209920K, used 179327K [0x0000000080000000, 0x0000000100000000)
  region size 1024K, 38 young (38912K), 1 survivors (1024K)
 Metaspace       used 128642K, committed 129408K, reserved 1179648K
  class space    used 16715K, committed 17088K, reserved 1048576K
}

Dll operation events (3 events):
Event: 0.103 Loaded shared library C:\Program Files\Android\Android Studio\jbr\bin\java.dll
Event: 0.409 Loaded shared library C:\Program Files\Android\Android Studio\jbr\bin\zip.dll
Event: 0.987 Loaded shared library C:\Program Files\Android\Android Studio\jbr\bin\verify.dll

Deoptimization events (20 events):
Event: 46.431 Thread 0x0000020a133612a0 Uncommon trap: trap_request=0xffffffc6 fr.pc=0x0000020a07e38630 relative=0x0000000000000e10
Event: 46.431 Thread 0x0000020a133612a0 Uncommon trap: reason=bimorphic_or_optimized_type_check action=maybe_recompile pc=0x0000020a07e38630 method=org.jetbrains.kotlin.storage.LockBasedStorageManager$MapBasedMemoizedFunction.invoke(Ljava/lang/Object;)Ljava/lang/Object; @ 235 c2
Event: 46.431 Thread 0x0000020a133612a0 DEOPT PACKING pc=0x0000020a07e38630 sp=0x00000067d79f4a90
Event: 46.431 Thread 0x0000020a133612a0 DEOPT UNPACKING pc=0x0000020a075869a3 sp=0x00000067d79f4a50 mode 2
Event: 46.431 Thread 0x0000020a133612a0 Uncommon trap: trap_request=0xffffffc6 fr.pc=0x0000020a07e38630 relative=0x0000000000000e10
Event: 46.431 Thread 0x0000020a133612a0 Uncommon trap: reason=bimorphic_or_optimized_type_check action=maybe_recompile pc=0x0000020a07e38630 method=org.jetbrains.kotlin.storage.LockBasedStorageManager$MapBasedMemoizedFunction.invoke(Ljava/lang/Object;)Ljava/lang/Object; @ 235 c2
Event: 46.431 Thread 0x0000020a133612a0 DEOPT PACKING pc=0x0000020a07e38630 sp=0x00000067d79f4a90
Event: 46.431 Thread 0x0000020a133612a0 DEOPT UNPACKING pc=0x0000020a075869a3 sp=0x00000067d79f4a50 mode 2
Event: 46.431 Thread 0x0000020a133612a0 Uncommon trap: trap_request=0xffffffc6 fr.pc=0x0000020a07e38630 relative=0x0000000000000e10
Event: 46.431 Thread 0x0000020a133612a0 Uncommon trap: reason=bimorphic_or_optimized_type_check action=maybe_recompile pc=0x0000020a07e38630 method=org.jetbrains.kotlin.storage.LockBasedStorageManager$MapBasedMemoizedFunction.invoke(Ljava/lang/Object;)Ljava/lang/Object; @ 235 c2
Event: 46.431 Thread 0x0000020a133612a0 DEOPT PACKING pc=0x0000020a07e38630 sp=0x00000067d79f4a90
Event: 46.431 Thread 0x0000020a133612a0 DEOPT UNPACKING pc=0x0000020a075869a3 sp=0x00000067d79f4a50 mode 2
Event: 46.444 Thread 0x0000020a133612a0 Uncommon trap: trap_request=0xffffff45 fr.pc=0x0000020a07eb1848 relative=0x0000000000002368
Event: 46.444 Thread 0x0000020a133612a0 Uncommon trap: reason=unstable_if action=reinterpret pc=0x0000020a07eb1848 method=org.jetbrains.kotlin.metadata.ProtoBuf$ValueParameter.getSerializedSize()I @ 132 c2
Event: 46.444 Thread 0x0000020a133612a0 DEOPT PACKING pc=0x0000020a07eb1848 sp=0x00000067d79f41e0
Event: 46.444 Thread 0x0000020a133612a0 DEOPT UNPACKING pc=0x0000020a075869a3 sp=0x00000067d79f4070 mode 2
Event: 46.585 Thread 0x0000020a133612a0 Uncommon trap: trap_request=0xffffffc6 fr.pc=0x0000020a07e6562c relative=0x000000000000008c
Event: 46.585 Thread 0x0000020a133612a0 Uncommon trap: reason=bimorphic_or_optimized_type_check action=maybe_recompile pc=0x0000020a07e6562c method=java.util.Collections$SetFromMap.remove(Ljava/lang/Object;)Z @ 5 c2
Event: 46.585 Thread 0x0000020a133612a0 DEOPT PACKING pc=0x0000020a07e6562c sp=0x00000067d79f3930
Event: 46.585 Thread 0x0000020a133612a0 DEOPT UNPACKING pc=0x0000020a075869a3 sp=0x00000067d79f38c8 mode 2

Classes unloaded (0 events):
No events

Classes redefined (0 events):
No events

Internal exceptions (20 events):
Event: 39.052 Thread 0x0000020a133612a0 Exception <a 'sun/nio/fs/WindowsException'{0x0000000088f43480}> (0x0000000088f43480) 
thrown [s\src\hotspot\share\prims\jni.cpp, line 517]
Event: 39.056 Thread 0x0000020a133612a0 Exception <a 'sun/nio/fs/WindowsException'{0x0000000088f43678}> (0x0000000088f43678) 
thrown [s\src\hotspot\share\prims\jni.cpp, line 517]
Event: 39.269 Thread 0x0000020a133612a0 Exception <a 'java/lang/NoSuchMethodError'{0x000000008cb3b9c8}: static Lorg/gradle/api/internal/catalog/DefaultVersionCatalog;.<clinit>()V> (0x000000008cb3b9c8) 
thrown [s\src\hotspot\share\prims\jni.cpp, line 1108]
Event: 39.285 Thread 0x0000020a133612a0 Exception <a 'java/lang/NoSuchMethodError'{0x000000008cb8e568}: static [Ljava/lang/Object;.<clinit>()V> (0x000000008cb8e568) 
thrown [s\src\hotspot\share\prims\jni.cpp, line 1108]
Event: 39.287 Thread 0x0000020a133612a0 Exception <a 'java/lang/NoSuchMethodError'{0x000000008cbc4658}: static Lorg/gradle/api/internal/catalog/DependencyModel;.<clinit>()V> (0x000000008cbc4658) 
thrown [s\src\hotspot\share\prims\jni.cpp, line 1108]
Event: 39.288 Thread 0x0000020a133612a0 Exception <a 'java/lang/NoSuchMethodError'{0x000000008cbc8050}: static Lorg/gradle/api/internal/catalog/AbstractContextAwareModel;.<clinit>()V> (0x000000008cbc8050) 
thrown [s\src\hotspot\share\prims\jni.cpp, line 1108]
Event: 39.292 Thread 0x0000020a133612a0 Exception <a 'java/lang/NoSuchMethodError'{0x000000008cbe1c18}: static Lorg/gradle/api/internal/artifacts/dependencies/AbstractVersionConstraint;.<clinit>()V> (0x000000008cbe1c18) 
thrown [s\src\hotspot\share\prims\jni.cpp, line 1108]
Event: 39.307 Thread 0x0000020a133612a0 Exception <a 'java/lang/NoSuchMethodError'{0x000000008ca42d58}: static Lorg/gradle/api/internal/catalog/PluginModel;.<clinit>()V> (0x000000008ca42d58) 
thrown [s\src\hotspot\share\prims\jni.cpp, line 1108]
Event: 39.308 Thread 0x0000020a133612a0 Exception <a 'java/lang/NoSuchMethodError'{0x000000008ca59dd0}: static Lorg/gradle/api/internal/catalog/VersionModel;.<clinit>()V> (0x000000008ca59dd0) 
thrown [s\src\hotspot\share\prims\jni.cpp, line 1108]
Event: 39.471 Thread 0x0000020a133612a0 Exception <a 'java/lang/NoSuchMethodError'{0x000000008ccf09b0}: 'int java.lang.invoke.DirectMethodHandle$Holder.invokeSpecialIFC(java.lang.Object, java.lang.Object, java.lang.Object)'> (0x000000008ccf09b0) 
thrown [s\src\hotspot\share\interpreter\linkResolver.cpp, line 771]
Event: 39.539 Thread 0x0000020a133612a0 Exception <a 'java/lang/NoSuchMethodError'{0x000000008c8b03a8}: 'java.lang.Object java.lang.invoke.DirectMethodHandle$Holder.newInvokeSpecial(java.lang.Object, java.lang.Object, java.lang.Object, java.lang.Object, java.lang.Object, int)'> (0x000000008c8b03a8) 
thrown [s\src\hotspot\share\interpreter\linkResolver.cpp, line 771]
Event: 39.539 Thread 0x0000020a133612a0 Exception <a 'java/lang/NoSuchMethodError'{0x000000008c8b5a60}: 'java.lang.Object java.lang.invoke.DirectMethodHandle$Holder.invokeSpecial(java.lang.Object, java.lang.Object, java.lang.Object, java.lang.Object, java.lang.Object, java.lang.Object, int)'> (0x000000008c8b5a60) 
thrown [s\src\hotspot\share\interpreter\linkResolver.cpp, line 771]
Event: 39.539 Thread 0x0000020a133612a0 Exception <a 'java/lang/NoSuchMethodError'{0x000000008c8baaa0}: 'java.lang.Object java.lang.invoke.Invokers$Holder.linkToTargetMethod(java.lang.Object, java.lang.Object, java.lang.Object, java.lang.Object, int, java.lang.Object)'> (0x000000008c8baaa0) 
thrown [s\src\hotspot\share\interpreter\linkResolver.cpp, line 771]
Event: 39.547 Thread 0x0000020a133612a0 Exception <a 'java/lang/NoSuchMethodError'{0x000000008c8ed318}: 'java.lang.Object java.lang.invoke.DirectMethodHandle$Holder.invokeSpecial(java.lang.Object, java.lang.Object, java.lang.Object, java.lang.Object, java.lang.Object, long)'> (0x000000008c8ed318) 
thrown [s\src\hotspot\share\interpreter\linkResolver.cpp, line 771]
Event: 39.548 Thread 0x0000020a133612a0 Exception <a 'java/lang/NoSuchMethodError'{0x000000008c6122b8}: 'void java.lang.invoke.DirectMethodHandle$Holder.invokeStatic(java.lang.Object, java.lang.Object, java.lang.Object, int, java.lang.Object)'> (0x000000008c6122b8) 
thrown [s\src\hotspot\share\interpreter\linkResolver.cpp, line 771]
Event: 39.631 Thread 0x0000020a133612a0 Exception <a 'sun/nio/fs/WindowsException'{0x000000008c335640}> (0x000000008c335640) 
thrown [s\src\hotspot\share\prims\jni.cpp, line 517]
Event: 40.735 Thread 0x0000020a133612a0 Implicit null exception at 0x0000020a07bcb868 to 0x0000020a07bcb9e8
Event: 44.770 Thread 0x0000020a7e016200 Implicit null exception at 0x0000020a07d9af83 to 0x0000020a07d9b148
Event: 45.396 Thread 0x0000020a133612a0 Exception <a 'sun/nio/fs/WindowsException'{0x000000008b1076f8}> (0x000000008b1076f8) 
thrown [s\src\hotspot\share\prims\jni.cpp, line 517]
Event: 45.397 Thread 0x0000020a133612a0 Exception <a 'sun/nio/fs/WindowsException'{0x000000008b1094b0}> (0x000000008b1094b0) 
thrown [s\src\hotspot\share\prims\jni.cpp, line 517]

VM Operations (20 events):
Event: 43.515 Executing VM operation: HandshakeAllThreads done
Event: 43.698 Executing VM operation: ICBufferFull
Event: 43.698 Executing VM operation: ICBufferFull done
Event: 44.255 Executing VM operation: ICBufferFull
Event: 44.255 Executing VM operation: ICBufferFull done
Event: 44.741 Executing VM operation: G1CollectForAllocation
Event: 44.767 Executing VM operation: G1CollectForAllocation done
Event: 45.337 Executing VM operation: ICBufferFull
Event: 45.338 Executing VM operation: ICBufferFull done
Event: 45.418 Executing VM operation: G1TryInitiateConcMark
Event: 45.437 Executing VM operation: G1TryInitiateConcMark done
Event: 45.485 Executing VM operation: G1PauseRemark
Event: 45.497 Executing VM operation: G1PauseRemark done
Event: 45.535 Executing VM operation: G1PauseCleanup
Event: 45.699 Executing VM operation: G1PauseCleanup done
Event: 46.264 Executing VM operation: G1CollectForAllocation
Event: 46.294 Executing VM operation: G1CollectForAllocation done
Event: 46.301 Executing VM operation: G1CollectForAllocation
Event: 46.314 Executing VM operation: G1CollectForAllocation done
Event: 46.618 Executing VM operation: G1CollectForAllocation

Events (20 events):
Event: 43.795 Thread 0x0000020a159a3c60 Thread added: 0x0000020a159a3c60
Event: 43.796 Thread 0x0000020a159a4170 Thread added: 0x0000020a159a4170
Event: 43.796 Thread 0x0000020a159a4680 Thread added: 0x0000020a159a4680
Event: 43.796 Thread 0x0000020a159a50a0 Thread added: 0x0000020a159a50a0
Event: 43.796 Thread 0x0000020a135d7310 Thread added: 0x0000020a135d7310
Event: 44.121 Thread 0x0000020a135d68f0 Thread added: 0x0000020a135d68f0
Event: 44.123 Thread 0x0000020a135d4fa0 Thread added: 0x0000020a135d4fa0
Event: 44.125 Thread 0x0000020a135d63e0 Thread added: 0x0000020a135d63e0
Event: 44.137 Thread 0x0000020a135d54b0 Thread added: 0x0000020a135d54b0
Event: 44.142 Thread 0x0000020a135d59c0 Thread added: 0x0000020a135d59c0
Event: 44.144 Thread 0x0000020a135d6e00 Thread added: 0x0000020a135d6e00
Event: 44.145 Thread 0x0000020a135d4a90 Thread added: 0x0000020a135d4a90
Event: 44.145 Thread 0x0000020a135d8240 Thread added: 0x0000020a135d8240
Event: 44.146 Thread 0x0000020a135d5ed0 Thread added: 0x0000020a135d5ed0
Event: 44.769 loading class sun/security/ssl/Alert
Event: 44.769 loading class sun/security/ssl/Alert done
Event: 44.770 loading class sun/security/ssl/Alert$AlertConsumer
Event: 44.770 loading class sun/security/ssl/Alert$AlertConsumer done
Event: 44.770 loading class sun/security/ssl/Alert$Level
Event: 44.770 loading class sun/security/ssl/Alert$Level done


Dynamic libraries:
0x00007ff6a98a0000 - 0x00007ff6a98aa000 	C:\Program Files\Android\Android Studio\jbr\bin\java.exe
0x00007ffc45310000 - 0x00007ffc45527000 	C:\windows\SYSTEM32\ntdll.dll
0x00007ffc437b0000 - 0x00007ffc43874000 	C:\windows\System32\KERNEL32.DLL
0x00007ffc42780000 - 0x00007ffc42b2d000 	C:\windows\System32\KERNELBASE.dll
0x00007ffc42e00000 - 0x00007ffc42f11000 	C:\windows\System32\ucrtbase.dll
0x00007ffc39520000 - 0x00007ffc3953b000 	C:\Program Files\Android\Android Studio\jbr\bin\VCRUNTIME140.dll
0x00007ffbf6930000 - 0x00007ffbf6947000 	C:\Program Files\Android\Android Studio\jbr\bin\jli.dll
0x00007ffc45120000 - 0x00007ffc452ce000 	C:\windows\System32\USER32.dll
0x00007ffc42ba0000 - 0x00007ffc42bc6000 	C:\windows\System32\win32u.dll
0x00007ffc43880000 - 0x00007ffc438a9000 	C:\windows\System32\GDI32.dll
0x00007ffc42660000 - 0x00007ffc42779000 	C:\windows\System32\gdi32full.dll
0x00007ffc42f20000 - 0x00007ffc42fba000 	C:\windows\System32\msvcp_win.dll
0x00007ffc0ca90000 - 0x00007ffc0cd23000 	C:\windows\WinSxS\amd64_microsoft.windows.common-controls_6595b64144ccf1df_6.0.22621.3672_none_2713b9d173822955\COMCTL32.dll
0x00007ffc44b50000 - 0x00007ffc44bf7000 	C:\windows\System32\msvcrt.dll
0x00007ffc43710000 - 0x00007ffc43741000 	C:\windows\System32\IMM32.DLL
0x00007ffc3ec80000 - 0x00007ffc3ec8c000 	C:\Program Files\Android\Android Studio\jbr\bin\vcruntime140_1.dll
0x00007ffbe4420000 - 0x00007ffbe44ad000 	C:\Program Files\Android\Android Studio\jbr\bin\msvcp140.dll
0x00007ffbb1a10000 - 0x00007ffbb2693000 	C:\Program Files\Android\Android Studio\jbr\bin\server\jvm.dll
0x00007ffc43120000 - 0x00007ffc431d2000 	C:\windows\System32\ADVAPI32.dll
0x00007ffc44c00000 - 0x00007ffc44ca9000 	C:\windows\System32\sechost.dll
0x00007ffc42630000 - 0x00007ffc42658000 	C:\windows\System32\bcrypt.dll
0x00007ffc44f80000 - 0x00007ffc45094000 	C:\windows\System32\RPCRT4.dll
0x00007ffc30ff0000 - 0x00007ffc30ffa000 	C:\windows\SYSTEM32\VERSION.dll
0x00007ffc1b040000 - 0x00007ffc1b049000 	C:\windows\SYSTEM32\WSOCK32.dll
0x00007ffc450a0000 - 0x00007ffc45111000 	C:\windows\System32\WS2_32.dll
0x00007ffc41810000 - 0x00007ffc4185d000 	C:\windows\SYSTEM32\POWRPROF.dll
0x00007ffc3aa30000 - 0x00007ffc3aa64000 	C:\windows\SYSTEM32\WINMM.dll
0x00007ffc417f0000 - 0x00007ffc41803000 	C:\windows\SYSTEM32\UMPDC.dll
0x00007ffc41630000 - 0x00007ffc41648000 	C:\windows\SYSTEM32\kernel.appcore.dll
0x00007ffc1b990000 - 0x00007ffc1b99a000 	C:\Program Files\Android\Android Studio\jbr\bin\jimage.dll
0x00007ffc3f4a0000 - 0x00007ffc3f6d2000 	C:\windows\SYSTEM32\DBGHELP.DLL
0x00007ffc43360000 - 0x00007ffc436ed000 	C:\windows\System32\combase.dll
0x00007ffc438b0000 - 0x00007ffc43987000 	C:\windows\System32\OLEAUT32.dll
0x00007ffc12b10000 - 0x00007ffc12b42000 	C:\windows\SYSTEM32\dbgcore.DLL
0x00007ffc42fc0000 - 0x00007ffc4303b000 	C:\windows\System32\bcryptPrimitives.dll
0x00007ffc16eb0000 - 0x00007ffc16ebe000 	C:\Program Files\Android\Android Studio\jbr\bin\instrument.dll
0x00007ffbebb90000 - 0x00007ffbebbb5000 	C:\Program Files\Android\Android Studio\jbr\bin\java.dll
0x00007ffbfbc80000 - 0x00007ffbfbc98000 	C:\Program Files\Android\Android Studio\jbr\bin\zip.dll
0x00007ffc43cb0000 - 0x00007ffc44518000 	C:\windows\System32\SHELL32.dll
0x00007ffc40530000 - 0x00007ffc40e2e000 	C:\windows\SYSTEM32\windows.storage.dll
0x00007ffc403f0000 - 0x00007ffc4052f000 	C:\windows\SYSTEM32\wintypes.dll
0x00007ffc43260000 - 0x00007ffc43359000 	C:\windows\System32\SHCORE.dll
0x00007ffc44f20000 - 0x00007ffc44f7e000 	C:\windows\System32\shlwapi.dll
0x00007ffc42560000 - 0x00007ffc42581000 	C:\windows\SYSTEM32\profapi.dll
0x00007ffbfbb50000 - 0x00007ffbfbb69000 	C:\Program Files\Android\Android Studio\jbr\bin\net.dll
0x00007ffc3c160000 - 0x00007ffc3c296000 	C:\windows\SYSTEM32\WINHTTP.dll
0x00007ffc41b70000 - 0x00007ffc41bd9000 	C:\windows\system32\mswsock.dll
0x00007ffbfadc0000 - 0x00007ffbfadd6000 	C:\Program Files\Android\Android Studio\jbr\bin\nio.dll
0x00007ffc1b3f0000 - 0x00007ffc1b400000 	C:\Program Files\Android\Android Studio\jbr\bin\verify.dll
0x00007ffc06190000 - 0x00007ffc061b7000 	C:\Users\angel\.gradle\native\c067742578af261105cb4f569cf0c3c89f3d7b1fecec35dd04571415982c5e48\windows-amd64\native-platform.dll
0x00007ffbdfeb0000 - 0x00007ffbdfff4000 	C:\Users\angel\.gradle\native\38dada09dfb8b06ba9b0570ebf7e218e3eb74d4ef43ca46872605cf95ebc2f47\windows-amd64\native-platform-file-events.dll
0x00007ffc19ea0000 - 0x00007ffc19ea9000 	C:\Program Files\Android\Android Studio\jbr\bin\management.dll
0x00007ffc19250000 - 0x00007ffc1925b000 	C:\Program Files\Android\Android Studio\jbr\bin\management_ext.dll
0x00007ffc43b10000 - 0x00007ffc43b18000 	C:\windows\System32\PSAPI.DLL
0x00007ffc41e60000 - 0x00007ffc41e7b000 	C:\windows\SYSTEM32\CRYPTSP.dll
0x00007ffc415e0000 - 0x00007ffc41615000 	C:\windows\system32\rsaenh.dll
0x00007ffc41c10000 - 0x00007ffc41c38000 	C:\windows\SYSTEM32\USERENV.dll
0x00007ffc41d70000 - 0x00007ffc41d7c000 	C:\windows\SYSTEM32\CRYPTBASE.dll
0x00007ffc41090000 - 0x00007ffc410bd000 	C:\windows\SYSTEM32\IPHLPAPI.DLL
0x00007ffc43b30000 - 0x00007ffc43b39000 	C:\windows\System32\NSI.dll
0x00007ffc3be90000 - 0x00007ffc3bea9000 	C:\windows\SYSTEM32\dhcpcsvc6.DLL
0x00007ffc3b490000 - 0x00007ffc3b4af000 	C:\windows\SYSTEM32\dhcpcsvc.DLL
0x00007ffc41100000 - 0x00007ffc411f8000 	C:\windows\SYSTEM32\DNSAPI.dll
0x00007ffc1a0b0000 - 0x00007ffc1a0b9000 	C:\Program Files\Android\Android Studio\jbr\bin\extnet.dll
0x00007ffc1b6a0000 - 0x00007ffc1b6a8000 	C:\windows\system32\wshunix.dll
0x000000006d130000 - 0x000000006d165000 	C:\Program Files\Bonjour\mdnsNSP.dll
0x00007ffc37890000 - 0x00007ffc3789a000 	C:\Windows\System32\rasadhlp.dll
0x00007ffc37b40000 - 0x00007ffc37bc3000 	C:\windows\System32\fwpuclnt.dll

dbghelp: loaded successfully - version: 4.0.5 - missing functions: none
symbol engine: initialized successfully - sym options: 0x614 - pdb path: .;C:\Program Files\Android\Android Studio\jbr\bin;C:\windows\SYSTEM32;C:\windows\WinSxS\amd64_microsoft.windows.common-controls_6595b64144ccf1df_6.0.22621.3672_none_2713b9d173822955;C:\Program Files\Android\Android Studio\jbr\bin\server;C:\Users\angel\.gradle\native\c067742578af261105cb4f569cf0c3c89f3d7b1fecec35dd04571415982c5e48\windows-amd64;C:\Users\angel\.gradle\native\38dada09dfb8b06ba9b0570ebf7e218e3eb74d4ef43ca46872605cf95ebc2f47\windows-amd64;C:\Program Files\Bonjour

VM Arguments:
jvm_args: --add-opens=java.base/java.util=ALL-UNNAMED --add-opens=java.base/java.lang=ALL-UNNAMED --add-opens=java.base/java.lang.invoke=ALL-UNNAMED --add-opens=java.prefs/java.util.prefs=ALL-UNNAMED --add-opens=java.base/java.nio.charset=ALL-UNNAMED --add-opens=java.base/java.net=ALL-UNNAMED --add-opens=java.base/java.util.concurrent.atomic=ALL-UNNAMED -Xmx2048m -Dfile.encoding=UTF-8 -Duser.country=SV -Duser.language=es -Duser.variant -javaagent:C:\Users\angel\.gradle\wrapper\dists\gradle-8.7-bin\bhs2wmbdwecv87pi65oeuq5iu\gradle-8.7\lib\agents\gradle-instrumentation-agent-8.7.jar 
java_command: org.gradle.launcher.daemon.bootstrap.GradleDaemon 8.7
java_class_path (initial): C:\Users\angel\.gradle\wrapper\dists\gradle-8.7-bin\bhs2wmbdwecv87pi65oeuq5iu\gradle-8.7\lib\gradle-launcher-8.7.jar
Launcher Type: SUN_STANDARD

[Global flags]
     intx CICompilerCount                          = 4                                         {product} {ergonomic}
     uint ConcGCThreads                            = 2                                         {product} {ergonomic}
     uint G1ConcRefinementThreads                  = 9                                         {product} {ergonomic}
   size_t G1HeapRegionSize                         = 1048576                                   {product} {ergonomic}
    uintx GCDrainStackTargetSize                   = 64                                        {product} {ergonomic}
   size_t InitialHeapSize                          = 130023424                                 {product} {ergonomic}
   size_t MarkStackSize                            = 4194304                                   {product} {ergonomic}
   size_t MaxHeapSize                              = 2147483648                                {product} {command line}
   size_t MaxNewSize                               = 1287651328                                {product} {ergonomic}
   size_t MinHeapDeltaBytes                        = 1048576                                   {product} {ergonomic}
   size_t MinHeapSize                              = 8388608                                   {product} {ergonomic}
    uintx NonNMethodCodeHeapSize                   = 5839372                                {pd product} {ergonomic}
    uintx NonProfiledCodeHeapSize                  = 122909434                              {pd product} {ergonomic}
    uintx ProfiledCodeHeapSize                     = 122909434                              {pd product} {ergonomic}
    uintx ReservedCodeCacheSize                    = 251658240                              {pd product} {ergonomic}
     bool SegmentedCodeCache                       = true                                      {product} {ergonomic}
   size_t SoftMaxHeapSize                          = 2147483648                             {manageable} {ergonomic}
     bool UseCompressedClassPointers               = true                           {product lp64_product} {ergonomic}
     bool UseCompressedOops                        = true                           {product lp64_product} {ergonomic}
     bool UseG1GC                                  = true                                      {product} {ergonomic}
     bool UseLargePagesIndividualAllocation        = false                                  {pd product} {ergonomic}

Logging:
Log output configuration:
 #0: stdout all=warning uptime,level,tags
 #1: stderr all=off uptime,level,tags

Environment Variables:
PATH=C:\Program Files (x86)\Common Files\Oracle\Java\java8path;C:\Program Files (x86)\Common Files\Oracle\Java\javapath;C:\oracle\dbhomeXE\bin;C:\app\angel\product\21c\dbhomeXE\bin;C:\windows\system32;C:\windows;C:\windows\System32\Wbem;C:\windows\System32\WindowsPowerShell\v1.0\;C:\windows\System32\OpenSSH\;C:\Program Files\dotnet\;C:\Program Files (x86)\Microsoft SQL Server\160\Tools\Binn\;C:\Program Files\Microsoft SQL Server\160\Tools\Binn\;C:\Program Files\Microsoft SQL Server\Client SDK\ODBC\170\Tools\Binn\;C:\Program Files\Microsoft SQL Server\160\DTS\Binn\;C:\Program Files (x86)\Microsoft SQL Server\160\DTS\Binn\;C:\Program Files\Azure Data Studio\bin;C:\Program Files\HP\HP One Agent;C:\Program Files\Git\cmd;C:\Users\angel\AppData\Local\Microsoft\WindowsApps;;C:\Users\angel\AppData\Local\Programs\Microsoft VS Code\bin;C:\Users\angel\.dotnet\tools;C:\Program Files\Azure Data Studio\bin
USERNAME=angel
OS=Windows_NT
PROCESSOR_IDENTIFIER=Intel64 Family 6 Model 154 Stepping 4, GenuineIntel
TMP=C:\Users\angel\AppData\Local\Temp
TEMP=C:\Users\angel\AppData\Local\Temp



Periodic native trim disabled

JNI global refs:
JNI global refs: 28, weak refs: 14

JNI global refs memory usage: 843, weak refs: 841

OOME stack traces (most recent first):
Classloader memory used:
Loader org.gradle.internal.classloader.VisitableURLClassLoader                         : 11154K
Loader bootstrap                                                                       : 3177K
Loader org.gradle.initialization.MixInLegacyTypesClassLoader                           : 1316K
Loader org.gradle.internal.classloader.VisitableURLClassLoader                         : 117K
Loader jdk.internal.loader.ClassLoaders$PlatformClassLoader                            : 101K
Loader org.gradle.internal.classloader.VisitableURLClassLoader$InstrumentingVisitableURLClassLoader: 90310B
Loader jdk.internal.jrtfs.JrtFileSystemProvider$JrtFsLoader                            : 42130B
Loader jdk.internal.reflect.DelegatingClassLoader                                      : 39962B
Loader jdk.internal.loader.ClassLoaders$AppClassLoader                                 : 28557B
Loader org.gradle.groovy.scripts.internal.DefaultScriptCompilationHandler$ScriptClassLoader: 10699B
Loader org.codehaus.groovy.runtime.callsite.CallSiteClassLoader                        : 6077B

Classes loaded by more than one classloader:
Class org.gradle.internal.Cast                                                        : loaded 3 times (x 69B)
Class Program                                                                         : loaded 3 times (x 70B)
Class org.gradle.api.GradleException                                                  : loaded 3 times (x 80B)
Class org.gradle.internal.classpath.ClassPath                                         : loaded 2 times (x 68B)
Class org.gradle.api.internal.classpath.DefaultModuleRegistry                         : loaded 2 times (x 84B)
Class org.gradle.internal.exceptions.NonGradleCauseExceptionsHolder                   : loaded 2 times (x 68B)
Class Settings_gradle$1$1                                                             : loaded 2 times (x 72B)
Class jdk.internal.jimage.BasicImageReader$1                                          : loaded 2 times (x 75B)
Class org.gradle.api.Action                                                           : loaded 2 times (x 68B)
Class org.jetbrains.kotlin.idea.gradleTooling.model.samWithReceiver.SamWithReceiverModel: loaded 2 times (x 68B)
Class org.jetbrains.plugins.gradle.model.ExternalProject                              : loaded 2 times (x 68B)
Class org.jetbrains.plugins.gradle.model.IntelliJSettings                             : loaded 2 times (x 68B)
Class jdk.internal.jimage.ImageBufferCache$1                                          : loaded 2 times (x 78B)
Class jdk.internal.jimage.ImageBufferCache$2                                          : loaded 2 times (x 89B)
Class org.jetbrains.kotlin.idea.gradleTooling.KotlinMPPGradleModel                    : loaded 2 times (x 68B)
Class org.gradle.api.internal.DefaultClassPathProvider                                : loaded 2 times (x 74B)
Class org.gradle.internal.installation.GradleInstallation$1                           : loaded 2 times (x 73B)
Class jdk.internal.jrtfs.SystemImage$1                                                : loaded 2 times (x 76B)
Class jdk.internal.jrtfs.SystemImage$2                                                : loaded 2 times (x 74B)
Class org.gradle.internal.exceptions.DefaultMultiCauseException                       : loaded 2 times (x 93B)
Class org.gradle.tooling.model.UnsupportedMethodException                             : loaded 2 times (x 80B)
Class org.gradle.internal.time.MonotonicClock                                         : loaded 2 times (x 75B)
Class org.gradle.internal.classloader.FilteringClassLoader                            : loaded 2 times (x 103B)
Class jdk.internal.jimage.ImageReader$Resource                                        : loaded 2 times (x 82B)
Class jdk.internal.jrtfs.SystemImage                                                  : loaded 2 times (x 72B)
Class org.gradle.tooling.model.Model                                                  : loaded 2 times (x 68B)
Class org.gradle.internal.classpath.DefaultClassPath$ImmutableUniqueList$Builder      : loaded 2 times (x 73B)
Class org.jetbrains.kotlin.idea.gradleTooling.KotlinSourceSetContainer                : loaded 2 times (x 68B)
Class jdk.internal.jrtfs.JrtDirectoryStream$1                                         : loaded 2 times (x 81B)
Class org.gradle.internal.classloader.ClassLoaderVisitor                              : loaded 2 times (x 74B)
Class org.gradle.internal.time.DefaultCountdownTimer                                  : loaded 2 times (x 86B)
Class org.gradle.internal.service.DefaultServiceLocator                               : loaded 2 times (x 81B)
Class org.jetbrains.plugins.gradle.model.jar.JarTaskManifestConfiguration             : loaded 2 times (x 68B)
Class org.gradle.internal.service.UnknownServiceException                             : loaded 2 times (x 81B)
Class org.jetbrains.plugins.gradle.model.DependencyAccessorsModel                     : loaded 2 times (x 68B)
Class org.gradle.internal.classloader.DefaultClassLoaderFactory                       : loaded 2 times (x 80B)
Class jdk.internal.jimage.ImageReader$SharedImageReader                               : loaded 2 times (x 93B)
Class org.jetbrains.plugins.gradle.model.GradleExtensions                             : loaded 2 times (x 68B)
Class jdk.internal.jimage.decompressor.ZipDecompressorFactory                         : loaded 2 times (x 72B)
Class org.jetbrains.plugins.gradle.model.VersionCatalogsModel                         : loaded 2 times (x 68B)
Class org.gradle.internal.classloader.VisitableURLClassLoader$Spec                    : loaded 2 times (x 72B)
Class org.gradle.tooling.model.ProjectModel                                           : loaded 2 times (x 68B)
Class org.jetbrains.plugins.gradle.model.MavenRepositoryModel                         : loaded 2 times (x 68B)
Class org.gradle.tooling.internal.gradle.DefaultProjectIdentifier                     : loaded 2 times (x 84B)
Class org.gradle.api.internal.classpath.ModuleRegistry                                : loaded 2 times (x 68B)
Class org.gradle.util.GradleVersion                                                   : loaded 2 times (x 81B)
Class sync_studio_tooling_4jrwf07cjpt5a7p7ftdukr3tx$_run_closure1                     : loaded 2 times (x 137B)
Class kotlin.jvm.internal.markers.KMappedMarker                                       : loaded 2 times (x 68B)
Class org.gradle.api.internal.ClassPathProvider                                       : loaded 2 times (x 68B)
Class org.gradle.internal.classloader.ClasspathUtil$1                                 : loaded 2 times (x 74B)
Class org.gradle.internal.classloader.ClassLoaderFactory                              : loaded 2 times (x 68B)
Class jdk.internal.jimage.ImageHeader                                                 : loaded 2 times (x 69B)
Class org.gradle.api.internal.classpath.ManifestUtil                                  : loaded 2 times (x 69B)
Class org.gradle.api.specs.Spec                                                       : loaded 2 times (x 68B)
Class org.gradle.tooling.internal.gradle.GradleBuildIdentity                          : loaded 2 times (x 68B)
Class org.gradle.internal.IoActions                                                   : loaded 2 times (x 69B)
Class jdk.internal.jimage.decompressor.StringSharingDecompressorFactory               : loaded 2 times (x 72B)
Class org.gradle.api.internal.classpath.EffectiveClassPath                            : loaded 2 times (x 88B)
Class kotlin.jvm.internal.DefaultConstructorMarker                                    : loaded 2 times (x 69B)
Class org.gradle.internal.exceptions.ResolutionProvider                               : loaded 2 times (x 68B)
Class org.jetbrains.kotlin.idea.gradleTooling.model.annotation.AnnotationBasedPluginModel: loaded 2 times (x 68B)
Class org.jetbrains.kotlin.idea.gradleTooling.model.assignment.AssignmentModel        : loaded 2 times (x 68B)
Class org.gradle.internal.installation.CurrentGradleInstallation                      : loaded 2 times (x 71B)
Class org.gradle.internal.agents.InstrumentingClassLoader                             : loaded 2 times (x 68B)
Class org.gradle.internal.installation.CurrentGradleInstallationLocator               : loaded 2 times (x 69B)
Class org.gradle.api.internal.classpath.Module                                        : loaded 2 times (x 68B)
Class org.gradle.internal.service.CachingServiceLocator                               : loaded 2 times (x 80B)
Class org.gradle.internal.time.Timer                                                  : loaded 2 times (x 68B)
Class org.jetbrains.plugins.gradle.model.tests.ExternalTestsModel                     : loaded 2 times (x 68B)
Class org.jetbrains.kotlin.idea.gradleTooling.KotlinDslScriptAdditionalTask           : loaded 2 times (x 68B)
Class org.gradle.internal.classpath.DefaultClassPath                                  : loaded 2 times (x 88B)
Class ijInit1_b18p55t805masrf5pye3trfmr                                               : loaded 2 times (x 177B)
Class jdk.internal.jimage.BasicImageReader                                            : loaded 2 times (x 93B)
Class com.intellij.openapi.externalSystem.model.project.dependencies.ProjectDependencies: loaded 2 times (x 68B)
Class org.jetbrains.kotlin.idea.gradleTooling.PrepareKotlinIdeImportTaskModel         : loaded 2 times (x 68B)
Class jdk.internal.jimage.ImageLocation                                               : loaded 2 times (x 88B)
Class org.gradle.internal.impldep.com.google.common.base.Preconditions                : loaded 2 times (x 69B)
Class kotlin.jvm.functions.Function1                                                  : loaded 2 times (x 68B)
Class jdk.internal.jimage.ImageReader$Node                                            : loaded 2 times (x 82B)
Class org.gradle.internal.time.Time                                                   : loaded 2 times (x 69B)
Class jdk.internal.jimage.decompressor.CompressedResourceHeader                       : loaded 2 times (x 69B)
Class org.gradle.internal.time.TimeSource$1                                           : loaded 2 times (x 75B)
Class jdk.internal.jrtfs.JrtPath                                                      : loaded 2 times (x 116B)
Class jdk.internal.jimage.ImageStrings                                                : loaded 2 times (x 68B)
Class jdk.internal.jrtfs.JrtFileAttributes                                            : loaded 2 times (x 81B)
Class org.gradle.internal.classloader.SystemClassLoaderSpec                           : loaded 2 times (x 69B)
Class jdk.internal.jimage.decompressor.ResourceDecompressorRepository                 : loaded 2 times (x 69B)
Class kotlin.Function                                                                 : loaded 2 times (x 68B)
Class org.gradle.api.UncheckedIOException                                             : loaded 2 times (x 80B)
Class jdk.internal.jimage.decompressor.ResourceDecompressor$StringsProvider           : loaded 2 times (x 68B)
Class org.jetbrains.plugins.gradle.model.RepositoriesModel                            : loaded 2 times (x 68B)
Class jdk.internal.jimage.decompressor.Decompressor                                   : loaded 2 times (x 70B)
Class jdk.internal.jrtfs.JrtFileSystem                                                : loaded 2 times (x 100B)
Class org.gradle.tooling.internal.gradle.GradleProjectIdentity                        : loaded 2 times (x 68B)
Class jdk.internal.jrtfs.JrtFileSystemProvider                                        : loaded 2 times (x 97B)
Class org.gradle.internal.time.CountdownTimer                                         : loaded 2 times (x 68B)
Class org.gradle.internal.time.Clock                                                  : loaded 2 times (x 68B)
Class org.gradle.internal.classloader.ClasspathUtil                                   : loaded 2 times (x 69B)
Class jdk.internal.jrtfs.JrtDirectoryStream                                           : loaded 2 times (x 87B)
Class org.gradle.tooling.model.BuildIdentifier                                        : loaded 2 times (x 68B)
Class jdk.internal.jimage.decompressor.ResourceDecompressor                           : loaded 2 times (x 68B)
Class org.gradle.api.internal.DefaultClassPathRegistry                                : loaded 2 times (x 74B)
Class org.gradle.api.internal.classpath.DefaultModuleRegistry$DefaultModule           : loaded 2 times (x 84B)
Class org.gradle.internal.time.TimeSource                                             : loaded 2 times (x 68B)
Class org.jetbrains.kotlin.android.synthetic.idea.AndroidExtensionsGradleModel        : loaded 2 times (x 68B)
Class org.gradle.api.internal.classpath.UnknownModuleException                        : loaded 2 times (x 80B)
Class org.jetbrains.plugins.gradle.model.IntelliJProjectSettings                      : loaded 2 times (x 68B)
Class org.gradle.internal.service.ServiceLookupException                              : loaded 2 times (x 80B)
Class jdk.internal.jimage.ImageStringsReader                                          : loaded 2 times (x 78B)
Class org.gradle.cache.GlobalCache                                                    : loaded 2 times (x 68B)
Class jdk.internal.jimage.decompressor.ResourceDecompressorFactory                    : loaded 2 times (x 72B)
Class org.jetbrains.kotlin.idea.gradleTooling.model.lombok.LombokModel                : loaded 2 times (x 68B)
Class org.gradle.tooling.model.ProjectIdentifier                                      : loaded 2 times (x 68B)
Class [Lorg.gradle.api.internal.ClassPathProvider;                                    : loaded 2 times (x 67B)
Class jdk.internal.jimage.ImageReader$SharedImageReader$LocationVisitor               : loaded 2 times (x 68B)
Class org.gradle.internal.operations.MultipleBuildOperationFailures                   : loaded 2 times (x 93B)
Class org.gradle.util.internal.GUtil                                                  : loaded 2 times (x 69B)
Class jdk.internal.jimage.decompressor.ZipDecompressor                                : loaded 2 times (x 73B)
Class org.jetbrains.plugins.gradle.model.AnnotationProcessingModel                    : loaded 2 times (x 68B)
Class org.gradle.internal.classloader.ClassLoaderSpec                                 : loaded 2 times (x 69B)
Class org.gradle.internal.classloader.VisitableURLClassLoader                         : loaded 2 times (x 115B)
Class org.gradle.internal.installation.GradleInstallation                             : loaded 2 times (x 73B)
Class org.gradle.api.internal.ClassPathRegistry                                       : loaded 2 times (x 68B)
Class org.gradle.internal.classloader.VisitableURLClassLoader$InstrumentingVisitableURLClassLoader: loaded 2 times (x 121B)
Class org.gradle.internal.classloader.ClassLoaderHierarchy                            : loaded 2 times (x 68B)
Class org.gradle.internal.exceptions.MultiCauseException                              : loaded 2 times (x 68B)
Class jdk.internal.jimage.ImageReader                                                 : loaded 2 times (x 73B)
Class org.jetbrains.kotlin.idea.gradleTooling.model.parcelize.ParcelizeGradleModel    : loaded 2 times (x 68B)
Class org.gradle.internal.InternalTransformer                                         : loaded 2 times (x 68B)
Class org.jetbrains.kotlin.idea.gradleTooling.model.noarg.NoArgModel                  : loaded 2 times (x 68B)
Class org.jetbrains.kotlin.idea.gradleTooling.KotlinGradleModel                       : loaded 2 times (x 68B)
Class org.gradle.tooling.internal.gradle.DefaultBuildIdentifier                       : loaded 2 times (x 77B)
Class org.gradle.internal.service.ServiceLocator                                      : loaded 2 times (x 68B)
Class Settings_gradle$1                                                               : loaded 2 times (x 72B)
Class org.jetbrains.kotlin.idea.gradleTooling.model.allopen.AllOpenModel              : loaded 2 times (x 68B)
Class org.gradle.internal.classpath.DefaultClassPath$ImmutableUniqueList              : loaded 2 times (x 159B)
Class jdk.internal.jimage.ImageBufferCache                                            : loaded 2 times (x 69B)
Class org.gradle.internal.time.DefaultTimer                                           : loaded 2 times (x 78B)
Class org.gradle.internal.classpath.TransformedClassPath                              : loaded 2 times (x 94B)
Class sync_studio_tooling_4jrwf07cjpt5a7p7ftdukr3tx                                   : loaded 2 times (x 177B)
Class Settings_gradle                                                                 : loaded 2 times (x 126B)
Class jdk.internal.jimage.ImageReader$Directory                                       : loaded 2 times (x 82B)


---------------  S Y S T E M  ---------------

OS:
 Windows 11 , 64 bit Build 22621 (10.0.22621.3958)
OS uptime: 5 days 3:44 hours
Hyper-V role detected

CPU: total 12 (initial active 10) (6 cores per cpu, 2 threads per core) family 6 model 154 stepping 4 microcode 0x432, cx8, cmov, fxsr, ht, mmx, 3dnowpref, sse, sse2, sse3, ssse3, sse4.1, sse4.2, popcnt, lzcnt, tsc, tscinvbit, avx, avx2, aes, erms, clmul, bmi1, bmi2, adx, sha, fma, vzeroupper, clflush, clflushopt, clwb, hv
Processor Information for processor 0
  Max Mhz: 1100, Current Mhz: 1100, Mhz Limit: 1100
Processor Information for processor 1
  Max Mhz: 1100, Current Mhz: 1100, Mhz Limit: 1100
Processor Information for processor 2
  Max Mhz: 1100, Current Mhz: 1100, Mhz Limit: 1100
Processor Information for processor 3
  Max Mhz: 1100, Current Mhz: 1100, Mhz Limit: 1100
Processor Information for processor 4
  Max Mhz: 1100, Current Mhz: 800, Mhz Limit: 792
Processor Information for processor 5
  Max Mhz: 1100, Current Mhz: 800, Mhz Limit: 792
Processor Information for processor 6
  Max Mhz: 1100, Current Mhz: 800, Mhz Limit: 792
Processor Information for processor 7
  Max Mhz: 1100, Current Mhz: 800, Mhz Limit: 792
Processor Information for processor 8
  Max Mhz: 1100, Current Mhz: 800, Mhz Limit: 792
Processor Information for processor 9
  Max Mhz: 1100, Current Mhz: 800, Mhz Limit: 792
Processor Information for processor 10
  Max Mhz: 1100, Current Mhz: 800, Mhz Limit: 792
Processor Information for processor 11
  Max Mhz: 1100, Current Mhz: 800, Mhz Limit: 792

Memory: 4k page, system-wide physical 7885M (265M free)
TotalPageFile size 17885M (AvailPageFile size 160M)
current process WorkingSet (physical memory assigned to process): 452M, peak: 452M
current process commit charge ("private bytes"): 516M, peak: 819M

vm_info: OpenJDK 64-Bit Server VM (17.0.10+0--11609105) for windows-amd64 JRE (17.0.10+0--11609105), built on Mar 21 2024 19:10:56 by "androidbuild" with MS VC++ 16.10 / 16.11 (VS2019)

END.
