#
# There is insufficient memory for the Java Runtime Environment to continue.
# Native memory allocation (malloc) failed to allocate 864704 bytes for Chunk::new
# Possible reasons:
#   The system is out of physical RAM or swap space
#   The process is running with CompressedOops enabled, and the Java Heap may be blocking the growth of the native heap
# Possible solutions:
#   Reduce memory load on the system
#   Increase physical memory or swap space
#   Check if swap backing store is full
#   Decrease Java heap size (-Xmx/-Xms)
#   Decrease number of Java threads
#   Decrease Java thread stack sizes (-Xss)
#   Set larger code cache with -XX:ReservedCodeCacheSize=
#   JVM is running with Unscaled Compressed Oops mode in which the Java heap is
#     placed in the first 4GB address space. The Java Heap base address is the
#     maximum limit for the native heap growth. Please use -XX:HeapBaseMinAddress
#     to set the Java Heap base and to place the Java Heap above 4GB virtual address.
# This output file may be truncated or incomplete.
#
#  Out of Memory Error (arena.cpp:191), pid=18144, tid=17872
#
# JRE version: OpenJDK Runtime Environment (17.0.10) (build 17.0.10+0--11609105)
# Java VM: OpenJDK 64-Bit Server VM (17.0.10+0--11609105, mixed mode, tiered, compressed oops, compressed class ptrs, g1 gc, windows-amd64)
# No core dump will be written. Minidumps are not enabled by default on client versions of Windows
#

---------------  S U M M A R Y ------------

Command Line: org.jetbrains.kotlin.cli.jvm.K2JVMCompiler @C:\Users\angel\OneDrive\Escritorio\DilloSports\app\build\20240714_18437078350677132255.compiler.options

Host: 12th Gen Intel(R) Core(TM) i7-1250U, 12 cores, 7G,  Windows 11 , 64 bit Build 22621 (10.0.22621.3672)
Time: Sun Jul 14 17:13:32 2024 Hora estándar, América Central elapsed time: 8.474439 seconds (0d 0h 0m 8s)

---------------  T H R E A D  ---------------

Current thread (0x000001e07d21f640):  JavaThread "C2 CompilerThread0" daemon [_thread_in_native, id=17872, stack(0x000000c46d600000,0x000000c46d700000)]


Current CompileTask:
C2:   8474 6625       4       org.jetbrains.kotlin.descriptors.impl.FunctionDescriptorImpl::doSubstitute (1003 bytes)

Stack: [0x000000c46d600000,0x000000c46d700000]
Native frames: (J=compiled Java code, j=interpreted, Vv=VM code, C=native code)
V  [jvm.dll+0x688de9]
V  [jvm.dll+0x8423da]
V  [jvm.dll+0x84401e]
V  [jvm.dll+0x844683]
V  [jvm.dll+0x24be0f]
V  [jvm.dll+0xac524]
V  [jvm.dll+0xacb6c]
V  [jvm.dll+0x36bd67]
V  [jvm.dll+0x1bdaad]
V  [jvm.dll+0x21dbf9]
V  [jvm.dll+0x21cec1]
V  [jvm.dll+0x1a60ad]
V  [jvm.dll+0x22cd78]
V  [jvm.dll+0x22aeb0]
V  [jvm.dll+0x7f6877]
V  [jvm.dll+0x7f0c7a]
V  [jvm.dll+0x687c65]
C  [ucrtbase.dll+0x29333]
C  [KERNEL32.DLL+0x1257d]
C  [ntdll.dll+0x5af28]


---------------  P R O C E S S  ---------------

Threads class SMR info:
_java_thread_list=0x000001e07d21e860, length=12, elements={
0x000001e06ff3cba0, 0x000001e07d08e1a0, 0x000001e07d1d0220, 0x000001e07d21afe0,
0x000001e07d21c1b0, 0x000001e07d21cb70, 0x000001e07d21d940, 0x000001e07d21f640,
0x000001e07d2205e0, 0x000001e07d22f870, 0x000001e07d38cb40, 0x000001e07d39f8e0
}

Java Threads: ( => current thread )
  0x000001e06ff3cba0 JavaThread "main" [_thread_in_Java, id=14188, stack(0x000000c46c900000,0x000000c46ca00000)]
  0x000001e07d08e1a0 JavaThread "Reference Handler" daemon [_thread_blocked, id=20688, stack(0x000000c46d000000,0x000000c46d100000)]
  0x000001e07d1d0220 JavaThread "Finalizer" daemon [_thread_blocked, id=23304, stack(0x000000c46d100000,0x000000c46d200000)]
  0x000001e07d21afe0 JavaThread "Signal Dispatcher" daemon [_thread_blocked, id=12672, stack(0x000000c46d200000,0x000000c46d300000)]
  0x000001e07d21c1b0 JavaThread "Attach Listener" daemon [_thread_blocked, id=23740, stack(0x000000c46d300000,0x000000c46d400000)]
  0x000001e07d21cb70 JavaThread "Service Thread" daemon [_thread_blocked, id=14524, stack(0x000000c46d400000,0x000000c46d500000)]
  0x000001e07d21d940 JavaThread "Monitor Deflation Thread" daemon [_thread_blocked, id=11812, stack(0x000000c46d500000,0x000000c46d600000)]
=>0x000001e07d21f640 JavaThread "C2 CompilerThread0" daemon [_thread_in_native, id=17872, stack(0x000000c46d600000,0x000000c46d700000)]
  0x000001e07d2205e0 JavaThread "C1 CompilerThread0" daemon [_thread_blocked, id=11816, stack(0x000000c46d700000,0x000000c46d800000)]
  0x000001e07d22f870 JavaThread "Sweeper thread" daemon [_thread_blocked, id=18080, stack(0x000000c46d800000,0x000000c46d900000)]
  0x000001e07d38cb40 JavaThread "Notification Thread" daemon [_thread_blocked, id=14652, stack(0x000000c46d900000,0x000000c46da00000)]
  0x000001e07d39f8e0 JavaThread "Common-Cleaner" daemon [_thread_blocked, id=22788, stack(0x000000c46db00000,0x000000c46dc00000)]

Other Threads:
  0x000001e07d088a20 VMThread "VM Thread" [stack: 0x000000c46cf00000,0x000000c46d000000] [id=2144]
  0x000001e07d38f430 WatcherThread [stack: 0x000000c46da00000,0x000000c46db00000] [id=13220]
  0x000001e0720c72b0 GCTaskThread "GC Thread#0" [stack: 0x000000c46ca00000,0x000000c46cb00000] [id=11076]
  0x000001e07dadc420 GCTaskThread "GC Thread#1" [stack: 0x000000c46dc00000,0x000000c46dd00000] [id=11808]
  0x000001e07daca0d0 GCTaskThread "GC Thread#2" [stack: 0x000000c46dd00000,0x000000c46de00000] [id=11468]
  0x000001e07daca390 GCTaskThread "GC Thread#3" [stack: 0x000000c46de00000,0x000000c46df00000] [id=23708]
  0x000001e07dabb340 GCTaskThread "GC Thread#4" [stack: 0x000000c46df00000,0x000000c46e000000] [id=3676]
  0x000001e07de306b0 GCTaskThread "GC Thread#5" [stack: 0x000000c46e000000,0x000000c46e100000] [id=16668]
  0x000001e07df13480 GCTaskThread "GC Thread#6" [stack: 0x000000c46e100000,0x000000c46e200000] [id=10332]
  0x000001e07de078d0 GCTaskThread "GC Thread#7" [stack: 0x000000c46e200000,0x000000c46e300000] [id=16032]
  0x000001e07de07b90 GCTaskThread "GC Thread#8" [stack: 0x000000c46e300000,0x000000c46e400000] [id=19216]
  0x000001e07e4743d0 GCTaskThread "GC Thread#9" [stack: 0x000000c46e600000,0x000000c46e700000] [id=17924]
  0x000001e0720d7880 ConcurrentGCThread "G1 Main Marker" [stack: 0x000000c46cb00000,0x000000c46cc00000] [id=21576]
  0x000001e0720d82a0 ConcurrentGCThread "G1 Conc#0" [stack: 0x000000c46cc00000,0x000000c46cd00000] [id=24516]
  0x000001e07dfd2470 ConcurrentGCThread "G1 Conc#1" [stack: 0x000000c46e400000,0x000000c46e500000] [id=10256]
  0x000001e07e024070 ConcurrentGCThread "G1 Conc#2" [stack: 0x000000c46e500000,0x000000c46e600000] [id=25460]
  0x000001e07cece8f0 ConcurrentGCThread "G1 Refine#0" [stack: 0x000000c46cd00000,0x000000c46ce00000] [id=12140]
  0x000001e07cecf230 ConcurrentGCThread "G1 Service" [stack: 0x000000c46ce00000,0x000000c46cf00000] [id=23040]

Threads with active compile tasks:
C2 CompilerThread0     8516 6625       4       org.jetbrains.kotlin.descriptors.impl.FunctionDescriptorImpl::doSubstitute (1003 bytes)
C1 CompilerThread0     8516 6954       2       org.jetbrains.kotlin.resolve.calls.model.DataFlowInfoForArgumentsImpl::<init> (42 bytes)

VM state: not at safepoint (normal execution)

VM Mutex/Monitor currently owned by a thread: None

Heap address: 0x0000000084c00000, size: 1972 MB, Compressed Oops mode: 32-bit

CDS archive(s) not mapped
Compressed class space mapped at: 0x0000000100000000-0x0000000140000000, reserved size: 1073741824
Narrow klass base: 0x0000000000000000, Narrow klass shift: 3, Narrow klass range: 0x140000000

GC Precious Log:
 CPUs: 12 total, 12 available
 Memory: 7885M
 Large Page Support: Disabled
 NUMA Support: Disabled
 Compressed Oops: Enabled (32-bit)
 Heap Region Size: 1M
 Heap Min Capacity: 8M
 Heap Initial Capacity: 124M
 Heap Max Capacity: 1972M
 Pre-touch: Disabled
 Parallel Workers: 10
 Concurrent Workers: 3
 Concurrent Refinement Workers: 10
 Periodic GC: Disabled

Heap:
 garbage-first heap   total 202752K, used 96266K [0x0000000084c00000, 0x0000000100000000)
  region size 1024K, 53 young (54272K), 1 survivors (1024K)
 Metaspace       used 56649K, committed 56896K, reserved 1114112K
  class space    used 6624K, committed 6720K, reserved 1048576K

Heap Regions: E=young(eden), S=young(survivor), O=old, HS=humongous(starts), HC=humongous(continues), CS=collection set, F=free, OA=open archive, CA=closed archive, TAMS=top-at-mark-start (previous, next)
|   0|0x0000000084c00000, 0x0000000084d00000, 0x0000000084d00000|100%|HS|  |TAMS 0x0000000084d00000, 0x0000000084c00000| Complete 
|   1|0x0000000084d00000, 0x0000000084e00000, 0x0000000084e00000|100%|HC|  |TAMS 0x0000000084e00000, 0x0000000084d00000| Complete 
|   2|0x0000000084e00000, 0x0000000084f00000, 0x0000000084f00000|100%|HC|  |TAMS 0x0000000084f00000, 0x0000000084e00000| Complete 
|   3|0x0000000084f00000, 0x0000000085000000, 0x0000000085000000|100%|HC|  |TAMS 0x0000000085000000, 0x0000000084f00000| Complete 
|   4|0x0000000085000000, 0x0000000085100000, 0x0000000085100000|100%| O|  |TAMS 0x0000000085100000, 0x0000000085000000| Untracked 
|   5|0x0000000085100000, 0x0000000085200000, 0x0000000085200000|100%| O|  |TAMS 0x0000000085200000, 0x0000000085100000| Untracked 
|   6|0x0000000085200000, 0x0000000085300000, 0x0000000085300000|100%| O|  |TAMS 0x0000000085300000, 0x0000000085200000| Untracked 
|   7|0x0000000085300000, 0x0000000085300000, 0x0000000085400000|  0%| F|  |TAMS 0x0000000085300000, 0x0000000085300000| Untracked 
|   8|0x0000000085400000, 0x0000000085500000, 0x0000000085500000|100%| O|  |TAMS 0x0000000085500000, 0x0000000085400000| Untracked 
|   9|0x0000000085500000, 0x0000000085600000, 0x0000000085600000|100%| O|  |TAMS 0x0000000085600000, 0x0000000085500000| Untracked 
|  10|0x0000000085600000, 0x0000000085700000, 0x0000000085700000|100%| O|  |TAMS 0x0000000085700000, 0x0000000085600000| Untracked 
|  11|0x0000000085700000, 0x0000000085800000, 0x0000000085800000|100%| O|  |TAMS 0x0000000085800000, 0x0000000085700000| Untracked 
|  12|0x0000000085800000, 0x0000000085900000, 0x0000000085900000|100%| O|  |TAMS 0x0000000085900000, 0x0000000085800000| Untracked 
|  13|0x0000000085900000, 0x0000000085a00000, 0x0000000085a00000|100%| O|  |TAMS 0x0000000085a00000, 0x0000000085900000| Untracked 
|  14|0x0000000085a00000, 0x0000000085b00000, 0x0000000085b00000|100%| O|  |TAMS 0x0000000085b00000, 0x0000000085a00000| Untracked 
|  15|0x0000000085b00000, 0x0000000085c00000, 0x0000000085c00000|100%| O|  |TAMS 0x0000000085c00000, 0x0000000085b00000| Untracked 
|  16|0x0000000085c00000, 0x0000000085d00000, 0x0000000085d00000|100%| O|  |TAMS 0x0000000085d00000, 0x0000000085c00000| Untracked 
|  17|0x0000000085d00000, 0x0000000085e00000, 0x0000000085e00000|100%| O|  |TAMS 0x0000000085e00000, 0x0000000085d00000| Untracked 
|  18|0x0000000085e00000, 0x0000000085f00000, 0x0000000085f00000|100%| O|  |TAMS 0x0000000085f00000, 0x0000000085e00000| Untracked 
|  19|0x0000000085f00000, 0x0000000086000000, 0x0000000086000000|100%| O|  |TAMS 0x0000000086000000, 0x0000000085f00000| Untracked 
|  20|0x0000000086000000, 0x0000000086100000, 0x0000000086100000|100%| O|  |TAMS 0x0000000086100000, 0x0000000086000000| Untracked 
|  21|0x0000000086100000, 0x0000000086200000, 0x0000000086200000|100%|HS|  |TAMS 0x0000000086200000, 0x0000000086100000| Complete 
|  22|0x0000000086200000, 0x0000000086300000, 0x0000000086300000|100%|HC|  |TAMS 0x0000000086300000, 0x0000000086200000| Complete 
|  23|0x0000000086300000, 0x0000000086400000, 0x0000000086400000|100%| O|  |TAMS 0x0000000086400000, 0x0000000086300000| Untracked 
|  24|0x0000000086400000, 0x0000000086500000, 0x0000000086500000|100%| O|  |TAMS 0x0000000086500000, 0x0000000086400000| Untracked 
|  25|0x0000000086500000, 0x0000000086600000, 0x0000000086600000|100%| O|  |TAMS 0x0000000086600000, 0x0000000086500000| Untracked 
|  26|0x0000000086600000, 0x0000000086700000, 0x0000000086700000|100%| O|  |TAMS 0x0000000086700000, 0x0000000086600000| Untracked 
|  27|0x0000000086700000, 0x0000000086800000, 0x0000000086800000|100%| O|  |TAMS 0x0000000086800000, 0x0000000086700000| Untracked 
|  28|0x0000000086800000, 0x0000000086900000, 0x0000000086900000|100%| O|  |TAMS 0x0000000086900000, 0x0000000086800000| Untracked 
|  29|0x0000000086900000, 0x0000000086a00000, 0x0000000086a00000|100%| O|  |TAMS 0x0000000086a00000, 0x0000000086900000| Untracked 
|  30|0x0000000086a00000, 0x0000000086b00000, 0x0000000086b00000|100%| O|  |TAMS 0x0000000086b00000, 0x0000000086a00000| Untracked 
|  31|0x0000000086b00000, 0x0000000086c00000, 0x0000000086c00000|100%| O|  |TAMS 0x0000000086c00000, 0x0000000086b00000| Untracked 
|  32|0x0000000086c00000, 0x0000000086d00000, 0x0000000086d00000|100%| O|  |TAMS 0x0000000086d00000, 0x0000000086c00000| Untracked 
|  33|0x0000000086d00000, 0x0000000086e00000, 0x0000000086e00000|100%| O|  |TAMS 0x0000000086e00000, 0x0000000086d00000| Untracked 
|  34|0x0000000086e00000, 0x0000000086f00000, 0x0000000086f00000|100%| O|  |TAMS 0x0000000086f00000, 0x0000000086e00000| Untracked 
|  35|0x0000000086f00000, 0x0000000087000000, 0x0000000087000000|100%| O|  |TAMS 0x0000000087000000, 0x0000000086f00000| Untracked 
|  36|0x0000000087000000, 0x0000000087100000, 0x0000000087100000|100%| O|  |TAMS 0x0000000087100000, 0x0000000087000000| Untracked 
|  37|0x0000000087100000, 0x0000000087200000, 0x0000000087200000|100%| O|  |TAMS 0x0000000087200000, 0x0000000087100000| Untracked 
|  38|0x0000000087200000, 0x0000000087300000, 0x0000000087300000|100%| O|  |TAMS 0x0000000087300000, 0x0000000087200000| Untracked 
|  39|0x0000000087300000, 0x0000000087400000, 0x0000000087400000|100%| O|  |TAMS 0x0000000087400000, 0x0000000087300000| Untracked 
|  40|0x0000000087400000, 0x0000000087500000, 0x0000000087500000|100%| O|  |TAMS 0x0000000087500000, 0x0000000087400000| Untracked 
|  41|0x0000000087500000, 0x0000000087600000, 0x0000000087600000|100%| O|  |TAMS 0x0000000087600000, 0x0000000087500000| Untracked 
|  42|0x0000000087600000, 0x0000000087700000, 0x0000000087700000|100%| O|  |TAMS 0x0000000087700000, 0x0000000087600000| Untracked 
|  43|0x0000000087700000, 0x00000000877b6a00, 0x0000000087800000| 71%| O|  |TAMS 0x0000000087733c00, 0x0000000087700000| Untracked 
|  44|0x0000000087800000, 0x0000000087800000, 0x0000000087900000|  0%| F|  |TAMS 0x0000000087800000, 0x0000000087800000| Untracked 
|  45|0x0000000087900000, 0x0000000087900000, 0x0000000087a00000|  0%| F|  |TAMS 0x0000000087900000, 0x0000000087900000| Untracked 
|  46|0x0000000087a00000, 0x0000000087a00000, 0x0000000087b00000|  0%| F|  |TAMS 0x0000000087a00000, 0x0000000087a00000| Untracked 
|  47|0x0000000087b00000, 0x0000000087b00000, 0x0000000087c00000|  0%| F|  |TAMS 0x0000000087b00000, 0x0000000087b00000| Untracked 
|  48|0x0000000087c00000, 0x0000000087c00000, 0x0000000087d00000|  0%| F|  |TAMS 0x0000000087c00000, 0x0000000087c00000| Untracked 
|  49|0x0000000087d00000, 0x0000000087d00000, 0x0000000087e00000|  0%| F|  |TAMS 0x0000000087d00000, 0x0000000087d00000| Untracked 
|  50|0x0000000087e00000, 0x0000000087e00000, 0x0000000087f00000|  0%| F|  |TAMS 0x0000000087e00000, 0x0000000087e00000| Untracked 
|  51|0x0000000087f00000, 0x0000000087f00000, 0x0000000088000000|  0%| F|  |TAMS 0x0000000087f00000, 0x0000000087f00000| Untracked 
|  52|0x0000000088000000, 0x0000000088000000, 0x0000000088100000|  0%| F|  |TAMS 0x0000000088000000, 0x0000000088000000| Untracked 
|  53|0x0000000088100000, 0x0000000088100000, 0x0000000088200000|  0%| F|  |TAMS 0x0000000088100000, 0x0000000088100000| Untracked 
|  54|0x0000000088200000, 0x0000000088200000, 0x0000000088300000|  0%| F|  |TAMS 0x0000000088200000, 0x0000000088200000| Untracked 
|  55|0x0000000088300000, 0x0000000088300000, 0x0000000088400000|  0%| F|  |TAMS 0x0000000088300000, 0x0000000088300000| Untracked 
|  56|0x0000000088400000, 0x0000000088400000, 0x0000000088500000|  0%| F|  |TAMS 0x0000000088400000, 0x0000000088400000| Untracked 
|  57|0x0000000088500000, 0x0000000088500000, 0x0000000088600000|  0%| F|  |TAMS 0x0000000088500000, 0x0000000088500000| Untracked 
|  58|0x0000000088600000, 0x0000000088600000, 0x0000000088700000|  0%| F|  |TAMS 0x0000000088600000, 0x0000000088600000| Untracked 
|  59|0x0000000088700000, 0x0000000088700000, 0x0000000088800000|  0%| F|  |TAMS 0x0000000088700000, 0x0000000088700000| Untracked 
|  60|0x0000000088800000, 0x0000000088800000, 0x0000000088900000|  0%| F|  |TAMS 0x0000000088800000, 0x0000000088800000| Untracked 
|  61|0x0000000088900000, 0x0000000088900000, 0x0000000088a00000|  0%| F|  |TAMS 0x0000000088900000, 0x0000000088900000| Untracked 
|  62|0x0000000088a00000, 0x0000000088a00000, 0x0000000088b00000|  0%| F|  |TAMS 0x0000000088a00000, 0x0000000088a00000| Untracked 
|  63|0x0000000088b00000, 0x0000000088b00000, 0x0000000088c00000|  0%| F|  |TAMS 0x0000000088b00000, 0x0000000088b00000| Untracked 
|  64|0x0000000088c00000, 0x0000000088c00000, 0x0000000088d00000|  0%| F|  |TAMS 0x0000000088c00000, 0x0000000088c00000| Untracked 
|  65|0x0000000088d00000, 0x0000000088d00000, 0x0000000088e00000|  0%| F|  |TAMS 0x0000000088d00000, 0x0000000088d00000| Untracked 
|  66|0x0000000088e00000, 0x0000000088e00000, 0x0000000088f00000|  0%| F|  |TAMS 0x0000000088e00000, 0x0000000088e00000| Untracked 
|  67|0x0000000088f00000, 0x0000000088f00000, 0x0000000089000000|  0%| F|  |TAMS 0x0000000088f00000, 0x0000000088f00000| Untracked 
|  68|0x0000000089000000, 0x0000000089000000, 0x0000000089100000|  0%| F|  |TAMS 0x0000000089000000, 0x0000000089000000| Untracked 
|  69|0x0000000089100000, 0x0000000089100000, 0x0000000089200000|  0%| F|  |TAMS 0x0000000089100000, 0x0000000089100000| Untracked 
|  70|0x0000000089200000, 0x0000000089200000, 0x0000000089300000|  0%| F|  |TAMS 0x0000000089200000, 0x0000000089200000| Untracked 
|  71|0x0000000089300000, 0x0000000089300000, 0x0000000089400000|  0%| F|  |TAMS 0x0000000089300000, 0x0000000089300000| Untracked 
|  72|0x0000000089400000, 0x0000000089400000, 0x0000000089500000|  0%| F|  |TAMS 0x0000000089400000, 0x0000000089400000| Untracked 
|  73|0x0000000089500000, 0x0000000089500000, 0x0000000089600000|  0%| F|  |TAMS 0x0000000089500000, 0x0000000089500000| Untracked 
|  74|0x0000000089600000, 0x0000000089600000, 0x0000000089700000|  0%| F|  |TAMS 0x0000000089600000, 0x0000000089600000| Untracked 
|  75|0x0000000089700000, 0x0000000089700000, 0x0000000089800000|  0%| F|  |TAMS 0x0000000089700000, 0x0000000089700000| Untracked 
|  76|0x0000000089800000, 0x0000000089800000, 0x0000000089900000|  0%| F|  |TAMS 0x0000000089800000, 0x0000000089800000| Untracked 
|  77|0x0000000089900000, 0x0000000089900000, 0x0000000089a00000|  0%| F|  |TAMS 0x0000000089900000, 0x0000000089900000| Untracked 
|  78|0x0000000089a00000, 0x0000000089a00000, 0x0000000089b00000|  0%| F|  |TAMS 0x0000000089a00000, 0x0000000089a00000| Untracked 
|  79|0x0000000089b00000, 0x0000000089b00000, 0x0000000089c00000|  0%| F|  |TAMS 0x0000000089b00000, 0x0000000089b00000| Untracked 
|  80|0x0000000089c00000, 0x0000000089c00000, 0x0000000089d00000|  0%| F|  |TAMS 0x0000000089c00000, 0x0000000089c00000| Untracked 
|  81|0x0000000089d00000, 0x0000000089d00000, 0x0000000089e00000|  0%| F|  |TAMS 0x0000000089d00000, 0x0000000089d00000| Untracked 
|  82|0x0000000089e00000, 0x0000000089e00000, 0x0000000089f00000|  0%| F|  |TAMS 0x0000000089e00000, 0x0000000089e00000| Untracked 
|  83|0x0000000089f00000, 0x0000000089f00000, 0x000000008a000000|  0%| F|  |TAMS 0x0000000089f00000, 0x0000000089f00000| Untracked 
|  84|0x000000008a000000, 0x000000008a000000, 0x000000008a100000|  0%| F|  |TAMS 0x000000008a000000, 0x000000008a000000| Untracked 
|  85|0x000000008a100000, 0x000000008a100000, 0x000000008a200000|  0%| F|  |TAMS 0x000000008a100000, 0x000000008a100000| Untracked 
|  86|0x000000008a200000, 0x000000008a24beb0, 0x000000008a300000| 29%| S|CS|TAMS 0x000000008a200000, 0x000000008a200000| Complete 
|  87|0x000000008a300000, 0x000000008a300000, 0x000000008a400000|  0%| F|  |TAMS 0x000000008a300000, 0x000000008a300000| Untracked 
|  88|0x000000008a400000, 0x000000008a400000, 0x000000008a500000|  0%| F|  |TAMS 0x000000008a400000, 0x000000008a400000| Untracked 
|  89|0x000000008a500000, 0x000000008a500000, 0x000000008a600000|  0%| F|  |TAMS 0x000000008a500000, 0x000000008a500000| Untracked 
|  90|0x000000008a600000, 0x000000008a600000, 0x000000008a700000|  0%| F|  |TAMS 0x000000008a600000, 0x000000008a600000| Untracked 
|  91|0x000000008a700000, 0x000000008a700000, 0x000000008a800000|  0%| F|  |TAMS 0x000000008a700000, 0x000000008a700000| Untracked 
|  92|0x000000008a800000, 0x000000008a800000, 0x000000008a900000|  0%| F|  |TAMS 0x000000008a800000, 0x000000008a800000| Untracked 
|  93|0x000000008a900000, 0x000000008a900000, 0x000000008aa00000|  0%| F|  |TAMS 0x000000008a900000, 0x000000008a900000| Untracked 
|  94|0x000000008aa00000, 0x000000008aa00000, 0x000000008ab00000|  0%| F|  |TAMS 0x000000008aa00000, 0x000000008aa00000| Untracked 
|  95|0x000000008ab00000, 0x000000008ab00000, 0x000000008ac00000|  0%| F|  |TAMS 0x000000008ab00000, 0x000000008ab00000| Untracked 
|  96|0x000000008ac00000, 0x000000008ac00000, 0x000000008ad00000|  0%| F|  |TAMS 0x000000008ac00000, 0x000000008ac00000| Untracked 
|  97|0x000000008ad00000, 0x000000008ad00000, 0x000000008ae00000|  0%| F|  |TAMS 0x000000008ad00000, 0x000000008ad00000| Untracked 
|  98|0x000000008ae00000, 0x000000008ae00000, 0x000000008af00000|  0%| F|  |TAMS 0x000000008ae00000, 0x000000008ae00000| Untracked 
|  99|0x000000008af00000, 0x000000008af00000, 0x000000008b000000|  0%| F|  |TAMS 0x000000008af00000, 0x000000008af00000| Untracked 
| 100|0x000000008b000000, 0x000000008b000000, 0x000000008b100000|  0%| F|  |TAMS 0x000000008b000000, 0x000000008b000000| Untracked 
| 101|0x000000008b100000, 0x000000008b100000, 0x000000008b200000|  0%| F|  |TAMS 0x000000008b100000, 0x000000008b100000| Untracked 
| 102|0x000000008b200000, 0x000000008b200000, 0x000000008b300000|  0%| F|  |TAMS 0x000000008b200000, 0x000000008b200000| Untracked 
| 103|0x000000008b300000, 0x000000008b300000, 0x000000008b400000|  0%| F|  |TAMS 0x000000008b300000, 0x000000008b300000| Untracked 
| 104|0x000000008b400000, 0x000000008b400000, 0x000000008b500000|  0%| F|  |TAMS 0x000000008b400000, 0x000000008b400000| Untracked 
| 105|0x000000008b500000, 0x000000008b500000, 0x000000008b600000|  0%| F|  |TAMS 0x000000008b500000, 0x000000008b500000| Untracked 
| 106|0x000000008b600000, 0x000000008b600000, 0x000000008b700000|  0%| F|  |TAMS 0x000000008b600000, 0x000000008b600000| Untracked 
| 107|0x000000008b700000, 0x000000008b700000, 0x000000008b800000|  0%| F|  |TAMS 0x000000008b700000, 0x000000008b700000| Untracked 
| 108|0x000000008b800000, 0x000000008b800000, 0x000000008b900000|  0%| F|  |TAMS 0x000000008b800000, 0x000000008b800000| Untracked 
| 109|0x000000008b900000, 0x000000008b900000, 0x000000008ba00000|  0%| F|  |TAMS 0x000000008b900000, 0x000000008b900000| Untracked 
| 110|0x000000008ba00000, 0x000000008ba00000, 0x000000008bb00000|  0%| F|  |TAMS 0x000000008ba00000, 0x000000008ba00000| Untracked 
| 111|0x000000008bb00000, 0x000000008bb00000, 0x000000008bc00000|  0%| F|  |TAMS 0x000000008bb00000, 0x000000008bb00000| Untracked 
| 112|0x000000008bc00000, 0x000000008bc00000, 0x000000008bd00000|  0%| F|  |TAMS 0x000000008bc00000, 0x000000008bc00000| Untracked 
| 113|0x000000008bd00000, 0x000000008bd00000, 0x000000008be00000|  0%| F|  |TAMS 0x000000008bd00000, 0x000000008bd00000| Untracked 
| 114|0x000000008be00000, 0x000000008be00000, 0x000000008bf00000|  0%| F|  |TAMS 0x000000008be00000, 0x000000008be00000| Untracked 
| 115|0x000000008bf00000, 0x000000008bf00000, 0x000000008c000000|  0%| F|  |TAMS 0x000000008bf00000, 0x000000008bf00000| Untracked 
| 116|0x000000008c000000, 0x000000008c000000, 0x000000008c100000|  0%| F|  |TAMS 0x000000008c000000, 0x000000008c000000| Untracked 
| 117|0x000000008c100000, 0x000000008c100000, 0x000000008c200000|  0%| F|  |TAMS 0x000000008c100000, 0x000000008c100000| Untracked 
| 118|0x000000008c200000, 0x000000008c200000, 0x000000008c300000|  0%| F|  |TAMS 0x000000008c200000, 0x000000008c200000| Untracked 
| 119|0x000000008c300000, 0x000000008c300000, 0x000000008c400000|  0%| F|  |TAMS 0x000000008c300000, 0x000000008c300000| Untracked 
| 120|0x000000008c400000, 0x000000008c400000, 0x000000008c500000|  0%| F|  |TAMS 0x000000008c400000, 0x000000008c400000| Untracked 
| 121|0x000000008c500000, 0x000000008c500000, 0x000000008c600000|  0%| F|  |TAMS 0x000000008c500000, 0x000000008c500000| Untracked 
| 122|0x000000008c600000, 0x000000008c600000, 0x000000008c700000|  0%| F|  |TAMS 0x000000008c600000, 0x000000008c600000| Untracked 
| 123|0x000000008c700000, 0x000000008c700000, 0x000000008c800000|  0%| F|  |TAMS 0x000000008c700000, 0x000000008c700000| Untracked 
| 124|0x000000008c800000, 0x000000008c800000, 0x000000008c900000|  0%| F|  |TAMS 0x000000008c800000, 0x000000008c800000| Untracked 
| 125|0x000000008c900000, 0x000000008c900000, 0x000000008ca00000|  0%| F|  |TAMS 0x000000008c900000, 0x000000008c900000| Untracked 
| 126|0x000000008ca00000, 0x000000008ca00000, 0x000000008cb00000|  0%| F|  |TAMS 0x000000008ca00000, 0x000000008ca00000| Untracked 
| 127|0x000000008cb00000, 0x000000008cb00000, 0x000000008cc00000|  0%| F|  |TAMS 0x000000008cb00000, 0x000000008cb00000| Untracked 
| 128|0x000000008cc00000, 0x000000008cc00000, 0x000000008cd00000|  0%| F|  |TAMS 0x000000008cc00000, 0x000000008cc00000| Untracked 
| 129|0x000000008cd00000, 0x000000008cd00000, 0x000000008ce00000|  0%| F|  |TAMS 0x000000008cd00000, 0x000000008cd00000| Untracked 
| 130|0x000000008ce00000, 0x000000008ce00000, 0x000000008cf00000|  0%| F|  |TAMS 0x000000008ce00000, 0x000000008ce00000| Untracked 
| 131|0x000000008cf00000, 0x000000008cf00000, 0x000000008d000000|  0%| F|  |TAMS 0x000000008cf00000, 0x000000008cf00000| Untracked 
| 132|0x000000008d000000, 0x000000008d000000, 0x000000008d100000|  0%| F|  |TAMS 0x000000008d000000, 0x000000008d000000| Untracked 
| 133|0x000000008d100000, 0x000000008d100000, 0x000000008d200000|  0%| F|  |TAMS 0x000000008d100000, 0x000000008d100000| Untracked 
| 134|0x000000008d200000, 0x000000008d200000, 0x000000008d300000|  0%| F|  |TAMS 0x000000008d200000, 0x000000008d200000| Untracked 
| 135|0x000000008d300000, 0x000000008d300000, 0x000000008d400000|  0%| F|  |TAMS 0x000000008d300000, 0x000000008d300000| Untracked 
| 136|0x000000008d400000, 0x000000008d400000, 0x000000008d500000|  0%| F|  |TAMS 0x000000008d400000, 0x000000008d400000| Untracked 
| 137|0x000000008d500000, 0x000000008d500000, 0x000000008d600000|  0%| F|  |TAMS 0x000000008d500000, 0x000000008d500000| Untracked 
| 138|0x000000008d600000, 0x000000008d600000, 0x000000008d700000|  0%| F|  |TAMS 0x000000008d600000, 0x000000008d600000| Untracked 
| 139|0x000000008d700000, 0x000000008d700000, 0x000000008d800000|  0%| F|  |TAMS 0x000000008d700000, 0x000000008d700000| Untracked 
| 140|0x000000008d800000, 0x000000008d800000, 0x000000008d900000|  0%| F|  |TAMS 0x000000008d800000, 0x000000008d800000| Untracked 
| 141|0x000000008d900000, 0x000000008d900000, 0x000000008da00000|  0%| F|  |TAMS 0x000000008d900000, 0x000000008d900000| Untracked 
| 142|0x000000008da00000, 0x000000008da00000, 0x000000008db00000|  0%| F|  |TAMS 0x000000008da00000, 0x000000008da00000| Untracked 
| 143|0x000000008db00000, 0x000000008db00000, 0x000000008dc00000|  0%| F|  |TAMS 0x000000008db00000, 0x000000008db00000| Untracked 
| 144|0x000000008dc00000, 0x000000008dc00000, 0x000000008dd00000|  0%| F|  |TAMS 0x000000008dc00000, 0x000000008dc00000| Untracked 
| 145|0x000000008dd00000, 0x000000008dd00000, 0x000000008de00000|  0%| F|  |TAMS 0x000000008dd00000, 0x000000008dd00000| Untracked 
| 146|0x000000008de00000, 0x000000008de00800, 0x000000008df00000|  0%| E|  |TAMS 0x000000008de00000, 0x000000008de00000| Complete 
| 147|0x000000008df00000, 0x000000008e000000, 0x000000008e000000|100%| E|CS|TAMS 0x000000008df00000, 0x000000008df00000| Complete 
| 148|0x000000008e000000, 0x000000008e100000, 0x000000008e100000|100%| E|CS|TAMS 0x000000008e000000, 0x000000008e000000| Complete 
| 149|0x000000008e100000, 0x000000008e200000, 0x000000008e200000|100%| E|CS|TAMS 0x000000008e100000, 0x000000008e100000| Complete 
| 150|0x000000008e200000, 0x000000008e300000, 0x000000008e300000|100%| E|CS|TAMS 0x000000008e200000, 0x000000008e200000| Complete 
| 151|0x000000008e300000, 0x000000008e400000, 0x000000008e400000|100%| E|CS|TAMS 0x000000008e300000, 0x000000008e300000| Complete 
| 152|0x000000008e400000, 0x000000008e500000, 0x000000008e500000|100%| E|CS|TAMS 0x000000008e400000, 0x000000008e400000| Complete 
| 153|0x000000008e500000, 0x000000008e600000, 0x000000008e600000|100%| E|CS|TAMS 0x000000008e500000, 0x000000008e500000| Complete 
| 154|0x000000008e600000, 0x000000008e700000, 0x000000008e700000|100%| E|CS|TAMS 0x000000008e600000, 0x000000008e600000| Complete 
| 155|0x000000008e700000, 0x000000008e800000, 0x000000008e800000|100%| E|CS|TAMS 0x000000008e700000, 0x000000008e700000| Complete 
| 156|0x000000008e800000, 0x000000008e900000, 0x000000008e900000|100%| E|CS|TAMS 0x000000008e800000, 0x000000008e800000| Complete 
| 157|0x000000008e900000, 0x000000008ea00000, 0x000000008ea00000|100%| E|CS|TAMS 0x000000008e900000, 0x000000008e900000| Complete 
| 158|0x000000008ea00000, 0x000000008eb00000, 0x000000008eb00000|100%| E|CS|TAMS 0x000000008ea00000, 0x000000008ea00000| Complete 
| 159|0x000000008eb00000, 0x000000008ec00000, 0x000000008ec00000|100%| E|CS|TAMS 0x000000008eb00000, 0x000000008eb00000| Complete 
| 160|0x000000008ec00000, 0x000000008ed00000, 0x000000008ed00000|100%| E|CS|TAMS 0x000000008ec00000, 0x000000008ec00000| Complete 
| 161|0x000000008ed00000, 0x000000008ee00000, 0x000000008ee00000|100%| E|CS|TAMS 0x000000008ed00000, 0x000000008ed00000| Complete 
| 162|0x000000008ee00000, 0x000000008ef00000, 0x000000008ef00000|100%| E|CS|TAMS 0x000000008ee00000, 0x000000008ee00000| Complete 
| 163|0x000000008ef00000, 0x000000008f000000, 0x000000008f000000|100%| E|CS|TAMS 0x000000008ef00000, 0x000000008ef00000| Complete 
| 164|0x000000008f000000, 0x000000008f100000, 0x000000008f100000|100%| E|CS|TAMS 0x000000008f000000, 0x000000008f000000| Complete 
| 165|0x000000008f100000, 0x000000008f200000, 0x000000008f200000|100%| E|CS|TAMS 0x000000008f100000, 0x000000008f100000| Complete 
| 166|0x000000008f200000, 0x000000008f300000, 0x000000008f300000|100%| E|CS|TAMS 0x000000008f200000, 0x000000008f200000| Complete 
| 167|0x000000008f300000, 0x000000008f400000, 0x000000008f400000|100%| E|CS|TAMS 0x000000008f300000, 0x000000008f300000| Complete 
| 168|0x000000008f400000, 0x000000008f500000, 0x000000008f500000|100%| E|CS|TAMS 0x000000008f400000, 0x000000008f400000| Complete 
| 169|0x000000008f500000, 0x000000008f600000, 0x000000008f600000|100%| E|CS|TAMS 0x000000008f500000, 0x000000008f500000| Complete 
| 170|0x000000008f600000, 0x000000008f700000, 0x000000008f700000|100%| E|CS|TAMS 0x000000008f600000, 0x000000008f600000| Complete 
| 171|0x000000008f700000, 0x000000008f800000, 0x000000008f800000|100%| E|CS|TAMS 0x000000008f700000, 0x000000008f700000| Complete 
| 172|0x000000008f800000, 0x000000008f900000, 0x000000008f900000|100%| E|CS|TAMS 0x000000008f800000, 0x000000008f800000| Complete 
| 173|0x000000008f900000, 0x000000008fa00000, 0x000000008fa00000|100%| E|CS|TAMS 0x000000008f900000, 0x000000008f900000| Complete 
| 174|0x000000008fa00000, 0x000000008fb00000, 0x000000008fb00000|100%| E|CS|TAMS 0x000000008fa00000, 0x000000008fa00000| Complete 
| 175|0x000000008fb00000, 0x000000008fc00000, 0x000000008fc00000|100%| E|CS|TAMS 0x000000008fb00000, 0x000000008fb00000| Complete 
| 176|0x000000008fc00000, 0x000000008fd00000, 0x000000008fd00000|100%| E|CS|TAMS 0x000000008fc00000, 0x000000008fc00000| Complete 
| 177|0x000000008fd00000, 0x000000008fe00000, 0x000000008fe00000|100%| E|CS|TAMS 0x000000008fd00000, 0x000000008fd00000| Complete 
| 178|0x000000008fe00000, 0x000000008ff00000, 0x000000008ff00000|100%| E|CS|TAMS 0x000000008fe00000, 0x000000008fe00000| Complete 
| 179|0x000000008ff00000, 0x0000000090000000, 0x0000000090000000|100%| E|CS|TAMS 0x000000008ff00000, 0x000000008ff00000| Complete 
| 180|0x0000000090000000, 0x0000000090100000, 0x0000000090100000|100%| E|CS|TAMS 0x0000000090000000, 0x0000000090000000| Complete 
| 181|0x0000000090100000, 0x0000000090200000, 0x0000000090200000|100%| E|CS|TAMS 0x0000000090100000, 0x0000000090100000| Complete 
| 182|0x0000000090200000, 0x0000000090300000, 0x0000000090300000|100%| E|CS|TAMS 0x0000000090200000, 0x0000000090200000| Complete 
| 183|0x0000000090300000, 0x0000000090400000, 0x0000000090400000|100%| E|CS|TAMS 0x0000000090300000, 0x0000000090300000| Complete 
| 184|0x0000000090400000, 0x0000000090500000, 0x0000000090500000|100%| E|CS|TAMS 0x0000000090400000, 0x0000000090400000| Complete 
| 185|0x0000000090500000, 0x0000000090600000, 0x0000000090600000|100%| E|CS|TAMS 0x0000000090500000, 0x0000000090500000| Complete 
| 186|0x0000000090600000, 0x0000000090700000, 0x0000000090700000|100%| E|CS|TAMS 0x0000000090600000, 0x0000000090600000| Complete 
| 187|0x0000000090700000, 0x0000000090800000, 0x0000000090800000|100%| E|CS|TAMS 0x0000000090700000, 0x0000000090700000| Complete 
| 188|0x0000000090800000, 0x0000000090900000, 0x0000000090900000|100%| E|CS|TAMS 0x0000000090800000, 0x0000000090800000| Complete 
| 189|0x0000000090900000, 0x0000000090a00000, 0x0000000090a00000|100%| E|CS|TAMS 0x0000000090900000, 0x0000000090900000| Complete 
| 190|0x0000000090a00000, 0x0000000090b00000, 0x0000000090b00000|100%| E|CS|TAMS 0x0000000090a00000, 0x0000000090a00000| Complete 
| 191|0x0000000090b00000, 0x0000000090c00000, 0x0000000090c00000|100%| E|CS|TAMS 0x0000000090b00000, 0x0000000090b00000| Complete 
| 192|0x0000000090c00000, 0x0000000090d00000, 0x0000000090d00000|100%| E|CS|TAMS 0x0000000090c00000, 0x0000000090c00000| Complete 
| 193|0x0000000090d00000, 0x0000000090e00000, 0x0000000090e00000|100%| E|CS|TAMS 0x0000000090d00000, 0x0000000090d00000| Complete 
| 194|0x0000000090e00000, 0x0000000090f00000, 0x0000000090f00000|100%| E|CS|TAMS 0x0000000090e00000, 0x0000000090e00000| Complete 
| 195|0x0000000090f00000, 0x0000000091000000, 0x0000000091000000|100%| E|CS|TAMS 0x0000000090f00000, 0x0000000090f00000| Complete 
| 196|0x0000000091000000, 0x0000000091100000, 0x0000000091100000|100%| E|CS|TAMS 0x0000000091000000, 0x0000000091000000| Complete 
| 197|0x0000000091100000, 0x0000000091200000, 0x0000000091200000|100%| E|CS|TAMS 0x0000000091100000, 0x0000000091100000| Complete 

Card table byte_map: [0x000001e075e70000,0x000001e076250000] _byte_map_base: 0x000001e075a4a000

Marking Bits (Prev, Next): (CMBitMap*) 0x000001e0720c78d0, (CMBitMap*) 0x000001e0720c7910
 Prev Bits: [0x000001e076630000, 0x000001e078500000)
 Next Bits: [0x000001e078500000, 0x000001e07a3d0000)

Polling page: 0x000001e070050000

Metaspace:

Usage:
  Non-class:     48.86 MB used.
      Class:      6.47 MB used.
       Both:     55.33 MB used.

Virtual space:
  Non-class space:       64.00 MB reserved,      49.00 MB ( 77%) committed,  1 nodes.
      Class space:        1.00 GB reserved,       6.56 MB ( <1%) committed,  1 nodes.
             Both:        1.06 GB reserved,      55.56 MB (  5%) committed. 

Chunk freelists:
   Non-Class:  14.73 MB
       Class:  9.39 MB
        Both:  24.12 MB

MaxMetaspaceSize: unlimited
CompressedClassSpaceSize: 1.00 GB
Initial GC threshold: 21.00 MB
Current GC threshold: 87.44 MB
CDS: off
MetaspaceReclaimPolicy: balanced
 - commit_granule_bytes: 65536.
 - commit_granule_words: 8192.
 - virtual_space_node_default_size: 8388608.
 - enlarge_chunks_in_place: 1.
 - new_chunks_are_fully_committed: 0.
 - uncommit_free_chunks: 1.
 - use_allocation_guard: 0.
 - handle_deallocations: 1.


Internal statistics:

num_allocs_failed_limit: 6.
num_arena_births: 250.
num_arena_deaths: 0.
num_vsnodes_births: 2.
num_vsnodes_deaths: 0.
num_space_committed: 887.
num_space_uncommitted: 0.
num_chunks_returned_to_freelist: 6.
num_chunks_taken_from_freelist: 1947.
num_chunk_merges: 6.
num_chunk_splits: 1606.
num_chunks_enlarged: 1436.
num_inconsistent_stats: 0.

CodeHeap 'non-profiled nmethods': size=120000Kb used=2712Kb max_used=2712Kb free=117287Kb
 bounds [0x000001e007ad0000, 0x000001e007d80000, 0x000001e00f000000]
CodeHeap 'profiled nmethods': size=120000Kb used=15447Kb max_used=15447Kb free=104553Kb
 bounds [0x000001e000000000, 0x000001e000f20000, 0x000001e007530000]
CodeHeap 'non-nmethods': size=5760Kb used=1290Kb max_used=1332Kb free=4469Kb
 bounds [0x000001e007530000, 0x000001e0077a0000, 0x000001e007ad0000]
 total_blobs=7472 nmethods=6871 adapters=510
 compilation: enabled
              stopped_count=0, restarted_count=0
 full_count=0

Compilation events (20 events):
Event: 8.440 Thread 0x000001e07d2205e0 nmethod 6913 0x000001e000ef0f10 code [0x000001e000ef10a0, 0x000001e000ef11c8]
Event: 8.455 Thread 0x000001e07d2205e0 6914       2       org.jetbrains.kotlin.psi.KtValueArgumentList::getArguments (16 bytes)
Event: 8.456 Thread 0x000001e07d2205e0 nmethod 6914 0x000001e000ef1290 code [0x000001e000ef1460, 0x000001e000ef1768]
Event: 8.457 Thread 0x000001e07d2205e0 6916       2       org.jetbrains.kotlin.com.intellij.util.containers.ConcurrentLongObjectHashMap::spread (12 bytes)
Event: 8.458 Thread 0x000001e07d2205e0 nmethod 6916 0x000001e000ef1910 code [0x000001e000ef1aa0, 0x000001e000ef1b98]
Event: 8.462 Thread 0x000001e07d2205e0 6917       2       org.jetbrains.kotlin.load.java.lazy.descriptors.LazyJavaScope$declaredFunctions$1::invoke (174 bytes)
Event: 8.464 Thread 0x000001e07d2205e0 nmethod 6917 0x000001e000ef1c10 code [0x000001e000ef1ee0, 0x000001e000ef28c8]
Event: 8.464 Thread 0x000001e07d2205e0 6918       2       org.jetbrains.kotlin.resolve.jvm.JavaDescriptorResolver::resolveClass (170 bytes)
Event: 8.466 Thread 0x000001e07d2205e0 nmethod 6918 0x000001e000ef2f90 code [0x000001e000ef33a0, 0x000001e000ef42d8]
Event: 8.466 Thread 0x000001e07d2205e0 6919       2       org.jetbrains.kotlin.resolve.calls.model.SimpleCandidateFactory::getExplicitDispatchReceiver (52 bytes)
Event: 8.467 Thread 0x000001e07d2205e0 nmethod 6919 0x000001e000ef4c10 code [0x000001e000ef4dc0, 0x000001e000ef4f78]
Event: 8.467 Thread 0x000001e07d2205e0 6921       2       org.jetbrains.kotlin.resolve.calls.tower.ExpressionKotlinCallArgumentImpl::isSpread (18 bytes)
Event: 8.468 Thread 0x000001e07d2205e0 nmethod 6921 0x000001e000ef5090 code [0x000001e000ef5220, 0x000001e000ef5368]
Event: 8.468 Thread 0x000001e07d2205e0 6922       2       org.jetbrains.kotlin.descriptors.ModalityUtilsKt::isFinalClass (36 bytes)
Event: 8.468 Thread 0x000001e07d2205e0 nmethod 6922 0x000001e000ef5410 code [0x000001e000ef5600, 0x000001e000ef58f8]
Event: 8.468 Thread 0x000001e07d2205e0 6920       2       org.jetbrains.kotlin.resolve.calls.model.SimpleCandidateFactory::getExplicitExtensionReceiver (43 bytes)
Event: 8.468 Thread 0x000001e07d2205e0 nmethod 6920 0x000001e000ef5b10 code [0x000001e000ef5cc0, 0x000001e000ef5e68]
Event: 8.468 Thread 0x000001e07d2205e0 6923       1       org.jetbrains.kotlin.builtins.functions.FunctionTypeKindExtractor$KindWithArity::getKind (5 bytes)
Event: 8.469 Thread 0x000001e07d2205e0 nmethod 6923 0x000001e007d75810 code [0x000001e007d759a0, 0x000001e007d75a78]
Event: 8.469 Thread 0x000001e07d2205e0 6924       2       org.jetbrains.kotlin.resolve.calls.components.PostponedVariablesInitializerResolutionPart::process (292 bytes)

GC Heap History (20 events):
Event: 4.791 GC heap before
{Heap before GC invocations=12 (full 0):
 garbage-first heap   total 66560K, used 49687K [0x0000000084c00000, 0x0000000100000000)
  region size 1024K, 23 young (23552K), 3 survivors (3072K)
 Metaspace       used 48291K, committed 48512K, reserved 1114112K
  class space    used 5850K, committed 5952K, reserved 1048576K
}
Event: 4.800 GC heap after
{Heap after GC invocations=13 (full 0):
 garbage-first heap   total 66560K, used 30214K [0x0000000084c00000, 0x0000000100000000)
  region size 1024K, 1 young (1024K), 1 survivors (1024K)
 Metaspace       used 48291K, committed 48512K, reserved 1114112K
  class space    used 5850K, committed 5952K, reserved 1048576K
}
Event: 5.556 GC heap before
{Heap before GC invocations=13 (full 0):
 garbage-first heap   total 66560K, used 49670K [0x0000000084c00000, 0x0000000100000000)
  region size 1024K, 21 young (21504K), 1 survivors (1024K)
 Metaspace       used 50363K, committed 50624K, reserved 1114112K
  class space    used 6039K, committed 6144K, reserved 1048576K
}
Event: 5.569 GC heap after
{Heap after GC invocations=14 (full 0):
 garbage-first heap   total 66560K, used 34791K [0x0000000084c00000, 0x0000000100000000)
  region size 1024K, 3 young (3072K), 3 survivors (3072K)
 Metaspace       used 50363K, committed 50624K, reserved 1114112K
  class space    used 6039K, committed 6144K, reserved 1048576K
}
Event: 6.082 GC heap before
{Heap before GC invocations=14 (full 0):
 garbage-first heap   total 66560K, used 51175K [0x0000000084c00000, 0x0000000100000000)
  region size 1024K, 19 young (19456K), 3 survivors (3072K)
 Metaspace       used 51102K, committed 51264K, reserved 1114112K
  class space    used 6057K, committed 6144K, reserved 1048576K
}
Event: 6.098 GC heap after
{Heap after GC invocations=15 (full 0):
 garbage-first heap   total 66560K, used 37840K [0x0000000084c00000, 0x0000000100000000)
  region size 1024K, 3 young (3072K), 3 survivors (3072K)
 Metaspace       used 51102K, committed 51264K, reserved 1114112K
  class space    used 6057K, committed 6144K, reserved 1048576K
}
Event: 6.409 GC heap before
{Heap before GC invocations=16 (full 0):
 garbage-first heap   total 66560K, used 52176K [0x0000000084c00000, 0x0000000100000000)
  region size 1024K, 17 young (17408K), 3 survivors (3072K)
 Metaspace       used 51177K, committed 51392K, reserved 1114112K
  class space    used 6057K, committed 6144K, reserved 1048576K
}
Event: 6.426 GC heap after
{Heap after GC invocations=17 (full 0):
 garbage-first heap   total 66560K, used 40960K [0x0000000084c00000, 0x0000000100000000)
  region size 1024K, 3 young (3072K), 3 survivors (3072K)
 Metaspace       used 51177K, committed 51392K, reserved 1114112K
  class space    used 6057K, committed 6144K, reserved 1048576K
}
Event: 6.451 GC heap before
{Heap before GC invocations=17 (full 0):
 garbage-first heap   total 66560K, used 41984K [0x0000000084c00000, 0x0000000100000000)
  region size 1024K, 4 young (4096K), 3 survivors (3072K)
 Metaspace       used 51203K, committed 51392K, reserved 1114112K
  class space    used 6062K, committed 6144K, reserved 1048576K
}
Event: 6.485 GC heap after
{Heap after GC invocations=18 (full 0):
 garbage-first heap   total 89088K, used 38752K [0x0000000084c00000, 0x0000000100000000)
  region size 1024K, 1 young (1024K), 1 survivors (1024K)
 Metaspace       used 51203K, committed 51392K, reserved 1114112K
  class space    used 6062K, committed 6144K, reserved 1048576K
}
Event: 6.792 GC heap before
{Heap before GC invocations=18 (full 0):
 garbage-first heap   total 89088K, used 66400K [0x0000000084c00000, 0x0000000100000000)
  region size 1024K, 28 young (28672K), 1 survivors (1024K)
 Metaspace       used 51428K, committed 51584K, reserved 1114112K
  class space    used 6068K, committed 6144K, reserved 1048576K
}
Event: 6.802 GC heap after
{Heap after GC invocations=19 (full 0):
 garbage-first heap   total 89088K, used 44032K [0x0000000084c00000, 0x0000000100000000)
  region size 1024K, 4 young (4096K), 4 survivors (4096K)
 Metaspace       used 51428K, committed 51584K, reserved 1114112K
  class space    used 6068K, committed 6144K, reserved 1048576K
}
Event: 7.044 GC heap before
{Heap before GC invocations=19 (full 0):
 garbage-first heap   total 89088K, used 68608K [0x0000000084c00000, 0x0000000100000000)
  region size 1024K, 28 young (28672K), 4 survivors (4096K)
 Metaspace       used 53458K, committed 53696K, reserved 1114112K
  class space    used 6305K, committed 6400K, reserved 1048576K
}
Event: 7.051 GC heap after
{Heap after GC invocations=20 (full 0):
 garbage-first heap   total 89088K, used 44897K [0x0000000084c00000, 0x0000000100000000)
  region size 1024K, 1 young (1024K), 1 survivors (1024K)
 Metaspace       used 53458K, committed 53696K, reserved 1114112K
  class space    used 6305K, committed 6400K, reserved 1048576K
}
Event: 7.111 GC heap before
{Heap before GC invocations=20 (full 0):
 garbage-first heap   total 89088K, used 69473K [0x0000000084c00000, 0x0000000100000000)
  region size 1024K, 25 young (25600K), 1 survivors (1024K)
 Metaspace       used 53458K, committed 53696K, reserved 1114112K
  class space    used 6305K, committed 6400K, reserved 1048576K
}
Event: 7.113 GC heap after
{Heap after GC invocations=21 (full 0):
 garbage-first heap   total 89088K, used 44541K [0x0000000084c00000, 0x0000000100000000)
  region size 1024K, 1 young (1024K), 1 survivors (1024K)
 Metaspace       used 53458K, committed 53696K, reserved 1114112K
  class space    used 6305K, committed 6400K, reserved 1048576K
}
Event: 7.225 GC heap before
{Heap before GC invocations=22 (full 0):
 garbage-first heap   total 89088K, used 70141K [0x0000000084c00000, 0x0000000100000000)
  region size 1024K, 26 young (26624K), 1 survivors (1024K)
 Metaspace       used 53458K, committed 53696K, reserved 1114112K
  class space    used 6305K, committed 6400K, reserved 1048576K
}
Event: 7.227 GC heap after
{Heap after GC invocations=23 (full 0):
 garbage-first heap   total 89088K, used 44546K [0x0000000084c00000, 0x0000000100000000)
  region size 1024K, 1 young (1024K), 1 survivors (1024K)
 Metaspace       used 53458K, committed 53696K, reserved 1114112K
  class space    used 6305K, committed 6400K, reserved 1048576K
}
Event: 7.236 GC heap before
{Heap before GC invocations=23 (full 0):
 garbage-first heap   total 89088K, used 47618K [0x0000000084c00000, 0x0000000100000000)
  region size 1024K, 4 young (4096K), 1 survivors (1024K)
 Metaspace       used 53458K, committed 53696K, reserved 1114112K
  class space    used 6305K, committed 6400K, reserved 1048576K
}
Event: 7.240 GC heap after
{Heap after GC invocations=24 (full 0):
 garbage-first heap   total 202752K, used 44042K [0x0000000084c00000, 0x0000000100000000)
  region size 1024K, 1 young (1024K), 1 survivors (1024K)
 Metaspace       used 53458K, committed 53696K, reserved 1114112K
  class space    used 6305K, committed 6400K, reserved 1048576K
}

Dll operation events (2 events):
Event: 0.033 Loaded shared library C:\Program Files\Android\Android Studio\jbr\bin\java.dll
Event: 1.970 Loaded shared library C:\Program Files\Android\Android Studio\jbr\bin\verify.dll

Deoptimization events (20 events):
Event: 8.177 Thread 0x000001e06ff3cba0 Uncommon trap: trap_request=0xffffff45 fr.pc=0x000001e007ca53b8 relative=0x0000000000000118
Event: 8.177 Thread 0x000001e06ff3cba0 Uncommon trap: reason=unstable_if action=reinterpret pc=0x000001e007ca53b8 method=org.jetbrains.kotlin.util.AbstractModifierChecks.check(Lorg/jetbrains/kotlin/descriptors/FunctionDescriptor;)Lorg/jetbrains/kotlin/util/CheckResult; @ 40 c2
Event: 8.177 Thread 0x000001e06ff3cba0 DEOPT PACKING pc=0x000001e007ca53b8 sp=0x000000c46c9fa360
Event: 8.177 Thread 0x000001e06ff3cba0 DEOPT UNPACKING pc=0x000001e0075869a3 sp=0x000000c46c9fa2f0 mode 2
Event: 8.264 Thread 0x000001e06ff3cba0 Uncommon trap: trap_request=0xffffffde fr.pc=0x000001e007b9fde4 relative=0x0000000000000064
Event: 8.264 Thread 0x000001e06ff3cba0 Uncommon trap: reason=class_check action=maybe_recompile pc=0x000001e007b9fde4 method=java.util.Collections$UnmodifiableCollection.size()I @ 4 c2
Event: 8.264 Thread 0x000001e06ff3cba0 DEOPT PACKING pc=0x000001e007b9fde4 sp=0x000000c46c9fac20
Event: 8.264 Thread 0x000001e06ff3cba0 DEOPT UNPACKING pc=0x000001e0075869a3 sp=0x000000c46c9faba8 mode 2
Event: 8.267 Thread 0x000001e06ff3cba0 Uncommon trap: trap_request=0xffffffc6 fr.pc=0x000001e007cdd434 relative=0x00000000000000f4
Event: 8.267 Thread 0x000001e06ff3cba0 Uncommon trap: reason=bimorphic_or_optimized_type_check action=maybe_recompile pc=0x000001e007cdd434 method=org.jetbrains.kotlin.types.TypeConstructorSubstitution$Companion$createByConstructorsMap$1.isEmpty()Z @ 4 c2
Event: 8.267 Thread 0x000001e06ff3cba0 DEOPT PACKING pc=0x000001e007cdd434 sp=0x000000c46c9fa780
Event: 8.267 Thread 0x000001e06ff3cba0 DEOPT UNPACKING pc=0x000001e0075869a3 sp=0x000000c46c9fa648 mode 2
Event: 8.269 Thread 0x000001e06ff3cba0 Uncommon trap: trap_request=0xffffffc6 fr.pc=0x000001e007cdd434 relative=0x00000000000000f4
Event: 8.269 Thread 0x000001e06ff3cba0 Uncommon trap: reason=bimorphic_or_optimized_type_check action=maybe_recompile pc=0x000001e007cdd434 method=org.jetbrains.kotlin.types.TypeConstructorSubstitution$Companion$createByConstructorsMap$1.isEmpty()Z @ 4 c2
Event: 8.269 Thread 0x000001e06ff3cba0 DEOPT PACKING pc=0x000001e007cdd434 sp=0x000000c46c9fa700
Event: 8.269 Thread 0x000001e06ff3cba0 DEOPT UNPACKING pc=0x000001e0075869a3 sp=0x000000c46c9fa5c8 mode 2
Event: 8.270 Thread 0x000001e06ff3cba0 Uncommon trap: trap_request=0xffffffde fr.pc=0x000001e007b9fde4 relative=0x0000000000000064
Event: 8.270 Thread 0x000001e06ff3cba0 Uncommon trap: reason=class_check action=maybe_recompile pc=0x000001e007b9fde4 method=java.util.Collections$UnmodifiableCollection.size()I @ 4 c2
Event: 8.270 Thread 0x000001e06ff3cba0 DEOPT PACKING pc=0x000001e007b9fde4 sp=0x000000c46c9fa7f0
Event: 8.270 Thread 0x000001e06ff3cba0 DEOPT UNPACKING pc=0x000001e0075869a3 sp=0x000000c46c9fa778 mode 2

Classes unloaded (0 events):
No events

Classes redefined (0 events):
No events

Internal exceptions (20 events):
Event: 3.911 Thread 0x000001e06ff3cba0 Exception <a 'java/lang/NoSuchMethodError'{0x0000000087678ff0}: 'java.lang.Object java.lang.invoke.DirectMethodHandle$Holder.newInvokeSpecial(java.lang.Object, java.lang.Object, java.lang.Object, int)'> (0x0000000087678ff0) 
thrown [s\src\hotspot\share\interpreter\linkResolver.cpp, line 771]
Event: 3.912 Thread 0x000001e06ff3cba0 Exception <a 'java/lang/NoSuchMethodError'{0x000000008767d678}: 'java.lang.Object java.lang.invoke.DirectMethodHandle$Holder.invokeSpecial(java.lang.Object, java.lang.Object, java.lang.Object, java.lang.Object, int)'> (0x000000008767d678) 
thrown [s\src\hotspot\share\interpreter\linkResolver.cpp, line 771]
Event: 3.912 Thread 0x000001e06ff3cba0 Exception <a 'java/lang/NoSuchMethodError'{0x00000000876814e8}: 'java.lang.Object java.lang.invoke.Invokers$Holder.linkToTargetMethod(java.lang.Object, java.lang.Object, int, java.lang.Object)'> (0x00000000876814e8) 
thrown [s\src\hotspot\share\interpreter\linkResolver.cpp, line 771]
Event: 4.890 Thread 0x000001e06ff3cba0 Exception <a 'java/lang/NoSuchMethodError'{0x000000008a374218}: 'java.lang.Object java.lang.invoke.DirectMethodHandle$Holder.newInvokeSpecial(java.lang.Object, java.lang.Object, java.lang.Object, java.lang.Object, java.lang.Object, java.lang.Object, java.lang.Object, java.lang.Object)'> (0x000000008a374218) 
thrown [s\src\hotspot\share\interpreter\linkResolver.cpp, line 771]
Event: 4.891 Thread 0x000001e06ff3cba0 Exception <a 'java/lang/NoSuchMethodError'{0x000000008a379830}: 'java.lang.Object java.lang.invoke.DirectMethodHandle$Holder.invokeSpecial(java.lang.Object, java.lang.Object, java.lang.Object, java.lang.Object, java.lang.Object, java.lang.Object, java.lang.Object, java.lang.Object, java.lang.Object)'> (0x000000008a379830) 
thrown [s\src\hotspot\share\interpreter\linkResolver.cpp, line 771]
Event: 4.892 Thread 0x000001e06ff3cba0 Exception <a 'java/lang/NoSuchMethodError'{0x000000008a37e760}: 'java.lang.Object java.lang.invoke.Invokers$Holder.linkToTargetMethod(java.lang.Object, java.lang.Object, java.lang.Object, java.lang.Object, java.lang.Object, java.lang.Object, java.lang.Object, java.lang.Object)'> (0x000000008a37e760) 
thrown [s\src\hotspot\share\interpreter\linkResolver.cpp, line 771]
Event: 5.115 Thread 0x000001e06ff3cba0 Exception <a 'java/lang/NoSuchMethodError'{0x00000000881bd690}: 'java.lang.Object java.lang.invoke.DirectMethodHandle$Holder.newInvokeSpecial(java.lang.Object, int, java.lang.Object)'> (0x00000000881bd690) 
thrown [s\src\hotspot\share\interpreter\linkResolver.cpp, line 771]
Event: 5.117 Thread 0x000001e06ff3cba0 Exception <a 'java/lang/NoSuchMethodError'{0x00000000881c3a48}: 'int java.lang.invoke.DirectMethodHandle$Holder.invokeInterface(java.lang.Object, java.lang.Object)'> (0x00000000881c3a48) 
thrown [s\src\hotspot\share\interpreter\linkResolver.cpp, line 771]
Event: 5.262 Thread 0x000001e06ff3cba0 Exception <a 'java/lang/NoSuchMethodError'{0x0000000087fd7ae0}: 'java.lang.Object java.lang.invoke.DirectMethodHandle$Holder.newInvokeSpecial(java.lang.Object, java.lang.Object, java.lang.Object, java.lang.Object, java.lang.Object, java.lang.Object)'> (0x0000000087fd7ae0) 
thrown [s\src\hotspot\share\interpreter\linkResolver.cpp, line 771]
Event: 5.443 Thread 0x000001e06ff3cba0 Exception <a 'java/lang/NoSuchMethodError'{0x0000000087b93bd0}: 'java.lang.Object java.lang.invoke.DirectMethodHandle$Holder.invokeStaticInit(java.lang.Object, java.lang.Object, java.lang.Object)'> (0x0000000087b93bd0) 
thrown [s\src\hotspot\share\interpreter\linkResolver.cpp, line 771]
Event: 6.258 Thread 0x000001e06ff3cba0 Implicit null exception at 0x000001e007b1cd6c to 0x000001e007b1cf48
Event: 6.942 Thread 0x000001e06ff3cba0 Implicit null exception at 0x000001e007bec9cc to 0x000001e007becaa8
Event: 6.943 Thread 0x000001e06ff3cba0 Implicit null exception at 0x000001e007bd3809 to 0x000001e007bd38f0
Event: 6.944 Thread 0x000001e06ff3cba0 Implicit null exception at 0x000001e007b30458 to 0x000001e007b304ea
Event: 7.728 Thread 0x000001e06ff3cba0 Exception <a 'java/lang/NoSuchMethodError'{0x000000008ee4a718}: 'java.lang.Object java.lang.invoke.DirectMethodHandle$Holder.invokeStatic(java.lang.Object, int, java.lang.Object)'> (0x000000008ee4a718) 
thrown [s\src\hotspot\share\interpreter\linkResolver.cpp, line 771]
Event: 7.827 Thread 0x000001e06ff3cba0 Exception <a 'java/lang/NoSuchMethodError'{0x000000008e928fb0}: 'java.lang.Object java.lang.invoke.DirectMethodHandle$Holder.newInvokeSpecial(java.lang.Object, java.lang.Object, java.lang.Object, java.lang.Object, java.lang.Object, java.lang.Object, java.lang.Object)'> (0x000000008e928fb0) 
thrown [s\src\hotspot\share\interpreter\linkResolver.cpp, line 771]
Event: 7.827 Thread 0x000001e06ff3cba0 Exception <a 'java/lang/NoSuchMethodError'{0x000000008e92e0b8}: 'java.lang.Object java.lang.invoke.Invokers$Holder.linkToTargetMethod(java.lang.Object, java.lang.Object, java.lang.Object, java.lang.Object, java.lang.Object, java.lang.Object, java.lang.Object)'> (0x000000008e92e0b8) 
thrown [s\src\hotspot\share\interpreter\linkResolver.cpp, line 771]
Event: 7.862 Thread 0x000001e06ff3cba0 Exception <a 'java/lang/NoSuchMethodError'{0x000000008e81fc50}: 'int java.lang.invoke.DirectMethodHandle$Holder.invokeStaticInit(java.lang.Object, int)'> (0x000000008e81fc50) 
thrown [s\src\hotspot\share\interpreter\linkResolver.cpp, line 771]
Event: 8.224 Thread 0x000001e06ff3cba0 Exception <a 'java/lang/NoSuchMethodError'{0x000000008e100220}: 'java.lang.Object java.lang.invoke.DirectMethodHandle$Holder.invokeInterface(java.lang.Object, java.lang.Object, java.lang.Object)'> (0x000000008e100220) 
thrown [s\src\hotspot\share\interpreter\linkResolver.cpp, line 771]
Event: 8.225 Thread 0x000001e06ff3cba0 Exception <a 'java/lang/IncompatibleClassChangeError'{0x000000008e103e28}: Found class java.lang.Object, but interface was expected> (0x000000008e103e28) 
thrown [s\src\hotspot\share\interpreter\linkResolver.cpp, line 838]

VM Operations (20 events):
Event: 7.726 Executing VM operation: ICBufferFull
Event: 7.727 Executing VM operation: ICBufferFull done
Event: 7.730 Executing VM operation: HandshakeAllThreads
Event: 7.730 Executing VM operation: HandshakeAllThreads done
Event: 7.807 Executing VM operation: HandshakeAllThreads
Event: 7.807 Executing VM operation: HandshakeAllThreads done
Event: 7.812 Executing VM operation: ICBufferFull
Event: 7.812 Executing VM operation: ICBufferFull done
Event: 7.866 Executing VM operation: HandshakeAllThreads
Event: 7.866 Executing VM operation: HandshakeAllThreads done
Event: 7.946 Executing VM operation: ICBufferFull
Event: 7.946 Executing VM operation: ICBufferFull done
Event: 8.092 Executing VM operation: ICBufferFull
Event: 8.092 Executing VM operation: ICBufferFull done
Event: 8.168 Executing VM operation: HandshakeAllThreads
Event: 8.168 Executing VM operation: HandshakeAllThreads done
Event: 8.179 Executing VM operation: HandshakeAllThreads
Event: 8.179 Executing VM operation: HandshakeAllThreads done
Event: 8.243 Executing VM operation: ICBufferFull
Event: 8.244 Executing VM operation: ICBufferFull done

Events (20 events):
Event: 4.622 loading class java/util/stream/ReduceOps$3ReducingSink
Event: 4.622 loading class java/util/stream/ReduceOps$AccumulatingSink
Event: 4.622 loading class java/util/stream/ReduceOps$AccumulatingSink done
Event: 4.623 loading class java/util/stream/ReduceOps$Box
Event: 4.623 loading class java/util/stream/ReduceOps$Box done
Event: 4.623 loading class java/util/stream/ReduceOps$3ReducingSink done
Event: 4.623 loading class java/util/stream/ReferencePipeline$2$1
Event: 4.623 loading class java/util/stream/ReferencePipeline$2$1 done
Event: 4.623 loading class java/util/stream/IntPipeline$1$1
Event: 4.623 loading class java/util/stream/Sink$ChainedInt
Event: 4.623 loading class java/util/stream/Sink$OfInt
Event: 4.623 loading class java/util/function/IntConsumer
Event: 4.623 loading class java/util/function/IntConsumer done
Event: 4.623 loading class java/util/stream/Sink$OfInt done
Event: 4.623 loading class java/util/stream/Sink$ChainedInt done
Event: 4.623 loading class java/util/stream/IntPipeline$1$1 done
Event: 5.263 loading class java/util/RegularEnumSet$EnumSetIterator
Event: 5.263 loading class java/util/RegularEnumSet$EnumSetIterator done
Event: 5.538 loading class java/util/Collections$SingletonMap
Event: 5.538 loading class java/util/Collections$SingletonMap done


Dynamic libraries:
0x00007ff769ac0000 - 0x00007ff769aca000 	C:\Program Files\Android\Android Studio\jbr\bin\java.exe
0x00007ffc21030000 - 0x00007ffc21247000 	C:\windows\SYSTEM32\ntdll.dll
0x00007ffc1f560000 - 0x00007ffc1f624000 	C:\windows\System32\KERNEL32.DLL
0x00007ffc1e450000 - 0x00007ffc1e7fd000 	C:\windows\System32\KERNELBASE.dll
0x00007ffc1e9d0000 - 0x00007ffc1eae1000 	C:\windows\System32\ucrtbase.dll
0x00007ffc18e30000 - 0x00007ffc18e4b000 	C:\Program Files\Android\Android Studio\jbr\bin\VCRUNTIME140.dll
0x00007ffbeab00000 - 0x00007ffbeab17000 	C:\Program Files\Android\Android Studio\jbr\bin\jli.dll
0x00007ffc1fd20000 - 0x00007ffc1fece000 	C:\windows\System32\USER32.dll
0x00007ffc1e9a0000 - 0x00007ffc1e9c6000 	C:\windows\System32\win32u.dll
0x00007ffc20200000 - 0x00007ffc20229000 	C:\windows\System32\GDI32.dll
0x00007ffc1ec50000 - 0x00007ffc1ed69000 	C:\windows\System32\gdi32full.dll
0x00007ffc1ebb0000 - 0x00007ffc1ec4a000 	C:\windows\System32\msvcp_win.dll
0x00007ffbef200000 - 0x00007ffbef493000 	C:\windows\WinSxS\amd64_microsoft.windows.common-controls_6595b64144ccf1df_6.0.22621.3672_none_2713b9d173822955\COMCTL32.dll
0x00007ffc1f430000 - 0x00007ffc1f4d7000 	C:\windows\System32\msvcrt.dll
0x00007ffc1fed0000 - 0x00007ffc1ff01000 	C:\windows\System32\IMM32.DLL
0x00007ffc16480000 - 0x00007ffc1648c000 	C:\Program Files\Android\Android Studio\jbr\bin\vcruntime140_1.dll
0x00007ffbdbfa0000 - 0x00007ffbdc02d000 	C:\Program Files\Android\Android Studio\jbr\bin\msvcp140.dll
0x00007ffba1ae0000 - 0x00007ffba2763000 	C:\Program Files\Android\Android Studio\jbr\bin\server\jvm.dll
0x00007ffc20020000 - 0x00007ffc200d2000 	C:\windows\System32\ADVAPI32.dll
0x00007ffc1ed70000 - 0x00007ffc1ee19000 	C:\windows\System32\sechost.dll
0x00007ffc1e970000 - 0x00007ffc1e998000 	C:\windows\System32\bcrypt.dll
0x00007ffc200e0000 - 0x00007ffc201f4000 	C:\windows\System32\RPCRT4.dll
0x00007ffbfe310000 - 0x00007ffbfe319000 	C:\windows\SYSTEM32\WSOCK32.dll
0x00007ffc1ff10000 - 0x00007ffc1ff81000 	C:\windows\System32\WS2_32.dll
0x00007ffc0c890000 - 0x00007ffc0c89a000 	C:\windows\SYSTEM32\VERSION.dll
0x00007ffc17580000 - 0x00007ffc175b4000 	C:\windows\SYSTEM32\WINMM.dll
0x00007ffc1dae0000 - 0x00007ffc1db2d000 	C:\windows\SYSTEM32\POWRPROF.dll
0x00007ffc1dac0000 - 0x00007ffc1dad3000 	C:\windows\SYSTEM32\UMPDC.dll
0x00007ffc1d2f0000 - 0x00007ffc1d308000 	C:\windows\SYSTEM32\kernel.appcore.dll
0x00007ffc18e00000 - 0x00007ffc18e0a000 	C:\Program Files\Android\Android Studio\jbr\bin\jimage.dll
0x00007ffc1b1d0000 - 0x00007ffc1b402000 	C:\windows\SYSTEM32\DBGHELP.DLL
0x00007ffc20230000 - 0x00007ffc205b8000 	C:\windows\System32\combase.dll
0x00007ffc1fbe0000 - 0x00007ffc1fcb7000 	C:\windows\System32\OLEAUT32.dll
0x00007ffbfeb70000 - 0x00007ffbfeba2000 	C:\windows\SYSTEM32\dbgcore.DLL
0x00007ffc1e3d0000 - 0x00007ffc1e44b000 	C:\windows\System32\bcryptPrimitives.dll
0x00007ffbfc1b0000 - 0x00007ffbfc1d5000 	C:\Program Files\Android\Android Studio\jbr\bin\java.dll
0x00007ffc15e60000 - 0x00007ffc15e78000 	C:\Program Files\Android\Android Studio\jbr\bin\zip.dll
0x00007ffc20780000 - 0x00007ffc20fdf000 	C:\windows\System32\SHELL32.dll
0x00007ffc1c260000 - 0x00007ffc1cb5c000 	C:\windows\SYSTEM32\windows.storage.dll
0x00007ffc1c120000 - 0x00007ffc1c25f000 	C:\windows\SYSTEM32\wintypes.dll
0x00007ffc1f650000 - 0x00007ffc1f744000 	C:\windows\System32\SHCORE.dll
0x00007ffc1fcc0000 - 0x00007ffc1fd1e000 	C:\windows\System32\shlwapi.dll
0x00007ffc1e290000 - 0x00007ffc1e2b1000 	C:\windows\SYSTEM32\profapi.dll
0x00007ffbfd3c0000 - 0x00007ffbfd3d9000 	C:\Program Files\Android\Android Studio\jbr\bin\net.dll
0x00007ffc1a820000 - 0x00007ffc1a956000 	C:\windows\SYSTEM32\WINHTTP.dll
0x00007ffc1d7b0000 - 0x00007ffc1d819000 	C:\windows\system32\mswsock.dll
0x00007ffbf7110000 - 0x00007ffbf7126000 	C:\Program Files\Android\Android Studio\jbr\bin\nio.dll
0x00007ffc18570000 - 0x00007ffc18580000 	C:\Program Files\Android\Android Studio\jbr\bin\verify.dll

dbghelp: loaded successfully - version: 4.0.5 - missing functions: none
symbol engine: initialized successfully - sym options: 0x614 - pdb path: .;C:\Program Files\Android\Android Studio\jbr\bin;C:\windows\SYSTEM32;C:\windows\WinSxS\amd64_microsoft.windows.common-controls_6595b64144ccf1df_6.0.22621.3672_none_2713b9d173822955;C:\Program Files\Android\Android Studio\jbr\bin\server

VM Arguments:
java_command: org.jetbrains.kotlin.cli.jvm.K2JVMCompiler @C:\Users\angel\OneDrive\Escritorio\DilloSports\app\build\20240714_18437078350677132255.compiler.options
java_class_path (initial): C:\Users\angel\.gradle\caches\modules-2\files-2.1\org.jetbrains.kotlin\kotlin-compiler-embeddable\1.9.0\2c8c3a7402becca891f12739b3e9fd2dc2adbd7a\kotlin-compiler-embeddable-1.9.0.jar;C:\Users\angel\.gradle\caches\modules-2\files-2.1\org.jetbrains.kotlin\kotlin-stdlib\1.9.0\8ee15ef0c67dc83d874f412d84378d7f0eb50b63\kotlin-stdlib-1.9.0.jar;C:\Users\angel\.gradle\caches\modules-2\files-2.1\org.jetbrains.kotlin\kotlin-script-runtime\1.9.0\4b3102cbbb7e1b58d9d1adf89563f00069ffa7d1\kotlin-script-runtime-1.9.0.jar;C:\Users\angel\.gradle\caches\modules-2\files-2.1\org.jetbrains.kotlin\kotlin-reflect\1.6.10\1cbe9c92c12a94eea200d23c2bbaedaf3daf5132\kotlin-reflect-1.6.10.jar;C:\Users\angel\.gradle\caches\modules-2\files-2.1\org.jetbrains.kotlin\kotlin-daemon-embeddable\1.9.0\186543f5e28cf8d9a0290fecc2cf34301c40a65c\kotlin-daemon-embeddable-1.9.0.jar;C:\Users\angel\.gradle\caches\modules-2\files-2.1\org.jetbrains.intellij.deps\trove4j\1.0.20200330\3afb14d5f9ceb459d724e907a21145e8ff394f02\trove4j-1.0.20200330.jar;C:\Users\angel\.gradle\caches\modules-2\files-2.1\org.jetbrains.kotlin\kotlin-stdlib-common\1.9.0\cd65c21cfd1eec4d44ef09f9f52b6d9f8a720636\kotlin-stdlib-common-1.9.0.jar;C:\Users\angel\.gradle\caches\modules-2\files-2.1\org.jetbrains\annotations\13.0\919f0dfe192fb4e063e7dacadee7f8bb9a2672a9\annotations-13.0.jar
Launcher Type: SUN_STANDARD

[Global flags]
     intx CICompilerCount                          = 4                                         {product} {ergonomic}
     uint ConcGCThreads                            = 3                                         {product} {ergonomic}
     uint G1ConcRefinementThreads                  = 10                                        {product} {ergonomic}
   size_t G1HeapRegionSize                         = 1048576                                   {product} {ergonomic}
    uintx GCDrainStackTargetSize                   = 64                                        {product} {ergonomic}
   size_t InitialHeapSize                          = 130023424                                 {product} {ergonomic}
   size_t MarkStackSize                            = 4194304                                   {product} {ergonomic}
   size_t MaxHeapSize                              = 2067791872                                {product} {ergonomic}
   size_t MaxNewSize                               = 1240465408                                {product} {ergonomic}
   size_t MinHeapDeltaBytes                        = 1048576                                   {product} {ergonomic}
   size_t MinHeapSize                              = 8388608                                   {product} {ergonomic}
    uintx NonNMethodCodeHeapSize                   = 5839372                                {pd product} {ergonomic}
    uintx NonProfiledCodeHeapSize                  = 122909434                              {pd product} {ergonomic}
    uintx ProfiledCodeHeapSize                     = 122909434                              {pd product} {ergonomic}
    uintx ReservedCodeCacheSize                    = 251658240                              {pd product} {ergonomic}
     bool SegmentedCodeCache                       = true                                      {product} {ergonomic}
   size_t SoftMaxHeapSize                          = 2067791872                             {manageable} {ergonomic}
     bool UseCompressedClassPointers               = true                           {product lp64_product} {ergonomic}
     bool UseCompressedOops                        = true                           {product lp64_product} {ergonomic}
     bool UseG1GC                                  = true                                      {product} {ergonomic}
     bool UseLargePagesIndividualAllocation        = false                                  {pd product} {ergonomic}

Logging:
Log output configuration:
 #0: stdout all=warning uptime,level,tags
 #1: stderr all=off uptime,level,tags

Environment Variables:
PATH=C:\oracle\dbhomeXE\bin;C:\app\angel\product\21c\dbhomeXE\bin;C:\windows\system32;C:\windows;C:\windows\System32\Wbem;C:\windows\System32\WindowsPowerShell\v1.0\;C:\windows\System32\OpenSSH\;C:\Program Files\dotnet\;C:\Program Files (x86)\Microsoft SQL Server\160\Tools\Binn\;C:\Program Files\Microsoft SQL Server\160\Tools\Binn\;C:\Program Files\Microsoft SQL Server\Client SDK\ODBC\170\Tools\Binn\;C:\Program Files\Microsoft SQL Server\160\DTS\Binn\;C:\Program Files (x86)\Microsoft SQL Server\160\DTS\Binn\;C:\Program Files\Azure Data Studio\bin;C:\Program Files\HP\HP One Agent;C:\Program Files\Git\cmd;C:\Users\angel\AppData\Local\Microsoft\WindowsApps;;C:\Users\angel\AppData\Local\Programs\Microsoft VS Code\bin;C:\Users\angel\.dotnet\tools;C:\Program Files\Azure Data Studio\bin
USERNAME=angel
OS=Windows_NT
PROCESSOR_IDENTIFIER=Intel64 Family 6 Model 154 Stepping 4, GenuineIntel
TMP=C:\Users\angel\AppData\Local\Temp
TEMP=C:\Users\angel\AppData\Local\Temp



Periodic native trim disabled

JNI global refs:
JNI global refs: 10, weak refs: 21

JNI global refs memory usage: 843, weak refs: 841

OOME stack traces (most recent first):
Classloader memory used:
Loader jdk.internal.loader.ClassLoaders$AppClassLoader                                 : 5764K
Loader bootstrap                                                                       : 1304K
Loader jdk.internal.reflect.DelegatingClassLoader                                      : 14768B


---------------  S Y S T E M  ---------------

OS:
 Windows 11 , 64 bit Build 22621 (10.0.22621.3672)
OS uptime: 1 days 0:19 hours
Hyper-V role detected

CPU: total 12 (initial active 12) (6 cores per cpu, 2 threads per core) family 6 model 154 stepping 4 microcode 0x432, cx8, cmov, fxsr, ht, mmx, 3dnowpref, sse, sse2, sse3, ssse3, sse4.1, sse4.2, popcnt, lzcnt, tsc, tscinvbit, avx, avx2, aes, erms, clmul, bmi1, bmi2, adx, sha, fma, vzeroupper, clflush, clflushopt, clwb, hv
Processor Information for processor 0
  Max Mhz: 1100, Current Mhz: 1100, Mhz Limit: 1100
Processor Information for processor 1
  Max Mhz: 1100, Current Mhz: 1100, Mhz Limit: 1100
Processor Information for processor 2
  Max Mhz: 1100, Current Mhz: 1100, Mhz Limit: 1100
Processor Information for processor 3
  Max Mhz: 1100, Current Mhz: 1100, Mhz Limit: 1100
Processor Information for processor 4
  Max Mhz: 1100, Current Mhz: 800, Mhz Limit: 792
Processor Information for processor 5
  Max Mhz: 1100, Current Mhz: 800, Mhz Limit: 792
Processor Information for processor 6
  Max Mhz: 1100, Current Mhz: 800, Mhz Limit: 792
Processor Information for processor 7
  Max Mhz: 1100, Current Mhz: 800, Mhz Limit: 792
Processor Information for processor 8
  Max Mhz: 1100, Current Mhz: 800, Mhz Limit: 792
Processor Information for processor 9
  Max Mhz: 1100, Current Mhz: 800, Mhz Limit: 792
Processor Information for processor 10
  Max Mhz: 1100, Current Mhz: 800, Mhz Limit: 792
Processor Information for processor 11
  Max Mhz: 1100, Current Mhz: 800, Mhz Limit: 792

Memory: 4k page, system-wide physical 7885M (150M free)
TotalPageFile size 17885M (AvailPageFile size 4M)
current process WorkingSet (physical memory assigned to process): 298M, peak: 302M
current process commit charge ("private bytes"): 403M, peak: 408M

vm_info: OpenJDK 64-Bit Server VM (17.0.10+0--11609105) for windows-amd64 JRE (17.0.10+0--11609105), built on Mar 21 2024 19:10:56 by "androidbuild" with MS VC++ 16.10 / 16.11 (VS2019)

END.
