#
# There is insufficient memory for the Java Runtime Environment to continue.
# Native memory allocation (mmap) failed to map 35651584 bytes for G1 virtual space
# Possible reasons:
#   The system is out of physical RAM or swap space
#   The process is running with CompressedOops enabled, and the Java Heap may be blocking the growth of the native heap
# Possible solutions:
#   Reduce memory load on the system
#   Increase physical memory or swap space
#   Check if swap backing store is full
#   Decrease Java heap size (-Xmx/-Xms)
#   Decrease number of Java threads
#   Decrease Java thread stack sizes (-Xss)
#   Set larger code cache with -XX:ReservedCodeCacheSize=
#   JVM is running with Unscaled Compressed Oops mode in which the Java heap is
#     placed in the first 4GB address space. The Java Heap base address is the
#     maximum limit for the native heap growth. Please use -XX:HeapBaseMinAddress
#     to set the Java Heap base and to place the Java Heap above 4GB virtual address.
# This output file may be truncated or incomplete.
#
#  Out of Memory Error (os_windows.cpp:3825), pid=20032, tid=17444
#
# JRE version: OpenJDK Runtime Environment (17.0.10) (build 17.0.10+0--11609105)
# Java VM: OpenJDK 64-Bit Server VM (17.0.10+0--11609105, mixed mode, tiered, compressed oops, compressed class ptrs, g1 gc, windows-amd64)
# No core dump will be written. Minidumps are not enabled by default on client versions of Windows
#

---------------  S U M M A R Y ------------

Command Line: org.jetbrains.kotlin.cli.jvm.K2JVMCompiler @C:\Users\angel\OneDrive\Escritorio\DilloSports\app\build\20240714_2342355586683034737.compiler.options

Host: 12th Gen Intel(R) Core(TM) i7-1250U, 12 cores, 7G,  Windows 11 , 64 bit Build 22621 (10.0.22621.3672)
Time: Sun Jul 14 17:22:34 2024 Hora estándar, América Central elapsed time: 8.129460 seconds (0d 0h 0m 8s)

---------------  T H R E A D  ---------------

Current thread (0x00000289f0013c30):  VMThread "VM Thread" [stack: 0x000000f437200000,0x000000f437300000] [id=17444]

Stack: [0x000000f437200000,0x000000f437300000]
Native frames: (J=compiled Java code, j=interpreted, Vv=VM code, C=native code)
V  [jvm.dll+0x688de9]
V  [jvm.dll+0x8423da]
V  [jvm.dll+0x84401e]
V  [jvm.dll+0x844683]
V  [jvm.dll+0x24be0f]
V  [jvm.dll+0x685bb9]
V  [jvm.dll+0x67a46a]
V  [jvm.dll+0x30cbab]
V  [jvm.dll+0x314056]
V  [jvm.dll+0x363dce]
V  [jvm.dll+0x363fff]
V  [jvm.dll+0x2e2978]
V  [jvm.dll+0x2e0b54]
V  [jvm.dll+0x2e015c]
V  [jvm.dll+0x32502b]
V  [jvm.dll+0x848d7b]
V  [jvm.dll+0x849ac1]
V  [jvm.dll+0x849fdd]
V  [jvm.dll+0x84a3b4]
V  [jvm.dll+0x84a480]
V  [jvm.dll+0x7f0c7a]
V  [jvm.dll+0x687c65]
C  [ucrtbase.dll+0x29333]
C  [KERNEL32.DLL+0x1257d]
C  [ntdll.dll+0x5af28]

VM_Operation (0x000000f436cfaf00): G1CollectForAllocation, mode: safepoint, requested by thread 0x00000289d1bbb040


---------------  P R O C E S S  ---------------

Threads class SMR info:
_java_thread_list=0x00000289f2d64be0, length=13, elements={
0x00000289d1bbb040, 0x00000289f0025010, 0x00000289f0025c90, 0x00000289ebbc5020,
0x00000289ebbc58f0, 0x00000289ebbc68c0, 0x00000289ebbc7280, 0x00000289ebbc8bd0,
0x00000289f0052ff0, 0x00000289f0059210, 0x00000289ebb4aab0, 0x00000289ebb4b3e0,
0x00000289f2d43970
}

Java Threads: ( => current thread )
  0x00000289d1bbb040 JavaThread "main" [_thread_blocked, id=12668, stack(0x000000f436c00000,0x000000f436d00000)]
  0x00000289f0025010 JavaThread "Reference Handler" daemon [_thread_blocked, id=3120, stack(0x000000f437300000,0x000000f437400000)]
  0x00000289f0025c90 JavaThread "Finalizer" daemon [_thread_blocked, id=84, stack(0x000000f437400000,0x000000f437500000)]
  0x00000289ebbc5020 JavaThread "Signal Dispatcher" daemon [_thread_blocked, id=16892, stack(0x000000f437500000,0x000000f437600000)]
  0x00000289ebbc58f0 JavaThread "Attach Listener" daemon [_thread_blocked, id=19132, stack(0x000000f437600000,0x000000f437700000)]
  0x00000289ebbc68c0 JavaThread "Service Thread" daemon [_thread_blocked, id=20924, stack(0x000000f437700000,0x000000f437800000)]
  0x00000289ebbc7280 JavaThread "Monitor Deflation Thread" daemon [_thread_blocked, id=7740, stack(0x000000f437800000,0x000000f437900000)]
  0x00000289ebbc8bd0 JavaThread "C2 CompilerThread0" daemon [_thread_blocked, id=25128, stack(0x000000f437900000,0x000000f437a00000)]
  0x00000289f0052ff0 JavaThread "C1 CompilerThread0" daemon [_thread_blocked, id=4692, stack(0x000000f437a00000,0x000000f437b00000)]
  0x00000289f0059210 JavaThread "Sweeper thread" daemon [_thread_blocked, id=20084, stack(0x000000f437b00000,0x000000f437c00000)]
  0x00000289ebb4aab0 JavaThread "Notification Thread" daemon [_thread_blocked, id=9284, stack(0x000000f437c00000,0x000000f437d00000)]
  0x00000289ebb4b3e0 JavaThread "Common-Cleaner" daemon [_thread_blocked, id=13396, stack(0x000000f437e00000,0x000000f437f00000)]
  0x00000289f2d43970 JavaThread "C2 CompilerThread1" daemon [_thread_blocked, id=19268, stack(0x000000f438a00000,0x000000f438b00000)]

Other Threads:
=>0x00000289f0013c30 VMThread "VM Thread" [stack: 0x000000f437200000,0x000000f437300000] [id=17444]
  0x00000289ebb4af90 WatcherThread [stack: 0x000000f437d00000,0x000000f437e00000] [id=12776]
  0x00000289d1c14bf0 GCTaskThread "GC Thread#0" [stack: 0x000000f436d00000,0x000000f436e00000] [id=9036]
  0x00000289f07b6a70 GCTaskThread "GC Thread#1" [stack: 0x000000f438000000,0x000000f438100000] [id=22676]
  0x00000289f07cc3f0 GCTaskThread "GC Thread#2" [stack: 0x000000f438100000,0x000000f438200000] [id=20064]
  0x00000289f07ce6c0 GCTaskThread "GC Thread#3" [stack: 0x000000f438200000,0x000000f438300000] [id=13452]
  0x00000289f07ce980 GCTaskThread "GC Thread#4" [stack: 0x000000f438300000,0x000000f438400000] [id=23536]
  0x00000289f0e1aaf0 GCTaskThread "GC Thread#5" [stack: 0x000000f437f00000,0x000000f438000000] [id=18720]
  0x00000289f01d0950 GCTaskThread "GC Thread#6" [stack: 0x000000f438400000,0x000000f438500000] [id=3500]
  0x00000289f0e88910 GCTaskThread "GC Thread#7" [stack: 0x000000f438500000,0x000000f438600000] [id=17104]
  0x00000289f0e88bd0 GCTaskThread "GC Thread#8" [stack: 0x000000f438600000,0x000000f438700000] [id=19004]
  0x00000289f13d15d0 GCTaskThread "GC Thread#9" [stack: 0x000000f438900000,0x000000f438a00000] [id=21496]
  0x00000289d1c251c0 ConcurrentGCThread "G1 Main Marker" [stack: 0x000000f436e00000,0x000000f436f00000] [id=10444]
  0x00000289d1c25be0 ConcurrentGCThread "G1 Conc#0" [stack: 0x000000f436f00000,0x000000f437000000] [id=8560]
  0x00000289f0f79fd0 ConcurrentGCThread "G1 Conc#1" [stack: 0x000000f438700000,0x000000f438800000] [id=11696]
  0x00000289f0f7a290 ConcurrentGCThread "G1 Conc#2" [stack: 0x000000f438800000,0x000000f438900000] [id=22088]
  0x00000289d1c6d400 ConcurrentGCThread "G1 Refine#0" [stack: 0x000000f437000000,0x000000f437100000] [id=4476]
  0x00000289d1c6de30 ConcurrentGCThread "G1 Service" [stack: 0x000000f437100000,0x000000f437200000] [id=21392]

Threads with active compile tasks:
C2 CompilerThread1     8160 5736       4       org.jetbrains.kotlin.descriptors.impl.FunctionDescriptorImpl::doSubstitute (1003 bytes)

VM state: at safepoint (normal execution)

VM Mutex/Monitor currently owned by a thread:  ([mutex/lock_event])
[0x00000289d1bb55c0] Threads_lock - owner thread: 0x00000289f0013c30
[0x00000289d1bb56e0] Heap_lock - owner thread: 0x00000289d1bbb040

Heap address: 0x0000000084c00000, size: 1972 MB, Compressed Oops mode: 32-bit

CDS archive(s) not mapped
Compressed class space mapped at: 0x0000000100000000-0x0000000140000000, reserved size: 1073741824
Narrow klass base: 0x0000000000000000, Narrow klass shift: 3, Narrow klass range: 0x140000000

GC Precious Log:
 CPUs: 12 total, 12 available
 Memory: 7885M
 Large Page Support: Disabled
 NUMA Support: Disabled
 Compressed Oops: Enabled (32-bit)
 Heap Region Size: 1M
 Heap Min Capacity: 8M
 Heap Initial Capacity: 124M
 Heap Max Capacity: 1972M
 Pre-touch: Disabled
 Parallel Workers: 10
 Concurrent Workers: 3
 Concurrent Refinement Workers: 10
 Periodic GC: Disabled

Heap:
 garbage-first heap   total 92160K, used 44231K [0x0000000084c00000, 0x0000000100000000)
  region size 1024K, 1 young (1024K), 1 survivors (1024K)
 Metaspace       used 51766K, committed 51968K, reserved 1114112K
  class space    used 6116K, committed 6208K, reserved 1048576K

Heap Regions: E=young(eden), S=young(survivor), O=old, HS=humongous(starts), HC=humongous(continues), CS=collection set, F=free, OA=open archive, CA=closed archive, TAMS=top-at-mark-start (previous, next)
|   0|0x0000000084c00000, 0x0000000084d00000, 0x0000000084d00000|100%|HS|  |TAMS 0x0000000084d00000, 0x0000000084c00000| Complete 
|   1|0x0000000084d00000, 0x0000000084e00000, 0x0000000084e00000|100%|HC|  |TAMS 0x0000000084e00000, 0x0000000084d00000| Complete 
|   2|0x0000000084e00000, 0x0000000084f00000, 0x0000000084f00000|100%|HC|  |TAMS 0x0000000084f00000, 0x0000000084e00000| Complete 
|   3|0x0000000084f00000, 0x0000000085000000, 0x0000000085000000|100%|HC|  |TAMS 0x0000000085000000, 0x0000000084f00000| Complete 
|   4|0x0000000085000000, 0x0000000085100000, 0x0000000085100000|100%| O|  |TAMS 0x0000000085100000, 0x0000000085000000| Untracked 
|   5|0x0000000085100000, 0x0000000085200000, 0x0000000085200000|100%| O|  |TAMS 0x0000000085200000, 0x0000000085100000| Untracked 
|   6|0x0000000085200000, 0x0000000085300000, 0x0000000085300000|100%| O|  |TAMS 0x0000000085300000, 0x0000000085200000| Untracked 
|   7|0x0000000085300000, 0x0000000085400000, 0x0000000085400000|100%| O|  |TAMS 0x0000000085400000, 0x0000000085300000| Untracked 
|   8|0x0000000085400000, 0x0000000085500000, 0x0000000085500000|100%| O|  |TAMS 0x0000000085400000, 0x0000000085400000| Untracked 
|   9|0x0000000085500000, 0x0000000085600000, 0x0000000085600000|100%| O|  |TAMS 0x0000000085500000, 0x0000000085500000| Untracked 
|  10|0x0000000085600000, 0x0000000085700000, 0x0000000085700000|100%| O|  |TAMS 0x0000000085700000, 0x0000000085600000| Untracked 
|  11|0x0000000085700000, 0x0000000085800000, 0x0000000085800000|100%| O|  |TAMS 0x0000000085800000, 0x0000000085700000| Untracked 
|  12|0x0000000085800000, 0x0000000085900000, 0x0000000085900000|100%| O|  |TAMS 0x0000000085900000, 0x0000000085800000| Untracked 
|  13|0x0000000085900000, 0x0000000085a00000, 0x0000000085a00000|100%| O|  |TAMS 0x0000000085a00000, 0x0000000085900000| Untracked 
|  14|0x0000000085a00000, 0x0000000085b00000, 0x0000000085b00000|100%| O|  |TAMS 0x0000000085b00000, 0x0000000085a00000| Untracked 
|  15|0x0000000085b00000, 0x0000000085c00000, 0x0000000085c00000|100%| O|  |TAMS 0x0000000085c00000, 0x0000000085b00000| Untracked 
|  16|0x0000000085c00000, 0x0000000085d00000, 0x0000000085d00000|100%| O|  |TAMS 0x0000000085d00000, 0x0000000085c00000| Untracked 
|  17|0x0000000085d00000, 0x0000000085e00000, 0x0000000085e00000|100%|HS|  |TAMS 0x0000000085e00000, 0x0000000085d00000| Complete 
|  18|0x0000000085e00000, 0x0000000085f00000, 0x0000000085f00000|100%|HC|  |TAMS 0x0000000085f00000, 0x0000000085e00000| Complete 
|  19|0x0000000085f00000, 0x0000000086000000, 0x0000000086000000|100%| O|  |TAMS 0x0000000086000000, 0x0000000085f00000| Untracked 
|  20|0x0000000086000000, 0x0000000086100000, 0x0000000086100000|100%| O|  |TAMS 0x0000000086100000, 0x0000000086000000| Untracked 
|  21|0x0000000086100000, 0x0000000086200000, 0x0000000086200000|100%| O|  |TAMS 0x0000000086200000, 0x0000000086100000| Untracked 
|  22|0x0000000086200000, 0x0000000086200000, 0x0000000086300000|  0%| F|  |TAMS 0x0000000086200000, 0x0000000086200000| Untracked 
|  23|0x0000000086300000, 0x0000000086400000, 0x0000000086400000|100%| O|  |TAMS 0x0000000086400000, 0x0000000086300000| Untracked 
|  24|0x0000000086400000, 0x0000000086500000, 0x0000000086500000|100%| O|  |TAMS 0x0000000086500000, 0x0000000086400000| Untracked 
|  25|0x0000000086500000, 0x0000000086600000, 0x0000000086600000|100%| O|  |TAMS 0x0000000086500000, 0x0000000086500000| Untracked 
|  26|0x0000000086600000, 0x0000000086700000, 0x0000000086700000|100%| O|  |TAMS 0x0000000086600000, 0x0000000086600000| Untracked 
|  27|0x0000000086700000, 0x0000000086800000, 0x0000000086800000|100%| O|  |TAMS 0x0000000086800000, 0x0000000086700000| Untracked 
|  28|0x0000000086800000, 0x0000000086900000, 0x0000000086900000|100%| O|  |TAMS 0x0000000086900000, 0x0000000086800000| Untracked 
|  29|0x0000000086900000, 0x0000000086a00000, 0x0000000086a00000|100%| O|  |TAMS 0x0000000086a00000, 0x0000000086900000| Untracked 
|  30|0x0000000086a00000, 0x0000000086b00000, 0x0000000086b00000|100%| O|  |TAMS 0x0000000086b00000, 0x0000000086a00000| Untracked 
|  31|0x0000000086b00000, 0x0000000086c00000, 0x0000000086c00000|100%| O|  |TAMS 0x0000000086c00000, 0x0000000086b00000| Untracked 
|  32|0x0000000086c00000, 0x0000000086d00000, 0x0000000086d00000|100%| O|  |TAMS 0x0000000086d00000, 0x0000000086c00000| Untracked 
|  33|0x0000000086d00000, 0x0000000086e00000, 0x0000000086e00000|100%| O|  |TAMS 0x0000000086e00000, 0x0000000086d00000| Untracked 
|  34|0x0000000086e00000, 0x0000000086f00000, 0x0000000086f00000|100%| O|  |TAMS 0x0000000086f00000, 0x0000000086e00000| Untracked 
|  35|0x0000000086f00000, 0x0000000087000000, 0x0000000087000000|100%| O|  |TAMS 0x0000000087000000, 0x0000000086f00000| Untracked 
|  36|0x0000000087000000, 0x0000000087100000, 0x0000000087100000|100%| O|  |TAMS 0x0000000087100000, 0x0000000087000000| Untracked 
|  37|0x0000000087100000, 0x0000000087200000, 0x0000000087200000|100%| O|  |TAMS 0x0000000087200000, 0x0000000087100000| Untracked 
|  38|0x0000000087200000, 0x0000000087300000, 0x0000000087300000|100%| O|  |TAMS 0x0000000087300000, 0x0000000087200000| Untracked 
|  39|0x0000000087300000, 0x0000000087400000, 0x0000000087400000|100%| O|  |TAMS 0x0000000087400000, 0x0000000087300000| Untracked 
|  40|0x0000000087400000, 0x0000000087500000, 0x0000000087500000|100%| O|  |TAMS 0x0000000087500000, 0x0000000087400000| Untracked 
|  41|0x0000000087500000, 0x0000000087600000, 0x0000000087600000|100%| O|  |TAMS 0x00000000875dd400, 0x0000000087500000| Untracked 
|  42|0x0000000087600000, 0x0000000087700000, 0x0000000087700000|100%| O|  |TAMS 0x0000000087600000, 0x0000000087600000| Untracked 
|  43|0x0000000087700000, 0x00000000877d0400, 0x0000000087800000| 81%| O|  |TAMS 0x0000000087700000, 0x0000000087700000| Untracked 
|  44|0x0000000087800000, 0x0000000087800000, 0x0000000087900000|  0%| F|  |TAMS 0x0000000087800000, 0x0000000087800000| Untracked 
|  45|0x0000000087900000, 0x0000000087900000, 0x0000000087a00000|  0%| F|  |TAMS 0x0000000087900000, 0x0000000087900000| Untracked 
|  46|0x0000000087a00000, 0x0000000087a00000, 0x0000000087b00000|  0%| F|  |TAMS 0x0000000087a00000, 0x0000000087a00000| Untracked 
|  47|0x0000000087b00000, 0x0000000087b00000, 0x0000000087c00000|  0%| F|  |TAMS 0x0000000087b00000, 0x0000000087b00000| Untracked 
|  48|0x0000000087c00000, 0x0000000087c00000, 0x0000000087d00000|  0%| F|  |TAMS 0x0000000087c00000, 0x0000000087c00000| Untracked 
|  49|0x0000000087d00000, 0x0000000087d00000, 0x0000000087e00000|  0%| F|  |TAMS 0x0000000087d00000, 0x0000000087d00000| Untracked 
|  50|0x0000000087e00000, 0x0000000087e00000, 0x0000000087f00000|  0%| F|  |TAMS 0x0000000087e00000, 0x0000000087e00000| Untracked 
|  51|0x0000000087f00000, 0x0000000087f00000, 0x0000000088000000|  0%| F|  |TAMS 0x0000000087f00000, 0x0000000087f00000| Untracked 
|  52|0x0000000088000000, 0x0000000088000000, 0x0000000088100000|  0%| F|  |TAMS 0x0000000088000000, 0x0000000088000000| Untracked 
|  53|0x0000000088100000, 0x0000000088100000, 0x0000000088200000|  0%| F|  |TAMS 0x0000000088100000, 0x0000000088100000| Untracked 
|  54|0x0000000088200000, 0x0000000088200000, 0x0000000088300000|  0%| F|  |TAMS 0x0000000088200000, 0x0000000088200000| Untracked 
|  55|0x0000000088300000, 0x0000000088300000, 0x0000000088400000|  0%| F|  |TAMS 0x0000000088300000, 0x0000000088300000| Untracked 
|  56|0x0000000088400000, 0x0000000088400000, 0x0000000088500000|  0%| F|  |TAMS 0x0000000088400000, 0x0000000088400000| Untracked 
|  57|0x0000000088500000, 0x0000000088500000, 0x0000000088600000|  0%| F|  |TAMS 0x0000000088500000, 0x0000000088500000| Untracked 
|  58|0x0000000088600000, 0x0000000088600000, 0x0000000088700000|  0%| F|  |TAMS 0x0000000088600000, 0x0000000088600000| Untracked 
|  59|0x0000000088700000, 0x0000000088700000, 0x0000000088800000|  0%| F|  |TAMS 0x0000000088700000, 0x0000000088700000| Untracked 
|  60|0x0000000088800000, 0x0000000088800000, 0x0000000088900000|  0%| F|  |TAMS 0x0000000088800000, 0x0000000088800000| Untracked 
|  61|0x0000000088900000, 0x0000000088900000, 0x0000000088a00000|  0%| F|  |TAMS 0x0000000088900000, 0x0000000088900000| Untracked 
|  62|0x0000000088a00000, 0x0000000088a00000, 0x0000000088b00000|  0%| F|  |TAMS 0x0000000088a00000, 0x0000000088a00000| Untracked 
|  63|0x0000000088b00000, 0x0000000088b00000, 0x0000000088c00000|  0%| F|  |TAMS 0x0000000088b00000, 0x0000000088b00000| Untracked 
|  64|0x0000000088c00000, 0x0000000088c00000, 0x0000000088d00000|  0%| F|  |TAMS 0x0000000088c00000, 0x0000000088c00000| Untracked 
|  65|0x0000000088d00000, 0x0000000088d00000, 0x0000000088e00000|  0%| F|  |TAMS 0x0000000088d00000, 0x0000000088d00000| Untracked 
|  66|0x0000000088e00000, 0x0000000088e00000, 0x0000000088f00000|  0%| F|  |TAMS 0x0000000088e00000, 0x0000000088e00000| Untracked 
|  67|0x0000000088f00000, 0x0000000088f00000, 0x0000000089000000|  0%| F|  |TAMS 0x0000000088f00000, 0x0000000088f00000| Untracked 
|  68|0x0000000089000000, 0x0000000089000000, 0x0000000089100000|  0%| F|  |TAMS 0x0000000089000000, 0x0000000089000000| Untracked 
|  69|0x0000000089100000, 0x0000000089100000, 0x0000000089200000|  0%| F|  |TAMS 0x0000000089100000, 0x0000000089100000| Untracked 
|  70|0x0000000089200000, 0x0000000089200000, 0x0000000089300000|  0%| F|  |TAMS 0x0000000089200000, 0x0000000089200000| Untracked 
|  71|0x0000000089300000, 0x0000000089300000, 0x0000000089400000|  0%| F|  |TAMS 0x0000000089300000, 0x0000000089300000| Untracked 
|  72|0x0000000089400000, 0x0000000089400000, 0x0000000089500000|  0%| F|  |TAMS 0x0000000089400000, 0x0000000089400000| Untracked 
|  73|0x0000000089500000, 0x0000000089500000, 0x0000000089600000|  0%| F|  |TAMS 0x0000000089500000, 0x0000000089500000| Untracked 
|  74|0x0000000089600000, 0x0000000089600000, 0x0000000089700000|  0%| F|  |TAMS 0x0000000089600000, 0x0000000089600000| Untracked 
|  75|0x0000000089700000, 0x0000000089700000, 0x0000000089800000|  0%| F|  |TAMS 0x0000000089700000, 0x0000000089700000| Untracked 
|  76|0x0000000089800000, 0x0000000089800000, 0x0000000089900000|  0%| F|  |TAMS 0x0000000089800000, 0x0000000089800000| Untracked 
|  77|0x0000000089900000, 0x0000000089900000, 0x0000000089a00000|  0%| F|  |TAMS 0x0000000089900000, 0x0000000089900000| Untracked 
|  78|0x0000000089a00000, 0x0000000089a00000, 0x0000000089b00000|  0%| F|  |TAMS 0x0000000089a00000, 0x0000000089a00000| Untracked 
|  79|0x0000000089b00000, 0x0000000089b00000, 0x0000000089c00000|  0%| F|  |TAMS 0x0000000089b00000, 0x0000000089b00000| Untracked 
|  80|0x0000000089c00000, 0x0000000089c00000, 0x0000000089d00000|  0%| F|  |TAMS 0x0000000089c00000, 0x0000000089c00000| Untracked 
|  81|0x0000000089d00000, 0x0000000089d00000, 0x0000000089e00000|  0%| F|  |TAMS 0x0000000089d00000, 0x0000000089d00000| Untracked 
|  82|0x0000000089e00000, 0x0000000089e00000, 0x0000000089f00000|  0%| F|  |TAMS 0x0000000089e00000, 0x0000000089e00000| Untracked 
|  83|0x0000000089f00000, 0x0000000089f00000, 0x000000008a000000|  0%| F|  |TAMS 0x0000000089f00000, 0x0000000089f00000| Untracked 
|  84|0x000000008a000000, 0x000000008a000000, 0x000000008a100000|  0%| F|  |TAMS 0x000000008a000000, 0x000000008a000000| Untracked 
|  85|0x000000008a100000, 0x000000008a100000, 0x000000008a200000|  0%| F|  |TAMS 0x000000008a100000, 0x000000008a100000| Untracked 
|  86|0x000000008a200000, 0x000000008a200000, 0x000000008a300000|  0%| F|  |TAMS 0x000000008a200000, 0x000000008a200000| Untracked 
|  87|0x000000008a300000, 0x000000008a300000, 0x000000008a400000|  0%| F|  |TAMS 0x000000008a300000, 0x000000008a300000| Untracked 
|  88|0x000000008a400000, 0x000000008a461930, 0x000000008a500000| 38%| S|CS|TAMS 0x000000008a400000, 0x000000008a400000| Complete 
| 123|0x000000008c700000, 0x000000008c700000, 0x000000008c800000|  0%| F|  |TAMS 0x000000008c700000, 0x000000008c700000| Untracked 

Card table byte_map: [0x00000289e49c0000,0x00000289e4da0000] _byte_map_base: 0x00000289e459a000

Marking Bits (Prev, Next): (CMBitMap*) 0x00000289d1c15250, (CMBitMap*) 0x00000289d1c15210
 Prev Bits: [0x00000289e7050000, 0x00000289e8f20000)
 Next Bits: [0x00000289e5180000, 0x00000289e7050000)

Polling page: 0x00000289cfb80000

Metaspace:

Usage:
  Non-class:     44.58 MB used.
      Class:      5.97 MB used.
       Both:     50.55 MB used.

Virtual space:
  Non-class space:       64.00 MB reserved,      44.69 MB ( 70%) committed,  1 nodes.
      Class space:        1.00 GB reserved,       6.06 MB ( <1%) committed,  1 nodes.
             Both:        1.06 GB reserved,      50.75 MB (  5%) committed. 

Chunk freelists:
   Non-Class:  2.97 MB
       Class:  9.89 MB
        Both:  12.86 MB

MaxMetaspaceSize: unlimited
CompressedClassSpaceSize: 1.00 GB
Initial GC threshold: 21.00 MB
Current GC threshold: 83.88 MB
CDS: off
MetaspaceReclaimPolicy: balanced
 - commit_granule_bytes: 65536.
 - commit_granule_words: 8192.
 - virtual_space_node_default_size: 8388608.
 - enlarge_chunks_in_place: 1.
 - new_chunks_are_fully_committed: 0.
 - uncommit_free_chunks: 1.
 - use_allocation_guard: 0.
 - handle_deallocations: 1.


Internal statistics:

num_allocs_failed_limit: 6.
num_arena_births: 226.
num_arena_deaths: 0.
num_vsnodes_births: 2.
num_vsnodes_deaths: 0.
num_space_committed: 810.
num_space_uncommitted: 0.
num_chunks_returned_to_freelist: 6.
num_chunks_taken_from_freelist: 1739.
num_chunk_merges: 6.
num_chunk_splits: 1446.
num_chunks_enlarged: 1290.
num_inconsistent_stats: 0.

CodeHeap 'non-profiled nmethods': size=120000Kb used=2335Kb max_used=2742Kb free=117664Kb
 bounds [0x00000289dcb60000, 0x00000289dce10000, 0x00000289e4090000]
CodeHeap 'profiled nmethods': size=120000Kb used=11432Kb max_used=13943Kb free=108567Kb
 bounds [0x00000289d5090000, 0x00000289d5e30000, 0x00000289dc5c0000]
CodeHeap 'non-nmethods': size=5760Kb used=1273Kb max_used=1340Kb free=4486Kb
 bounds [0x00000289dc5c0000, 0x00000289dc830000, 0x00000289dcb60000]
 total_blobs=5533 nmethods=4946 adapters=498
 compilation: enabled
              stopped_count=0, restarted_count=0
 full_count=0

Compilation events (20 events):
Event: 8.095 Thread 0x00000289ebbc8bd0 nmethod 5757 0x00000289dcbf5690 code [0x00000289dcbf5800, 0x00000289dcbf5898]
Event: 8.095 Thread 0x00000289ebbc8bd0 5752       4       java.util.AbstractSet::<init> (5 bytes)
Event: 8.095 Thread 0x00000289ebbc8bd0 nmethod 5752 0x00000289dcb96e90 code [0x00000289dcb97000, 0x00000289dcb97078]
Event: 8.096 Thread 0x00000289f0052ff0 nmethod 5775 0x00000289d5175090 code [0x00000289d5175340, 0x00000289d5175fe8]
Event: 8.096 Thread 0x00000289ebbc8bd0 5699       4       org.jetbrains.kotlin.descriptors.impl.SimpleFunctionDescriptorImpl::initialize (67 bytes)
Event: 8.096 Thread 0x00000289f0052ff0 5776       3       org.jetbrains.kotlin.com.intellij.util.keyFMap.PairElementsFMap::get (41 bytes)
Event: 8.096 Thread 0x00000289f0052ff0 nmethod 5776 0x00000289d50ccf10 code [0x00000289d50cd0c0, 0x00000289d50cd348]
Event: 8.097 Thread 0x00000289f2d43970 nmethod 5751 0x00000289dcb65410 code [0x00000289dcb65600, 0x00000289dcb65db8]
Event: 8.097 Thread 0x00000289f2d43970 5736       4       org.jetbrains.kotlin.descriptors.impl.FunctionDescriptorImpl::doSubstitute (1003 bytes)
Event: 8.098 Thread 0x00000289f0052ff0 5777       1       org.jetbrains.kotlin.config.AnalysisFlag::getDefaultValue (5 bytes)
Event: 8.098 Thread 0x00000289f0052ff0 nmethod 5777 0x00000289dcc11790 code [0x00000289dcc11920, 0x00000289dcc119f8]
Event: 8.102 Thread 0x00000289ebbc8bd0 nmethod 5699 0x00000289dcb88290 code [0x00000289dcb88440, 0x00000289dcb887d8]
Event: 8.102 Thread 0x00000289ebbc8bd0 5740       4       org.jetbrains.kotlin.load.java.descriptors.JavaMethodDescriptor::hasStableParameterNames (48 bytes)
Event: 8.103 Thread 0x00000289ebbc8bd0 nmethod 5740 0x00000289dcdca010 code [0x00000289dcdca180, 0x00000289dcdca218]
Event: 8.103 Thread 0x00000289ebbc8bd0 5721       4       org.jetbrains.kotlin.psi.psiUtil.KtPsiUtilKt::safeNameForLazyResolve (5 bytes)
Event: 8.104 Thread 0x00000289ebbc8bd0 nmethod 5721 0x00000289dcbbb190 code [0x00000289dcbbb300, 0x00000289dcbbb398]
Event: 8.107 Thread 0x00000289f0052ff0 5778       3       java.lang.invoke.MemberName::isMethod (8 bytes)
Event: 8.108 Thread 0x00000289f0052ff0 nmethod 5778 0x00000289d51b3010 code [0x00000289d51b31c0, 0x00000289d51b33f8]
Event: 8.108 Thread 0x00000289f0052ff0 5779       3       java.lang.invoke.InfoFromMemberName::getModifiers (8 bytes)
Event: 8.108 Thread 0x00000289f0052ff0 nmethod 5779 0x00000289d51a0810 code [0x00000289d51a09a0, 0x00000289d51a0b18]

GC Heap History (20 events):
Event: 4.048 GC heap after
{Heap after GC invocations=10 (full 0):
 garbage-first heap   total 57344K, used 20543K [0x0000000084c00000, 0x0000000100000000)
  region size 1024K, 4 young (4096K), 4 survivors (4096K)
 Metaspace       used 40548K, committed 40768K, reserved 1114112K
  class space    used 4974K, committed 5120K, reserved 1048576K
}
Event: 5.114 GC heap before
{Heap before GC invocations=10 (full 0):
 garbage-first heap   total 57344K, used 44095K [0x0000000084c00000, 0x0000000100000000)
  region size 1024K, 26 young (26624K), 4 survivors (4096K)
 Metaspace       used 46327K, committed 46528K, reserved 1114112K
  class space    used 5643K, committed 5760K, reserved 1048576K
}
Event: 5.123 GC heap after
{Heap after GC invocations=11 (full 0):
 garbage-first heap   total 57344K, used 25029K [0x0000000084c00000, 0x0000000100000000)
  region size 1024K, 3 young (3072K), 3 survivors (3072K)
 Metaspace       used 46327K, committed 46528K, reserved 1114112K
  class space    used 5643K, committed 5760K, reserved 1048576K
}
Event: 5.346 GC heap before
{Heap before GC invocations=11 (full 0):
 garbage-first heap   total 57344K, used 45509K [0x0000000084c00000, 0x0000000100000000)
  region size 1024K, 22 young (22528K), 3 survivors (3072K)
 Metaspace       used 46985K, committed 47232K, reserved 1114112K
  class space    used 5700K, committed 5824K, reserved 1048576K
}
Event: 5.356 GC heap after
{Heap after GC invocations=12 (full 0):
 garbage-first heap   total 57344K, used 29944K [0x0000000084c00000, 0x0000000100000000)
  region size 1024K, 3 young (3072K), 3 survivors (3072K)
 Metaspace       used 46985K, committed 47232K, reserved 1114112K
  class space    used 5700K, committed 5824K, reserved 1048576K
}
Event: 5.577 GC heap before
{Heap before GC invocations=12 (full 0):
 garbage-first heap   total 57344K, used 42232K [0x0000000084c00000, 0x0000000100000000)
  region size 1024K, 16 young (16384K), 3 survivors (3072K)
 Metaspace       used 48020K, committed 48256K, reserved 1114112K
  class space    used 5817K, committed 5888K, reserved 1048576K
}
Event: 5.588 GC heap after
{Heap after GC invocations=13 (full 0):
 garbage-first heap   total 69632K, used 31452K [0x0000000084c00000, 0x0000000100000000)
  region size 1024K, 1 young (1024K), 1 survivors (1024K)
 Metaspace       used 48020K, committed 48256K, reserved 1114112K
  class space    used 5817K, committed 5888K, reserved 1048576K
}
Event: 6.410 GC heap before
{Heap before GC invocations=14 (full 0):
 garbage-first heap   total 69632K, used 52956K [0x0000000084c00000, 0x0000000100000000)
  region size 1024K, 22 young (22528K), 1 survivors (1024K)
 Metaspace       used 50153K, committed 50432K, reserved 1114112K
  class space    used 6034K, committed 6144K, reserved 1048576K
}
Event: 6.421 GC heap after
{Heap after GC invocations=15 (full 0):
 garbage-first heap   total 69632K, used 35840K [0x0000000084c00000, 0x0000000100000000)
  region size 1024K, 3 young (3072K), 3 survivors (3072K)
 Metaspace       used 50153K, committed 50432K, reserved 1114112K
  class space    used 6034K, committed 6144K, reserved 1048576K
}
Event: 7.190 GC heap before
{Heap before GC invocations=15 (full 0):
 garbage-first heap   total 69632K, used 53248K [0x0000000084c00000, 0x0000000100000000)
  region size 1024K, 20 young (20480K), 3 survivors (3072K)
 Metaspace       used 50998K, committed 51200K, reserved 1114112K
  class space    used 6056K, committed 6144K, reserved 1048576K
}
Event: 7.206 GC heap after
{Heap after GC invocations=16 (full 0):
 garbage-first heap   total 69632K, used 39146K [0x0000000084c00000, 0x0000000100000000)
  region size 1024K, 3 young (3072K), 3 survivors (3072K)
 Metaspace       used 50998K, committed 51200K, reserved 1114112K
  class space    used 6056K, committed 6144K, reserved 1048576K
}
Event: 7.542 GC heap before
{Heap before GC invocations=17 (full 0):
 garbage-first heap   total 69632K, used 53482K [0x0000000084c00000, 0x0000000100000000)
  region size 1024K, 17 young (17408K), 3 survivors (3072K)
 Metaspace       used 51166K, committed 51328K, reserved 1114112K
  class space    used 6061K, committed 6144K, reserved 1048576K
}
Event: 7.556 GC heap after
{Heap after GC invocations=18 (full 0):
 garbage-first heap   total 69632K, used 42264K [0x0000000084c00000, 0x0000000100000000)
  region size 1024K, 3 young (3072K), 3 survivors (3072K)
 Metaspace       used 51166K, committed 51328K, reserved 1114112K
  class space    used 6061K, committed 6144K, reserved 1048576K
}
Event: 7.590 GC heap before
{Heap before GC invocations=18 (full 0):
 garbage-first heap   total 69632K, used 43288K [0x0000000084c00000, 0x0000000100000000)
  region size 1024K, 4 young (4096K), 3 survivors (3072K)
 Metaspace       used 51182K, committed 51392K, reserved 1114112K
  class space    used 6061K, committed 6144K, reserved 1048576K
}
Event: 7.601 GC heap after
{Heap after GC invocations=19 (full 0):
 garbage-first heap   total 69632K, used 39365K [0x0000000084c00000, 0x0000000100000000)
  region size 1024K, 1 young (1024K), 1 survivors (1024K)
 Metaspace       used 51182K, committed 51392K, reserved 1114112K
  class space    used 6061K, committed 6144K, reserved 1048576K
}
Event: 7.864 GC heap before
{Heap before GC invocations=19 (full 0):
 garbage-first heap   total 69632K, used 53701K [0x0000000084c00000, 0x0000000100000000)
  region size 1024K, 15 young (15360K), 1 survivors (1024K)
 Metaspace       used 51324K, committed 51520K, reserved 1114112K
  class space    used 6064K, committed 6144K, reserved 1048576K
}
Event: 7.872 GC heap after
{Heap after GC invocations=20 (full 0):
 garbage-first heap   total 69632K, used 41984K [0x0000000084c00000, 0x0000000100000000)
  region size 1024K, 2 young (2048K), 2 survivors (2048K)
 Metaspace       used 51324K, committed 51520K, reserved 1114112K
  class space    used 6064K, committed 6144K, reserved 1048576K
}
Event: 8.078 GC heap before
{Heap before GC invocations=21 (full 0):
 garbage-first heap   total 71680K, used 55296K [0x0000000084c00000, 0x0000000100000000)
  region size 1024K, 15 young (15360K), 2 survivors (2048K)
 Metaspace       used 51512K, committed 51712K, reserved 1114112K
  class space    used 6091K, committed 6208K, reserved 1048576K
}
Event: 8.088 GC heap after
{Heap after GC invocations=22 (full 0):
 garbage-first heap   total 71680K, used 44362K [0x0000000084c00000, 0x0000000100000000)
  region size 1024K, 2 young (2048K), 2 survivors (2048K)
 Metaspace       used 51512K, committed 51712K, reserved 1114112K
  class space    used 6091K, committed 6208K, reserved 1048576K
}
Event: 8.120 GC heap before
{Heap before GC invocations=22 (full 0):
 garbage-first heap   total 71680K, used 45386K [0x0000000084c00000, 0x0000000100000000)
  region size 1024K, 3 young (3072K), 2 survivors (2048K)
 Metaspace       used 51766K, committed 51968K, reserved 1114112K
  class space    used 6116K, committed 6208K, reserved 1048576K
}

Dll operation events (2 events):
Event: 0.024 Loaded shared library C:\Program Files\Android\Android Studio\jbr\bin\java.dll
Event: 2.115 Loaded shared library C:\Program Files\Android\Android Studio\jbr\bin\verify.dll

Deoptimization events (20 events):
Event: 7.756 Thread 0x00000289d1bbb040 Uncommon trap: trap_request=0xffffffbe fr.pc=0x00000289dcde7da8 relative=0x0000000000000488
Event: 7.756 Thread 0x00000289d1bbb040 Uncommon trap: reason=profile_predicate action=maybe_recompile pc=0x00000289dcde7da8 method=java.util.Arrays$ArrayList.indexOf(Ljava/lang/Object;)I @ 39 c2
Event: 7.756 Thread 0x00000289d1bbb040 DEOPT PACKING pc=0x00000289dcde7da8 sp=0x000000f436cfd670
Event: 7.756 Thread 0x00000289d1bbb040 DEOPT UNPACKING pc=0x00000289dc6169a3 sp=0x000000f436cfd5f8 mode 2
Event: 8.036 Thread 0x00000289d1bbb040 Uncommon trap: trap_request=0xffffffc6 fr.pc=0x00000289dcdffccc relative=0x0000000000000fec
Event: 8.036 Thread 0x00000289d1bbb040 Uncommon trap: reason=bimorphic_or_optimized_type_check action=maybe_recompile pc=0x00000289dcdffccc method=kotlin.collections.CollectionsKt___CollectionsKt.filter(Ljava/lang/Iterable;Lkotlin/jvm/functions/Function1;)Ljava/util/List; @ 32 c2
Event: 8.036 Thread 0x00000289d1bbb040 DEOPT PACKING pc=0x00000289dcdffccc sp=0x000000f436cfe6d0
Event: 8.036 Thread 0x00000289d1bbb040 DEOPT UNPACKING pc=0x00000289dc6169a3 sp=0x000000f436cfe6c0 mode 2
Event: 8.044 Thread 0x00000289d1bbb040 Uncommon trap: trap_request=0xffffffc6 fr.pc=0x00000289dcdffccc relative=0x0000000000000fec
Event: 8.044 Thread 0x00000289d1bbb040 Uncommon trap: reason=bimorphic_or_optimized_type_check action=maybe_recompile pc=0x00000289dcdffccc method=kotlin.collections.CollectionsKt___CollectionsKt.filter(Ljava/lang/Iterable;Lkotlin/jvm/functions/Function1;)Ljava/util/List; @ 32 c2
Event: 8.044 Thread 0x00000289d1bbb040 DEOPT PACKING pc=0x00000289dcdffccc sp=0x000000f436cfe6d0
Event: 8.044 Thread 0x00000289d1bbb040 DEOPT UNPACKING pc=0x00000289dc6169a3 sp=0x000000f436cfe6c0 mode 2
Event: 8.046 Thread 0x00000289d1bbb040 Uncommon trap: trap_request=0xffffffc6 fr.pc=0x00000289dcdffccc relative=0x0000000000000fec
Event: 8.046 Thread 0x00000289d1bbb040 Uncommon trap: reason=bimorphic_or_optimized_type_check action=maybe_recompile pc=0x00000289dcdffccc method=kotlin.collections.CollectionsKt___CollectionsKt.filter(Ljava/lang/Iterable;Lkotlin/jvm/functions/Function1;)Ljava/util/List; @ 32 c2
Event: 8.046 Thread 0x00000289d1bbb040 DEOPT PACKING pc=0x00000289dcdffccc sp=0x000000f436cfe6d0
Event: 8.046 Thread 0x00000289d1bbb040 DEOPT UNPACKING pc=0x00000289dc6169a3 sp=0x000000f436cfe6c0 mode 2
Event: 8.069 Thread 0x00000289d1bbb040 Uncommon trap: trap_request=0xffffff76 fr.pc=0x00000289dcdff9f0 relative=0x0000000000000d10
Event: 8.069 Thread 0x00000289d1bbb040 Uncommon trap: reason=predicate action=maybe_recompile pc=0x00000289dcdff9f0 method=kotlin.collections.CollectionsKt___CollectionsKt.filter(Ljava/lang/Iterable;Lkotlin/jvm/functions/Function1;)Ljava/util/List; @ 46 c2
Event: 8.069 Thread 0x00000289d1bbb040 DEOPT PACKING pc=0x00000289dcdff9f0 sp=0x000000f436cfe650
Event: 8.069 Thread 0x00000289d1bbb040 DEOPT UNPACKING pc=0x00000289dc6169a3 sp=0x000000f436cfe640 mode 2

Classes unloaded (0 events):
No events

Classes redefined (0 events):
No events

Internal exceptions (20 events):
Event: 2.064 Thread 0x00000289d1bbb040 Exception <a 'java/lang/NoSuchMethodError'{0x0000000086453428}: 'void java.lang.invoke.DirectMethodHandle$Holder.invokeStaticInit(java.lang.Object, java.lang.Object)'> (0x0000000086453428) 
thrown [s\src\hotspot\share\interpreter\linkResolver.cpp, line 771]
Event: 2.207 Thread 0x00000289d1bbb040 Exception <a 'java/lang/NoSuchMethodError'{0x00000000860ccae8}: 'void java.lang.invoke.DirectMethodHandle$Holder.invokeVirtual(java.lang.Object, java.lang.Object)'> (0x00000000860ccae8) 
thrown [s\src\hotspot\share\interpreter\linkResolver.cpp, line 771]
Event: 2.222 Thread 0x00000289d1bbb040 Exception <a 'java/lang/NoSuchMethodError'{0x0000000085f46c90}: 'int java.lang.invoke.DirectMethodHandle$Holder.invokeVirtual(java.lang.Object, java.lang.Object)'> (0x0000000085f46c90) 
thrown [s\src\hotspot\share\interpreter\linkResolver.cpp, line 771]
Event: 2.249 Thread 0x00000289d1bbb040 Exception <a 'java/lang/NoSuchMethodError'{0x0000000085fdf2c0}: 'java.lang.Object java.lang.invoke.Invokers$Holder.invokeExact_MT(java.lang.Object, java.lang.Object, java.lang.Object, java.lang.Object, java.lang.Object, java.lang.Object)'> (0x0000000085fdf2c0) 
thrown [s\src\hotspot\share\interpreter\linkResolver.cpp, line 771]
Event: 2.952 Thread 0x00000289d1bbb040 Implicit null exception at 0x00000289dcb78cf2 to 0x00000289dcb792c4
Event: 3.119 Thread 0x00000289d1bbb040 Implicit null exception at 0x00000289dcb79d72 to 0x00000289dcb7a354
Event: 3.193 Thread 0x00000289d1bbb040 Exception <a 'java/lang/NoSuchMethodError'{0x00000000868337d8}: 'java.lang.Object java.lang.invoke.DirectMethodHandle$Holder.invokeVirtual(java.lang.Object, java.lang.Object, java.lang.Object)'> (0x00000000868337d8) 
thrown [s\src\hotspot\share\interpreter\linkResolver.cpp, line 771]
Event: 4.317 Thread 0x00000289d1bbb040 Exception <a 'java/lang/NoSuchMethodError'{0x0000000087dfaba0}: 'java.lang.Object java.lang.invoke.DirectMethodHandle$Holder.newInvokeSpecial(java.lang.Object, java.lang.Object, int)'> (0x0000000087dfaba0) 
thrown [s\src\hotspot\share\interpreter\linkResolver.cpp, line 771]
Event: 4.473 Thread 0x00000289d1bbb040 Exception <a 'java/lang/NoSuchMethodError'{0x0000000087a67de0}: 'java.lang.Object java.lang.invoke.DirectMethodHandle$Holder.newInvokeSpecial(java.lang.Object, java.lang.Object, java.lang.Object, int)'> (0x0000000087a67de0) 
thrown [s\src\hotspot\share\interpreter\linkResolver.cpp, line 771]
Event: 4.474 Thread 0x00000289d1bbb040 Exception <a 'java/lang/NoSuchMethodError'{0x0000000087a6c468}: 'java.lang.Object java.lang.invoke.DirectMethodHandle$Holder.invokeSpecial(java.lang.Object, java.lang.Object, java.lang.Object, java.lang.Object, int)'> (0x0000000087a6c468) 
thrown [s\src\hotspot\share\interpreter\linkResolver.cpp, line 771]
Event: 4.474 Thread 0x00000289d1bbb040 Exception <a 'java/lang/NoSuchMethodError'{0x0000000087a702d8}: 'java.lang.Object java.lang.invoke.Invokers$Holder.linkToTargetMethod(java.lang.Object, java.lang.Object, int, java.lang.Object)'> (0x0000000087a702d8) 
thrown [s\src\hotspot\share\interpreter\linkResolver.cpp, line 771]
Event: 5.708 Thread 0x00000289d1bbb040 Exception <a 'java/lang/NoSuchMethodError'{0x000000008a264248}: 'java.lang.Object java.lang.invoke.DirectMethodHandle$Holder.newInvokeSpecial(java.lang.Object, java.lang.Object, java.lang.Object, java.lang.Object, java.lang.Object, java.lang.Object, java.lang.Object, java.lang.Object)'> (0x000000008a264248) 
thrown [s\src\hotspot\share\interpreter\linkResolver.cpp, line 771]
Event: 5.708 Thread 0x00000289d1bbb040 Exception <a 'java/lang/NoSuchMethodError'{0x000000008a269860}: 'java.lang.Object java.lang.invoke.DirectMethodHandle$Holder.invokeSpecial(java.lang.Object, java.lang.Object, java.lang.Object, java.lang.Object, java.lang.Object, java.lang.Object, java.lang.Object, java.lang.Object, java.lang.Object)'> (0x000000008a269860) 
thrown [s\src\hotspot\share\interpreter\linkResolver.cpp, line 771]
Event: 5.709 Thread 0x00000289d1bbb040 Exception <a 'java/lang/NoSuchMethodError'{0x000000008a26edb0}: 'java.lang.Object java.lang.invoke.Invokers$Holder.linkToTargetMethod(java.lang.Object, java.lang.Object, java.lang.Object, java.lang.Object, java.lang.Object, java.lang.Object, java.lang.Object, java.lang.Object)'> (0x000000008a26edb0) 
thrown [s\src\hotspot\share\interpreter\linkResolver.cpp, line 771]
Event: 5.979 Thread 0x00000289d1bbb040 Exception <a 'java/lang/NoSuchMethodError'{0x00000000883afde8}: 'java.lang.Object java.lang.invoke.DirectMethodHandle$Holder.newInvokeSpecial(java.lang.Object, int, java.lang.Object)'> (0x00000000883afde8) 
thrown [s\src\hotspot\share\interpreter\linkResolver.cpp, line 771]
Event: 5.980 Thread 0x00000289d1bbb040 Exception <a 'java/lang/NoSuchMethodError'{0x00000000883b61a0}: 'int java.lang.invoke.DirectMethodHandle$Holder.invokeInterface(java.lang.Object, java.lang.Object)'> (0x00000000883b61a0) 
thrown [s\src\hotspot\share\interpreter\linkResolver.cpp, line 771]
Event: 6.122 Thread 0x00000289d1bbb040 Exception <a 'java/lang/NoSuchMethodError'{0x00000000880360f8}: 'java.lang.Object java.lang.invoke.DirectMethodHandle$Holder.newInvokeSpecial(java.lang.Object, java.lang.Object, java.lang.Object, java.lang.Object, java.lang.Object, java.lang.Object)'> (0x00000000880360f8) 
thrown [s\src\hotspot\share\interpreter\linkResolver.cpp, line 771]
Event: 6.323 Thread 0x00000289d1bbb040 Exception <a 'java/lang/NoSuchMethodError'{0x0000000087df1ce0}: 'java.lang.Object java.lang.invoke.DirectMethodHandle$Holder.invokeStaticInit(java.lang.Object, java.lang.Object, java.lang.Object)'> (0x0000000087df1ce0) 
thrown [s\src\hotspot\share\interpreter\linkResolver.cpp, line 771]
Event: 7.352 Thread 0x00000289d1bbb040 Implicit null exception at 0x00000289dcbad86c to 0x00000289dcbada48
Event: 7.352 Thread 0x00000289d1bbb040 Implicit null exception at 0x00000289dcbf580f to 0x00000289dcbf5885

VM Operations (20 events):
Event: 7.556 Executing VM operation: G1CollectForAllocation done
Event: 7.590 Executing VM operation: G1CollectForAllocation
Event: 7.601 Executing VM operation: G1CollectForAllocation done
Event: 7.863 Executing VM operation: G1CollectForAllocation
Event: 7.872 Executing VM operation: G1CollectForAllocation done
Event: 7.900 Executing VM operation: G1PauseRemark
Event: 7.906 Executing VM operation: G1PauseRemark done
Event: 7.921 Executing VM operation: G1PauseCleanup
Event: 7.921 Executing VM operation: G1PauseCleanup done
Event: 8.027 Executing VM operation: HandshakeAllThreads
Event: 8.027 Executing VM operation: HandshakeAllThreads done
Event: 8.043 Executing VM operation: HandshakeAllThreads
Event: 8.043 Executing VM operation: HandshakeAllThreads done
Event: 8.055 Executing VM operation: HandshakeAllThreads
Event: 8.055 Executing VM operation: HandshakeAllThreads done
Event: 8.066 Executing VM operation: HandshakeAllThreads
Event: 8.066 Executing VM operation: HandshakeAllThreads done
Event: 8.078 Executing VM operation: G1CollectForAllocation
Event: 8.088 Executing VM operation: G1CollectForAllocation done
Event: 8.120 Executing VM operation: G1CollectForAllocation

Events (20 events):
Event: 8.088 Thread 0x00000289f0059210 flushing nmethod 0x00000289d5ad0a90
Event: 8.088 Thread 0x00000289f0059210 flushing nmethod 0x00000289d5ad9290
Event: 8.088 Thread 0x00000289f0059210 flushing nmethod 0x00000289d5b08790
Event: 8.088 Thread 0x00000289f0059210 flushing nmethod 0x00000289d5b1a910
Event: 8.088 Thread 0x00000289f0059210 flushing nmethod 0x00000289d5b72910
Event: 8.089 Thread 0x00000289f0059210 flushing nmethod 0x00000289d5bcdd90
Event: 8.089 Thread 0x00000289f0059210 flushing nmethod 0x00000289d5be7810
Event: 8.089 Thread 0x00000289f0059210 flushing nmethod 0x00000289d5c09090
Event: 8.090 Thread 0x00000289f0059210 flushing nmethod 0x00000289d5cc9d90
Event: 8.090 Thread 0x00000289f0059210 flushing nmethod 0x00000289d5ccea90
Event: 8.090 Thread 0x00000289f0059210 flushing nmethod 0x00000289d5cdca90
Event: 8.090 Thread 0x00000289f0059210 flushing nmethod 0x00000289d5d5cf90
Event: 8.090 Thread 0x00000289f0059210 flushing nmethod 0x00000289d5d5e210
Event: 8.090 Thread 0x00000289f0059210 flushing nmethod 0x00000289d5d61590
Event: 8.090 Thread 0x00000289f0059210 flushing nmethod 0x00000289d5d62610
Event: 8.090 Thread 0x00000289f0059210 flushing nmethod 0x00000289d5d64f90
Event: 8.090 Thread 0x00000289f0059210 flushing nmethod 0x00000289d5d6a790
Event: 8.090 Thread 0x00000289f0059210 flushing nmethod 0x00000289d5d6bf10
Event: 8.090 Thread 0x00000289f0059210 flushing nmethod 0x00000289d5d76210
Event: 8.091 Thread 0x00000289f0059210 flushing nmethod 0x00000289d5db4c10


Dynamic libraries:
0x00007ff769ac0000 - 0x00007ff769aca000 	C:\Program Files\Android\Android Studio\jbr\bin\java.exe
0x00007ffc21030000 - 0x00007ffc21247000 	C:\windows\SYSTEM32\ntdll.dll
0x00007ffc1f560000 - 0x00007ffc1f624000 	C:\windows\System32\KERNEL32.DLL
0x00007ffc1e450000 - 0x00007ffc1e7fd000 	C:\windows\System32\KERNELBASE.dll
0x00007ffc1e9d0000 - 0x00007ffc1eae1000 	C:\windows\System32\ucrtbase.dll
0x00007ffbeab00000 - 0x00007ffbeab17000 	C:\Program Files\Android\Android Studio\jbr\bin\jli.dll
0x00007ffc18e30000 - 0x00007ffc18e4b000 	C:\Program Files\Android\Android Studio\jbr\bin\VCRUNTIME140.dll
0x00007ffc1fd20000 - 0x00007ffc1fece000 	C:\windows\System32\USER32.dll
0x00007ffc1e9a0000 - 0x00007ffc1e9c6000 	C:\windows\System32\win32u.dll
0x00007ffc20200000 - 0x00007ffc20229000 	C:\windows\System32\GDI32.dll
0x00007ffc1ec50000 - 0x00007ffc1ed69000 	C:\windows\System32\gdi32full.dll
0x00007ffc1ebb0000 - 0x00007ffc1ec4a000 	C:\windows\System32\msvcp_win.dll
0x00007ffbef200000 - 0x00007ffbef493000 	C:\windows\WinSxS\amd64_microsoft.windows.common-controls_6595b64144ccf1df_6.0.22621.3672_none_2713b9d173822955\COMCTL32.dll
0x00007ffc1f430000 - 0x00007ffc1f4d7000 	C:\windows\System32\msvcrt.dll
0x00007ffc1fed0000 - 0x00007ffc1ff01000 	C:\windows\System32\IMM32.DLL
0x00007ffc16480000 - 0x00007ffc1648c000 	C:\Program Files\Android\Android Studio\jbr\bin\vcruntime140_1.dll
0x00007ffbdbfa0000 - 0x00007ffbdc02d000 	C:\Program Files\Android\Android Studio\jbr\bin\msvcp140.dll
0x00007ffba1ae0000 - 0x00007ffba2763000 	C:\Program Files\Android\Android Studio\jbr\bin\server\jvm.dll
0x00007ffc20020000 - 0x00007ffc200d2000 	C:\windows\System32\ADVAPI32.dll
0x00007ffc1ed70000 - 0x00007ffc1ee19000 	C:\windows\System32\sechost.dll
0x00007ffc1e970000 - 0x00007ffc1e998000 	C:\windows\System32\bcrypt.dll
0x00007ffc200e0000 - 0x00007ffc201f4000 	C:\windows\System32\RPCRT4.dll
0x00007ffbfe310000 - 0x00007ffbfe319000 	C:\windows\SYSTEM32\WSOCK32.dll
0x00007ffc0c890000 - 0x00007ffc0c89a000 	C:\windows\SYSTEM32\VERSION.dll
0x00007ffc17580000 - 0x00007ffc175b4000 	C:\windows\SYSTEM32\WINMM.dll
0x00007ffc1ff10000 - 0x00007ffc1ff81000 	C:\windows\System32\WS2_32.dll
0x00007ffc1dae0000 - 0x00007ffc1db2d000 	C:\windows\SYSTEM32\POWRPROF.dll
0x00007ffc1dac0000 - 0x00007ffc1dad3000 	C:\windows\SYSTEM32\UMPDC.dll
0x00007ffc1d2f0000 - 0x00007ffc1d308000 	C:\windows\SYSTEM32\kernel.appcore.dll
0x00007ffc18e00000 - 0x00007ffc18e0a000 	C:\Program Files\Android\Android Studio\jbr\bin\jimage.dll
0x00007ffc1b1d0000 - 0x00007ffc1b402000 	C:\windows\SYSTEM32\DBGHELP.DLL
0x00007ffc20230000 - 0x00007ffc205b8000 	C:\windows\System32\combase.dll
0x00007ffc1fbe0000 - 0x00007ffc1fcb7000 	C:\windows\System32\OLEAUT32.dll
0x00007ffbfeb70000 - 0x00007ffbfeba2000 	C:\windows\SYSTEM32\dbgcore.DLL
0x00007ffc1e3d0000 - 0x00007ffc1e44b000 	C:\windows\System32\bcryptPrimitives.dll
0x00007ffbfc1b0000 - 0x00007ffbfc1d5000 	C:\Program Files\Android\Android Studio\jbr\bin\java.dll
0x00007ffc15e60000 - 0x00007ffc15e78000 	C:\Program Files\Android\Android Studio\jbr\bin\zip.dll
0x00007ffc20780000 - 0x00007ffc20fdf000 	C:\windows\System32\SHELL32.dll
0x00007ffc1c260000 - 0x00007ffc1cb5c000 	C:\windows\SYSTEM32\windows.storage.dll
0x00007ffc1c120000 - 0x00007ffc1c25f000 	C:\windows\SYSTEM32\wintypes.dll
0x00007ffc1f650000 - 0x00007ffc1f744000 	C:\windows\System32\SHCORE.dll
0x00007ffc1fcc0000 - 0x00007ffc1fd1e000 	C:\windows\System32\shlwapi.dll
0x00007ffc1e290000 - 0x00007ffc1e2b1000 	C:\windows\SYSTEM32\profapi.dll
0x00007ffbfd3c0000 - 0x00007ffbfd3d9000 	C:\Program Files\Android\Android Studio\jbr\bin\net.dll
0x00007ffc1a820000 - 0x00007ffc1a956000 	C:\windows\SYSTEM32\WINHTTP.dll
0x00007ffc1d7b0000 - 0x00007ffc1d819000 	C:\windows\system32\mswsock.dll
0x00007ffbf7110000 - 0x00007ffbf7126000 	C:\Program Files\Android\Android Studio\jbr\bin\nio.dll
0x00007ffc18570000 - 0x00007ffc18580000 	C:\Program Files\Android\Android Studio\jbr\bin\verify.dll

dbghelp: loaded successfully - version: 4.0.5 - missing functions: none
symbol engine: initialized successfully - sym options: 0x614 - pdb path: .;C:\Program Files\Android\Android Studio\jbr\bin;C:\windows\SYSTEM32;C:\windows\WinSxS\amd64_microsoft.windows.common-controls_6595b64144ccf1df_6.0.22621.3672_none_2713b9d173822955;C:\Program Files\Android\Android Studio\jbr\bin\server

VM Arguments:
java_command: org.jetbrains.kotlin.cli.jvm.K2JVMCompiler @C:\Users\angel\OneDrive\Escritorio\DilloSports\app\build\20240714_2342355586683034737.compiler.options
java_class_path (initial): C:\Users\angel\.gradle\caches\modules-2\files-2.1\org.jetbrains.kotlin\kotlin-compiler-embeddable\1.9.0\2c8c3a7402becca891f12739b3e9fd2dc2adbd7a\kotlin-compiler-embeddable-1.9.0.jar;C:\Users\angel\.gradle\caches\modules-2\files-2.1\org.jetbrains.kotlin\kotlin-stdlib\1.9.0\8ee15ef0c67dc83d874f412d84378d7f0eb50b63\kotlin-stdlib-1.9.0.jar;C:\Users\angel\.gradle\caches\modules-2\files-2.1\org.jetbrains.kotlin\kotlin-script-runtime\1.9.0\4b3102cbbb7e1b58d9d1adf89563f00069ffa7d1\kotlin-script-runtime-1.9.0.jar;C:\Users\angel\.gradle\caches\modules-2\files-2.1\org.jetbrains.kotlin\kotlin-reflect\1.6.10\1cbe9c92c12a94eea200d23c2bbaedaf3daf5132\kotlin-reflect-1.6.10.jar;C:\Users\angel\.gradle\caches\modules-2\files-2.1\org.jetbrains.kotlin\kotlin-daemon-embeddable\1.9.0\186543f5e28cf8d9a0290fecc2cf34301c40a65c\kotlin-daemon-embeddable-1.9.0.jar;C:\Users\angel\.gradle\caches\modules-2\files-2.1\org.jetbrains.intellij.deps\trove4j\1.0.20200330\3afb14d5f9ceb459d724e907a21145e8ff394f02\trove4j-1.0.20200330.jar;C:\Users\angel\.gradle\caches\modules-2\files-2.1\org.jetbrains.kotlin\kotlin-stdlib-common\1.9.0\cd65c21cfd1eec4d44ef09f9f52b6d9f8a720636\kotlin-stdlib-common-1.9.0.jar;C:\Users\angel\.gradle\caches\modules-2\files-2.1\org.jetbrains\annotations\13.0\919f0dfe192fb4e063e7dacadee7f8bb9a2672a9\annotations-13.0.jar
Launcher Type: SUN_STANDARD

[Global flags]
     intx CICompilerCount                          = 4                                         {product} {ergonomic}
     uint ConcGCThreads                            = 3                                         {product} {ergonomic}
     uint G1ConcRefinementThreads                  = 10                                        {product} {ergonomic}
   size_t G1HeapRegionSize                         = 1048576                                   {product} {ergonomic}
    uintx GCDrainStackTargetSize                   = 64                                        {product} {ergonomic}
   size_t InitialHeapSize                          = 130023424                                 {product} {ergonomic}
   size_t MarkStackSize                            = 4194304                                   {product} {ergonomic}
   size_t MaxHeapSize                              = 2067791872                                {product} {ergonomic}
   size_t MaxNewSize                               = 1240465408                                {product} {ergonomic}
   size_t MinHeapDeltaBytes                        = 1048576                                   {product} {ergonomic}
   size_t MinHeapSize                              = 8388608                                   {product} {ergonomic}
    uintx NonNMethodCodeHeapSize                   = 5839372                                {pd product} {ergonomic}
    uintx NonProfiledCodeHeapSize                  = 122909434                              {pd product} {ergonomic}
    uintx ProfiledCodeHeapSize                     = 122909434                              {pd product} {ergonomic}
    uintx ReservedCodeCacheSize                    = 251658240                              {pd product} {ergonomic}
     bool SegmentedCodeCache                       = true                                      {product} {ergonomic}
   size_t SoftMaxHeapSize                          = 2067791872                             {manageable} {ergonomic}
     bool UseCompressedClassPointers               = true                           {product lp64_product} {ergonomic}
     bool UseCompressedOops                        = true                           {product lp64_product} {ergonomic}
     bool UseG1GC                                  = true                                      {product} {ergonomic}
     bool UseLargePagesIndividualAllocation        = false                                  {pd product} {ergonomic}

Logging:
Log output configuration:
 #0: stdout all=warning uptime,level,tags
 #1: stderr all=off uptime,level,tags

Environment Variables:
PATH=C:\oracle\dbhomeXE\bin;C:\app\angel\product\21c\dbhomeXE\bin;C:\windows\system32;C:\windows;C:\windows\System32\Wbem;C:\windows\System32\WindowsPowerShell\v1.0\;C:\windows\System32\OpenSSH\;C:\Program Files\dotnet\;C:\Program Files (x86)\Microsoft SQL Server\160\Tools\Binn\;C:\Program Files\Microsoft SQL Server\160\Tools\Binn\;C:\Program Files\Microsoft SQL Server\Client SDK\ODBC\170\Tools\Binn\;C:\Program Files\Microsoft SQL Server\160\DTS\Binn\;C:\Program Files (x86)\Microsoft SQL Server\160\DTS\Binn\;C:\Program Files\Azure Data Studio\bin;C:\Program Files\HP\HP One Agent;C:\Program Files\Git\cmd;C:\Users\angel\AppData\Local\Microsoft\WindowsApps;;C:\Users\angel\AppData\Local\Programs\Microsoft VS Code\bin;C:\Users\angel\.dotnet\tools;C:\Program Files\Azure Data Studio\bin
USERNAME=angel
OS=Windows_NT
PROCESSOR_IDENTIFIER=Intel64 Family 6 Model 154 Stepping 4, GenuineIntel
TMP=C:\Users\angel\AppData\Local\Temp
TEMP=C:\Users\angel\AppData\Local\Temp



Periodic native trim disabled

JNI global refs:
JNI global refs: 10, weak refs: 0

JNI global refs memory usage: 843, weak refs: 841

OOME stack traces (most recent first):
Classloader memory used:
Loader jdk.internal.loader.ClassLoaders$AppClassLoader                                 : 5161K
Loader bootstrap                                                                       : 1295K
Loader jdk.internal.reflect.DelegatingClassLoader                                      : 13874B


---------------  S Y S T E M  ---------------

OS:
 Windows 11 , 64 bit Build 22621 (10.0.22621.3672)
OS uptime: 1 days 0:28 hours
Hyper-V role detected

CPU: total 12 (initial active 12) (6 cores per cpu, 2 threads per core) family 6 model 154 stepping 4 microcode 0x432, cx8, cmov, fxsr, ht, mmx, 3dnowpref, sse, sse2, sse3, ssse3, sse4.1, sse4.2, popcnt, lzcnt, tsc, tscinvbit, avx, avx2, aes, erms, clmul, bmi1, bmi2, adx, sha, fma, vzeroupper, clflush, clflushopt, clwb, hv
Processor Information for processor 0
  Max Mhz: 1100, Current Mhz: 1100, Mhz Limit: 1100
Processor Information for processor 1
  Max Mhz: 1100, Current Mhz: 1100, Mhz Limit: 1100
Processor Information for processor 2
  Max Mhz: 1100, Current Mhz: 1100, Mhz Limit: 1100
Processor Information for processor 3
  Max Mhz: 1100, Current Mhz: 1100, Mhz Limit: 1100
Processor Information for processor 4
  Max Mhz: 1100, Current Mhz: 800, Mhz Limit: 792
Processor Information for processor 5
  Max Mhz: 1100, Current Mhz: 800, Mhz Limit: 792
Processor Information for processor 6
  Max Mhz: 1100, Current Mhz: 800, Mhz Limit: 792
Processor Information for processor 7
  Max Mhz: 1100, Current Mhz: 800, Mhz Limit: 792
Processor Information for processor 8
  Max Mhz: 1100, Current Mhz: 800, Mhz Limit: 792
Processor Information for processor 9
  Max Mhz: 1100, Current Mhz: 800, Mhz Limit: 792
Processor Information for processor 10
  Max Mhz: 1100, Current Mhz: 800, Mhz Limit: 792
Processor Information for processor 11
  Max Mhz: 1100, Current Mhz: 800, Mhz Limit: 792

Memory: 4k page, system-wide physical 7885M (244M free)
TotalPageFile size 17885M (AvailPageFile size 17M)
current process WorkingSet (physical memory assigned to process): 220M, peak: 220M
current process commit charge ("private bytes"): 280M, peak: 315M

vm_info: OpenJDK 64-Bit Server VM (17.0.10+0--11609105) for windows-amd64 JRE (17.0.10+0--11609105), built on Mar 21 2024 19:10:56 by "androidbuild" with MS VC++ 16.10 / 16.11 (VS2019)

END.
