#
# There is insufficient memory for the Java Runtime Environment to continue.
# Native memory allocation (mmap) failed to map 149946368 bytes for G1 virtual space
# Possible reasons:
#   The system is out of physical RAM or swap space
#   The process is running with CompressedOops enabled, and the Java Heap may be blocking the growth of the native heap
# Possible solutions:
#   Reduce memory load on the system
#   Increase physical memory or swap space
#   Check if swap backing store is full
#   Decrease Java heap size (-Xmx/-Xms)
#   Decrease number of Java threads
#   Decrease Java thread stack sizes (-Xss)
#   Set larger code cache with -XX:ReservedCodeCacheSize=
#   JVM is running with Unscaled Compressed Oops mode in which the Java heap is
#     placed in the first 4GB address space. The Java Heap base address is the
#     maximum limit for the native heap growth. Please use -XX:HeapBaseMinAddress
#     to set the Java Heap base and to place the Java Heap above 4GB virtual address.
# This output file may be truncated or incomplete.
#
#  Out of Memory Error (os_windows.cpp:3825), pid=3128, tid=2204
#
# JRE version: OpenJDK Runtime Environment (17.0.10) (build 17.0.10+0--11609105)
# Java VM: OpenJDK 64-Bit Server VM (17.0.10+0--11609105, mixed mode, tiered, compressed oops, compressed class ptrs, g1 gc, windows-amd64)
# No core dump will be written. Minidumps are not enabled by default on client versions of Windows
#

---------------  S U M M A R Y ------------

Command Line: org.jetbrains.kotlin.cli.jvm.K2JVMCompiler @C:\Users\angel\OneDrive\Escritorio\DilloSports\app\build\20240715_16396745247313371207.compiler.options

Host: 12th Gen Intel(R) Core(TM) i7-1250U, 12 cores, 7G,  Windows 11 , 64 bit Build 22621 (10.0.22621.3672)
Time: Mon Jul 15 14:30:55 2024 Hora estándar, América Central elapsed time: 16.771360 seconds (0d 0h 0m 16s)

---------------  T H R E A D  ---------------

Current thread (0x0000017161f50230):  VMThread "VM Thread" [stack: 0x000000200ca00000,0x000000200cb00000] [id=2204]

Stack: [0x000000200ca00000,0x000000200cb00000]
Native frames: (J=compiled Java code, j=interpreted, Vv=VM code, C=native code)
V  [jvm.dll+0x688de9]
V  [jvm.dll+0x8423da]
V  [jvm.dll+0x84401e]
V  [jvm.dll+0x844683]
V  [jvm.dll+0x24be0f]
V  [jvm.dll+0x685bb9]
V  [jvm.dll+0x67a46a]
V  [jvm.dll+0x30cbab]
V  [jvm.dll+0x314056]
V  [jvm.dll+0x363dce]
V  [jvm.dll+0x363fff]
V  [jvm.dll+0x2e2978]
V  [jvm.dll+0x2e0b54]
V  [jvm.dll+0x2e015c]
V  [jvm.dll+0x32502b]
V  [jvm.dll+0x848d7b]
V  [jvm.dll+0x849ac1]
V  [jvm.dll+0x849fdd]
V  [jvm.dll+0x84a3b4]
V  [jvm.dll+0x84a480]
V  [jvm.dll+0x7f0c7a]
V  [jvm.dll+0x687c65]
C  [ucrtbase.dll+0x29333]
C  [KERNEL32.DLL+0x1257d]
C  [ntdll.dll+0x5af28]

VM_Operation (0x000000200c4fcf20): G1CollectForAllocation, mode: safepoint, requested by thread 0x0000017145fcc9e0


---------------  P R O C E S S  ---------------

Threads class SMR info:
_java_thread_list=0x000001716225c9f0, length=12, elements={
0x0000017145fcc9e0, 0x00000171620be280, 0x00000171620bee10, 0x0000017161f5c790,
0x0000017161f5e070, 0x00000171620de010, 0x00000171620de8e0, 0x00000171620df4e0,
0x00000171620dfdf0, 0x00000171620e2710, 0x0000017162258e20, 0x000001716226d240
}

Java Threads: ( => current thread )
  0x0000017145fcc9e0 JavaThread "main" [_thread_blocked, id=21696, stack(0x000000200c400000,0x000000200c500000)]
  0x00000171620be280 JavaThread "Reference Handler" daemon [_thread_blocked, id=15072, stack(0x000000200cb00000,0x000000200cc00000)]
  0x00000171620bee10 JavaThread "Finalizer" daemon [_thread_blocked, id=18720, stack(0x000000200cc00000,0x000000200cd00000)]
  0x0000017161f5c790 JavaThread "Signal Dispatcher" daemon [_thread_blocked, id=23940, stack(0x000000200cd00000,0x000000200ce00000)]
  0x0000017161f5e070 JavaThread "Attach Listener" daemon [_thread_blocked, id=17100, stack(0x000000200ce00000,0x000000200cf00000)]
  0x00000171620de010 JavaThread "Service Thread" daemon [_thread_blocked, id=24704, stack(0x000000200cf00000,0x000000200d000000)]
  0x00000171620de8e0 JavaThread "Monitor Deflation Thread" daemon [_thread_blocked, id=7172, stack(0x000000200d000000,0x000000200d100000)]
  0x00000171620df4e0 JavaThread "C2 CompilerThread0" daemon [_thread_blocked, id=14084, stack(0x000000200d100000,0x000000200d200000)]
  0x00000171620dfdf0 JavaThread "C1 CompilerThread0" daemon [_thread_blocked, id=12192, stack(0x000000200d200000,0x000000200d300000)]
  0x00000171620e2710 JavaThread "Sweeper thread" daemon [_thread_blocked, id=24924, stack(0x000000200d300000,0x000000200d400000)]
  0x0000017162258e20 JavaThread "Notification Thread" daemon [_thread_blocked, id=1736, stack(0x000000200d400000,0x000000200d500000)]
  0x000001716226d240 JavaThread "Common-Cleaner" daemon [_thread_blocked, id=14548, stack(0x000000200d600000,0x000000200d700000)]

Other Threads:
=>0x0000017161f50230 VMThread "VM Thread" [stack: 0x000000200ca00000,0x000000200cb00000] [id=2204]
  0x0000017162259b20 WatcherThread [stack: 0x000000200d500000,0x000000200d600000] [id=12764]
  0x0000017146025490 GCTaskThread "GC Thread#0" [stack: 0x000000200c500000,0x000000200c600000] [id=17224]
  0x0000017162829510 GCTaskThread "GC Thread#1" [stack: 0x000000200d700000,0x000000200d800000] [id=22028]
  0x000001716297ed20 GCTaskThread "GC Thread#2" [stack: 0x000000200d800000,0x000000200d900000] [id=20984]
  0x000001716297fff0 GCTaskThread "GC Thread#3" [stack: 0x000000200d900000,0x000000200da00000] [id=6748]
  0x0000017162980ad0 GCTaskThread "GC Thread#4" [stack: 0x000000200da00000,0x000000200db00000] [id=2476]
  0x0000017162dcecc0 GCTaskThread "GC Thread#5" [stack: 0x000000200db00000,0x000000200dc00000] [id=5264]
  0x00000171670a9490 GCTaskThread "GC Thread#6" [stack: 0x000000200dc00000,0x000000200dd00000] [id=11556]
  0x00000171671c0650 GCTaskThread "GC Thread#7" [stack: 0x000000200dd00000,0x000000200de00000] [id=14240]
  0x00000171671c19e0 GCTaskThread "GC Thread#8" [stack: 0x000000200de00000,0x000000200df00000] [id=26172]
  0x00000171671c1ca0 GCTaskThread "GC Thread#9" [stack: 0x000000200e100000,0x000000200e200000] [id=360]
  0x0000017146035f80 ConcurrentGCThread "G1 Main Marker" [stack: 0x000000200c600000,0x000000200c700000] [id=25656]
  0x00000171460368b0 ConcurrentGCThread "G1 Conc#0" [stack: 0x000000200c700000,0x000000200c800000] [id=3116]
  0x00000171671c24e0 ConcurrentGCThread "G1 Conc#1" [stack: 0x000000200df00000,0x000000200e000000] [id=13248]
  0x00000171671c11a0 ConcurrentGCThread "G1 Conc#2" [stack: 0x000000200e000000,0x000000200e100000] [id=17604]
  0x0000017161da2510 ConcurrentGCThread "G1 Refine#0" [stack: 0x000000200c800000,0x000000200c900000] [id=8524]
  0x0000017167a5dfe0 ConcurrentGCThread "G1 Refine#1" [stack: 0x000000200e200000,0x000000200e300000] [id=13212]
  0x000001714607dfe0 ConcurrentGCThread "G1 Service" [stack: 0x000000200c900000,0x000000200ca00000] [id=14180]

Threads with active compile tasks:
C2 CompilerThread0    16810 14076       4       org.jetbrains.kotlin.backend.common.lower.DefaultArgumentFunctionFactory::findBaseFunctionWithDefaultArgumentsFor$dfsImpl (253 bytes)
C1 CompilerThread0    16810 14128       2       org.jetbrains.kotlin.backend.common.ClassLoweringVisitor::visitInstanceInitializerCall (7 bytes)

VM state: at safepoint (normal execution)

VM Mutex/Monitor currently owned by a thread:  ([mutex/lock_event])
[0x0000017145fc7110] Threads_lock - owner thread: 0x0000017161f50230
[0x0000017145fc72c0] Heap_lock - owner thread: 0x0000017145fcc9e0

Heap address: 0x0000000084c00000, size: 1972 MB, Compressed Oops mode: 32-bit

CDS archive(s) not mapped
Compressed class space mapped at: 0x0000000100000000-0x0000000140000000, reserved size: 1073741824
Narrow klass base: 0x0000000000000000, Narrow klass shift: 3, Narrow klass range: 0x140000000

GC Precious Log:
 CPUs: 12 total, 12 available
 Memory: 7885M
 Large Page Support: Disabled
 NUMA Support: Disabled
 Compressed Oops: Enabled (32-bit)
 Heap Region Size: 1M
 Heap Min Capacity: 8M
 Heap Initial Capacity: 124M
 Heap Max Capacity: 1972M
 Pre-touch: Disabled
 Parallel Workers: 10
 Concurrent Workers: 3
 Concurrent Refinement Workers: 10
 Periodic GC: Disabled

Heap:
 garbage-first heap   total 156672K, used 86359K [0x0000000084c00000, 0x0000000100000000)
  region size 1024K, 1 young (1024K), 1 survivors (1024K)
 Metaspace       used 77829K, committed 78144K, reserved 1179648K
  class space    used 8452K, committed 8640K, reserved 1048576K

Heap Regions: E=young(eden), S=young(survivor), O=old, HS=humongous(starts), HC=humongous(continues), CS=collection set, F=free, OA=open archive, CA=closed archive, TAMS=top-at-mark-start (previous, next)
|   0|0x0000000084c00000, 0x0000000084d00000, 0x0000000084d00000|100%|HS|  |TAMS 0x0000000084d00000, 0x0000000084c00000| Complete 
|   1|0x0000000084d00000, 0x0000000084e00000, 0x0000000084e00000|100%|HC|  |TAMS 0x0000000084e00000, 0x0000000084d00000| Complete 
|   2|0x0000000084e00000, 0x0000000084f00000, 0x0000000084f00000|100%|HC|  |TAMS 0x0000000084f00000, 0x0000000084e00000| Complete 
|   3|0x0000000084f00000, 0x0000000085000000, 0x0000000085000000|100%|HC|  |TAMS 0x0000000085000000, 0x0000000084f00000| Complete 
|   4|0x0000000085000000, 0x0000000085100000, 0x0000000085100000|100%| O|  |TAMS 0x0000000085100000, 0x0000000085000000| Untracked 
|   5|0x0000000085100000, 0x0000000085200000, 0x0000000085200000|100%| O|  |TAMS 0x0000000085200000, 0x0000000085100000| Untracked 
|   6|0x0000000085200000, 0x0000000085300000, 0x0000000085300000|100%| O|  |TAMS 0x0000000085300000, 0x0000000085200000| Untracked 
|   7|0x0000000085300000, 0x0000000085400000, 0x0000000085400000|100%| O|  |TAMS 0x0000000085400000, 0x0000000085300000| Untracked 
|   8|0x0000000085400000, 0x0000000085500000, 0x0000000085500000|100%| O|  |TAMS 0x0000000085400000, 0x0000000085400000| Untracked 
|   9|0x0000000085500000, 0x0000000085600000, 0x0000000085600000|100%| O|  |TAMS 0x0000000085600000, 0x0000000085500000| Untracked 
|  10|0x0000000085600000, 0x0000000085700000, 0x0000000085700000|100%| O|  |TAMS 0x0000000085700000, 0x0000000085600000| Untracked 
|  11|0x0000000085700000, 0x0000000085800000, 0x0000000085800000|100%| O|  |TAMS 0x0000000085800000, 0x0000000085700000| Untracked 
|  12|0x0000000085800000, 0x0000000085900000, 0x0000000085900000|100%| O|  |TAMS 0x0000000085900000, 0x0000000085800000| Untracked 
|  13|0x0000000085900000, 0x0000000085a00000, 0x0000000085a00000|100%| O|  |TAMS 0x0000000085a00000, 0x0000000085900000| Untracked 
|  14|0x0000000085a00000, 0x0000000085b00000, 0x0000000085b00000|100%| O|  |TAMS 0x0000000085b00000, 0x0000000085a00000| Untracked 
|  15|0x0000000085b00000, 0x0000000085c00000, 0x0000000085c00000|100%| O|  |TAMS 0x0000000085c00000, 0x0000000085b00000| Untracked 
|  16|0x0000000085c00000, 0x0000000085d00000, 0x0000000085d00000|100%| O|  |TAMS 0x0000000085d00000, 0x0000000085c00000| Untracked 
|  17|0x0000000085d00000, 0x0000000085e00000, 0x0000000085e00000|100%| O|  |TAMS 0x0000000085e00000, 0x0000000085d00000| Untracked 
|  18|0x0000000085e00000, 0x0000000085f00000, 0x0000000085f00000|100%| O|  |TAMS 0x0000000085f00000, 0x0000000085e00000| Untracked 
|  19|0x0000000085f00000, 0x0000000086000000, 0x0000000086000000|100%| O|  |TAMS 0x0000000086000000, 0x0000000085f00000| Untracked 
|  20|0x0000000086000000, 0x0000000086100000, 0x0000000086100000|100%| O|  |TAMS 0x0000000086100000, 0x0000000086000000| Untracked 
|  21|0x0000000086100000, 0x0000000086200000, 0x0000000086200000|100%|HS|  |TAMS 0x0000000086200000, 0x0000000086100000| Complete 
|  22|0x0000000086200000, 0x0000000086300000, 0x0000000086300000|100%|HC|  |TAMS 0x0000000086300000, 0x0000000086200000| Complete 
|  23|0x0000000086300000, 0x0000000086400000, 0x0000000086400000|100%| O|  |TAMS 0x0000000086400000, 0x0000000086300000| Untracked 
|  24|0x0000000086400000, 0x0000000086500000, 0x0000000086500000|100%| O|  |TAMS 0x0000000086500000, 0x0000000086400000| Untracked 
|  25|0x0000000086500000, 0x0000000086600000, 0x0000000086600000|100%| O|  |TAMS 0x0000000086600000, 0x0000000086500000| Untracked 
|  26|0x0000000086600000, 0x0000000086700000, 0x0000000086700000|100%| O|  |TAMS 0x0000000086700000, 0x0000000086600000| Untracked 
|  27|0x0000000086700000, 0x0000000086800000, 0x0000000086800000|100%| O|  |TAMS 0x0000000086800000, 0x0000000086700000| Untracked 
|  28|0x0000000086800000, 0x0000000086900000, 0x0000000086900000|100%| O|  |TAMS 0x0000000086900000, 0x0000000086800000| Untracked 
|  29|0x0000000086900000, 0x0000000086a00000, 0x0000000086a00000|100%| O|  |TAMS 0x0000000086a00000, 0x0000000086900000| Untracked 
|  30|0x0000000086a00000, 0x0000000086b00000, 0x0000000086b00000|100%| O|  |TAMS 0x0000000086b00000, 0x0000000086a00000| Untracked 
|  31|0x0000000086b00000, 0x0000000086c00000, 0x0000000086c00000|100%| O|  |TAMS 0x0000000086c00000, 0x0000000086b00000| Untracked 
|  32|0x0000000086c00000, 0x0000000086d00000, 0x0000000086d00000|100%| O|  |TAMS 0x0000000086d00000, 0x0000000086c00000| Untracked 
|  33|0x0000000086d00000, 0x0000000086e00000, 0x0000000086e00000|100%| O|  |TAMS 0x0000000086e00000, 0x0000000086d00000| Untracked 
|  34|0x0000000086e00000, 0x0000000086f00000, 0x0000000086f00000|100%| O|  |TAMS 0x0000000086f00000, 0x0000000086e00000| Untracked 
|  35|0x0000000086f00000, 0x0000000087000000, 0x0000000087000000|100%| O|  |TAMS 0x0000000087000000, 0x0000000086f00000| Untracked 
|  36|0x0000000087000000, 0x0000000087100000, 0x0000000087100000|100%| O|  |TAMS 0x0000000087100000, 0x0000000087000000| Untracked 
|  37|0x0000000087100000, 0x0000000087200000, 0x0000000087200000|100%| O|  |TAMS 0x0000000087200000, 0x0000000087100000| Untracked 
|  38|0x0000000087200000, 0x0000000087300000, 0x0000000087300000|100%| O|  |TAMS 0x0000000087300000, 0x0000000087200000| Untracked 
|  39|0x0000000087300000, 0x0000000087400000, 0x0000000087400000|100%| O|  |TAMS 0x0000000087400000, 0x0000000087300000| Untracked 
|  40|0x0000000087400000, 0x0000000087500000, 0x0000000087500000|100%| O|  |TAMS 0x0000000087500000, 0x0000000087400000| Untracked 
|  41|0x0000000087500000, 0x0000000087600000, 0x0000000087600000|100%| O|  |TAMS 0x0000000087600000, 0x0000000087500000| Untracked 
|  42|0x0000000087600000, 0x0000000087700000, 0x0000000087700000|100%| O|  |TAMS 0x0000000087700000, 0x0000000087600000| Untracked 
|  43|0x0000000087700000, 0x0000000087800000, 0x0000000087800000|100%| O|  |TAMS 0x0000000087800000, 0x0000000087700000| Untracked 
|  44|0x0000000087800000, 0x0000000087900000, 0x0000000087900000|100%| O|  |TAMS 0x0000000087800000, 0x0000000087800000| Untracked 
|  45|0x0000000087900000, 0x0000000087a00000, 0x0000000087a00000|100%| O|  |TAMS 0x0000000087a00000, 0x0000000087900000| Untracked 
|  46|0x0000000087a00000, 0x0000000087b00000, 0x0000000087b00000|100%| O|  |TAMS 0x0000000087b00000, 0x0000000087a00000| Untracked 
|  47|0x0000000087b00000, 0x0000000087c00000, 0x0000000087c00000|100%| O|  |TAMS 0x0000000087c00000, 0x0000000087b00000| Untracked 
|  48|0x0000000087c00000, 0x0000000087d00000, 0x0000000087d00000|100%| O|  |TAMS 0x0000000087d00000, 0x0000000087c00000| Untracked 
|  49|0x0000000087d00000, 0x0000000087e00000, 0x0000000087e00000|100%| O|  |TAMS 0x0000000087e00000, 0x0000000087d00000| Untracked 
|  50|0x0000000087e00000, 0x0000000087f00000, 0x0000000087f00000|100%| O|  |TAMS 0x0000000087f00000, 0x0000000087e00000| Untracked 
|  51|0x0000000087f00000, 0x0000000088000000, 0x0000000088000000|100%| O|  |TAMS 0x0000000088000000, 0x0000000087f00000| Untracked 
|  52|0x0000000088000000, 0x0000000088100000, 0x0000000088100000|100%| O|  |TAMS 0x0000000088038400, 0x0000000088000000| Untracked 
|  53|0x0000000088100000, 0x0000000088200000, 0x0000000088200000|100%|HS|  |TAMS 0x0000000088200000, 0x0000000088100000| Complete 
|  54|0x0000000088200000, 0x0000000088300000, 0x0000000088300000|100%|HC|  |TAMS 0x0000000088300000, 0x0000000088200000| Complete 
|  55|0x0000000088300000, 0x0000000088400000, 0x0000000088400000|100%| O|  |TAMS 0x0000000088300000, 0x0000000088300000| Untracked 
|  56|0x0000000088400000, 0x0000000088500000, 0x0000000088500000|100%| O|  |TAMS 0x0000000088400000, 0x0000000088400000| Untracked 
|  57|0x0000000088500000, 0x0000000088600000, 0x0000000088600000|100%| O|  |TAMS 0x0000000088500000, 0x0000000088500000| Untracked 
|  58|0x0000000088600000, 0x0000000088700000, 0x0000000088700000|100%| O|  |TAMS 0x0000000088600000, 0x0000000088600000| Untracked 
|  59|0x0000000088700000, 0x0000000088800000, 0x0000000088800000|100%| O|  |TAMS 0x0000000088700000, 0x0000000088700000| Untracked 
|  60|0x0000000088800000, 0x0000000088900000, 0x0000000088900000|100%| O|  |TAMS 0x0000000088800000, 0x0000000088800000| Untracked 
|  61|0x0000000088900000, 0x0000000088a00000, 0x0000000088a00000|100%| O|  |TAMS 0x0000000088900000, 0x0000000088900000| Untracked 
|  62|0x0000000088a00000, 0x0000000088b00000, 0x0000000088b00000|100%| O|  |TAMS 0x0000000088a00000, 0x0000000088a00000| Untracked 
|  63|0x0000000088b00000, 0x0000000088c00000, 0x0000000088c00000|100%| O|  |TAMS 0x0000000088b00000, 0x0000000088b00000| Untracked 
|  64|0x0000000088c00000, 0x0000000088d00000, 0x0000000088d00000|100%| O|  |TAMS 0x0000000088c00000, 0x0000000088c00000| Untracked 
|  65|0x0000000088d00000, 0x0000000088e00000, 0x0000000088e00000|100%| O|  |TAMS 0x0000000088d00000, 0x0000000088d00000| Untracked 
|  66|0x0000000088e00000, 0x0000000088f00000, 0x0000000088f00000|100%| O|  |TAMS 0x0000000088e00000, 0x0000000088e00000| Untracked 
|  67|0x0000000088f00000, 0x0000000089000000, 0x0000000089000000|100%| O|  |TAMS 0x0000000088f00000, 0x0000000088f00000| Untracked 
|  68|0x0000000089000000, 0x0000000089100000, 0x0000000089100000|100%| O|  |TAMS 0x0000000089000000, 0x0000000089000000| Untracked 
|  69|0x0000000089100000, 0x0000000089200000, 0x0000000089200000|100%| O|  |TAMS 0x0000000089100000, 0x0000000089100000| Untracked 
|  70|0x0000000089200000, 0x0000000089300000, 0x0000000089300000|100%| O|  |TAMS 0x0000000089200000, 0x0000000089200000| Untracked 
|  71|0x0000000089300000, 0x0000000089400000, 0x0000000089400000|100%| O|  |TAMS 0x0000000089300000, 0x0000000089300000| Untracked 
|  72|0x0000000089400000, 0x0000000089500000, 0x0000000089500000|100%| O|  |TAMS 0x0000000089400000, 0x0000000089400000| Untracked 
|  73|0x0000000089500000, 0x0000000089600000, 0x0000000089600000|100%| O|  |TAMS 0x0000000089500000, 0x0000000089500000| Untracked 
|  74|0x0000000089600000, 0x0000000089700000, 0x0000000089700000|100%| O|  |TAMS 0x0000000089600000, 0x0000000089600000| Untracked 
|  75|0x0000000089700000, 0x0000000089800000, 0x0000000089800000|100%| O|  |TAMS 0x0000000089700000, 0x0000000089700000| Untracked 
|  76|0x0000000089800000, 0x0000000089900000, 0x0000000089900000|100%| O|  |TAMS 0x0000000089800000, 0x0000000089800000| Untracked 
|  77|0x0000000089900000, 0x0000000089a00000, 0x0000000089a00000|100%| O|  |TAMS 0x0000000089900000, 0x0000000089900000| Untracked 
|  78|0x0000000089a00000, 0x0000000089b00000, 0x0000000089b00000|100%| O|  |TAMS 0x0000000089a00000, 0x0000000089a00000| Untracked 
|  79|0x0000000089b00000, 0x0000000089c00000, 0x0000000089c00000|100%| O|  |TAMS 0x0000000089b00000, 0x0000000089b00000| Untracked 
|  80|0x0000000089c00000, 0x0000000089d00000, 0x0000000089d00000|100%| O|  |TAMS 0x0000000089c00000, 0x0000000089c00000| Untracked 
|  81|0x0000000089d00000, 0x0000000089e00000, 0x0000000089e00000|100%| O|  |TAMS 0x0000000089d00000, 0x0000000089d00000| Untracked 
|  82|0x0000000089e00000, 0x0000000089f00000, 0x0000000089f00000|100%| O|  |TAMS 0x0000000089e00000, 0x0000000089e00000| Untracked 
|  83|0x0000000089f00000, 0x0000000089f56e00, 0x000000008a000000| 33%| O|  |TAMS 0x0000000089f00000, 0x0000000089f00000| Untracked 
|  84|0x000000008a000000, 0x000000008a000000, 0x000000008a100000|  0%| F|  |TAMS 0x000000008a000000, 0x000000008a000000| Untracked 
|  85|0x000000008a100000, 0x000000008a100000, 0x000000008a200000|  0%| F|  |TAMS 0x000000008a100000, 0x000000008a100000| Untracked 
|  86|0x000000008a200000, 0x000000008a200000, 0x000000008a300000|  0%| F|  |TAMS 0x000000008a200000, 0x000000008a200000| Untracked 
|  87|0x000000008a300000, 0x000000008a300000, 0x000000008a400000|  0%| F|  |TAMS 0x000000008a300000, 0x000000008a300000| Untracked 
|  88|0x000000008a400000, 0x000000008a400000, 0x000000008a500000|  0%| F|  |TAMS 0x000000008a400000, 0x000000008a400000| Untracked 
|  89|0x000000008a500000, 0x000000008a500000, 0x000000008a600000|  0%| F|  |TAMS 0x000000008a500000, 0x000000008a500000| Untracked 
|  90|0x000000008a600000, 0x000000008a600000, 0x000000008a700000|  0%| F|  |TAMS 0x000000008a600000, 0x000000008a600000| Untracked 
|  91|0x000000008a700000, 0x000000008a700000, 0x000000008a800000|  0%| F|  |TAMS 0x000000008a700000, 0x000000008a700000| Untracked 
|  92|0x000000008a800000, 0x000000008a800000, 0x000000008a900000|  0%| F|  |TAMS 0x000000008a800000, 0x000000008a800000| Untracked 
|  93|0x000000008a900000, 0x000000008a900000, 0x000000008aa00000|  0%| F|  |TAMS 0x000000008a900000, 0x000000008a900000| Untracked 
|  94|0x000000008aa00000, 0x000000008aa00000, 0x000000008ab00000|  0%| F|  |TAMS 0x000000008aa00000, 0x000000008aa00000| Untracked 
|  95|0x000000008ab00000, 0x000000008ab00000, 0x000000008ac00000|  0%| F|  |TAMS 0x000000008ab00000, 0x000000008ab00000| Untracked 
|  96|0x000000008ac00000, 0x000000008ac00000, 0x000000008ad00000|  0%| F|  |TAMS 0x000000008ac00000, 0x000000008ac00000| Untracked 
|  97|0x000000008ad00000, 0x000000008ad00000, 0x000000008ae00000|  0%| F|  |TAMS 0x000000008ad00000, 0x000000008ad00000| Untracked 
|  98|0x000000008ae00000, 0x000000008ae00000, 0x000000008af00000|  0%| F|  |TAMS 0x000000008ae00000, 0x000000008ae00000| Untracked 
|  99|0x000000008af00000, 0x000000008af00000, 0x000000008b000000|  0%| F|  |TAMS 0x000000008af00000, 0x000000008af00000| Untracked 
| 100|0x000000008b000000, 0x000000008b000000, 0x000000008b100000|  0%| F|  |TAMS 0x000000008b000000, 0x000000008b000000| Untracked 
| 101|0x000000008b100000, 0x000000008b100000, 0x000000008b200000|  0%| F|  |TAMS 0x000000008b100000, 0x000000008b100000| Untracked 
| 102|0x000000008b200000, 0x000000008b200000, 0x000000008b300000|  0%| F|  |TAMS 0x000000008b200000, 0x000000008b200000| Untracked 
| 103|0x000000008b300000, 0x000000008b300000, 0x000000008b400000|  0%| F|  |TAMS 0x000000008b300000, 0x000000008b300000| Untracked 
| 104|0x000000008b400000, 0x000000008b400000, 0x000000008b500000|  0%| F|  |TAMS 0x000000008b400000, 0x000000008b400000| Untracked 
| 105|0x000000008b500000, 0x000000008b500000, 0x000000008b600000|  0%| F|  |TAMS 0x000000008b500000, 0x000000008b500000| Untracked 
| 106|0x000000008b600000, 0x000000008b600000, 0x000000008b700000|  0%| F|  |TAMS 0x000000008b600000, 0x000000008b600000| Untracked 
| 107|0x000000008b700000, 0x000000008b700000, 0x000000008b800000|  0%| F|  |TAMS 0x000000008b700000, 0x000000008b700000| Untracked 
| 108|0x000000008b800000, 0x000000008b800000, 0x000000008b900000|  0%| F|  |TAMS 0x000000008b800000, 0x000000008b800000| Untracked 
| 109|0x000000008b900000, 0x000000008b900000, 0x000000008ba00000|  0%| F|  |TAMS 0x000000008b900000, 0x000000008b900000| Untracked 
| 110|0x000000008ba00000, 0x000000008ba00000, 0x000000008bb00000|  0%| F|  |TAMS 0x000000008ba00000, 0x000000008ba00000| Untracked 
| 111|0x000000008bb00000, 0x000000008bb00000, 0x000000008bc00000|  0%| F|  |TAMS 0x000000008bb00000, 0x000000008bb00000| Untracked 
| 112|0x000000008bc00000, 0x000000008bc00000, 0x000000008bd00000|  0%| F|  |TAMS 0x000000008bc00000, 0x000000008bc00000| Untracked 
| 113|0x000000008bd00000, 0x000000008bdfef88, 0x000000008be00000| 99%| S|CS|TAMS 0x000000008bd00000, 0x000000008bd00000| Complete 
| 114|0x000000008be00000, 0x000000008be00000, 0x000000008bf00000|  0%| F|  |TAMS 0x000000008be00000, 0x000000008be00000| Untracked 
| 115|0x000000008bf00000, 0x000000008bf00000, 0x000000008c000000|  0%| F|  |TAMS 0x000000008bf00000, 0x000000008bf00000| Untracked 
| 116|0x000000008c000000, 0x000000008c000000, 0x000000008c100000|  0%| F|  |TAMS 0x000000008c000000, 0x000000008c000000| Untracked 
| 117|0x000000008c100000, 0x000000008c100000, 0x000000008c200000|  0%| F|  |TAMS 0x000000008c100000, 0x000000008c100000| Untracked 
| 118|0x000000008c200000, 0x000000008c200000, 0x000000008c300000|  0%| F|  |TAMS 0x000000008c200000, 0x000000008c200000| Untracked 
| 119|0x000000008c300000, 0x000000008c300000, 0x000000008c400000|  0%| F|  |TAMS 0x000000008c300000, 0x000000008c300000| Untracked 
| 120|0x000000008c400000, 0x000000008c400000, 0x000000008c500000|  0%| F|  |TAMS 0x000000008c400000, 0x000000008c400000| Untracked 
| 121|0x000000008c500000, 0x000000008c500000, 0x000000008c600000|  0%| F|  |TAMS 0x000000008c500000, 0x000000008c500000| Untracked 
| 122|0x000000008c600000, 0x000000008c600000, 0x000000008c700000|  0%| F|  |TAMS 0x000000008c600000, 0x000000008c600000| Untracked 
| 123|0x000000008c700000, 0x000000008c700000, 0x000000008c800000|  0%| F|  |TAMS 0x000000008c700000, 0x000000008c700000| Untracked 
| 124|0x000000008c800000, 0x000000008c800000, 0x000000008c900000|  0%| F|  |TAMS 0x000000008c800000, 0x000000008c800000| Untracked 
| 125|0x000000008c900000, 0x000000008c900000, 0x000000008ca00000|  0%| F|  |TAMS 0x000000008c900000, 0x000000008c900000| Untracked 
| 126|0x000000008ca00000, 0x000000008ca00000, 0x000000008cb00000|  0%| F|  |TAMS 0x000000008ca00000, 0x000000008ca00000| Untracked 
| 127|0x000000008cb00000, 0x000000008cb00000, 0x000000008cc00000|  0%| F|  |TAMS 0x000000008cb00000, 0x000000008cb00000| Untracked 
| 128|0x000000008cc00000, 0x000000008cc00000, 0x000000008cd00000|  0%| F|  |TAMS 0x000000008cc00000, 0x000000008cc00000| Untracked 
| 129|0x000000008cd00000, 0x000000008cd00000, 0x000000008ce00000|  0%| F|  |TAMS 0x000000008cd00000, 0x000000008cd00000| Untracked 
| 130|0x000000008ce00000, 0x000000008ce00000, 0x000000008cf00000|  0%| F|  |TAMS 0x000000008ce00000, 0x000000008ce00000| Untracked 
| 131|0x000000008cf00000, 0x000000008cf00000, 0x000000008d000000|  0%| F|  |TAMS 0x000000008cf00000, 0x000000008cf00000| Untracked 
| 132|0x000000008d000000, 0x000000008d000000, 0x000000008d100000|  0%| F|  |TAMS 0x000000008d000000, 0x000000008d000000| Untracked 
| 133|0x000000008d100000, 0x000000008d100000, 0x000000008d200000|  0%| F|  |TAMS 0x000000008d100000, 0x000000008d100000| Untracked 
| 134|0x000000008d200000, 0x000000008d200000, 0x000000008d300000|  0%| F|  |TAMS 0x000000008d200000, 0x000000008d200000| Untracked 
| 135|0x000000008d300000, 0x000000008d300000, 0x000000008d400000|  0%| F|  |TAMS 0x000000008d300000, 0x000000008d300000| Untracked 
| 136|0x000000008d400000, 0x000000008d400000, 0x000000008d500000|  0%| F|  |TAMS 0x000000008d400000, 0x000000008d400000| Untracked 
| 137|0x000000008d500000, 0x000000008d500000, 0x000000008d600000|  0%| F|  |TAMS 0x000000008d500000, 0x000000008d500000| Untracked 
| 138|0x000000008d600000, 0x000000008d600000, 0x000000008d700000|  0%| F|  |TAMS 0x000000008d600000, 0x000000008d600000| Untracked 
| 139|0x000000008d700000, 0x000000008d700000, 0x000000008d800000|  0%| F|  |TAMS 0x000000008d700000, 0x000000008d700000| Untracked 
| 140|0x000000008d800000, 0x000000008d800000, 0x000000008d900000|  0%| F|  |TAMS 0x000000008d800000, 0x000000008d800000| Untracked 
| 141|0x000000008d900000, 0x000000008d900000, 0x000000008da00000|  0%| F|  |TAMS 0x000000008d900000, 0x000000008d900000| Untracked 
| 142|0x000000008da00000, 0x000000008da00000, 0x000000008db00000|  0%| F|  |TAMS 0x000000008da00000, 0x000000008da00000| Untracked 
| 143|0x000000008db00000, 0x000000008db00000, 0x000000008dc00000|  0%| F|  |TAMS 0x000000008db00000, 0x000000008db00000| Untracked 
| 144|0x000000008dc00000, 0x000000008dc00000, 0x000000008dd00000|  0%| F|  |TAMS 0x000000008dc00000, 0x000000008dc00000| Untracked 
| 145|0x000000008dd00000, 0x000000008dd00000, 0x000000008de00000|  0%| F|  |TAMS 0x000000008dd00000, 0x000000008dd00000| Untracked 
| 146|0x000000008de00000, 0x000000008de00000, 0x000000008df00000|  0%| F|  |TAMS 0x000000008de00000, 0x000000008de00000| Untracked 
| 147|0x000000008df00000, 0x000000008df00000, 0x000000008e000000|  0%| F|  |TAMS 0x000000008df00000, 0x000000008df00000| Untracked 
| 148|0x000000008e000000, 0x000000008e000000, 0x000000008e100000|  0%| F|  |TAMS 0x000000008e000000, 0x000000008e000000| Untracked 
| 149|0x000000008e100000, 0x000000008e100000, 0x000000008e200000|  0%| F|  |TAMS 0x000000008e100000, 0x000000008e100000| Untracked 
| 150|0x000000008e200000, 0x000000008e200000, 0x000000008e300000|  0%| F|  |TAMS 0x000000008e200000, 0x000000008e200000| Untracked 
| 151|0x000000008e300000, 0x000000008e300000, 0x000000008e400000|  0%| F|  |TAMS 0x000000008e300000, 0x000000008e300000| Untracked 
| 152|0x000000008e400000, 0x000000008e400000, 0x000000008e500000|  0%| F|  |TAMS 0x000000008e400000, 0x000000008e400000| Untracked 

Card table byte_map: [0x000001715ace0000,0x000001715b0c0000] _byte_map_base: 0x000001715a8ba000

Marking Bits (Prev, Next): (CMBitMap*) 0x0000017146025a00, (CMBitMap*) 0x00000171460259c0
 Prev Bits: [0x000001715d370000, 0x000001715f240000)
 Next Bits: [0x000001715b4a0000, 0x000001715d370000)

Polling page: 0x000001714ac50000

Metaspace:

Usage:
  Non-class:     67.75 MB used.
      Class:      8.25 MB used.
       Both:     76.01 MB used.

Virtual space:
  Non-class space:      128.00 MB reserved,      67.88 MB ( 53%) committed,  2 nodes.
      Class space:        1.00 GB reserved,       8.44 MB ( <1%) committed,  1 nodes.
             Both:        1.12 GB reserved,      76.31 MB (  7%) committed. 

Chunk freelists:
   Non-Class:  11.62 MB
       Class:  7.61 MB
        Both:  19.23 MB

MaxMetaspaceSize: unlimited
CompressedClassSpaceSize: 1.00 GB
Initial GC threshold: 21.00 MB
Current GC threshold: 98.56 MB
CDS: off
MetaspaceReclaimPolicy: balanced
 - commit_granule_bytes: 65536.
 - commit_granule_words: 8192.
 - virtual_space_node_default_size: 8388608.
 - enlarge_chunks_in_place: 1.
 - new_chunks_are_fully_committed: 0.
 - uncommit_free_chunks: 1.
 - use_allocation_guard: 0.
 - handle_deallocations: 1.


Internal statistics:

num_allocs_failed_limit: 9.
num_arena_births: 318.
num_arena_deaths: 0.
num_vsnodes_births: 3.
num_vsnodes_deaths: 0.
num_space_committed: 1219.
num_space_uncommitted: 0.
num_chunks_returned_to_freelist: 9.
num_chunks_taken_from_freelist: 2773.
num_chunk_merges: 9.
num_chunk_splits: 2317.
num_chunks_enlarged: 2067.
num_inconsistent_stats: 0.

CodeHeap 'non-profiled nmethods': size=120000Kb used=5186Kb max_used=5186Kb free=114813Kb
 bounds [0x0000017152740000, 0x0000017152c60000, 0x0000017159c70000]
CodeHeap 'profiled nmethods': size=120000Kb used=32041Kb max_used=32041Kb free=87958Kb
 bounds [0x000001714ac70000, 0x000001714cbc0000, 0x00000171521a0000]
CodeHeap 'non-nmethods': size=5760Kb used=1385Kb max_used=1425Kb free=4374Kb
 bounds [0x00000171521a0000, 0x0000017152410000, 0x0000017152740000]
 total_blobs=12814 nmethods=12103 adapters=620
 compilation: enabled
              stopped_count=0, restarted_count=0
 full_count=0

Compilation events (20 events):
Event: 16.747 Thread 0x00000171620dfdf0 nmethod 14118 0x000001714cbb6490 code [0x000001714cbb66c0, 0x000001714cbb6b48]
Event: 16.747 Thread 0x00000171620dfdf0 14119       2       org.jetbrains.kotlin.backend.common.BodyLoweringVisitor::visitClass (13 bytes)
Event: 16.747 Thread 0x00000171620dfdf0 nmethod 14119 0x000001714cbb6e90 code [0x000001714cbb7040, 0x000001714cbb71c8]
Event: 16.747 Thread 0x00000171620dfdf0 14120       2       org.jetbrains.kotlin.backend.common.lower.SharedVariablesLowering$SharedVariablesTransformer$collectSharedVariables$1::visitValueParameter (13 bytes)
Event: 16.748 Thread 0x00000171620dfdf0 nmethod 14120 0x000001714cbb7290 code [0x000001714cbb7480, 0x000001714cbb7808]
Event: 16.748 Thread 0x00000171620dfdf0 14121       2       org.jetbrains.kotlin.ir.declarations.IrFile::acceptChildren (70 bytes)
Event: 16.748 Thread 0x00000171620dfdf0 nmethod 14121 0x000001714cbb7a90 code [0x000001714cbb7ca0, 0x000001714cbb8118]
Event: 16.749 Thread 0x00000171620dfdf0 14122       2       org.jetbrains.kotlin.ir.util.DeepCopySymbolRemapper::visitConst (13 bytes)
Event: 16.749 Thread 0x00000171620dfdf0 nmethod 14122 0x000001714cbb8410 code [0x000001714cbb8600, 0x000001714cbb8908]
Event: 16.749 Thread 0x00000171620dfdf0 14123       2       org.jetbrains.kotlin.ir.util.DeepCopySymbolRemapper::visitConst (7 bytes)
Event: 16.750 Thread 0x00000171620dfdf0 nmethod 14123 0x000001714cbb8b10 code [0x000001714cbb8d00, 0x000001714cbb8fc8]
Event: 16.750 Thread 0x00000171620dfdf0 14124       2       org.jetbrains.kotlin.ir.util.DeepCopySymbolRemapper::visitConst (6 bytes)
Event: 16.750 Thread 0x00000171620dfdf0 nmethod 14124 0x000001714cbb9210 code [0x000001714cbb9400, 0x000001714cbb96c8]
Event: 16.750 Thread 0x00000171620dfdf0 14125       2       org.jetbrains.kotlin.ir.util.DeepCopyIrTreeWithSymbols::visitConst (9 bytes)
Event: 16.750 Thread 0x00000171620dfdf0 nmethod 14125 0x000001714cbb9890 code [0x000001714cbb9a80, 0x000001714cbb9d98]
Event: 16.750 Thread 0x00000171620dfdf0 14126       2       org.jetbrains.kotlin.ir.util.DeepCopyIrTreeWithSymbols::visitConst (25 bytes)
Event: 16.751 Thread 0x00000171620dfdf0 nmethod 14126 0x000001714cbb9f90 code [0x000001714cbba180, 0x000001714cbba478]
Event: 16.752 Thread 0x00000171620dfdf0 14127       2       org.jetbrains.kotlin.backend.common.ClassLoweringVisitor::visitInstanceInitializerCall (13 bytes)
Event: 16.753 Thread 0x00000171620dfdf0 nmethod 14127 0x000001714cbba690 code [0x000001714cbba8e0, 0x000001714cbbad88]
Event: 16.753 Thread 0x00000171620dfdf0 14128       2       org.jetbrains.kotlin.backend.common.ClassLoweringVisitor::visitInstanceInitializerCall (7 bytes)

GC Heap History (20 events):
Event: 7.314 GC heap after
{Heap after GC invocations=17 (full 0):
 garbage-first heap   total 130048K, used 45399K [0x0000000084c00000, 0x0000000100000000)
  region size 1024K, 1 young (1024K), 1 survivors (1024K)
 Metaspace       used 53756K, committed 54016K, reserved 1114112K
  class space    used 6307K, committed 6400K, reserved 1048576K
}
Event: 7.646 GC heap before
{Heap before GC invocations=17 (full 0):
 garbage-first heap   total 130048K, used 99671K [0x0000000084c00000, 0x0000000100000000)
  region size 1024K, 54 young (55296K), 1 survivors (1024K)
 Metaspace       used 54457K, committed 54720K, reserved 1114112K
  class space    used 6393K, committed 6528K, reserved 1048576K
}
Event: 7.649 GC heap after
{Heap after GC invocations=18 (full 0):
 garbage-first heap   total 130048K, used 46673K [0x0000000084c00000, 0x0000000100000000)
  region size 1024K, 2 young (2048K), 2 survivors (2048K)
 Metaspace       used 54457K, committed 54720K, reserved 1114112K
  class space    used 6393K, committed 6528K, reserved 1048576K
}
Event: 9.939 GC heap before
{Heap before GC invocations=18 (full 0):
 garbage-first heap   total 130048K, used 102993K [0x0000000084c00000, 0x0000000100000000)
  region size 1024K, 57 young (58368K), 2 survivors (2048K)
 Metaspace       used 58951K, committed 59200K, reserved 1114112K
  class space    used 6683K, committed 6784K, reserved 1048576K
}
Event: 9.951 GC heap after
{Heap after GC invocations=19 (full 0):
 garbage-first heap   total 130048K, used 52626K [0x0000000084c00000, 0x0000000100000000)
  region size 1024K, 8 young (8192K), 8 survivors (8192K)
 Metaspace       used 58951K, committed 59200K, reserved 1114112K
  class space    used 6683K, committed 6784K, reserved 1048576K
}
Event: 11.299 GC heap before
{Heap before GC invocations=19 (full 0):
 garbage-first heap   total 130048K, used 103826K [0x0000000084c00000, 0x0000000100000000)
  region size 1024K, 57 young (58368K), 8 survivors (8192K)
 Metaspace       used 59991K, committed 60288K, reserved 1114112K
  class space    used 6746K, committed 6848K, reserved 1048576K
}
Event: 11.316 GC heap after
{Heap after GC invocations=20 (full 0):
 garbage-first heap   total 130048K, used 58593K [0x0000000084c00000, 0x0000000100000000)
  region size 1024K, 6 young (6144K), 6 survivors (6144K)
 Metaspace       used 59991K, committed 60288K, reserved 1114112K
  class space    used 6746K, committed 6848K, reserved 1048576K
}
Event: 12.421 GC heap before
{Heap before GC invocations=20 (full 0):
 garbage-first heap   total 130048K, used 93409K [0x0000000084c00000, 0x0000000100000000)
  region size 1024K, 39 young (39936K), 6 survivors (6144K)
 Metaspace       used 60248K, committed 60480K, reserved 1114112K
  class space    used 6747K, committed 6848K, reserved 1048576K
}
Event: 12.434 GC heap after
{Heap after GC invocations=21 (full 0):
 garbage-first heap   total 130048K, used 63858K [0x0000000084c00000, 0x0000000100000000)
  region size 1024K, 4 young (4096K), 4 survivors (4096K)
 Metaspace       used 60248K, committed 60480K, reserved 1114112K
  class space    used 6747K, committed 6848K, reserved 1048576K
}
Event: 13.490 GC heap before
{Heap before GC invocations=22 (full 0):
 garbage-first heap   total 130048K, used 104818K [0x0000000084c00000, 0x0000000100000000)
  region size 1024K, 44 young (45056K), 4 survivors (4096K)
 Metaspace       used 64746K, committed 65088K, reserved 1114112K
  class space    used 7188K, committed 7360K, reserved 1048576K
}
Event: 13.500 GC heap after
{Heap after GC invocations=23 (full 0):
 garbage-first heap   total 130048K, used 66010K [0x0000000084c00000, 0x0000000100000000)
  region size 1024K, 6 young (6144K), 6 survivors (6144K)
 Metaspace       used 64746K, committed 65088K, reserved 1114112K
  class space    used 7188K, committed 7360K, reserved 1048576K
}
Event: 13.529 GC heap before
{Heap before GC invocations=23 (full 0):
 garbage-first heap   total 130048K, used 67034K [0x0000000084c00000, 0x0000000100000000)
  region size 1024K, 7 young (7168K), 6 survivors (6144K)
 Metaspace       used 64941K, committed 65280K, reserved 1114112K
  class space    used 7210K, committed 7360K, reserved 1048576K
}
Event: 13.541 GC heap after
{Heap after GC invocations=24 (full 0):
 garbage-first heap   total 156672K, used 66004K [0x0000000084c00000, 0x0000000100000000)
  region size 1024K, 1 young (1024K), 1 survivors (1024K)
 Metaspace       used 64941K, committed 65280K, reserved 1114112K
  class space    used 7210K, committed 7360K, reserved 1048576K
}
Event: 14.619 GC heap before
{Heap before GC invocations=24 (full 0):
 garbage-first heap   total 156672K, used 124372K [0x0000000084c00000, 0x0000000100000000)
  region size 1024K, 58 young (59392K), 1 survivors (1024K)
 Metaspace       used 67551K, committed 67904K, reserved 1114112K
  class space    used 7442K, committed 7616K, reserved 1048576K
}
Event: 14.635 GC heap after
{Heap after GC invocations=25 (full 0):
 garbage-first heap   total 156672K, used 74617K [0x0000000084c00000, 0x0000000100000000)
  region size 1024K, 8 young (8192K), 8 survivors (8192K)
 Metaspace       used 67551K, committed 67904K, reserved 1114112K
  class space    used 7442K, committed 7616K, reserved 1048576K
}
Event: 15.674 GC heap before
{Heap before GC invocations=25 (full 0):
 garbage-first heap   total 156672K, used 123769K [0x0000000084c00000, 0x0000000100000000)
  region size 1024K, 56 young (57344K), 8 survivors (8192K)
 Metaspace       used 73292K, committed 73600K, reserved 1179648K
  class space    used 8045K, committed 8192K, reserved 1048576K
}
Event: 15.689 GC heap after
{Heap after GC invocations=26 (full 0):
 garbage-first heap   total 156672K, used 80151K [0x0000000084c00000, 0x0000000100000000)
  region size 1024K, 6 young (6144K), 6 survivors (6144K)
 Metaspace       used 73292K, committed 73600K, reserved 1179648K
  class space    used 8045K, committed 8192K, reserved 1048576K
}
Event: 16.455 GC heap before
{Heap before GC invocations=26 (full 0):
 garbage-first heap   total 156672K, used 125207K [0x0000000084c00000, 0x0000000100000000)
  region size 1024K, 50 young (51200K), 6 survivors (6144K)
 Metaspace       used 77478K, committed 77824K, reserved 1179648K
  class space    used 8451K, committed 8640K, reserved 1048576K
}
Event: 16.470 GC heap after
{Heap after GC invocations=27 (full 0):
 garbage-first heap   total 156672K, used 85347K [0x0000000084c00000, 0x0000000100000000)
  region size 1024K, 6 young (6144K), 6 survivors (6144K)
 Metaspace       used 77478K, committed 77824K, reserved 1179648K
  class space    used 8451K, committed 8640K, reserved 1048576K
}
Event: 16.753 GC heap before
{Heap before GC invocations=27 (full 0):
 garbage-first heap   total 156672K, used 125283K [0x0000000084c00000, 0x0000000100000000)
  region size 1024K, 45 young (46080K), 6 survivors (6144K)
 Metaspace       used 77829K, committed 78144K, reserved 1179648K
  class space    used 8452K, committed 8640K, reserved 1048576K
}

Dll operation events (2 events):
Event: 0.035 Loaded shared library C:\Program Files\Android\Android Studio\jbr\bin\java.dll
Event: 2.184 Loaded shared library C:\Program Files\Android\Android Studio\jbr\bin\verify.dll

Deoptimization events (20 events):
Event: 16.215 Thread 0x0000017145fcc9e0 Uncommon trap: trap_request=0xffffffde fr.pc=0x0000017152b990e0 relative=0x0000000000000ce0
Event: 16.215 Thread 0x0000017145fcc9e0 Uncommon trap: reason=class_check action=maybe_recompile pc=0x0000017152b990e0 method=org.jetbrains.kotlin.ir.util.TypeTranslator.translateTypeAnnotations(Lorg/jetbrains/kotlin/types/KotlinType;Lorg/jetbrains/kotlin/types/KotlinType;)Ljava/util/List; @ 67
Event: 16.215 Thread 0x0000017145fcc9e0 DEOPT PACKING pc=0x0000017152b990e0 sp=0x000000200c4fb2d0
Event: 16.215 Thread 0x0000017145fcc9e0 DEOPT UNPACKING pc=0x00000171521f69a3 sp=0x000000200c4fb208 mode 2
Event: 16.313 Thread 0x0000017145fcc9e0 Uncommon trap: trap_request=0xffffffc6 fr.pc=0x0000017152bf39b4 relative=0x0000000000000a34
Event: 16.313 Thread 0x0000017145fcc9e0 Uncommon trap: reason=bimorphic_or_optimized_type_check action=maybe_recompile pc=0x0000017152bf39b4 method=org.jetbrains.kotlin.ir.declarations.IrFunction.acceptChildren(Lorg/jetbrains/kotlin/ir/visitors/IrElementVisitor;Ljava/lang/Object;)V @ 115 c2
Event: 16.313 Thread 0x0000017145fcc9e0 DEOPT PACKING pc=0x0000017152bf39b4 sp=0x000000200c4fd900
Event: 16.313 Thread 0x0000017145fcc9e0 DEOPT UNPACKING pc=0x00000171521f69a3 sp=0x000000200c4fd8a0 mode 2
Event: 16.313 Thread 0x0000017145fcc9e0 Uncommon trap: trap_request=0xffffffc6 fr.pc=0x0000017152bf39b4 relative=0x0000000000000a34
Event: 16.313 Thread 0x0000017145fcc9e0 Uncommon trap: reason=bimorphic_or_optimized_type_check action=maybe_recompile pc=0x0000017152bf39b4 method=org.jetbrains.kotlin.ir.declarations.IrFunction.acceptChildren(Lorg/jetbrains/kotlin/ir/visitors/IrElementVisitor;Ljava/lang/Object;)V @ 115 c2
Event: 16.313 Thread 0x0000017145fcc9e0 DEOPT PACKING pc=0x0000017152bf39b4 sp=0x000000200c4fd5c0
Event: 16.313 Thread 0x0000017145fcc9e0 DEOPT UNPACKING pc=0x00000171521f69a3 sp=0x000000200c4fd548 mode 2
Event: 16.314 Thread 0x0000017145fcc9e0 Uncommon trap: trap_request=0xffffffc6 fr.pc=0x0000017152bf39b4 relative=0x0000000000000a34
Event: 16.314 Thread 0x0000017145fcc9e0 Uncommon trap: reason=bimorphic_or_optimized_type_check action=maybe_recompile pc=0x0000017152bf39b4 method=org.jetbrains.kotlin.ir.declarations.IrFunction.acceptChildren(Lorg/jetbrains/kotlin/ir/visitors/IrElementVisitor;Ljava/lang/Object;)V @ 115 c2
Event: 16.314 Thread 0x0000017145fcc9e0 DEOPT PACKING pc=0x0000017152bf39b4 sp=0x000000200c4fdc70
Event: 16.314 Thread 0x0000017145fcc9e0 DEOPT UNPACKING pc=0x00000171521f69a3 sp=0x000000200c4fdbf8 mode 2
Event: 16.314 Thread 0x0000017145fcc9e0 Uncommon trap: trap_request=0xffffffc6 fr.pc=0x0000017152bf39b4 relative=0x0000000000000a34
Event: 16.314 Thread 0x0000017145fcc9e0 Uncommon trap: reason=bimorphic_or_optimized_type_check action=maybe_recompile pc=0x0000017152bf39b4 method=org.jetbrains.kotlin.ir.declarations.IrFunction.acceptChildren(Lorg/jetbrains/kotlin/ir/visitors/IrElementVisitor;Ljava/lang/Object;)V @ 115 c2
Event: 16.314 Thread 0x0000017145fcc9e0 DEOPT PACKING pc=0x0000017152bf39b4 sp=0x000000200c4fd6f0
Event: 16.314 Thread 0x0000017145fcc9e0 DEOPT UNPACKING pc=0x00000171521f69a3 sp=0x000000200c4fd678 mode 2

Classes unloaded (0 events):
No events

Classes redefined (0 events):
No events

Internal exceptions (20 events):
Event: 7.113 Thread 0x0000017145fcc9e0 Implicit null exception at 0x000001715286704c to 0x0000017152867128
Event: 7.113 Thread 0x0000017145fcc9e0 Implicit null exception at 0x000001715282b689 to 0x000001715282b770
Event: 7.114 Thread 0x0000017145fcc9e0 Implicit null exception at 0x00000171527a5bd8 to 0x00000171527a5c6a
Event: 7.985 Thread 0x0000017145fcc9e0 Exception <a 'java/lang/NoSuchMethodError'{0x000000008c157a88}: 'java.lang.Object java.lang.invoke.DirectMethodHandle$Holder.invokeStatic(java.lang.Object, int, java.lang.Object)'> (0x000000008c157a88) 
thrown [s\src\hotspot\share\interpreter\linkResolver.cpp, line 771]
Event: 8.153 Thread 0x0000017145fcc9e0 Exception <a 'java/lang/NoSuchMethodError'{0x000000008bc29230}: 'java.lang.Object java.lang.invoke.DirectMethodHandle$Holder.newInvokeSpecial(java.lang.Object, java.lang.Object, java.lang.Object, java.lang.Object, java.lang.Object, java.lang.Object, java.lang.Object)'> (0x000000008bc29230) 
thrown [s\src\hotspot\share\interpreter\linkResolver.cpp, line 771]
Event: 8.154 Thread 0x0000017145fcc9e0 Exception <a 'java/lang/NoSuchMethodError'{0x000000008bc2e338}: 'java.lang.Object java.lang.invoke.Invokers$Holder.linkToTargetMethod(java.lang.Object, java.lang.Object, java.lang.Object, java.lang.Object, java.lang.Object, java.lang.Object, java.lang.Object)'> (0x000000008bc2e338) 
thrown [s\src\hotspot\share\interpreter\linkResolver.cpp, line 771]
Event: 8.211 Thread 0x0000017145fcc9e0 Exception <a 'java/lang/NoSuchMethodError'{0x000000008bb1ebf8}: 'int java.lang.invoke.DirectMethodHandle$Holder.invokeStaticInit(java.lang.Object, int)'> (0x000000008bb1ebf8) 
thrown [s\src\hotspot\share\interpreter\linkResolver.cpp, line 771]
Event: 8.571 Thread 0x0000017145fcc9e0 Exception <a 'java/lang/NoSuchMethodError'{0x000000008b5dda48}: 'java.lang.Object java.lang.invoke.DirectMethodHandle$Holder.invokeInterface(java.lang.Object, java.lang.Object, java.lang.Object)'> (0x000000008b5dda48) 
thrown [s\src\hotspot\share\interpreter\linkResolver.cpp, line 771]
Event: 8.572 Thread 0x0000017145fcc9e0 Exception <a 'java/lang/IncompatibleClassChangeError'{0x000000008b5e13b8}: Found class java.lang.Object, but interface was expected> (0x000000008b5e13b8) 
thrown [s\src\hotspot\share\interpreter\linkResolver.cpp, line 838]
Event: 9.071 Thread 0x0000017145fcc9e0 Implicit null exception at 0x00000171529e85bc to 0x00000171529e9794
Event: 10.357 Thread 0x0000017145fcc9e0 Implicit null exception at 0x0000017152a65c2f to 0x0000017152a65cdc
Event: 11.677 Thread 0x0000017145fcc9e0 Implicit null exception at 0x0000017152b10f54 to 0x0000017152b18f10
Event: 12.307 Thread 0x0000017145fcc9e0 Implicit null exception at 0x0000017152b56a28 to 0x0000017152b56ea0
Event: 12.343 Thread 0x0000017145fcc9e0 Implicit null exception at 0x0000017152b5bd03 to 0x0000017152b5c5e0
Event: 12.775 Thread 0x0000017145fcc9e0 Implicit null exception at 0x00000171527f046c to 0x00000171527f064c
Event: 13.206 Thread 0x0000017145fcc9e0 Exception <a 'java/lang/NoSuchMethodError'{0x000000008ad56858}: 'java.lang.Object java.lang.invoke.DirectMethodHandle$Holder.invokeStaticInit(java.lang.Object, java.lang.Object, java.lang.Object, java.lang.Object)'> (0x000000008ad56858) 
thrown [s\src\hotspot\share\interpreter\linkResolver.cpp, line 771]
Event: 13.629 Thread 0x0000017145fcc9e0 Exception <a 'java/lang/NoSuchMethodError'{0x000000008e042f70}: 'java.lang.Object java.lang.invoke.DirectMethodHandle$Holder.newInvokeSpecial(java.lang.Object, java.lang.Object, java.lang.Object, int, int)'> (0x000000008e042f70) 
thrown [s\src\hotspot\share\interpreter\linkResolver.cpp, line 771]
Event: 13.630 Thread 0x0000017145fcc9e0 Exception <a 'java/lang/NoSuchMethodError'{0x000000008e046db0}: 'java.lang.Object java.lang.invoke.DirectMethodHandle$Holder.invokeSpecial(java.lang.Object, java.lang.Object, java.lang.Object, java.lang.Object, int, int)'> (0x000000008e046db0) 
thrown [s\src\hotspot\share\interpreter\linkResolver.cpp, line 771]
Event: 13.719 Thread 0x0000017145fcc9e0 Exception <a 'java/lang/NoSuchMethodError'{0x000000008dede220}: 'java.lang.Object java.lang.invoke.DirectMethodHandle$Holder.invokeSpecial(java.lang.Object, java.lang.Object, int, int, java.lang.Object, java.lang.Object, java.lang.Object, java.lang.Object, java.lang.Object)'> (0x000000008dede220) 
thrown [s\src\hotspot\share\interpreter\linkResolver.cpp, line 771]
Event: 15.582 Thread 0x0000017145fcc9e0 Implicit null exception at 0x00000171527a8ff0 to 0x00000171527a9214

VM Operations (20 events):
Event: 16.074 Executing VM operation: ICBufferFull done
Event: 16.162 Executing VM operation: ICBufferFull
Event: 16.162 Executing VM operation: ICBufferFull done
Event: 16.291 Executing VM operation: ICBufferFull
Event: 16.291 Executing VM operation: ICBufferFull done
Event: 16.434 Executing VM operation: HandshakeAllThreads
Event: 16.434 Executing VM operation: HandshakeAllThreads done
Event: 16.436 Executing VM operation: HandshakeAllThreads
Event: 16.436 Executing VM operation: HandshakeAllThreads done
Event: 16.444 Executing VM operation: ICBufferFull
Event: 16.444 Executing VM operation: ICBufferFull done
Event: 16.455 Executing VM operation: G1CollectForAllocation
Event: 16.470 Executing VM operation: G1CollectForAllocation done
Event: 16.478 Executing VM operation: HandshakeAllThreads
Event: 16.478 Executing VM operation: HandshakeAllThreads done
Event: 16.543 Executing VM operation: ICBufferFull
Event: 16.543 Executing VM operation: ICBufferFull done
Event: 16.738 Executing VM operation: ICBufferFull
Event: 16.739 Executing VM operation: ICBufferFull done
Event: 16.753 Executing VM operation: G1CollectForAllocation

Events (20 events):
Event: 15.189 Thread 0x00000171620e2710 flushing nmethod 0x000001714c4caa10
Event: 15.189 Thread 0x00000171620e2710 flushing nmethod 0x000001714c4db010
Event: 15.189 Thread 0x00000171620e2710 flushing nmethod 0x000001714c4e1590
Event: 15.189 Thread 0x00000171620e2710 flushing nmethod 0x000001714c505b90
Event: 15.189 Thread 0x00000171620e2710 flushing nmethod 0x000001714c512910
Event: 15.189 Thread 0x00000171620e2710 flushing nmethod 0x000001714c518f90
Event: 15.189 Thread 0x00000171620e2710 flushing nmethod 0x000001714c556990
Event: 15.789 loading class java/util/concurrent/locks/AbstractQueuedSynchronizer$Node
Event: 15.789 loading class java/util/concurrent/locks/AbstractQueuedSynchronizer$Node done
Event: 15.826 loading class java/security/CodeSigner
Event: 15.827 loading class java/security/CodeSigner done
Event: 16.482 Thread 0x00000171620e2710 flushing nmethod 0x000001714ad14d90
Event: 16.486 Thread 0x00000171620e2710 flushing nmethod 0x000001714b180490
Event: 16.487 Thread 0x00000171620e2710 flushing nmethod 0x000001714b281610
Event: 16.489 Thread 0x00000171620e2710 flushing nmethod 0x000001714b467b10
Event: 16.491 Thread 0x00000171620e2710 flushing nmethod 0x000001714b5b9490
Event: 16.495 Thread 0x00000171620e2710 flushing nmethod 0x000001714ba62310
Event: 16.495 Thread 0x00000171620e2710 flushing nmethod 0x000001714bad8b10
Event: 16.504 Thread 0x00000171620e2710 flushing nmethod 0x000001714c453a90
Event: 16.504 Thread 0x00000171620e2710 flushing nmethod 0x000001714c4a5710


Dynamic libraries:
0x00007ff72bb00000 - 0x00007ff72bb0a000 	C:\Program Files\Android\Android Studio\jbr\bin\java.exe
0x00007ffc21030000 - 0x00007ffc21247000 	C:\windows\SYSTEM32\ntdll.dll
0x00007ffc1f560000 - 0x00007ffc1f624000 	C:\windows\System32\KERNEL32.DLL
0x00007ffc1e450000 - 0x00007ffc1e7fd000 	C:\windows\System32\KERNELBASE.dll
0x00007ffc1e9d0000 - 0x00007ffc1eae1000 	C:\windows\System32\ucrtbase.dll
0x00007ffc17880000 - 0x00007ffc1789b000 	C:\Program Files\Android\Android Studio\jbr\bin\VCRUNTIME140.dll
0x00007ffc179f0000 - 0x00007ffc17a07000 	C:\Program Files\Android\Android Studio\jbr\bin\jli.dll
0x00007ffc1fd20000 - 0x00007ffc1fece000 	C:\windows\System32\USER32.dll
0x00007ffc1e9a0000 - 0x00007ffc1e9c6000 	C:\windows\System32\win32u.dll
0x00007ffc20200000 - 0x00007ffc20229000 	C:\windows\System32\GDI32.dll
0x00007ffc1ec50000 - 0x00007ffc1ed69000 	C:\windows\System32\gdi32full.dll
0x00007ffc1ebb0000 - 0x00007ffc1ec4a000 	C:\windows\System32\msvcp_win.dll
0x00007ffbef200000 - 0x00007ffbef493000 	C:\windows\WinSxS\amd64_microsoft.windows.common-controls_6595b64144ccf1df_6.0.22621.3672_none_2713b9d173822955\COMCTL32.dll
0x00007ffc1f430000 - 0x00007ffc1f4d7000 	C:\windows\System32\msvcrt.dll
0x00007ffc1fed0000 - 0x00007ffc1ff01000 	C:\windows\System32\IMM32.DLL
0x00007ffc18730000 - 0x00007ffc1873c000 	C:\Program Files\Android\Android Studio\jbr\bin\vcruntime140_1.dll
0x00007ffbcca40000 - 0x00007ffbccacd000 	C:\Program Files\Android\Android Studio\jbr\bin\msvcp140.dll
0x00007ffb89110000 - 0x00007ffb89d93000 	C:\Program Files\Android\Android Studio\jbr\bin\server\jvm.dll
0x00007ffc20020000 - 0x00007ffc200d2000 	C:\windows\System32\ADVAPI32.dll
0x00007ffc1ed70000 - 0x00007ffc1ee19000 	C:\windows\System32\sechost.dll
0x00007ffc1e970000 - 0x00007ffc1e998000 	C:\windows\System32\bcrypt.dll
0x00007ffc200e0000 - 0x00007ffc201f4000 	C:\windows\System32\RPCRT4.dll
0x00007ffc0c890000 - 0x00007ffc0c89a000 	C:\windows\SYSTEM32\VERSION.dll
0x00007ffbfe310000 - 0x00007ffbfe319000 	C:\windows\SYSTEM32\WSOCK32.dll
0x00007ffc1dae0000 - 0x00007ffc1db2d000 	C:\windows\SYSTEM32\POWRPROF.dll
0x00007ffc1ff10000 - 0x00007ffc1ff81000 	C:\windows\System32\WS2_32.dll
0x00007ffc17580000 - 0x00007ffc175b4000 	C:\windows\SYSTEM32\WINMM.dll
0x00007ffc1dac0000 - 0x00007ffc1dad3000 	C:\windows\SYSTEM32\UMPDC.dll
0x00007ffc1d2f0000 - 0x00007ffc1d308000 	C:\windows\SYSTEM32\kernel.appcore.dll
0x00007ffc1a3b0000 - 0x00007ffc1a3ba000 	C:\Program Files\Android\Android Studio\jbr\bin\jimage.dll
0x00007ffc1b1d0000 - 0x00007ffc1b402000 	C:\windows\SYSTEM32\DBGHELP.DLL
0x00007ffc20230000 - 0x00007ffc205b8000 	C:\windows\System32\combase.dll
0x00007ffc1fbe0000 - 0x00007ffc1fcb7000 	C:\windows\System32\OLEAUT32.dll
0x00007ffbfeb70000 - 0x00007ffbfeba2000 	C:\windows\SYSTEM32\dbgcore.DLL
0x00007ffc1e3d0000 - 0x00007ffc1e44b000 	C:\windows\System32\bcryptPrimitives.dll
0x00007ffc1a330000 - 0x00007ffc1a355000 	C:\Program Files\Android\Android Studio\jbr\bin\java.dll
0x00007ffc1a2d0000 - 0x00007ffc1a2e8000 	C:\Program Files\Android\Android Studio\jbr\bin\zip.dll
0x00007ffc20780000 - 0x00007ffc20fdf000 	C:\windows\System32\SHELL32.dll
0x00007ffc1c260000 - 0x00007ffc1cb5c000 	C:\windows\SYSTEM32\windows.storage.dll
0x00007ffc1c120000 - 0x00007ffc1c25f000 	C:\windows\SYSTEM32\wintypes.dll
0x00007ffc1f650000 - 0x00007ffc1f744000 	C:\windows\System32\SHCORE.dll
0x00007ffc1fcc0000 - 0x00007ffc1fd1e000 	C:\windows\System32\shlwapi.dll
0x00007ffc1e290000 - 0x00007ffc1e2b1000 	C:\windows\SYSTEM32\profapi.dll
0x00007ffc1a180000 - 0x00007ffc1a199000 	C:\Program Files\Android\Android Studio\jbr\bin\net.dll
0x00007ffc1a820000 - 0x00007ffc1a956000 	C:\windows\SYSTEM32\WINHTTP.dll
0x00007ffc1d7b0000 - 0x00007ffc1d819000 	C:\windows\system32\mswsock.dll
0x00007ffc1a0a0000 - 0x00007ffc1a0b6000 	C:\Program Files\Android\Android Studio\jbr\bin\nio.dll
0x00007ffc1a3a0000 - 0x00007ffc1a3b0000 	C:\Program Files\Android\Android Studio\jbr\bin\verify.dll

dbghelp: loaded successfully - version: 4.0.5 - missing functions: none
symbol engine: initialized successfully - sym options: 0x614 - pdb path: .;C:\Program Files\Android\Android Studio\jbr\bin;C:\windows\SYSTEM32;C:\windows\WinSxS\amd64_microsoft.windows.common-controls_6595b64144ccf1df_6.0.22621.3672_none_2713b9d173822955;C:\Program Files\Android\Android Studio\jbr\bin\server

VM Arguments:
java_command: org.jetbrains.kotlin.cli.jvm.K2JVMCompiler @C:\Users\angel\OneDrive\Escritorio\DilloSports\app\build\20240715_16396745247313371207.compiler.options
java_class_path (initial): C:\Users\angel\.gradle\caches\modules-2\files-2.1\org.jetbrains.kotlin\kotlin-compiler-embeddable\1.9.0\2c8c3a7402becca891f12739b3e9fd2dc2adbd7a\kotlin-compiler-embeddable-1.9.0.jar;C:\Users\angel\.gradle\caches\modules-2\files-2.1\org.jetbrains.kotlin\kotlin-stdlib\1.9.0\8ee15ef0c67dc83d874f412d84378d7f0eb50b63\kotlin-stdlib-1.9.0.jar;C:\Users\angel\.gradle\caches\modules-2\files-2.1\org.jetbrains.kotlin\kotlin-script-runtime\1.9.0\4b3102cbbb7e1b58d9d1adf89563f00069ffa7d1\kotlin-script-runtime-1.9.0.jar;C:\Users\angel\.gradle\caches\modules-2\files-2.1\org.jetbrains.kotlin\kotlin-reflect\1.6.10\1cbe9c92c12a94eea200d23c2bbaedaf3daf5132\kotlin-reflect-1.6.10.jar;C:\Users\angel\.gradle\caches\modules-2\files-2.1\org.jetbrains.kotlin\kotlin-daemon-embeddable\1.9.0\186543f5e28cf8d9a0290fecc2cf34301c40a65c\kotlin-daemon-embeddable-1.9.0.jar;C:\Users\angel\.gradle\caches\modules-2\files-2.1\org.jetbrains.intellij.deps\trove4j\1.0.20200330\3afb14d5f9ceb459d724e907a21145e8ff394f02\trove4j-1.0.20200330.jar;C:\Users\angel\.gradle\caches\modules-2\files-2.1\org.jetbrains.kotlin\kotlin-stdlib-common\1.9.0\cd65c21cfd1eec4d44ef09f9f52b6d9f8a720636\kotlin-stdlib-common-1.9.0.jar;C:\Users\angel\.gradle\caches\modules-2\files-2.1\org.jetbrains\annotations\13.0\919f0dfe192fb4e063e7dacadee7f8bb9a2672a9\annotations-13.0.jar
Launcher Type: SUN_STANDARD

[Global flags]
     intx CICompilerCount                          = 4                                         {product} {ergonomic}
     uint ConcGCThreads                            = 3                                         {product} {ergonomic}
     uint G1ConcRefinementThreads                  = 10                                        {product} {ergonomic}
   size_t G1HeapRegionSize                         = 1048576                                   {product} {ergonomic}
    uintx GCDrainStackTargetSize                   = 64                                        {product} {ergonomic}
   size_t InitialHeapSize                          = 130023424                                 {product} {ergonomic}
   size_t MarkStackSize                            = 4194304                                   {product} {ergonomic}
   size_t MaxHeapSize                              = 2067791872                                {product} {ergonomic}
   size_t MaxNewSize                               = 1240465408                                {product} {ergonomic}
   size_t MinHeapDeltaBytes                        = 1048576                                   {product} {ergonomic}
   size_t MinHeapSize                              = 8388608                                   {product} {ergonomic}
    uintx NonNMethodCodeHeapSize                   = 5839372                                {pd product} {ergonomic}
    uintx NonProfiledCodeHeapSize                  = 122909434                              {pd product} {ergonomic}
    uintx ProfiledCodeHeapSize                     = 122909434                              {pd product} {ergonomic}
    uintx ReservedCodeCacheSize                    = 251658240                              {pd product} {ergonomic}
     bool SegmentedCodeCache                       = true                                      {product} {ergonomic}
   size_t SoftMaxHeapSize                          = 2067791872                             {manageable} {ergonomic}
     bool UseCompressedClassPointers               = true                           {product lp64_product} {ergonomic}
     bool UseCompressedOops                        = true                           {product lp64_product} {ergonomic}
     bool UseG1GC                                  = true                                      {product} {ergonomic}
     bool UseLargePagesIndividualAllocation        = false                                  {pd product} {ergonomic}

Logging:
Log output configuration:
 #0: stdout all=warning uptime,level,tags
 #1: stderr all=off uptime,level,tags

Environment Variables:
PATH=C:\oracle\dbhomeXE\bin;C:\app\angel\product\21c\dbhomeXE\bin;C:\windows\system32;C:\windows;C:\windows\System32\Wbem;C:\windows\System32\WindowsPowerShell\v1.0\;C:\windows\System32\OpenSSH\;C:\Program Files\dotnet\;C:\Program Files (x86)\Microsoft SQL Server\160\Tools\Binn\;C:\Program Files\Microsoft SQL Server\160\Tools\Binn\;C:\Program Files\Microsoft SQL Server\Client SDK\ODBC\170\Tools\Binn\;C:\Program Files\Microsoft SQL Server\160\DTS\Binn\;C:\Program Files (x86)\Microsoft SQL Server\160\DTS\Binn\;C:\Program Files\Azure Data Studio\bin;C:\Program Files\HP\HP One Agent;C:\Program Files\Git\cmd;C:\Users\angel\AppData\Local\Microsoft\WindowsApps;;C:\Users\angel\AppData\Local\Programs\Microsoft VS Code\bin;C:\Users\angel\.dotnet\tools;C:\Program Files\Azure Data Studio\bin
USERNAME=angel
OS=Windows_NT
PROCESSOR_IDENTIFIER=Intel64 Family 6 Model 154 Stepping 4, GenuineIntel
TMP=C:\Users\angel\AppData\Local\Temp
TEMP=C:\Users\angel\AppData\Local\Temp



Periodic native trim disabled

JNI global refs:
JNI global refs: 11, weak refs: 15

JNI global refs memory usage: 843, weak refs: 841

OOME stack traces (most recent first):
Classloader memory used:
Loader jdk.internal.loader.ClassLoaders$AppClassLoader                                 : 8354K
Loader bootstrap                                                                       : 1352K
Loader jdk.internal.reflect.DelegatingClassLoader                                      : 21536B


---------------  S Y S T E M  ---------------

OS:
 Windows 11 , 64 bit Build 22621 (10.0.22621.3672)
OS uptime: 1 days 21:36 hours
Hyper-V role detected

CPU: total 12 (initial active 12) (6 cores per cpu, 2 threads per core) family 6 model 154 stepping 4 microcode 0x432, cx8, cmov, fxsr, ht, mmx, 3dnowpref, sse, sse2, sse3, ssse3, sse4.1, sse4.2, popcnt, lzcnt, tsc, tscinvbit, avx, avx2, aes, erms, clmul, bmi1, bmi2, adx, sha, fma, vzeroupper, clflush, clflushopt, clwb, hv
Processor Information for processor 0
  Max Mhz: 1100, Current Mhz: 1100, Mhz Limit: 1100
Processor Information for processor 1
  Max Mhz: 1100, Current Mhz: 1100, Mhz Limit: 1100
Processor Information for processor 2
  Max Mhz: 1100, Current Mhz: 1100, Mhz Limit: 1100
Processor Information for processor 3
  Max Mhz: 1100, Current Mhz: 1100, Mhz Limit: 1100
Processor Information for processor 4
  Max Mhz: 1100, Current Mhz: 800, Mhz Limit: 792
Processor Information for processor 5
  Max Mhz: 1100, Current Mhz: 800, Mhz Limit: 792
Processor Information for processor 6
  Max Mhz: 1100, Current Mhz: 800, Mhz Limit: 792
Processor Information for processor 7
  Max Mhz: 1100, Current Mhz: 800, Mhz Limit: 792
Processor Information for processor 8
  Max Mhz: 1100, Current Mhz: 800, Mhz Limit: 792
Processor Information for processor 9
  Max Mhz: 1100, Current Mhz: 800, Mhz Limit: 792
Processor Information for processor 10
  Max Mhz: 1100, Current Mhz: 800, Mhz Limit: 792
Processor Information for processor 11
  Max Mhz: 1100, Current Mhz: 800, Mhz Limit: 792

Memory: 4k page, system-wide physical 7885M (175M free)
TotalPageFile size 17885M (AvailPageFile size 141M)
current process WorkingSet (physical memory assigned to process): 352M, peak: 352M
current process commit charge ("private bytes"): 393M, peak: 537M

vm_info: OpenJDK 64-Bit Server VM (17.0.10+0--11609105) for windows-amd64 JRE (17.0.10+0--11609105), built on Mar 21 2024 19:10:56 by "androidbuild" with MS VC++ 16.10 / 16.11 (VS2019)

END.
