#
# There is insufficient memory for the Java Runtime Environment to continue.
# Native memory allocation (mmap) failed to map 20971520 bytes for G1 virtual space
# Possible reasons:
#   The system is out of physical RAM or swap space
#   The process is running with CompressedOops enabled, and the Java Heap may be blocking the growth of the native heap
# Possible solutions:
#   Reduce memory load on the system
#   Increase physical memory or swap space
#   Check if swap backing store is full
#   Decrease Java heap size (-Xmx/-Xms)
#   Decrease number of Java threads
#   Decrease Java thread stack sizes (-Xss)
#   Set larger code cache with -XX:ReservedCodeCacheSize=
#   JVM is running with Unscaled Compressed Oops mode in which the Java heap is
#     placed in the first 4GB address space. The Java Heap base address is the
#     maximum limit for the native heap growth. Please use -XX:HeapBaseMinAddress
#     to set the Java Heap base and to place the Java Heap above 4GB virtual address.
# This output file may be truncated or incomplete.
#
#  Out of Memory Error (os_windows.cpp:3825), pid=31872, tid=36788
#
# JRE version: OpenJDK Runtime Environment (17.0.10) (build 17.0.10+0--11609105)
# Java VM: OpenJDK 64-Bit Server VM (17.0.10+0--11609105, mixed mode, tiered, compressed oops, compressed class ptrs, g1 gc, windows-amd64)
# No core dump will be written. Minidumps are not enabled by default on client versions of Windows
#

---------------  S U M M A R Y ------------

Command Line: --add-opens=java.base/java.util=ALL-UNNAMED --add-opens=java.base/java.lang=ALL-UNNAMED --add-opens=java.base/java.lang.invoke=ALL-UNNAMED --add-opens=java.prefs/java.util.prefs=ALL-UNNAMED --add-opens=java.base/java.nio.charset=ALL-UNNAMED --add-opens=java.base/java.net=ALL-UNNAMED --add-opens=java.base/java.util.concurrent.atomic=ALL-UNNAMED -Xmx2048m -Dfile.encoding=UTF-8 -Duser.country=SV -Duser.language=es -Duser.variant -javaagent:C:\Users\angel\.gradle\wrapper\dists\gradle-8.7-bin\bhs2wmbdwecv87pi65oeuq5iu\gradle-8.7\lib\agents\gradle-instrumentation-agent-8.7.jar org.gradle.launcher.daemon.bootstrap.GradleDaemon 8.7

Host: 12th Gen Intel(R) Core(TM) i7-1250U, 12 cores, 7G,  Windows 11 , 64 bit Build 22621 (10.0.22621.3672)
Time: Wed Aug 14 22:42:03 2024 Hora estándar, América Central elapsed time: 7.844041 seconds (0d 0h 0m 7s)

---------------  T H R E A D  ---------------

Current thread (0x000001f686013a30):  VMThread "VM Thread" [stack: 0x000000e5a9300000,0x000000e5a9400000] [id=36788]

Stack: [0x000000e5a9300000,0x000000e5a9400000]
Native frames: (J=compiled Java code, j=interpreted, Vv=VM code, C=native code)
V  [jvm.dll+0x688de9]
V  [jvm.dll+0x8423da]
V  [jvm.dll+0x84401e]
V  [jvm.dll+0x844683]
V  [jvm.dll+0x24be0f]
V  [jvm.dll+0x685bb9]
V  [jvm.dll+0x67a46a]
V  [jvm.dll+0x30cbab]
V  [jvm.dll+0x314056]
V  [jvm.dll+0x363dce]
V  [jvm.dll+0x363fff]
V  [jvm.dll+0x2e2978]
V  [jvm.dll+0x2e0b54]
V  [jvm.dll+0x2e015c]
V  [jvm.dll+0x32502b]
V  [jvm.dll+0x848d7b]
V  [jvm.dll+0x849ac1]
V  [jvm.dll+0x849fdd]
V  [jvm.dll+0x84a3b4]
V  [jvm.dll+0x84a480]
V  [jvm.dll+0x7f0c7a]
V  [jvm.dll+0x687c65]
C  [ucrtbase.dll+0x29333]
C  [KERNEL32.DLL+0x1257d]
C  [ntdll.dll+0x5af28]

VM_Operation (0x000000e5aaaf09e0): G1CollectForAllocation, mode: safepoint, requested by thread 0x000001f687df9550


---------------  P R O C E S S  ---------------

Threads class SMR info:
_java_thread_list=0x000001f689c19480, length=49, elements={
0x000001f6e7f6bee0, 0x000001f6ffdde480, 0x000001f6ffddf300, 0x000001f6ffdfe2a0,
0x000001f68603fe60, 0x000001f686040730, 0x000001f686043100, 0x000001f686043ea0,
0x000001f68604fe60, 0x000001f686052870, 0x000001f6ffd7db00, 0x000001f68634ffe0,
0x000001f68783e160, 0x000001f687109ba0, 0x000001f6877435a0, 0x000001f687df2790,
0x000001f687e32010, 0x000001f687e91630, 0x000001f687df9550, 0x000001f68660cb30,
0x000001f68660e990, 0x000001f68660bc00, 0x000001f68660b6f0, 0x000001f68660c110,
0x000001f68660d040, 0x000001f688661a80, 0x000001f688661f90, 0x000001f688662ec0,
0x000001f6886624a0, 0x000001f688664300, 0x000001f6886629b0, 0x000001f6886633d0,
0x000001f6886638e0, 0x000001f688661060, 0x000001f688663df0, 0x000001f688664810,
0x000001f68944dfa0, 0x000001f689454f00, 0x000001f68944f3e0, 0x000001f689452170,
0x000001f689453ac0, 0x000001f689450d30, 0x000001f6894535b0, 0x000001f6894544e0,
0x000001f68944da90, 0x000001f689451c60, 0x000001f689451240, 0x000001f6894549f0,
0x000001f689455410
}

Java Threads: ( => current thread )
  0x000001f6e7f6bee0 JavaThread "main" [_thread_blocked, id=14364, stack(0x000000e5a8d00000,0x000000e5a8e00000)]
  0x000001f6ffdde480 JavaThread "Reference Handler" daemon [_thread_blocked, id=26960, stack(0x000000e5a9400000,0x000000e5a9500000)]
  0x000001f6ffddf300 JavaThread "Finalizer" daemon [_thread_blocked, id=15024, stack(0x000000e5a9500000,0x000000e5a9600000)]
  0x000001f6ffdfe2a0 JavaThread "Signal Dispatcher" daemon [_thread_blocked, id=25992, stack(0x000000e5a9600000,0x000000e5a9700000)]
  0x000001f68603fe60 JavaThread "Attach Listener" daemon [_thread_blocked, id=2140, stack(0x000000e5a9700000,0x000000e5a9800000)]
  0x000001f686040730 JavaThread "Service Thread" daemon [_thread_blocked, id=40316, stack(0x000000e5a9800000,0x000000e5a9900000)]
  0x000001f686043100 JavaThread "Monitor Deflation Thread" daemon [_thread_blocked, id=33740, stack(0x000000e5a9900000,0x000000e5a9a00000)]
  0x000001f686043ea0 JavaThread "C2 CompilerThread0" daemon [_thread_blocked, id=4428, stack(0x000000e5a9a00000,0x000000e5a9b00000)]
  0x000001f68604fe60 JavaThread "C1 CompilerThread0" daemon [_thread_blocked, id=7880, stack(0x000000e5a9b00000,0x000000e5a9c00000)]
  0x000001f686052870 JavaThread "Sweeper thread" daemon [_thread_blocked, id=13052, stack(0x000000e5a9c00000,0x000000e5a9d00000)]
  0x000001f6ffd7db00 JavaThread "Common-Cleaner" daemon [_thread_blocked, id=28384, stack(0x000000e5a9d00000,0x000000e5a9e00000)]
  0x000001f68634ffe0 JavaThread "Notification Thread" daemon [_thread_blocked, id=39544, stack(0x000000e5a9e00000,0x000000e5a9f00000)]
  0x000001f68783e160 JavaThread "Daemon health stats" [_thread_blocked, id=13792, stack(0x000000e5aa400000,0x000000e5aa500000)]
  0x000001f687109ba0 JavaThread "Incoming local TCP Connector on port 49925" [_thread_in_native, id=29752, stack(0x000000e5aa500000,0x000000e5aa600000)]
  0x000001f6877435a0 JavaThread "Daemon periodic checks" [_thread_blocked, id=3816, stack(0x000000e5aa600000,0x000000e5aa700000)]
  0x000001f687df2790 JavaThread "Daemon" [_thread_blocked, id=21492, stack(0x000000e5aa700000,0x000000e5aa800000)]
  0x000001f687e32010 JavaThread "Handler for socket connection from /127.0.0.1:49925 to /127.0.0.1:49926" [_thread_in_native, id=11884, stack(0x000000e5aa800000,0x000000e5aa900000)]
  0x000001f687e91630 JavaThread "Cancel handler" [_thread_blocked, id=37952, stack(0x000000e5aa900000,0x000000e5aaa00000)]
  0x000001f687df9550 JavaThread "Daemon worker" [_thread_blocked, id=34268, stack(0x000000e5aaa00000,0x000000e5aab00000)]
  0x000001f68660cb30 JavaThread "Asynchronous log dispatcher for DefaultDaemonConnection: socket connection from /127.0.0.1:49925 to /127.0.0.1:49926" [_thread_blocked, id=18216, stack(0x000000e5aab00000,0x000000e5aac00000)]
  0x000001f68660e990 JavaThread "Stdin handler" [_thread_blocked, id=24676, stack(0x000000e5aac00000,0x000000e5aad00000)]
  0x000001f68660bc00 JavaThread "Daemon client event forwarder" [_thread_blocked, id=35948, stack(0x000000e5aad00000,0x000000e5aae00000)]
  0x000001f68660b6f0 JavaThread "Cache worker for journal cache (C:\Users\angel\.gradle\caches\journal-1)" [_thread_blocked, id=40724, stack(0x000000e5ab200000,0x000000e5ab300000)]
  0x000001f68660c110 JavaThread "File lock request listener" [_thread_in_native, id=25612, stack(0x000000e5ab300000,0x000000e5ab400000)]
  0x000001f68660d040 JavaThread "Cache worker for file hash cache (C:\Users\angel\.gradle\caches\8.7\fileHashes)" [_thread_blocked, id=33244, stack(0x000000e5ab400000,0x000000e5ab500000)]
  0x000001f688661a80 JavaThread "Cache worker for file hash cache (C:\Users\angel\OneDrive\Escritorio\DilloSports\.gradle\8.7\fileHashes)" [_thread_blocked, id=37348, stack(0x000000e5ab500000,0x000000e5ab600000)]
  0x000001f688661f90 JavaThread "File watcher server" daemon [_thread_in_native, id=9488, stack(0x000000e5ab600000,0x000000e5ab700000)]
  0x000001f688662ec0 JavaThread "File watcher consumer" daemon [_thread_blocked, id=36164, stack(0x000000e5ab700000,0x000000e5ab800000)]
  0x000001f6886624a0 JavaThread "jar transforms" [_thread_blocked, id=2808, stack(0x000000e5ab800000,0x000000e5ab900000)]
  0x000001f688664300 JavaThread "jar transforms Thread 2" [_thread_blocked, id=1604, stack(0x000000e5ab900000,0x000000e5aba00000)]
  0x000001f6886629b0 JavaThread "jar transforms Thread 3" [_thread_blocked, id=38756, stack(0x000000e5aba00000,0x000000e5abb00000)]
  0x000001f6886633d0 JavaThread "jar transforms Thread 4" [_thread_blocked, id=36704, stack(0x000000e5abb00000,0x000000e5abc00000)]
  0x000001f6886638e0 JavaThread "jar transforms Thread 5" [_thread_blocked, id=35580, stack(0x000000e5abc00000,0x000000e5abd00000)]
  0x000001f688661060 JavaThread "jar transforms Thread 6" [_thread_blocked, id=3384, stack(0x000000e5abd00000,0x000000e5abe00000)]
  0x000001f688663df0 JavaThread "jar transforms Thread 7" [_thread_blocked, id=508, stack(0x000000e5abe00000,0x000000e5abf00000)]
  0x000001f688664810 JavaThread "jar transforms Thread 8" [_thread_blocked, id=38848, stack(0x000000e5abf00000,0x000000e5ac000000)]
  0x000001f68944dfa0 JavaThread "Cache worker for checksums cache (C:\Users\angel\OneDrive\Escritorio\DilloSports\.gradle\8.7\checksums)" [_thread_blocked, id=5612, stack(0x000000e5ac100000,0x000000e5ac200000)]
  0x000001f689454f00 JavaThread "Cache worker for cache directory md-supplier (C:\Users\angel\.gradle\caches\8.7\md-supplier)" [_thread_blocked, id=33820, stack(0x000000e5ac200000,0x000000e5ac300000)]
  0x000001f68944f3e0 JavaThread "Cache worker for cache directory md-rule (C:\Users\angel\.gradle\caches\8.7\md-rule)" [_thread_blocked, id=23772, stack(0x000000e5ac300000,0x000000e5ac400000)]
  0x000001f689452170 JavaThread "Cache worker for file content cache (C:\Users\angel\.gradle\caches\8.7\fileContent)" [_thread_blocked, id=39832, stack(0x000000e5ac400000,0x000000e5ac500000)]
  0x000001f689453ac0 JavaThread "Unconstrained build operations" [_thread_blocked, id=38516, stack(0x000000e5ac500000,0x000000e5ac600000)]
  0x000001f689450d30 JavaThread "Unconstrained build operations Thread 2" [_thread_blocked, id=9620, stack(0x000000e5ac600000,0x000000e5ac700000)]
  0x000001f6894535b0 JavaThread "Unconstrained build operations Thread 3" [_thread_blocked, id=28372, stack(0x000000e5ac700000,0x000000e5ac800000)]
  0x000001f6894544e0 JavaThread "Unconstrained build operations Thread 4" [_thread_blocked, id=1452, stack(0x000000e5ac800000,0x000000e5ac900000)]
  0x000001f68944da90 JavaThread "Unconstrained build operations Thread 5" [_thread_blocked, id=5340, stack(0x000000e5ac900000,0x000000e5aca00000)]
  0x000001f689451c60 JavaThread "Unconstrained build operations Thread 6" [_thread_blocked, id=33780, stack(0x000000e5aca00000,0x000000e5acb00000)]
  0x000001f689451240 JavaThread "Unconstrained build operations Thread 7" [_thread_blocked, id=34576, stack(0x000000e5acb00000,0x000000e5acc00000)]
  0x000001f6894549f0 JavaThread "Unconstrained build operations Thread 8" [_thread_blocked, id=34376, stack(0x000000e5acc00000,0x000000e5acd00000)]
  0x000001f689455410 JavaThread "Unconstrained build operations Thread 9" [_thread_blocked, id=6444, stack(0x000000e5acd00000,0x000000e5ace00000)]

Other Threads:
=>0x000001f686013a30 VMThread "VM Thread" [stack: 0x000000e5a9300000,0x000000e5a9400000] [id=36788]
  0x000001f6863504c0 WatcherThread [stack: 0x000000e5a9f00000,0x000000e5aa000000] [id=11552]
  0x000001f6e7fc7080 GCTaskThread "GC Thread#0" [stack: 0x000000e5a8e00000,0x000000e5a8f00000] [id=30972]
  0x000001f686e19790 GCTaskThread "GC Thread#1" [stack: 0x000000e5aa000000,0x000000e5aa100000] [id=1984]
  0x000001f6865772b0 GCTaskThread "GC Thread#2" [stack: 0x000000e5aa100000,0x000000e5aa200000] [id=11504]
  0x000001f68675ec30 GCTaskThread "GC Thread#3" [stack: 0x000000e5aa200000,0x000000e5aa300000] [id=21776]
  0x000001f686dc5e70 GCTaskThread "GC Thread#4" [stack: 0x000000e5aa300000,0x000000e5aa400000] [id=35168]
  0x000001f687cfe930 GCTaskThread "GC Thread#5" [stack: 0x000000e5aae00000,0x000000e5aaf00000] [id=39236]
  0x000001f687cfebf0 GCTaskThread "GC Thread#6" [stack: 0x000000e5aaf00000,0x000000e5ab000000] [id=40188]
  0x000001f687fba410 GCTaskThread "GC Thread#7" [stack: 0x000000e5ab000000,0x000000e5ab100000] [id=18504]
  0x000001f6e7fd7fd0 ConcurrentGCThread "G1 Main Marker" [stack: 0x000000e5a8f00000,0x000000e5a9000000] [id=11480]
  0x000001f6e7fd9190 ConcurrentGCThread "G1 Conc#0" [stack: 0x000000e5a9000000,0x000000e5a9100000] [id=9660]
  0x000001f687e795a0 ConcurrentGCThread "G1 Conc#1" [stack: 0x000000e5ab100000,0x000000e5ab200000] [id=12364]
  0x000001f6e801d620 ConcurrentGCThread "G1 Refine#0" [stack: 0x000000e5a9100000,0x000000e5a9200000] [id=31324]
  0x000001f6892c05f0 ConcurrentGCThread "G1 Refine#1" [stack: 0x000000e5ac000000,0x000000e5ac100000] [id=22748]
  0x000001f6e801e050 ConcurrentGCThread "G1 Service" [stack: 0x000000e5a9200000,0x000000e5a9300000] [id=6360]

Threads with active compile tasks:
C2 CompilerThread0     7875 4785   !   4       java.net.URLClassLoader::findClass (47 bytes)

VM state: at safepoint (normal execution)

VM Mutex/Monitor currently owned by a thread:  ([mutex/lock_event])
[0x000001f6e7f695f0] Threads_lock - owner thread: 0x000001f686013a30
[0x000001f6e7f67ca0] Heap_lock - owner thread: 0x000001f687df9550

Heap address: 0x0000000080000000, size: 2048 MB, Compressed Oops mode: 32-bit

CDS archive(s) not mapped
Compressed class space mapped at: 0x0000000100000000-0x0000000140000000, reserved size: 1073741824
Narrow klass base: 0x0000000000000000, Narrow klass shift: 3, Narrow klass range: 0x140000000

GC Precious Log:
 CPUs: 12 total, 8 available
 Memory: 7885M
 Large Page Support: Disabled
 NUMA Support: Disabled
 Compressed Oops: Enabled (32-bit)
 Heap Region Size: 1M
 Heap Min Capacity: 8M
 Heap Initial Capacity: 124M
 Heap Max Capacity: 2G
 Pre-touch: Disabled
 Parallel Workers: 8
 Concurrent Workers: 2
 Concurrent Refinement Workers: 8
 Periodic GC: Disabled

Heap:
 garbage-first heap   total 126976K, used 69320K [0x0000000080000000, 0x0000000100000000)
  region size 1024K, 2 young (2048K), 2 survivors (2048K)
 Metaspace       used 54066K, committed 54720K, reserved 1114112K
  class space    used 7242K, committed 7552K, reserved 1048576K

Heap Regions: E=young(eden), S=young(survivor), O=old, HS=humongous(starts), HC=humongous(continues), CS=collection set, F=free, OA=open archive, CA=closed archive, TAMS=top-at-mark-start (previous, next)
|   0|0x0000000080000000, 0x0000000080100000, 0x0000000080100000|100%|HS|  |TAMS 0x0000000080100000, 0x0000000080100000| Complete 
|   1|0x0000000080100000, 0x0000000080200000, 0x0000000080200000|100%|HC|  |TAMS 0x0000000080200000, 0x0000000080200000| Complete 
|   2|0x0000000080200000, 0x0000000080300000, 0x0000000080300000|100%|HC|  |TAMS 0x0000000080300000, 0x0000000080300000| Complete 
|   3|0x0000000080300000, 0x0000000080400000, 0x0000000080400000|100%|HC|  |TAMS 0x0000000080400000, 0x0000000080400000| Complete 
|   4|0x0000000080400000, 0x0000000080500000, 0x0000000080500000|100%| O|  |TAMS 0x0000000080500000, 0x0000000080500000| Untracked 
|   5|0x0000000080500000, 0x0000000080600000, 0x0000000080600000|100%| O|  |TAMS 0x0000000080600000, 0x0000000080600000| Untracked 
|   6|0x0000000080600000, 0x0000000080700000, 0x0000000080700000|100%| O|  |TAMS 0x0000000080700000, 0x0000000080700000| Untracked 
|   7|0x0000000080700000, 0x0000000080800000, 0x0000000080800000|100%| O|  |TAMS 0x0000000080800000, 0x0000000080800000| Untracked 
|   8|0x0000000080800000, 0x0000000080900000, 0x0000000080900000|100%| O|  |TAMS 0x0000000080900000, 0x0000000080900000| Untracked 
|   9|0x0000000080900000, 0x0000000080a00000, 0x0000000080a00000|100%| O|  |TAMS 0x0000000080a00000, 0x0000000080a00000| Untracked 
|  10|0x0000000080a00000, 0x0000000080a64200, 0x0000000080b00000| 39%| O|  |TAMS 0x0000000080a64200, 0x0000000080a64200| Untracked 
|  11|0x0000000080b00000, 0x0000000080c00000, 0x0000000080c00000|100%| O|  |TAMS 0x0000000080c00000, 0x0000000080c00000| Untracked 
|  12|0x0000000080c00000, 0x0000000080d00000, 0x0000000080d00000|100%| O|  |TAMS 0x0000000080d00000, 0x0000000080d00000| Untracked 
|  13|0x0000000080d00000, 0x0000000080e00000, 0x0000000080e00000|100%| O|  |TAMS 0x0000000080e00000, 0x0000000080e00000| Untracked 
|  14|0x0000000080e00000, 0x0000000080f00000, 0x0000000080f00000|100%| O|  |TAMS 0x0000000080f00000, 0x0000000080f00000| Untracked 
|  15|0x0000000080f00000, 0x0000000081000000, 0x0000000081000000|100%| O|  |TAMS 0x0000000081000000, 0x0000000081000000| Untracked 
|  16|0x0000000081000000, 0x0000000081100000, 0x0000000081100000|100%| O|  |TAMS 0x0000000081100000, 0x0000000081100000| Untracked 
|  17|0x0000000081100000, 0x0000000081200000, 0x0000000081200000|100%| O|  |TAMS 0x0000000081200000, 0x0000000081200000| Untracked 
|  18|0x0000000081200000, 0x0000000081300000, 0x0000000081300000|100%| O|  |TAMS 0x0000000081300000, 0x0000000081300000| Untracked 
|  19|0x0000000081300000, 0x0000000081400000, 0x0000000081400000|100%|HS|  |TAMS 0x0000000081400000, 0x0000000081400000| Complete 
|  20|0x0000000081400000, 0x0000000081500000, 0x0000000081500000|100%|HC|  |TAMS 0x0000000081500000, 0x0000000081500000| Complete 
|  21|0x0000000081500000, 0x0000000081600000, 0x0000000081600000|100%|HC|  |TAMS 0x0000000081600000, 0x0000000081600000| Complete 
|  22|0x0000000081600000, 0x0000000081700000, 0x0000000081700000|100%|HC|  |TAMS 0x0000000081700000, 0x0000000081700000| Complete 
|  23|0x0000000081700000, 0x0000000081800000, 0x0000000081800000|100%|HC|  |TAMS 0x0000000081800000, 0x0000000081800000| Complete 
|  24|0x0000000081800000, 0x0000000081900000, 0x0000000081900000|100%|HS|  |TAMS 0x0000000081900000, 0x0000000081900000| Complete 
|  25|0x0000000081900000, 0x0000000081a00000, 0x0000000081a00000|100%|HC|  |TAMS 0x0000000081a00000, 0x0000000081a00000| Complete 
|  26|0x0000000081a00000, 0x0000000081b00000, 0x0000000081b00000|100%|HC|  |TAMS 0x0000000081b00000, 0x0000000081b00000| Complete 
|  27|0x0000000081b00000, 0x0000000081c00000, 0x0000000081c00000|100%|HS|  |TAMS 0x0000000081c00000, 0x0000000081c00000| Complete 
|  28|0x0000000081c00000, 0x0000000081d00000, 0x0000000081d00000|100%|HC|  |TAMS 0x0000000081d00000, 0x0000000081d00000| Complete 
|  29|0x0000000081d00000, 0x0000000081e00000, 0x0000000081e00000|100%|HC|  |TAMS 0x0000000081e00000, 0x0000000081e00000| Complete 
|  30|0x0000000081e00000, 0x0000000081f00000, 0x0000000081f00000|100%| O|  |TAMS 0x0000000081f00000, 0x0000000081f00000| Untracked 
|  31|0x0000000081f00000, 0x0000000082000000, 0x0000000082000000|100%| O|  |TAMS 0x0000000082000000, 0x0000000082000000| Untracked 
|  32|0x0000000082000000, 0x0000000082100000, 0x0000000082100000|100%| O|  |TAMS 0x0000000082100000, 0x0000000082100000| Untracked 
|  33|0x0000000082100000, 0x0000000082200000, 0x0000000082200000|100%| O|  |TAMS 0x0000000082200000, 0x0000000082200000| Untracked 
|  34|0x0000000082200000, 0x0000000082300000, 0x0000000082300000|100%|HS|  |TAMS 0x0000000082300000, 0x0000000082300000| Complete 
|  35|0x0000000082300000, 0x0000000082400000, 0x0000000082400000|100%| O|  |TAMS 0x0000000082400000, 0x0000000082400000| Untracked 
|  36|0x0000000082400000, 0x0000000082500000, 0x0000000082500000|100%| O|  |TAMS 0x0000000082500000, 0x0000000082500000| Untracked 
|  37|0x0000000082500000, 0x0000000082600000, 0x0000000082600000|100%| O|  |TAMS 0x0000000082600000, 0x0000000082600000| Untracked 
|  38|0x0000000082600000, 0x0000000082700000, 0x0000000082700000|100%| O|  |TAMS 0x0000000082700000, 0x0000000082700000| Untracked 
|  39|0x0000000082700000, 0x0000000082800000, 0x0000000082800000|100%| O|  |TAMS 0x0000000082800000, 0x0000000082800000| Untracked 
|  40|0x0000000082800000, 0x0000000082900000, 0x0000000082900000|100%| O|  |TAMS 0x0000000082900000, 0x0000000082900000| Untracked 
|  41|0x0000000082900000, 0x0000000082a00000, 0x0000000082a00000|100%| O|  |TAMS 0x0000000082a00000, 0x0000000082a00000| Untracked 
|  42|0x0000000082a00000, 0x0000000082b00000, 0x0000000082b00000|100%| O|  |TAMS 0x0000000082b00000, 0x0000000082b00000| Untracked 
|  43|0x0000000082b00000, 0x0000000082c00000, 0x0000000082c00000|100%| O|  |TAMS 0x0000000082c00000, 0x0000000082c00000| Untracked 
|  44|0x0000000082c00000, 0x0000000082d00000, 0x0000000082d00000|100%| O|  |TAMS 0x0000000082d00000, 0x0000000082d00000| Untracked 
|  45|0x0000000082d00000, 0x0000000082e00000, 0x0000000082e00000|100%| O|  |TAMS 0x0000000082e00000, 0x0000000082e00000| Untracked 
|  46|0x0000000082e00000, 0x0000000082f00000, 0x0000000082f00000|100%|HS|  |TAMS 0x0000000082f00000, 0x0000000082f00000| Complete 
|  47|0x0000000082f00000, 0x0000000083000000, 0x0000000083000000|100%|HC|  |TAMS 0x0000000083000000, 0x0000000083000000| Complete 
|  48|0x0000000083000000, 0x0000000083100000, 0x0000000083100000|100%|HC|  |TAMS 0x0000000083100000, 0x0000000083100000| Complete 
|  49|0x0000000083100000, 0x0000000083200000, 0x0000000083200000|100%|HS|  |TAMS 0x0000000083200000, 0x0000000083200000| Complete 
|  50|0x0000000083200000, 0x0000000083300000, 0x0000000083300000|100%|HC|  |TAMS 0x0000000083300000, 0x0000000083300000| Complete 
|  51|0x0000000083300000, 0x0000000083400000, 0x0000000083400000|100%|HC|  |TAMS 0x0000000083400000, 0x0000000083400000| Complete 
|  52|0x0000000083400000, 0x0000000083500000, 0x0000000083500000|100%|HC|  |TAMS 0x0000000083500000, 0x0000000083500000| Complete 
|  53|0x0000000083500000, 0x0000000083600000, 0x0000000083600000|100%|HC|  |TAMS 0x0000000083600000, 0x0000000083600000| Complete 
|  54|0x0000000083600000, 0x0000000083700000, 0x0000000083700000|100%| O|  |TAMS 0x0000000083700000, 0x0000000083700000| Untracked 
|  55|0x0000000083700000, 0x0000000083800000, 0x0000000083800000|100%| O|  |TAMS 0x0000000083800000, 0x0000000083800000| Untracked 
|  56|0x0000000083800000, 0x0000000083900000, 0x0000000083900000|100%| O|  |TAMS 0x0000000083900000, 0x0000000083900000| Untracked 
|  57|0x0000000083900000, 0x0000000083a00000, 0x0000000083a00000|100%| O|  |TAMS 0x0000000083a00000, 0x0000000083a00000| Untracked 
|  58|0x0000000083a00000, 0x0000000083b00000, 0x0000000083b00000|100%| O|  |TAMS 0x0000000083a80c00, 0x0000000083b00000| Untracked 
|  59|0x0000000083b00000, 0x0000000083c00000, 0x0000000083c00000|100%|HS|  |TAMS 0x0000000083c00000, 0x0000000083c00000| Complete 
|  60|0x0000000083c00000, 0x0000000083d00000, 0x0000000083d00000|100%|HC|  |TAMS 0x0000000083d00000, 0x0000000083d00000| Complete 
|  61|0x0000000083d00000, 0x0000000083e00000, 0x0000000083e00000|100%|HC|  |TAMS 0x0000000083e00000, 0x0000000083e00000| Complete 
|  62|0x0000000083e00000, 0x0000000083f00000, 0x0000000083f00000|100%|HC|  |TAMS 0x0000000083f00000, 0x0000000083f00000| Complete 
|  63|0x0000000083f00000, 0x0000000084000000, 0x0000000084000000|100%|HC|  |TAMS 0x0000000084000000, 0x0000000084000000| Complete 
|  64|0x0000000084000000, 0x0000000084100000, 0x0000000084100000|100%| O|  |TAMS 0x0000000084000000, 0x0000000084100000| Untracked 
|  65|0x0000000084100000, 0x0000000084200000, 0x0000000084200000|100%| O|  |TAMS 0x0000000084100000, 0x00000000841ab000| Untracked 
|  66|0x0000000084200000, 0x0000000084288800, 0x0000000084300000| 53%| O|  |TAMS 0x0000000084200000, 0x0000000084200000| Untracked 
|  67|0x0000000084300000, 0x0000000084300000, 0x0000000084400000|  0%| F|  |TAMS 0x0000000084300000, 0x0000000084300000| Untracked 
|  68|0x0000000084400000, 0x0000000084400000, 0x0000000084500000|  0%| F|  |TAMS 0x0000000084400000, 0x0000000084400000| Untracked 
|  69|0x0000000084500000, 0x0000000084500000, 0x0000000084600000|  0%| F|  |TAMS 0x0000000084500000, 0x0000000084500000| Untracked 
|  70|0x0000000084600000, 0x0000000084600000, 0x0000000084700000|  0%| F|  |TAMS 0x0000000084600000, 0x0000000084600000| Untracked 
|  71|0x0000000084700000, 0x0000000084700000, 0x0000000084800000|  0%| F|  |TAMS 0x0000000084700000, 0x0000000084700000| Untracked 
|  72|0x0000000084800000, 0x0000000084800000, 0x0000000084900000|  0%| F|  |TAMS 0x0000000084800000, 0x0000000084800000| Untracked 
|  73|0x0000000084900000, 0x0000000084900000, 0x0000000084a00000|  0%| F|  |TAMS 0x0000000084900000, 0x0000000084900000| Untracked 
|  74|0x0000000084a00000, 0x0000000084a00000, 0x0000000084b00000|  0%| F|  |TAMS 0x0000000084a00000, 0x0000000084a00000| Untracked 
|  75|0x0000000084b00000, 0x0000000084b00000, 0x0000000084c00000|  0%| F|  |TAMS 0x0000000084b00000, 0x0000000084b00000| Untracked 
|  76|0x0000000084c00000, 0x0000000084c00000, 0x0000000084d00000|  0%| F|  |TAMS 0x0000000084c00000, 0x0000000084c00000| Untracked 
|  77|0x0000000084d00000, 0x0000000084d00000, 0x0000000084e00000|  0%| F|  |TAMS 0x0000000084d00000, 0x0000000084d00000| Untracked 
|  78|0x0000000084e00000, 0x0000000084e00000, 0x0000000084f00000|  0%| F|  |TAMS 0x0000000084e00000, 0x0000000084e00000| Untracked 
|  79|0x0000000084f00000, 0x0000000084f00000, 0x0000000085000000|  0%| F|  |TAMS 0x0000000084f00000, 0x0000000084f00000| Untracked 
|  80|0x0000000085000000, 0x0000000085000000, 0x0000000085100000|  0%| F|  |TAMS 0x0000000085000000, 0x0000000085000000| Untracked 
|  81|0x0000000085100000, 0x0000000085100000, 0x0000000085200000|  0%| F|  |TAMS 0x0000000085100000, 0x0000000085100000| Untracked 
|  82|0x0000000085200000, 0x0000000085200000, 0x0000000085300000|  0%| F|  |TAMS 0x0000000085200000, 0x0000000085200000| Untracked 
|  83|0x0000000085300000, 0x0000000085300000, 0x0000000085400000|  0%| F|  |TAMS 0x0000000085300000, 0x0000000085300000| Untracked 
|  84|0x0000000085400000, 0x0000000085400000, 0x0000000085500000|  0%| F|  |TAMS 0x0000000085400000, 0x0000000085400000| Untracked 
|  85|0x0000000085500000, 0x0000000085500000, 0x0000000085600000|  0%| F|  |TAMS 0x0000000085500000, 0x0000000085500000| Untracked 
|  86|0x0000000085600000, 0x0000000085600000, 0x0000000085700000|  0%| F|  |TAMS 0x0000000085600000, 0x0000000085600000| Untracked 
|  87|0x0000000085700000, 0x0000000085700000, 0x0000000085800000|  0%| F|  |TAMS 0x0000000085700000, 0x0000000085700000| Untracked 
|  88|0x0000000085800000, 0x0000000085800000, 0x0000000085900000|  0%| F|  |TAMS 0x0000000085800000, 0x0000000085800000| Untracked 
|  89|0x0000000085900000, 0x0000000085900000, 0x0000000085a00000|  0%| F|  |TAMS 0x0000000085900000, 0x0000000085900000| Untracked 
|  90|0x0000000085a00000, 0x0000000085a00000, 0x0000000085b00000|  0%| F|  |TAMS 0x0000000085a00000, 0x0000000085a00000| Untracked 
|  91|0x0000000085b00000, 0x0000000085b00000, 0x0000000085c00000|  0%| F|  |TAMS 0x0000000085b00000, 0x0000000085b00000| Untracked 
|  92|0x0000000085c00000, 0x0000000085c00000, 0x0000000085d00000|  0%| F|  |TAMS 0x0000000085c00000, 0x0000000085c00000| Untracked 
|  93|0x0000000085d00000, 0x0000000085d00000, 0x0000000085e00000|  0%| F|  |TAMS 0x0000000085d00000, 0x0000000085d00000| Untracked 
|  94|0x0000000085e00000, 0x0000000085e00000, 0x0000000085f00000|  0%| F|  |TAMS 0x0000000085e00000, 0x0000000085e00000| Untracked 
|  95|0x0000000085f00000, 0x0000000085f00000, 0x0000000086000000|  0%| F|  |TAMS 0x0000000085f00000, 0x0000000085f00000| Untracked 
|  96|0x0000000086000000, 0x00000000860c5700, 0x0000000086100000| 77%| S|CS|TAMS 0x0000000086000000, 0x0000000086000000| Complete 
|  97|0x0000000086100000, 0x0000000086200000, 0x0000000086200000|100%| S|CS|TAMS 0x0000000086100000, 0x0000000086100000| Complete 
|  98|0x0000000086200000, 0x0000000086200000, 0x0000000086300000|  0%| F|  |TAMS 0x0000000086200000, 0x0000000086200000| Untracked 
|  99|0x0000000086300000, 0x0000000086300000, 0x0000000086400000|  0%| F|  |TAMS 0x0000000086300000, 0x0000000086300000| Untracked 
| 100|0x0000000086400000, 0x0000000086400000, 0x0000000086500000|  0%| F|  |TAMS 0x0000000086400000, 0x0000000086400000| Untracked 
| 101|0x0000000086500000, 0x0000000086500000, 0x0000000086600000|  0%| F|  |TAMS 0x0000000086500000, 0x0000000086500000| Untracked 
| 102|0x0000000086600000, 0x0000000086600000, 0x0000000086700000|  0%| F|  |TAMS 0x0000000086600000, 0x0000000086600000| Untracked 
| 103|0x0000000086700000, 0x0000000086700000, 0x0000000086800000|  0%| F|  |TAMS 0x0000000086700000, 0x0000000086700000| Untracked 
| 104|0x0000000086800000, 0x0000000086800000, 0x0000000086900000|  0%| F|  |TAMS 0x0000000086800000, 0x0000000086800000| Untracked 
| 105|0x0000000086900000, 0x0000000086900000, 0x0000000086a00000|  0%| F|  |TAMS 0x0000000086900000, 0x0000000086900000| Untracked 
| 106|0x0000000086a00000, 0x0000000086a00000, 0x0000000086b00000|  0%| F|  |TAMS 0x0000000086a00000, 0x0000000086a00000| Untracked 
| 107|0x0000000086b00000, 0x0000000086b00000, 0x0000000086c00000|  0%| F|  |TAMS 0x0000000086b00000, 0x0000000086b00000| Untracked 
| 108|0x0000000086c00000, 0x0000000086c00000, 0x0000000086d00000|  0%| F|  |TAMS 0x0000000086c00000, 0x0000000086c00000| Untracked 
| 109|0x0000000086d00000, 0x0000000086d00000, 0x0000000086e00000|  0%| F|  |TAMS 0x0000000086d00000, 0x0000000086d00000| Untracked 
| 110|0x0000000086e00000, 0x0000000086e00000, 0x0000000086f00000|  0%| F|  |TAMS 0x0000000086e00000, 0x0000000086e00000| Untracked 
| 111|0x0000000086f00000, 0x0000000086f00000, 0x0000000087000000|  0%| F|  |TAMS 0x0000000086f00000, 0x0000000086f00000| Untracked 
| 112|0x0000000087000000, 0x0000000087000000, 0x0000000087100000|  0%| F|  |TAMS 0x0000000087000000, 0x0000000087000000| Untracked 
| 113|0x0000000087100000, 0x0000000087100000, 0x0000000087200000|  0%| F|  |TAMS 0x0000000087100000, 0x0000000087100000| Untracked 
| 114|0x0000000087200000, 0x0000000087200000, 0x0000000087300000|  0%| F|  |TAMS 0x0000000087200000, 0x0000000087200000| Untracked 
| 115|0x0000000087300000, 0x0000000087300000, 0x0000000087400000|  0%| F|  |TAMS 0x0000000087300000, 0x0000000087300000| Untracked 
| 116|0x0000000087400000, 0x0000000087400000, 0x0000000087500000|  0%| F|  |TAMS 0x0000000087400000, 0x0000000087400000| Untracked 
| 117|0x0000000087500000, 0x0000000087500000, 0x0000000087600000|  0%| F|  |TAMS 0x0000000087500000, 0x0000000087500000| Untracked 
| 118|0x0000000087600000, 0x0000000087600000, 0x0000000087700000|  0%| F|  |TAMS 0x0000000087600000, 0x0000000087600000| Untracked 
| 119|0x0000000087700000, 0x0000000087700000, 0x0000000087800000|  0%| F|  |TAMS 0x0000000087700000, 0x0000000087700000| Untracked 
| 120|0x0000000087800000, 0x0000000087800000, 0x0000000087900000|  0%| F|  |TAMS 0x0000000087800000, 0x0000000087800000| Untracked 
| 121|0x0000000087900000, 0x0000000087900000, 0x0000000087a00000|  0%| F|  |TAMS 0x0000000087900000, 0x0000000087900000| Untracked 
| 122|0x0000000087a00000, 0x0000000087a00000, 0x0000000087b00000|  0%| F|  |TAMS 0x0000000087a00000, 0x0000000087a00000| Untracked 
| 123|0x0000000087b00000, 0x0000000087b00000, 0x0000000087c00000|  0%| F|  |TAMS 0x0000000087b00000, 0x0000000087b00000| Untracked 

Card table byte_map: [0x000001f6fab80000,0x000001f6faf80000] _byte_map_base: 0x000001f6fa780000

Marking Bits (Prev, Next): (CMBitMap*) 0x000001f6e7fc76e0, (CMBitMap*) 0x000001f6e7fc76a0
 Prev Bits: [0x000001f6fd380000, 0x000001f6ff380000)
 Next Bits: [0x000001f6fb380000, 0x000001f6fd380000)

Polling page: 0x000001f6e5ec0000

Metaspace:

Usage:
  Non-class:     45.73 MB used.
      Class:      7.07 MB used.
       Both:     52.80 MB used.

Virtual space:
  Non-class space:       64.00 MB reserved,      46.06 MB ( 72%) committed,  1 nodes.
      Class space:        1.00 GB reserved,       7.38 MB ( <1%) committed,  1 nodes.
             Both:        1.06 GB reserved,      53.44 MB (  5%) committed. 

Chunk freelists:
   Non-Class:  1.11 MB
       Class:  8.67 MB
        Both:  9.78 MB

MaxMetaspaceSize: unlimited
CompressedClassSpaceSize: 1.00 GB
Initial GC threshold: 21.00 MB
Current GC threshold: 84.69 MB
CDS: off
MetaspaceReclaimPolicy: balanced
 - commit_granule_bytes: 65536.
 - commit_granule_words: 8192.
 - virtual_space_node_default_size: 8388608.
 - enlarge_chunks_in_place: 1.
 - new_chunks_are_fully_committed: 0.
 - uncommit_free_chunks: 1.
 - use_allocation_guard: 0.
 - handle_deallocations: 1.


Internal statistics:

num_allocs_failed_limit: 3.
num_arena_births: 638.
num_arena_deaths: 0.
num_vsnodes_births: 2.
num_vsnodes_deaths: 0.
num_space_committed: 855.
num_space_uncommitted: 0.
num_chunks_returned_to_freelist: 3.
num_chunks_taken_from_freelist: 2443.
num_chunk_merges: 3.
num_chunk_splits: 1565.
num_chunks_enlarged: 1051.
num_inconsistent_stats: 0.

CodeHeap 'non-profiled nmethods': size=120000Kb used=2512Kb max_used=2512Kb free=117487Kb
 bounds [0x000001f6f2f10000, 0x000001f6f3190000, 0x000001f6fa440000]
CodeHeap 'profiled nmethods': size=120000Kb used=10048Kb max_used=10048Kb free=109951Kb
 bounds [0x000001f6eb440000, 0x000001f6ebe20000, 0x000001f6f2970000]
CodeHeap 'non-nmethods': size=5760Kb used=2306Kb max_used=2347Kb free=3453Kb
 bounds [0x000001f6f2970000, 0x000001f6f2be0000, 0x000001f6f2f10000]
 total_blobs=5570 nmethods=4751 adapters=731
 compilation: enabled
              stopped_count=0, restarted_count=0
 full_count=0

Compilation events (20 events):
Event: 7.810 Thread 0x000001f686043ea0 nmethod 4561 0x000001f6f3182f90 code [0x000001f6f3183100, 0x000001f6f3183198]
Event: 7.810 Thread 0x000001f686043ea0 4651       4       java.util.ImmutableCollections$ListN::size (6 bytes)
Event: 7.810 Thread 0x000001f686043ea0 nmethod 4651 0x000001f6f3183290 code [0x000001f6f3183400, 0x000001f6f3183498]
Event: 7.810 Thread 0x000001f686043ea0 4694       4       jdk.internal.org.objectweb.asm.FieldWriter::visitEnd (1 bytes)
Event: 7.810 Thread 0x000001f686043ea0 nmethod 4694 0x000001f6f3183590 code [0x000001f6f3183700, 0x000001f6f3183778]
Event: 7.810 Thread 0x000001f686043ea0 4762       4       jdk.internal.misc.Unsafe::putReferenceOpaque (9 bytes)
Event: 7.811 Thread 0x000001f686043ea0 nmethod 4762 0x000001f6f3183890 code [0x000001f6f3183a00, 0x000001f6f3183b38]
Event: 7.811 Thread 0x000001f686043ea0 4771       4       jdk.internal.misc.Unsafe::weakCompareAndSetReference (11 bytes)
Event: 7.811 Thread 0x000001f686043ea0 nmethod 4771 0x000001f6f3183b90 code [0x000001f6f3183d00, 0x000001f6f3183e38]
Event: 7.821 Thread 0x000001f686043ea0 4785   !   4       java.net.URLClassLoader::findClass (47 bytes)
Event: 7.825 Thread 0x000001f68604fe60 4786       3       java.lang.invoke.BoundMethodHandle::rebind (14 bytes)
Event: 7.825 Thread 0x000001f68604fe60 nmethod 4786 0x000001f6ebe0e710 code [0x000001f6ebe0e900, 0x000001f6ebe0ee48]
Event: 7.825 Thread 0x000001f68604fe60 4787       3       java.lang.invoke.BoundMethodHandle::tooComplex (27 bytes)
Event: 7.826 Thread 0x000001f68604fe60 nmethod 4787 0x000001f6ebe0f010 code [0x000001f6ebe0f1e0, 0x000001f6ebe0f638]
Event: 7.826 Thread 0x000001f68604fe60 4788       3       java.lang.invoke.BoundMethodHandle::fieldCount (8 bytes)
Event: 7.826 Thread 0x000001f68604fe60 nmethod 4788 0x000001f6ebe0f810 code [0x000001f6ebe0f9c0, 0x000001f6ebe0fc98]
Event: 7.826 Thread 0x000001f68604fe60 4789       3       java.lang.invoke.LambdaForm::expressionCount (11 bytes)
Event: 7.826 Thread 0x000001f68604fe60 nmethod 4789 0x000001f6ebe0fd90 code [0x000001f6ebe0ff20, 0x000001f6ebe10038]
Event: 7.829 Thread 0x000001f68604fe60 4790       1       org.jetbrains.kotlin.com.intellij.psi.tree.IElementType::getIndex (5 bytes)
Event: 7.829 Thread 0x000001f68604fe60 nmethod 4790 0x000001f6f3183e90 code [0x000001f6f3184020, 0x000001f6f31840f8]

GC Heap History (20 events):
Event: 4.864 GC heap after
{Heap after GC invocations=10 (full 0):
 garbage-first heap   total 82944K, used 39564K [0x0000000080000000, 0x0000000100000000)
  region size 1024K, 2 young (2048K), 2 survivors (2048K)
 Metaspace       used 35191K, committed 35584K, reserved 1114112K
  class space    used 4868K, committed 5056K, reserved 1048576K
}
Event: 5.297 GC heap before
{Heap before GC invocations=11 (full 0):
 garbage-first heap   total 82944K, used 63116K [0x0000000080000000, 0x0000000100000000)
  region size 1024K, 25 young (25600K), 2 survivors (2048K)
 Metaspace       used 38516K, committed 38912K, reserved 1114112K
  class space    used 5403K, committed 5568K, reserved 1048576K
}
Event: 5.300 GC heap after
{Heap after GC invocations=12 (full 0):
 garbage-first heap   total 82944K, used 40617K [0x0000000080000000, 0x0000000100000000)
  region size 1024K, 3 young (3072K), 3 survivors (3072K)
 Metaspace       used 38516K, committed 38912K, reserved 1114112K
  class space    used 5403K, committed 5568K, reserved 1048576K
}
Event: 5.911 GC heap before
{Heap before GC invocations=12 (full 0):
 garbage-first heap   total 82944K, used 63145K [0x0000000080000000, 0x0000000100000000)
  region size 1024K, 26 young (26624K), 3 survivors (3072K)
 Metaspace       used 44077K, committed 44480K, reserved 1114112K
  class space    used 5977K, committed 6144K, reserved 1048576K
}
Event: 5.916 GC heap after
{Heap after GC invocations=13 (full 0):
 garbage-first heap   total 82944K, used 44008K [0x0000000080000000, 0x0000000100000000)
  region size 1024K, 4 young (4096K), 4 survivors (4096K)
 Metaspace       used 44077K, committed 44480K, reserved 1114112K
  class space    used 5977K, committed 6144K, reserved 1048576K
}
Event: 6.104 GC heap before
{Heap before GC invocations=14 (full 0):
 garbage-first heap   total 82944K, used 64488K [0x0000000080000000, 0x0000000100000000)
  region size 1024K, 24 young (24576K), 4 survivors (4096K)
 Metaspace       used 44561K, committed 44992K, reserved 1114112K
  class space    used 6022K, committed 6208K, reserved 1048576K
}
Event: 6.111 GC heap after
{Heap after GC invocations=15 (full 0):
 garbage-first heap   total 82944K, used 46558K [0x0000000080000000, 0x0000000100000000)
  region size 1024K, 3 young (3072K), 3 survivors (3072K)
 Metaspace       used 44561K, committed 44992K, reserved 1114112K
  class space    used 6022K, committed 6208K, reserved 1048576K
}
Event: 6.214 GC heap before
{Heap before GC invocations=15 (full 0):
 garbage-first heap   total 82944K, used 50654K [0x0000000080000000, 0x0000000100000000)
  region size 1024K, 9 young (9216K), 3 survivors (3072K)
 Metaspace       used 45006K, committed 45440K, reserved 1114112K
  class space    used 6067K, committed 6272K, reserved 1048576K
}
Event: 6.225 GC heap after
{Heap after GC invocations=16 (full 0):
 garbage-first heap   total 82944K, used 47561K [0x0000000080000000, 0x0000000100000000)
  region size 1024K, 2 young (2048K), 2 survivors (2048K)
 Metaspace       used 45006K, committed 45440K, reserved 1114112K
  class space    used 6067K, committed 6272K, reserved 1048576K
}
Event: 6.577 GC heap before
{Heap before GC invocations=17 (full 0):
 garbage-first heap   total 92160K, used 70089K [0x0000000080000000, 0x0000000100000000)
  region size 1024K, 19 young (19456K), 2 survivors (2048K)
 Metaspace       used 47608K, committed 48064K, reserved 1114112K
  class space    used 6362K, committed 6592K, reserved 1048576K
}
Event: 6.582 GC heap after
{Heap after GC invocations=18 (full 0):
 garbage-first heap   total 115712K, used 48370K [0x0000000080000000, 0x0000000100000000)
  region size 1024K, 2 young (2048K), 2 survivors (2048K)
 Metaspace       used 47608K, committed 48064K, reserved 1114112K
  class space    used 6362K, committed 6592K, reserved 1048576K
}
Event: 7.093 GC heap before
{Heap before GC invocations=18 (full 0):
 garbage-first heap   total 115712K, used 77042K [0x0000000080000000, 0x0000000100000000)
  region size 1024K, 28 young (28672K), 2 survivors (2048K)
 Metaspace       used 50098K, committed 50560K, reserved 1114112K
  class space    used 6776K, committed 6976K, reserved 1048576K
}
Event: 7.096 GC heap after
{Heap after GC invocations=19 (full 0):
 garbage-first heap   total 115712K, used 54174K [0x0000000080000000, 0x0000000100000000)
  region size 1024K, 5 young (5120K), 5 survivors (5120K)
 Metaspace       used 50098K, committed 50560K, reserved 1114112K
  class space    used 6776K, committed 6976K, reserved 1048576K
}
Event: 7.253 GC heap before
{Heap before GC invocations=19 (full 0):
 garbage-first heap   total 115712K, used 65438K [0x0000000080000000, 0x0000000100000000)
  region size 1024K, 12 young (12288K), 5 survivors (5120K)
 Metaspace       used 50378K, committed 50880K, reserved 1114112K
  class space    used 6824K, committed 7040K, reserved 1048576K
}
Event: 7.256 GC heap after
{Heap after GC invocations=20 (full 0):
 garbage-first heap   total 115712K, used 61505K [0x0000000080000000, 0x0000000100000000)
  region size 1024K, 3 young (3072K), 3 survivors (3072K)
 Metaspace       used 50378K, committed 50880K, reserved 1114112K
  class space    used 6824K, committed 7040K, reserved 1048576K
}
Event: 7.343 GC heap before
{Heap before GC invocations=21 (full 0):
 garbage-first heap   total 116736K, used 70721K [0x0000000080000000, 0x0000000100000000)
  region size 1024K, 9 young (9216K), 3 survivors (3072K)
 Metaspace       used 50704K, committed 51200K, reserved 1114112K
  class space    used 6850K, committed 7104K, reserved 1048576K
}
Event: 7.344 GC heap after
{Heap after GC invocations=22 (full 0):
 garbage-first heap   total 116736K, used 68227K [0x0000000080000000, 0x0000000100000000)
  region size 1024K, 2 young (2048K), 2 survivors (2048K)
 Metaspace       used 50704K, committed 51200K, reserved 1114112K
  class space    used 6850K, committed 7104K, reserved 1048576K
}
Event: 7.614 GC heap before
{Heap before GC invocations=23 (full 0):
 garbage-first heap   total 122880K, used 86659K [0x0000000080000000, 0x0000000100000000)
  region size 1024K, 18 young (18432K), 2 survivors (2048K)
 Metaspace       used 52997K, committed 53504K, reserved 1114112K
  class space    used 7086K, committed 7296K, reserved 1048576K
}
Event: 7.617 GC heap after
{Heap after GC invocations=24 (full 0):
 garbage-first heap   total 122880K, used 68507K [0x0000000080000000, 0x0000000100000000)
  region size 1024K, 2 young (2048K), 2 survivors (2048K)
 Metaspace       used 52997K, committed 53504K, reserved 1114112K
  class space    used 7086K, committed 7296K, reserved 1048576K
}
Event: 7.836 GC heap before
{Heap before GC invocations=24 (full 0):
 garbage-first heap   total 122880K, used 88987K [0x0000000080000000, 0x0000000100000000)
  region size 1024K, 22 young (22528K), 2 survivors (2048K)
 Metaspace       used 54066K, committed 54720K, reserved 1114112K
  class space    used 7242K, committed 7552K, reserved 1048576K
}

Dll operation events (3 events):
Event: 0.034 Loaded shared library C:\Program Files\Android\Android Studio\jbr\bin\java.dll
Event: 0.191 Loaded shared library C:\Program Files\Android\Android Studio\jbr\bin\zip.dll
Event: 0.594 Loaded shared library C:\Program Files\Android\Android Studio\jbr\bin\verify.dll

Deoptimization events (20 events):
Event: 7.314 Thread 0x000001f687df9550 DEOPT PACKING pc=0x000001f6eb89d454 sp=0x000000e5aaaf4570
Event: 7.314 Thread 0x000001f687df9550 DEOPT UNPACKING pc=0x000001f6f29c7143 sp=0x000000e5aaaf3ac8 mode 0
Event: 7.453 Thread 0x000001f687df9550 Uncommon trap: trap_request=0xffffff45 fr.pc=0x000001f6f315c128 relative=0x0000000000004d08
Event: 7.453 Thread 0x000001f687df9550 Uncommon trap: reason=unstable_if action=reinterpret pc=0x000001f6f315c128 method=org.codehaus.groovy.runtime.metaclass.MetaMethodIndex.isOverridden(Lgroovy/lang/MetaMethod;Lgroovy/lang/MetaMethod;)Z @ 4 c2
Event: 7.453 Thread 0x000001f687df9550 DEOPT PACKING pc=0x000001f6f315c128 sp=0x000000e5aaaf67c0
Event: 7.453 Thread 0x000001f687df9550 DEOPT UNPACKING pc=0x000001f6f29c69a3 sp=0x000000e5aaaf67b8 mode 2
Event: 7.640 Thread 0x000001f687df9550 DEOPT PACKING pc=0x000001f6ebb348ce sp=0x000000e5aaaf8190
Event: 7.640 Thread 0x000001f687df9550 DEOPT UNPACKING pc=0x000001f6f29c7143 sp=0x000000e5aaaf7680 mode 0
Event: 7.676 Thread 0x000001f687df9550 DEOPT PACKING pc=0x000001f6eb772888 sp=0x000000e5aaaf80d0
Event: 7.676 Thread 0x000001f687df9550 DEOPT UNPACKING pc=0x000001f6f29c7143 sp=0x000000e5aaaf75d8 mode 0
Event: 7.686 Thread 0x000001f687df9550 DEOPT PACKING pc=0x000001f6eb772888 sp=0x000000e5aaaf8400
Event: 7.686 Thread 0x000001f687df9550 DEOPT UNPACKING pc=0x000001f6f29c7143 sp=0x000000e5aaaf7908 mode 0
Event: 7.687 Thread 0x000001f687df9550 DEOPT PACKING pc=0x000001f6eb772888 sp=0x000000e5aaaf8400
Event: 7.687 Thread 0x000001f687df9550 DEOPT UNPACKING pc=0x000001f6f29c7143 sp=0x000000e5aaaf7908 mode 0
Event: 7.687 Thread 0x000001f687df9550 DEOPT PACKING pc=0x000001f6eb772888 sp=0x000000e5aaaf8230
Event: 7.687 Thread 0x000001f687df9550 DEOPT UNPACKING pc=0x000001f6f29c7143 sp=0x000000e5aaaf7738 mode 0
Event: 7.687 Thread 0x000001f687df9550 DEOPT PACKING pc=0x000001f6eb772888 sp=0x000000e5aaaf8230
Event: 7.687 Thread 0x000001f687df9550 DEOPT UNPACKING pc=0x000001f6f29c7143 sp=0x000000e5aaaf7738 mode 0
Event: 7.705 Thread 0x000001f687df9550 DEOPT PACKING pc=0x000001f6eb772888 sp=0x000000e5aaaf7b30
Event: 7.705 Thread 0x000001f687df9550 DEOPT UNPACKING pc=0x000001f6f29c7143 sp=0x000000e5aaaf7038 mode 0

Classes unloaded (0 events):
No events

Classes redefined (0 events):
No events

Internal exceptions (20 events):
Event: 7.544 Thread 0x000001f687df9550 Exception <a 'java/lang/NoSuchMethodError'{0x0000000086c4b190}: 'java.lang.Object java.lang.invoke.Invokers$Holder.invoker(java.lang.Object, java.lang.Object, java.lang.Object, java.lang.Object, java.lang.Object, java.lang.Object)'> (0x0000000086c4b190) 
thrown [s\src\hotspot\share\interpreter\linkResolver.cpp, line 771]
Event: 7.552 Thread 0x000001f687df9550 Exception <a 'java/lang/NoSuchMethodError'{0x0000000086cd3df8}: 'java.lang.Object java.lang.invoke.Invokers$Holder.invoker(java.lang.Object, java.lang.Object, java.lang.Object, java.lang.Object)'> (0x0000000086cd3df8) 
thrown [s\src\hotspot\share\interpreter\linkResolver.cpp, line 771]
Event: 7.562 Thread 0x000001f687df9550 Exception <a 'java/lang/NoSuchMethodError'{0x00000000869485d8}: 'java.lang.Object java.lang.invoke.Invokers$Holder.invoker(java.lang.Object, java.lang.Object, java.lang.Object, java.lang.Object, java.lang.Object)'> (0x00000000869485d8) 
thrown [s\src\hotspot\share\interpreter\linkResolver.cpp, line 771]
Event: 7.566 Thread 0x000001f687df9550 Exception <a 'java/lang/NoSuchMethodError'{0x00000000869663e8}: 'java.lang.Object java.lang.invoke.DirectMethodHandle$Holder.invokeSpecial(java.lang.Object, java.lang.Object, java.lang.Object, java.lang.Object, java.lang.Object, java.lang.Object, java.lang.Object, java.lang.Object, java.lang.Object, java.lang.Object, java.lang.Object, java.lang.Object, java.lang.Object, java.lang.Object, java.lang.Object, java.lang.Object, java.lang.Object, java.lang.Object, java.lang.Object, java.lang.Object, java.lang.Ob
Event: 7.566 Thread 0x000001f687df9550 Exception <a 'java/lang/NoSuchMethodError'{0x000000008696c4f8}: 'java.lang.Object java.lang.invoke.DelegatingMethodHandle$Holder.reinvoke_L(java.lang.Object, java.lang.Object, java.lang.Object, java.lang.Object, java.lang.Object, java.lang.Object, java.lang.Object, java.lang.Object, java.lang.Object, java.lang.Object, java.lang.Object, java.lang.Object, java.lang.Object, java.lang.Object, java.lang.Object, java.lang.Object, java.lang.Object, java.lang.Object, java.lang.Object, java.lang.Object, java.lang.O
Event: 7.566 Thread 0x000001f687df9550 Exception <a 'java/lang/NoSuchMethodError'{0x00000000869786d0}: 'java.lang.Object java.lang.invoke.Invokers$Holder.invoker(java.lang.Object, java.lang.Object, java.lang.Object, java.lang.Object, java.lang.Object, java.lang.Object, java.lang.Object, java.lang.Object, java.lang.Object, java.lang.Object, java.lang.Object, java.lang.Object, java.lang.Object, java.lang.Object, java.lang.Object, java.lang.Object, java.lang.Object, java.lang.Object, java.lang.Object, java.lang.Object, java.lang.Object, java.lang.
Event: 7.567 Thread 0x000001f687df9550 Exception <a 'java/lang/NoSuchMethodError'{0x000000008697f750}: 'java.lang.Object java.lang.invoke.DelegatingMethodHandle$Holder.delegate(java.lang.Object, java.lang.Object, java.lang.Object, java.lang.Object, java.lang.Object, java.lang.Object, java.lang.Object, java.lang.Object, java.lang.Object, java.lang.Object, java.lang.Object, java.lang.Object, java.lang.Object, java.lang.Object, java.lang.Object, java.lang.Object, java.lang.Object, java.lang.Object, java.lang.Object, java.lang.Object, java.lang.Obj
Event: 7.573 Thread 0x000001f687df9550 Exception <a 'java/lang/NoSuchMethodError'{0x00000000869fb000}: 'java.lang.Object java.lang.invoke.DirectMethodHandle$Holder.invokeStatic(java.lang.Object, java.lang.Object, java.lang.Object, java.lang.Object, java.lang.Object, java.lang.Object, java.lang.Object, java.lang.Object, java.lang.Object, java.lang.Object, java.lang.Object, java.lang.Object, java.lang.Object, java.lang.Object, java.lang.Object, java.lang.Object, java.lang.Object)'> (0x00000000869fb000) 
thrown [s\src\hotspot\share\interpreter\lin
Event: 7.574 Thread 0x000001f687df9550 Exception <a 'java/lang/NoSuchMethodError'{0x0000000086824c00}: 'java.lang.Object java.lang.invoke.DirectMethodHandle$Holder.invokeStatic(java.lang.Object, java.lang.Object, java.lang.Object, java.lang.Object, java.lang.Object, java.lang.Object, java.lang.Object, java.lang.Object, java.lang.Object, java.lang.Object, java.lang.Object, java.lang.Object, java.lang.Object, java.lang.Object, java.lang.Object, java.lang.Object, java.lang.Object, java.lang.Object)'> (0x0000000086824c00) 
thrown [s\src\hotspot\sha
Event: 7.578 Thread 0x000001f687df9550 Exception <a 'java/lang/NoSuchMethodError'{0x0000000086850390}: 'java.lang.Object java.lang.invoke.DirectMethodHandle$Holder.invokeStatic(java.lang.Object, java.lang.Object, java.lang.Object, java.lang.Object, java.lang.Object, java.lang.Object, java.lang.Object, java.lang.Object, java.lang.Object, java.lang.Object, java.lang.Object, java.lang.Object, java.lang.Object, java.lang.Object, java.lang.Object, java.lang.Object, java.lang.Object, java.lang.Object, java.lang.Object)'> (0x0000000086850390) 
thrown 
Event: 7.580 Thread 0x000001f687df9550 Exception <a 'java/lang/NoSuchMethodError'{0x000000008687c030}: 'java.lang.Object java.lang.invoke.DirectMethodHandle$Holder.invokeStatic(java.lang.Object, java.lang.Object, java.lang.Object, java.lang.Object, java.lang.Object, java.lang.Object, java.lang.Object, java.lang.Object, java.lang.Object, java.lang.Object, java.lang.Object, java.lang.Object, java.lang.Object, java.lang.Object, java.lang.Object, java.lang.Object, java.lang.Object, java.lang.Object, java.lang.Object, java.lang.Object)'> (0x00000000
Event: 7.582 Thread 0x000001f687df9550 Exception <a 'java/lang/NoSuchMethodError'{0x00000000868a8950}: 'java.lang.Object java.lang.invoke.DirectMethodHandle$Holder.invokeStatic(java.lang.Object, java.lang.Object, java.lang.Object, java.lang.Object, java.lang.Object, java.lang.Object, java.lang.Object, java.lang.Object, java.lang.Object, java.lang.Object, java.lang.Object, java.lang.Object, java.lang.Object, java.lang.Object, java.lang.Object, java.lang.Object, java.lang.Object, java.lang.Object, java.lang.Object, java.lang.Object, java.lang.Obj
Event: 7.583 Thread 0x000001f687df9550 Exception <a 'java/lang/NoSuchMethodError'{0x00000000868d62e0}: 'java.lang.Object java.lang.invoke.DirectMethodHandle$Holder.invokeStatic(java.lang.Object, java.lang.Object, java.lang.Object, java.lang.Object, java.lang.Object, java.lang.Object, java.lang.Object, java.lang.Object, java.lang.Object, java.lang.Object, java.lang.Object, java.lang.Object, java.lang.Object, java.lang.Object, java.lang.Object, java.lang.Object, java.lang.Object, java.lang.Object, java.lang.Object, java.lang.Object, java.lang.Obj
Event: 7.585 Thread 0x000001f687df9550 Exception <a 'java/lang/NoSuchMethodError'{0x00000000867051e0}: 'java.lang.Object java.lang.invoke.DirectMethodHandle$Holder.invokeStatic(java.lang.Object, java.lang.Object, java.lang.Object, java.lang.Object, java.lang.Object, java.lang.Object, java.lang.Object, java.lang.Object, java.lang.Object, java.lang.Object, java.lang.Object, java.lang.Object, java.lang.Object, java.lang.Object, java.lang.Object, java.lang.Object, java.lang.Object, java.lang.Object, java.lang.Object, java.lang.Object, java.lang.Obj
Event: 7.587 Thread 0x000001f687df9550 Exception <a 'java/lang/NoSuchMethodError'{0x00000000867344b8}: 'java.lang.Object java.lang.invoke.DirectMethodHandle$Holder.invokeStatic(java.lang.Object, java.lang.Object, java.lang.Object, java.lang.Object, java.lang.Object, java.lang.Object, java.lang.Object, java.lang.Object, java.lang.Object, java.lang.Object, java.lang.Object, java.lang.Object, java.lang.Object, java.lang.Object, java.lang.Object, java.lang.Object, java.lang.Object, java.lang.Object, java.lang.Object, java.lang.Object, java.lang.Obj
Event: 7.588 Thread 0x000001f687df9550 Exception <a 'java/lang/NoSuchMethodError'{0x00000000867657a8}: 'java.lang.Object java.lang.invoke.DirectMethodHandle$Holder.invokeStatic(java.lang.Object, java.lang.Object, java.lang.Object, java.lang.Object, java.lang.Object, java.lang.Object, java.lang.Object, java.lang.Object, java.lang.Object, java.lang.Object, java.lang.Object, java.lang.Object, java.lang.Object, java.lang.Object, java.lang.Object, java.lang.Object, java.lang.Object, java.lang.Object, java.lang.Object, java.lang.Object, java.lang.Obj
Event: 7.590 Thread 0x000001f687df9550 Exception <a 'java/lang/NoSuchMethodError'{0x0000000086797f18}: 'java.lang.Object java.lang.invoke.DirectMethodHandle$Holder.invokeStatic(java.lang.Object, java.lang.Object, java.lang.Object, java.lang.Object, java.lang.Object, java.lang.Object, java.lang.Object, java.lang.Object, java.lang.Object, java.lang.Object, java.lang.Object, java.lang.Object, java.lang.Object, java.lang.Object, java.lang.Object, java.lang.Object, java.lang.Object, java.lang.Object, java.lang.Object, java.lang.Object, java.lang.Obj
Event: 7.724 Thread 0x000001f687df9550 Exception <a 'java/lang/IncompatibleClassChangeError'{0x000000008693fd48}: Found class java.lang.Object, but interface was expected> (0x000000008693fd48) 
thrown [s\src\hotspot\share\interpreter\linkResolver.cpp, line 838]
Event: 7.729 Thread 0x000001f687df9550 Exception <a 'java/lang/NoSuchMethodError'{0x0000000086994188}: 'void java.lang.invoke.DirectMethodHandle$Holder.invokeStatic(java.lang.Object, java.lang.Object, java.lang.Object, java.lang.Object, java.lang.Object, java.lang.Object)'> (0x0000000086994188) 
thrown [s\src\hotspot\share\interpreter\linkResolver.cpp, line 771]
Event: 7.774 Thread 0x000001f687df9550 Exception <a 'java/lang/NoSuchMethodError'{0x000000008663f488}: 'java.lang.Object java.lang.invoke.DirectMethodHandle$Holder.invokeStaticInit(java.lang.Object, int)'> (0x000000008663f488) 
thrown [s\src\hotspot\share\interpreter\linkResolver.cpp, line 771]

VM Operations (20 events):
Event: 7.218 Executing VM operation: HandshakeAllThreads done
Event: 7.253 Executing VM operation: G1TryInitiateConcMark
Event: 7.256 Executing VM operation: G1TryInitiateConcMark done
Event: 7.277 Executing VM operation: G1PauseRemark
Event: 7.284 Executing VM operation: G1PauseRemark done
Event: 7.294 Executing VM operation: G1PauseCleanup
Event: 7.294 Executing VM operation: G1PauseCleanup done
Event: 7.342 Executing VM operation: G1TryInitiateConcMark
Event: 7.344 Executing VM operation: G1TryInitiateConcMark done
Event: 7.365 Executing VM operation: G1PauseRemark
Event: 7.369 Executing VM operation: G1PauseRemark done
Event: 7.380 Executing VM operation: G1PauseCleanup
Event: 7.381 Executing VM operation: G1PauseCleanup done
Event: 7.614 Executing VM operation: G1CollectForAllocation
Event: 7.617 Executing VM operation: G1CollectForAllocation done
Event: 7.767 Executing VM operation: HandshakeAllThreads
Event: 7.767 Executing VM operation: HandshakeAllThreads done
Event: 7.772 Executing VM operation: HandshakeAllThreads
Event: 7.772 Executing VM operation: HandshakeAllThreads done
Event: 7.836 Executing VM operation: G1CollectForAllocation

Events (20 events):
Event: 7.574 loading class java/lang/invoke/BoundMethodHandle$Species_LLLLLLLLLLLLLLL
Event: 7.574 loading class java/lang/invoke/BoundMethodHandle$Species_LLLLLLLLLLLLLLL done
Event: 7.576 loading class java/lang/invoke/BoundMethodHandle$Species_LLLLLLLLLLLLLLLL
Event: 7.576 loading class java/lang/invoke/BoundMethodHandle$Species_LLLLLLLLLLLLLLLL done
Event: 7.579 loading class java/lang/invoke/BoundMethodHandle$Species_LLLLLLLLLLLLLLLLL
Event: 7.579 loading class java/lang/invoke/BoundMethodHandle$Species_LLLLLLLLLLLLLLLLL done
Event: 7.581 loading class java/lang/invoke/BoundMethodHandle$Species_LLLLLLLLLLLLLLLLLL
Event: 7.581 loading class java/lang/invoke/BoundMethodHandle$Species_LLLLLLLLLLLLLLLLLL done
Event: 7.583 loading class java/lang/invoke/BoundMethodHandle$Species_LLLLLLLLLLLLLLLLLLL
Event: 7.583 loading class java/lang/invoke/BoundMethodHandle$Species_LLLLLLLLLLLLLLLLLLL done
Event: 7.584 loading class java/lang/invoke/BoundMethodHandle$Species_LLLLLLLLLLLLLLLLLLLL
Event: 7.584 loading class java/lang/invoke/BoundMethodHandle$Species_LLLLLLLLLLLLLLLLLLLL done
Event: 7.586 loading class java/lang/invoke/BoundMethodHandle$Species_LLLLLLLLLLLLLLLLLLLLL
Event: 7.586 loading class java/lang/invoke/BoundMethodHandle$Species_LLLLLLLLLLLLLLLLLLLLL done
Event: 7.587 loading class java/lang/invoke/BoundMethodHandle$Species_LLLLLLLLLLLLLLLLLLLLLL
Event: 7.587 loading class java/lang/invoke/BoundMethodHandle$Species_LLLLLLLLLLLLLLLLLLLLLL done
Event: 7.589 loading class java/lang/invoke/BoundMethodHandle$Species_LLLLLLLLLLLLLLLLLLLLLLL
Event: 7.589 loading class java/lang/invoke/BoundMethodHandle$Species_LLLLLLLLLLLLLLLLLLLLLLL done
Event: 7.767 loading class java/util/EmptyStackException
Event: 7.767 loading class java/util/EmptyStackException done


Dynamic libraries:
0x00007ff69ecf0000 - 0x00007ff69ecfa000 	C:\Program Files\Android\Android Studio\jbr\bin\java.exe
0x00007ffbe26f0000 - 0x00007ffbe2907000 	C:\windows\SYSTEM32\ntdll.dll
0x00007ffbe19c0000 - 0x00007ffbe1a84000 	C:\windows\System32\KERNEL32.DLL
0x00007ffbdfba0000 - 0x00007ffbdff4d000 	C:\windows\System32\KERNELBASE.dll
0x00007ffbdfa80000 - 0x00007ffbdfb91000 	C:\windows\System32\ucrtbase.dll
0x00007ffbd6b40000 - 0x00007ffbd6b5b000 	C:\Program Files\Android\Android Studio\jbr\bin\VCRUNTIME140.dll
0x00007ffbba800000 - 0x00007ffbba817000 	C:\Program Files\Android\Android Studio\jbr\bin\jli.dll
0x00007ffbe1780000 - 0x00007ffbe192e000 	C:\windows\System32\USER32.dll
0x00007ffbdfa50000 - 0x00007ffbdfa76000 	C:\windows\System32\win32u.dll
0x00007ffbe2680000 - 0x00007ffbe26a9000 	C:\windows\System32\GDI32.dll
0x00007ffbe02a0000 - 0x00007ffbe03b9000 	C:\windows\System32\gdi32full.dll
0x00007ffbe0140000 - 0x00007ffbe01da000 	C:\windows\System32\msvcp_win.dll
0x00007ffbded70000 - 0x00007ffbdf003000 	C:\windows\WinSxS\amd64_microsoft.windows.common-controls_6595b64144ccf1df_6.0.22621.3672_none_2713b9d173822955\COMCTL32.dll
0x00007ffbe1d50000 - 0x00007ffbe1df7000 	C:\windows\System32\msvcrt.dll
0x00007ffbe1640000 - 0x00007ffbe1671000 	C:\windows\System32\IMM32.DLL
0x00007ffbdb510000 - 0x00007ffbdb51c000 	C:\Program Files\Android\Android Studio\jbr\bin\vcruntime140_1.dll
0x00007ffb96e10000 - 0x00007ffb96e9d000 	C:\Program Files\Android\Android Studio\jbr\bin\msvcp140.dll
0x00007ffb42ee0000 - 0x00007ffb43b63000 	C:\Program Files\Android\Android Studio\jbr\bin\server\jvm.dll
0x00007ffbe1a90000 - 0x00007ffbe1b42000 	C:\windows\System32\ADVAPI32.dll
0x00007ffbe1ca0000 - 0x00007ffbe1d49000 	C:\windows\System32\sechost.dll
0x00007ffbdfa20000 - 0x00007ffbdfa48000 	C:\windows\System32\bcrypt.dll
0x00007ffbe1ea0000 - 0x00007ffbe1fb4000 	C:\windows\System32\RPCRT4.dll
0x00007ffbb3520000 - 0x00007ffbb3529000 	C:\windows\SYSTEM32\WSOCK32.dll
0x00007ffbe0d60000 - 0x00007ffbe0dd1000 	C:\windows\System32\WS2_32.dll
0x00007ffbd86d0000 - 0x00007ffbd8704000 	C:\windows\SYSTEM32\WINMM.dll
0x00007ffbcbcc0000 - 0x00007ffbcbcca000 	C:\windows\SYSTEM32\VERSION.dll
0x00007ffbdf320000 - 0x00007ffbdf36d000 	C:\windows\SYSTEM32\POWRPROF.dll
0x00007ffbdf1f0000 - 0x00007ffbdf203000 	C:\windows\SYSTEM32\UMPDC.dll
0x00007ffbde0e0000 - 0x00007ffbde0f8000 	C:\windows\SYSTEM32\kernel.appcore.dll
0x00007ffbdb200000 - 0x00007ffbdb20a000 	C:\Program Files\Android\Android Studio\jbr\bin\jimage.dll
0x00007ffbdf370000 - 0x00007ffbdf5a2000 	C:\windows\SYSTEM32\DBGHELP.DLL
0x00007ffbe1100000 - 0x00007ffbe1488000 	C:\windows\System32\combase.dll
0x00007ffbe2440000 - 0x00007ffbe2517000 	C:\windows\System32\OLEAUT32.dll
0x00007ffbdf210000 - 0x00007ffbdf242000 	C:\windows\SYSTEM32\dbgcore.DLL
0x00007ffbdff50000 - 0x00007ffbdffcb000 	C:\windows\System32\bcryptPrimitives.dll
0x00007ffbc5370000 - 0x00007ffbc537e000 	C:\Program Files\Android\Android Studio\jbr\bin\instrument.dll
0x00007ffbcaca0000 - 0x00007ffbcacc5000 	C:\Program Files\Android\Android Studio\jbr\bin\java.dll
0x00007ffbcaed0000 - 0x00007ffbcaee8000 	C:\Program Files\Android\Android Studio\jbr\bin\zip.dll
0x00007ffbe0440000 - 0x00007ffbe0c9f000 	C:\windows\System32\SHELL32.dll
0x00007ffbdd090000 - 0x00007ffbdd98c000 	C:\windows\SYSTEM32\windows.storage.dll
0x00007ffbdcf50000 - 0x00007ffbdd08f000 	C:\windows\SYSTEM32\wintypes.dll
0x00007ffbe0e40000 - 0x00007ffbe0f34000 	C:\windows\System32\SHCORE.dll
0x00007ffbe0de0000 - 0x00007ffbe0e3e000 	C:\windows\System32\shlwapi.dll
0x00007ffbdf950000 - 0x00007ffbdf971000 	C:\windows\SYSTEM32\profapi.dll
0x00007ffbcac60000 - 0x00007ffbcac79000 	C:\Program Files\Android\Android Studio\jbr\bin\net.dll
0x00007ffbdb6c0000 - 0x00007ffbdb7f6000 	C:\windows\SYSTEM32\WINHTTP.dll
0x00007ffbde5d0000 - 0x00007ffbde639000 	C:\windows\system32\mswsock.dll
0x00007ffbc9df0000 - 0x00007ffbc9e06000 	C:\Program Files\Android\Android Studio\jbr\bin\nio.dll
0x00007ffbd8530000 - 0x00007ffbd8540000 	C:\Program Files\Android\Android Studio\jbr\bin\verify.dll
0x00007ffbd8500000 - 0x00007ffbd8527000 	C:\Users\angel\.gradle\native\c067742578af261105cb4f569cf0c3c89f3d7b1fecec35dd04571415982c5e48\windows-amd64\native-platform.dll
0x00007ffb82ec0000 - 0x00007ffb83004000 	C:\Users\angel\.gradle\native\38dada09dfb8b06ba9b0570ebf7e218e3eb74d4ef43ca46872605cf95ebc2f47\windows-amd64\native-platform-file-events.dll
0x00007ffbc9de0000 - 0x00007ffbc9de9000 	C:\Program Files\Android\Android Studio\jbr\bin\management.dll
0x00007ffbc7390000 - 0x00007ffbc739b000 	C:\Program Files\Android\Android Studio\jbr\bin\management_ext.dll
0x00007ffbe1c90000 - 0x00007ffbe1c98000 	C:\windows\System32\PSAPI.DLL
0x00007ffbdf6b0000 - 0x00007ffbdf6cb000 	C:\windows\SYSTEM32\CRYPTSP.dll
0x00007ffbde8c0000 - 0x00007ffbde8f5000 	C:\windows\system32\rsaenh.dll
0x00007ffbde640000 - 0x00007ffbde668000 	C:\windows\SYSTEM32\USERENV.dll
0x00007ffbdeac0000 - 0x00007ffbdeacc000 	C:\windows\SYSTEM32\CRYPTBASE.dll
0x00007ffbddc80000 - 0x00007ffbddcad000 	C:\windows\SYSTEM32\IPHLPAPI.DLL
0x00007ffbe0d50000 - 0x00007ffbe0d59000 	C:\windows\System32\NSI.dll
0x00007ffbd9680000 - 0x00007ffbd9699000 	C:\windows\SYSTEM32\dhcpcsvc6.DLL
0x00007ffbd95e0000 - 0x00007ffbd95ff000 	C:\windows\SYSTEM32\dhcpcsvc.DLL
0x00007ffbddcb0000 - 0x00007ffbddda8000 	C:\windows\SYSTEM32\DNSAPI.dll
0x00007ffbcac50000 - 0x00007ffbcac59000 	C:\Program Files\Android\Android Studio\jbr\bin\extnet.dll
0x00007ffbcacf0000 - 0x00007ffbcacf8000 	C:\windows\system32\wshunix.dll

dbghelp: loaded successfully - version: 4.0.5 - missing functions: none
symbol engine: initialized successfully - sym options: 0x614 - pdb path: .;C:\Program Files\Android\Android Studio\jbr\bin;C:\windows\SYSTEM32;C:\windows\WinSxS\amd64_microsoft.windows.common-controls_6595b64144ccf1df_6.0.22621.3672_none_2713b9d173822955;C:\Program Files\Android\Android Studio\jbr\bin\server;C:\Users\angel\.gradle\native\c067742578af261105cb4f569cf0c3c89f3d7b1fecec35dd04571415982c5e48\windows-amd64;C:\Users\angel\.gradle\native\38dada09dfb8b06ba9b0570ebf7e218e3eb74d4ef43ca46872605cf95ebc2f47\windows-amd64

VM Arguments:
jvm_args: --add-opens=java.base/java.util=ALL-UNNAMED --add-opens=java.base/java.lang=ALL-UNNAMED --add-opens=java.base/java.lang.invoke=ALL-UNNAMED --add-opens=java.prefs/java.util.prefs=ALL-UNNAMED --add-opens=java.base/java.nio.charset=ALL-UNNAMED --add-opens=java.base/java.net=ALL-UNNAMED --add-opens=java.base/java.util.concurrent.atomic=ALL-UNNAMED -Xmx2048m -Dfile.encoding=UTF-8 -Duser.country=SV -Duser.language=es -Duser.variant -javaagent:C:\Users\angel\.gradle\wrapper\dists\gradle-8.7-bin\bhs2wmbdwecv87pi65oeuq5iu\gradle-8.7\lib\agents\gradle-instrumentation-agent-8.7.jar 
java_command: org.gradle.launcher.daemon.bootstrap.GradleDaemon 8.7
java_class_path (initial): C:\Users\angel\.gradle\wrapper\dists\gradle-8.7-bin\bhs2wmbdwecv87pi65oeuq5iu\gradle-8.7\lib\gradle-launcher-8.7.jar
Launcher Type: SUN_STANDARD

[Global flags]
     intx CICompilerCount                          = 4                                         {product} {ergonomic}
     uint ConcGCThreads                            = 2                                         {product} {ergonomic}
     uint G1ConcRefinementThreads                  = 8                                         {product} {ergonomic}
   size_t G1HeapRegionSize                         = 1048576                                   {product} {ergonomic}
    uintx GCDrainStackTargetSize                   = 64                                        {product} {ergonomic}
   size_t InitialHeapSize                          = 130023424                                 {product} {ergonomic}
   size_t MarkStackSize                            = 4194304                                   {product} {ergonomic}
   size_t MaxHeapSize                              = 2147483648                                {product} {command line}
   size_t MaxNewSize                               = 1287651328                                {product} {ergonomic}
   size_t MinHeapDeltaBytes                        = 1048576                                   {product} {ergonomic}
   size_t MinHeapSize                              = 8388608                                   {product} {ergonomic}
    uintx NonNMethodCodeHeapSize                   = 5839372                                {pd product} {ergonomic}
    uintx NonProfiledCodeHeapSize                  = 122909434                              {pd product} {ergonomic}
    uintx ProfiledCodeHeapSize                     = 122909434                              {pd product} {ergonomic}
    uintx ReservedCodeCacheSize                    = 251658240                              {pd product} {ergonomic}
     bool SegmentedCodeCache                       = true                                      {product} {ergonomic}
   size_t SoftMaxHeapSize                          = 2147483648                             {manageable} {ergonomic}
     bool UseCompressedClassPointers               = true                           {product lp64_product} {ergonomic}
     bool UseCompressedOops                        = true                           {product lp64_product} {ergonomic}
     bool UseG1GC                                  = true                                      {product} {ergonomic}
     bool UseLargePagesIndividualAllocation        = false                                  {pd product} {ergonomic}

Logging:
Log output configuration:
 #0: stdout all=warning uptime,level,tags
 #1: stderr all=off uptime,level,tags

Environment Variables:
PATH=C:\Program Files (x86)\Common Files\Oracle\Java\java8path;C:\Program Files (x86)\Common Files\Oracle\Java\javapath;C:\oracle\dbhomeXE\bin;C:\app\angel\product\21c\dbhomeXE\bin;C:\windows\system32;C:\windows;C:\windows\System32\Wbem;C:\windows\System32\WindowsPowerShell\v1.0\;C:\windows\System32\OpenSSH\;C:\Program Files\dotnet\;C:\Program Files (x86)\Microsoft SQL Server\160\Tools\Binn\;C:\Program Files\Microsoft SQL Server\160\Tools\Binn\;C:\Program Files\Microsoft SQL Server\Client SDK\ODBC\170\Tools\Binn\;C:\Program Files\Microsoft SQL Server\160\DTS\Binn\;C:\Program Files (x86)\Microsoft SQL Server\160\DTS\Binn\;C:\Program Files\Azure Data Studio\bin;C:\Program Files\HP\HP One Agent;C:\Program Files\Git\cmd;C:\Users\angel\AppData\Local\Microsoft\WindowsApps;;C:\Users\angel\AppData\Local\Programs\Microsoft VS Code\bin;C:\Users\angel\.dotnet\tools;C:\Program Files\Azure Data Studio\bin
USERNAME=angel
OS=Windows_NT
PROCESSOR_IDENTIFIER=Intel64 Family 6 Model 154 Stepping 4, GenuineIntel
TMP=C:\Users\angel\AppData\Local\Temp
TEMP=C:\Users\angel\AppData\Local\Temp



Periodic native trim disabled

JNI global refs:
JNI global refs: 25, weak refs: 0

JNI global refs memory usage: 843, weak refs: 841

OOME stack traces (most recent first):
Classloader memory used:
Loader org.gradle.internal.classloader.VisitableURLClassLoader                         : 3290K
Loader bootstrap                                                                       : 2410K
Loader org.gradle.initialization.MixInLegacyTypesClassLoader                           : 768K
Loader org.gradle.internal.classloader.VisitableURLClassLoader                         : 80951B
Loader org.gradle.internal.classloader.VisitableURLClassLoader$InstrumentingVisitableURLClassLoader: 74280B
Loader jdk.internal.loader.ClassLoaders$PlatformClassLoader                            : 67749B
Loader jdk.internal.loader.ClassLoaders$AppClassLoader                                 : 28434B
Loader jdk.internal.reflect.DelegatingClassLoader                                      : 27554B
Loader org.gradle.groovy.scripts.internal.DefaultScriptCompilationHandler$ScriptClassLoader: 10876B
Loader org.codehaus.groovy.runtime.callsite.CallSiteClassLoader                        : 6077B

Classes loaded by more than one classloader:
Class org.gradle.api.GradleException                                                  : loaded 3 times (x 80B)
Class org.gradle.util.GradleVersion                                                   : loaded 2 times (x 81B)
Class org.jetbrains.plugins.gradle.model.MavenRepositoryModel                         : loaded 2 times (x 68B)
Class org.gradle.internal.classpath.ClassPath                                         : loaded 2 times (x 68B)
Class org.gradle.api.internal.classpath.DefaultModuleRegistry                         : loaded 2 times (x 84B)
Class org.gradle.internal.exceptions.NonGradleCauseExceptionsHolder                   : loaded 2 times (x 68B)
Class org.gradle.api.Action                                                           : loaded 2 times (x 68B)
Class org.gradle.api.internal.DefaultClassPathProvider                                : loaded 2 times (x 74B)
Class org.gradle.internal.installation.GradleInstallation$1                           : loaded 2 times (x 73B)
Class org.gradle.internal.exceptions.DefaultMultiCauseException                       : loaded 2 times (x 93B)
Class org.gradle.internal.time.MonotonicClock                                         : loaded 2 times (x 75B)
Class org.gradle.internal.classloader.FilteringClassLoader                            : loaded 2 times (x 103B)
Class org.gradle.internal.classpath.DefaultClassPath$ImmutableUniqueList$Builder      : loaded 2 times (x 73B)
Class org.gradle.internal.classloader.ClassLoaderVisitor                              : loaded 2 times (x 74B)
Class sync_studio_tooling1_12ndt5culfrz1zf54bzbfo55y$_run_closure1                    : loaded 2 times (x 137B)
Class org.gradle.internal.time.DefaultCountdownTimer                                  : loaded 2 times (x 86B)
Class org.gradle.internal.service.DefaultServiceLocator                               : loaded 2 times (x 81B)
Class org.gradle.internal.service.UnknownServiceException                             : loaded 2 times (x 81B)
Class org.gradle.internal.classloader.DefaultClassLoaderFactory                       : loaded 2 times (x 80B)
Class org.gradle.internal.classloader.VisitableURLClassLoader$Spec                    : loaded 2 times (x 72B)
Class org.gradle.tooling.model.ProjectModel                                           : loaded 2 times (x 68B)
Class org.gradle.internal.installation.GradleInstallation                             : loaded 2 times (x 73B)
Class org.gradle.api.internal.classpath.ModuleRegistry                                : loaded 2 times (x 68B)
Class org.jetbrains.plugins.gradle.model.RepositoriesModel                            : loaded 2 times (x 68B)
Class kotlin.jvm.internal.markers.KMappedMarker                                       : loaded 2 times (x 68B)
Class org.gradle.api.internal.ClassPathProvider                                       : loaded 2 times (x 68B)
Class org.gradle.internal.classloader.ClasspathUtil$1                                 : loaded 2 times (x 74B)
Class sync_studio_tooling1_12ndt5culfrz1zf54bzbfo55y                                  : loaded 2 times (x 177B)
Class org.gradle.internal.classloader.ClassLoaderFactory                              : loaded 2 times (x 68B)
Class org.gradle.api.internal.classpath.ManifestUtil                                  : loaded 2 times (x 69B)
Class org.gradle.api.specs.Spec                                                       : loaded 2 times (x 68B)
Class org.gradle.internal.IoActions                                                   : loaded 2 times (x 69B)
Class org.gradle.api.internal.classpath.EffectiveClassPath                            : loaded 2 times (x 88B)
Class org.gradle.internal.exceptions.ResolutionProvider                               : loaded 2 times (x 68B)
Class org.gradle.internal.installation.CurrentGradleInstallation                      : loaded 2 times (x 71B)
Class org.gradle.internal.agents.InstrumentingClassLoader                             : loaded 2 times (x 68B)
Class org.gradle.internal.installation.CurrentGradleInstallationLocator               : loaded 2 times (x 69B)
Class org.gradle.api.internal.classpath.Module                                        : loaded 2 times (x 68B)
Class org.gradle.internal.service.CachingServiceLocator                               : loaded 2 times (x 80B)
Class org.gradle.internal.time.Timer                                                  : loaded 2 times (x 68B)
Class org.gradle.internal.classpath.DefaultClassPath                                  : loaded 2 times (x 88B)
Class ijInit1_b18p55t805masrf5pye3trfmr                                               : loaded 2 times (x 177B)
Class kotlin.jvm.functions.Function1                                                  : loaded 2 times (x 68B)
Class org.gradle.internal.time.Time                                                   : loaded 2 times (x 69B)
Class org.gradle.internal.time.TimeSource$1                                           : loaded 2 times (x 75B)
Class org.gradle.internal.classloader.SystemClassLoaderSpec                           : loaded 2 times (x 69B)
Class kotlin.Function                                                                 : loaded 2 times (x 68B)
Class org.gradle.api.UncheckedIOException                                             : loaded 2 times (x 80B)
Class org.gradle.internal.time.Clock                                                  : loaded 2 times (x 68B)
Class org.gradle.internal.time.CountdownTimer                                         : loaded 2 times (x 68B)
Class org.gradle.internal.classloader.ClasspathUtil                                   : loaded 2 times (x 69B)
Class org.gradle.api.internal.DefaultClassPathRegistry                                : loaded 2 times (x 74B)
Class org.gradle.api.internal.classpath.DefaultModuleRegistry$DefaultModule           : loaded 2 times (x 84B)
Class org.gradle.internal.time.TimeSource                                             : loaded 2 times (x 68B)
Class org.gradle.api.internal.classpath.UnknownModuleException                        : loaded 2 times (x 80B)
Class org.gradle.internal.service.ServiceLookupException                              : loaded 2 times (x 80B)
Class org.gradle.cache.GlobalCache                                                    : loaded 2 times (x 68B)
Class [Lorg.gradle.api.internal.ClassPathProvider;                                    : loaded 2 times (x 67B)
Class org.gradle.internal.operations.MultipleBuildOperationFailures                   : loaded 2 times (x 93B)
Class org.gradle.util.internal.GUtil                                                  : loaded 2 times (x 69B)
Class org.gradle.internal.classloader.ClassLoaderSpec                                 : loaded 2 times (x 69B)
Class org.gradle.internal.classloader.VisitableURLClassLoader                         : loaded 2 times (x 115B)
Class org.gradle.internal.Cast                                                        : loaded 2 times (x 69B)
Class org.gradle.api.internal.ClassPathRegistry                                       : loaded 2 times (x 68B)
Class org.gradle.internal.classloader.VisitableURLClassLoader$InstrumentingVisitableURLClassLoader: loaded 2 times (x 121B)
Class org.gradle.internal.classloader.ClassLoaderHierarchy                            : loaded 2 times (x 68B)
Class org.gradle.internal.exceptions.MultiCauseException                              : loaded 2 times (x 68B)
Class org.gradle.internal.InternalTransformer                                         : loaded 2 times (x 68B)
Class org.gradle.internal.service.ServiceLocator                                      : loaded 2 times (x 68B)
Class org.gradle.internal.classpath.DefaultClassPath$ImmutableUniqueList              : loaded 2 times (x 159B)
Class org.gradle.internal.time.DefaultTimer                                           : loaded 2 times (x 78B)
Class org.gradle.internal.classpath.TransformedClassPath                              : loaded 2 times (x 94B)


---------------  S Y S T E M  ---------------

OS:
 Windows 11 , 64 bit Build 22621 (10.0.22621.3672)
OS uptime: 19 days 22:59 hours
Hyper-V role detected

CPU: total 12 (initial active 8) (6 cores per cpu, 2 threads per core) family 6 model 154 stepping 4 microcode 0x432, cx8, cmov, fxsr, ht, mmx, 3dnowpref, sse, sse2, sse3, ssse3, sse4.1, sse4.2, popcnt, lzcnt, tsc, tscinvbit, avx, avx2, aes, erms, clmul, bmi1, bmi2, adx, sha, fma, vzeroupper, clflush, clflushopt, clwb, hv
Processor Information for processor 0
  Max Mhz: 1100, Current Mhz: 1100, Mhz Limit: 1100
Processor Information for processor 1
  Max Mhz: 1100, Current Mhz: 1100, Mhz Limit: 1100
Processor Information for processor 2
  Max Mhz: 1100, Current Mhz: 1100, Mhz Limit: 1100
Processor Information for processor 3
  Max Mhz: 1100, Current Mhz: 1100, Mhz Limit: 1100
Processor Information for processor 4
  Max Mhz: 1100, Current Mhz: 800, Mhz Limit: 792
Processor Information for processor 5
  Max Mhz: 1100, Current Mhz: 800, Mhz Limit: 792
Processor Information for processor 6
  Max Mhz: 1100, Current Mhz: 800, Mhz Limit: 792
Processor Information for processor 7
  Max Mhz: 1100, Current Mhz: 800, Mhz Limit: 792
Processor Information for processor 8
  Max Mhz: 1100, Current Mhz: 800, Mhz Limit: 792
Processor Information for processor 9
  Max Mhz: 1100, Current Mhz: 800, Mhz Limit: 792
Processor Information for processor 10
  Max Mhz: 1100, Current Mhz: 800, Mhz Limit: 792
Processor Information for processor 11
  Max Mhz: 1100, Current Mhz: 800, Mhz Limit: 792

Memory: 4k page, system-wide physical 7885M (326M free)
TotalPageFile size 17885M (AvailPageFile size 6M)
current process WorkingSet (physical memory assigned to process): 281M, peak: 282M
current process commit charge ("private bytes"): 320M, peak: 341M

vm_info: OpenJDK 64-Bit Server VM (17.0.10+0--11609105) for windows-amd64 JRE (17.0.10+0--11609105), built on Mar 21 2024 19:10:56 by "androidbuild" with MS VC++ 16.10 / 16.11 (VS2019)

END.
