#
# There is insufficient memory for the Java Runtime Environment to continue.
# Native memory allocation (mmap) failed to map 221249536 bytes for G1 virtual space
# Possible reasons:
#   The system is out of physical RAM or swap space
#   The process is running with CompressedOops enabled, and the Java Heap may be blocking the growth of the native heap
# Possible solutions:
#   Reduce memory load on the system
#   Increase physical memory or swap space
#   Check if swap backing store is full
#   Decrease Java heap size (-Xmx/-Xms)
#   Decrease number of Java threads
#   Decrease Java thread stack sizes (-Xss)
#   Set larger code cache with -XX:ReservedCodeCacheSize=
#   JVM is running with Unscaled Compressed Oops mode in which the Java heap is
#     placed in the first 4GB address space. The Java Heap base address is the
#     maximum limit for the native heap growth. Please use -XX:HeapBaseMinAddress
#     to set the Java Heap base and to place the Java Heap above 4GB virtual address.
# This output file may be truncated or incomplete.
#
#  Out of Memory Error (os_windows.cpp:3825), pid=33796, tid=17872
#
# JRE version: OpenJDK Runtime Environment (17.0.10) (build 17.0.10+0--11609105)
# Java VM: OpenJDK 64-Bit Server VM (17.0.10+0--11609105, mixed mode, tiered, compressed oops, compressed class ptrs, g1 gc, windows-amd64)
# No core dump will be written. Minidumps are not enabled by default on client versions of Windows
#

---------------  S U M M A R Y ------------

Command Line: org.jetbrains.kotlin.cli.jvm.K2JVMCompiler @C:\Users\angel\OneDrive\Escritorio\DilloSports\app\build\20240912_14598057478205311983.compiler.options

Host: 12th Gen Intel(R) Core(TM) i7-1250U, 12 cores, 7G,  Windows 11 , 64 bit Build 22621 (10.0.22621.3958)
Time: Thu Sep 12 22:36:16 2024 Hora estándar, América Central elapsed time: 28.250926 seconds (0d 0h 0m 28s)

---------------  T H R E A D  ---------------

Current thread (0x000001fb069346f0):  VMThread "VM Thread" [stack: 0x000000b9bdf00000,0x000000b9be000000] [id=17872]

Stack: [0x000000b9bdf00000,0x000000b9be000000]
Native frames: (J=compiled Java code, j=interpreted, Vv=VM code, C=native code)
V  [jvm.dll+0x688de9]
V  [jvm.dll+0x8423da]
V  [jvm.dll+0x84401e]
V  [jvm.dll+0x844683]
V  [jvm.dll+0x24be0f]
V  [jvm.dll+0x685bb9]
V  [jvm.dll+0x67a46a]
V  [jvm.dll+0x30cbab]
V  [jvm.dll+0x314056]
V  [jvm.dll+0x363dce]
V  [jvm.dll+0x363fff]
V  [jvm.dll+0x2e2978]
V  [jvm.dll+0x2e0b54]
V  [jvm.dll+0x2e015c]
V  [jvm.dll+0x32502b]
V  [jvm.dll+0x848d7b]
V  [jvm.dll+0x849ac1]
V  [jvm.dll+0x849fdd]
V  [jvm.dll+0x84a3b4]
V  [jvm.dll+0x84a480]
V  [jvm.dll+0x7f0c7a]
V  [jvm.dll+0x687c65]
C  [ucrtbase.dll+0x29333]
C  [KERNEL32.DLL+0x1257d]
C  [ntdll.dll+0x5af28]

VM_Operation (0x000000b9bd9fd230): G1CollectForAllocation, mode: safepoint, requested by thread 0x000001fb6c8bb340


---------------  P R O C E S S  ---------------

Threads class SMR info:
_java_thread_list=0x000001fb0c039010, length=14, elements={
0x000001fb6c8bb340, 0x000001fb0693cad0, 0x000001fb0693d750, 0x000001fb06aaad00,
0x000001fb06aac6d0, 0x000001fb06aad6a0, 0x000001fb06aae670, 0x000001fb06ab0ad0,
0x000001fb06ab1490, 0x000001fb06ab27c0, 0x000001fb06c3adf0, 0x000001fb06c5aa90,
0x000001fb0be14390, 0x000001fb06b9a7d0
}

Java Threads: ( => current thread )
  0x000001fb6c8bb340 JavaThread "main" [_thread_blocked, id=1164, stack(0x000000b9bd900000,0x000000b9bda00000)]
  0x000001fb0693cad0 JavaThread "Reference Handler" daemon [_thread_blocked, id=16172, stack(0x000000b9be000000,0x000000b9be100000)]
  0x000001fb0693d750 JavaThread "Finalizer" daemon [_thread_blocked, id=10512, stack(0x000000b9be100000,0x000000b9be200000)]
  0x000001fb06aaad00 JavaThread "Signal Dispatcher" daemon [_thread_blocked, id=35712, stack(0x000000b9be200000,0x000000b9be300000)]
  0x000001fb06aac6d0 JavaThread "Attach Listener" daemon [_thread_blocked, id=32332, stack(0x000000b9be300000,0x000000b9be400000)]
  0x000001fb06aad6a0 JavaThread "Service Thread" daemon [_thread_blocked, id=19124, stack(0x000000b9be400000,0x000000b9be500000)]
  0x000001fb06aae670 JavaThread "Monitor Deflation Thread" daemon [_thread_blocked, id=27396, stack(0x000000b9be500000,0x000000b9be600000)]
  0x000001fb06ab0ad0 JavaThread "C2 CompilerThread0" daemon [_thread_blocked, id=30644, stack(0x000000b9be600000,0x000000b9be700000)]
  0x000001fb06ab1490 JavaThread "C1 CompilerThread0" daemon [_thread_blocked, id=21836, stack(0x000000b9be700000,0x000000b9be800000)]
  0x000001fb06ab27c0 JavaThread "Sweeper thread" daemon [_thread_blocked, id=16368, stack(0x000000b9be800000,0x000000b9be900000)]
  0x000001fb06c3adf0 JavaThread "Notification Thread" daemon [_thread_blocked, id=5804, stack(0x000000b9be900000,0x000000b9bea00000)]
  0x000001fb06c5aa90 JavaThread "Common-Cleaner" daemon [_thread_blocked, id=17164, stack(0x000000b9beb00000,0x000000b9bec00000)]
  0x000001fb0be14390 JavaThread "C2 CompilerThread1" daemon [_thread_blocked, id=28420, stack(0x000000b9bf700000,0x000000b9bf800000)]
  0x000001fb06b9a7d0 JavaThread "C2 CompilerThread2" daemon [_thread_in_native, id=27688, stack(0x000000b9bf800000,0x000000b9bf900000)]

Other Threads:
=>0x000001fb069346f0 VMThread "VM Thread" [stack: 0x000000b9bdf00000,0x000000b9be000000] [id=17872]
  0x000001fb06c3bae0 WatcherThread [stack: 0x000000b9bea00000,0x000000b9beb00000] [id=30064]
  0x000001fb6c914ef0 GCTaskThread "GC Thread#0" [stack: 0x000000b9bda00000,0x000000b9bdb00000] [id=26132]
  0x000001fb0b2ca7e0 GCTaskThread "GC Thread#1" [stack: 0x000000b9bed00000,0x000000b9bee00000] [id=3412]
  0x000001fb0b3d43c0 GCTaskThread "GC Thread#2" [stack: 0x000000b9bee00000,0x000000b9bef00000] [id=12864]
  0x000001fb0b409ae0 GCTaskThread "GC Thread#3" [stack: 0x000000b9bef00000,0x000000b9bf000000] [id=22676]
  0x000001fb0b409da0 GCTaskThread "GC Thread#4" [stack: 0x000000b9bf000000,0x000000b9bf100000] [id=29212]
  0x000001fb0b878c60 GCTaskThread "GC Thread#5" [stack: 0x000000b9bec00000,0x000000b9bed00000] [id=31912]
  0x000001fb0b84ff00 GCTaskThread "GC Thread#6" [stack: 0x000000b9bf100000,0x000000b9bf200000] [id=3028]
  0x000001fb0b8501c0 GCTaskThread "GC Thread#7" [stack: 0x000000b9bf200000,0x000000b9bf300000] [id=28432]
  0x000001fb0b820840 GCTaskThread "GC Thread#8" [stack: 0x000000b9bf300000,0x000000b9bf400000] [id=29656]
  0x000001fb0c037c90 GCTaskThread "GC Thread#9" [stack: 0x000000b9bf600000,0x000000b9bf700000] [id=2164]
  0x000001fb6c9254c0 ConcurrentGCThread "G1 Main Marker" [stack: 0x000000b9bdb00000,0x000000b9bdc00000] [id=16436]
  0x000001fb6c925ee0 ConcurrentGCThread "G1 Conc#0" [stack: 0x000000b9bdc00000,0x000000b9bdd00000] [id=32268]
  0x000001fb0b9bb450 ConcurrentGCThread "G1 Conc#1" [stack: 0x000000b9bf400000,0x000000b9bf500000] [id=26288]
  0x000001fb0b8b39a0 ConcurrentGCThread "G1 Conc#2" [stack: 0x000000b9bf500000,0x000000b9bf600000] [id=21868]
  0x000001fb6c96df10 ConcurrentGCThread "G1 Refine#0" [stack: 0x000000b9bdd00000,0x000000b9bde00000] [id=32368]
  0x000001fb0e07c330 ConcurrentGCThread "G1 Refine#1" [stack: 0x000000b9bf900000,0x000000b9bfa00000] [id=23108]
  0x000001fb0e07c620 ConcurrentGCThread "G1 Refine#2" [stack: 0x000000b9bfa00000,0x000000b9bfb00000] [id=3616]
  0x000001fb0d81f320 ConcurrentGCThread "G1 Refine#3" [stack: 0x000000b9bfb00000,0x000000b9bfc00000] [id=21736]
  0x000001fb0d821f30 ConcurrentGCThread "G1 Refine#4" [stack: 0x000000b9bfc00000,0x000000b9bfd00000] [id=19912]
  0x000001fb0d820d90 ConcurrentGCThread "G1 Refine#5" [stack: 0x000000b9bfd00000,0x000000b9bfe00000] [id=29828]
  0x000001fb0d81f610 ConcurrentGCThread "G1 Refine#6" [stack: 0x000000b9bfe00000,0x000000b9bff00000] [id=15276]
  0x000001fb0d821080 ConcurrentGCThread "G1 Refine#7" [stack: 0x000000b9bff00000,0x000000b9c0000000] [id=21560]
  0x000001fb6c96e940 ConcurrentGCThread "G1 Service" [stack: 0x000000b9bde00000,0x000000b9bdf00000] [id=29720]

Threads with active compile tasks:
C2 CompilerThread0    28272 16411       4       org.jetbrains.kotlin.ir.util.IrFakeOverrideUtilsKt::resolveFakeOverrideOrNull (240 bytes)
C1 CompilerThread0    28272 16819       2       org.jetbrains.kotlin.backend.common.lower.loops.handlers.RangeUntilHandler::<init> (35 bytes)
C2 CompilerThread1    28272 16742       4       org.jetbrains.kotlin.backend.jvm.lower.InlineCallableReferenceToLambdaVisitor::visitDeclaration (13 bytes)
C2 CompilerThread2    28272 16394       4       org.jetbrains.kotlin.backend.jvm.lower.BridgeLowering::createBridges (1016 bytes)

VM state: at safepoint (normal execution)

VM Mutex/Monitor currently owned by a thread:  ([mutex/lock_event])
[0x000001fb6c8b79b0] Threads_lock - owner thread: 0x000001fb069346f0
[0x000001fb6c8b71d0] Heap_lock - owner thread: 0x000001fb6c8bb340

Heap address: 0x0000000084c00000, size: 1972 MB, Compressed Oops mode: 32-bit

CDS archive(s) not mapped
Compressed class space mapped at: 0x0000000100000000-0x0000000140000000, reserved size: 1073741824
Narrow klass base: 0x0000000000000000, Narrow klass shift: 3, Narrow klass range: 0x140000000

GC Precious Log:
 CPUs: 12 total, 12 available
 Memory: 7885M
 Large Page Support: Disabled
 NUMA Support: Disabled
 Compressed Oops: Enabled (32-bit)
 Heap Region Size: 1M
 Heap Min Capacity: 8M
 Heap Initial Capacity: 124M
 Heap Max Capacity: 1972M
 Pre-touch: Disabled
 Parallel Workers: 10
 Concurrent Workers: 3
 Concurrent Refinement Workers: 10
 Periodic GC: Disabled

Heap:
 garbage-first heap   total 216064K, used 122845K [0x0000000084c00000, 0x0000000100000000)
  region size 1024K, 4 young (4096K), 4 survivors (4096K)
 Metaspace       used 79842K, committed 80192K, reserved 1179648K
  class space    used 8593K, committed 8768K, reserved 1048576K

Heap Regions: E=young(eden), S=young(survivor), O=old, HS=humongous(starts), HC=humongous(continues), CS=collection set, F=free, OA=open archive, CA=closed archive, TAMS=top-at-mark-start (previous, next)
|   0|0x0000000084c00000, 0x0000000084d00000, 0x0000000084d00000|100%|HS|  |TAMS 0x0000000084d00000, 0x0000000084c00000| Complete 
|   1|0x0000000084d00000, 0x0000000084e00000, 0x0000000084e00000|100%|HC|  |TAMS 0x0000000084e00000, 0x0000000084d00000| Complete 
|   2|0x0000000084e00000, 0x0000000084f00000, 0x0000000084f00000|100%|HC|  |TAMS 0x0000000084f00000, 0x0000000084e00000| Complete 
|   3|0x0000000084f00000, 0x0000000085000000, 0x0000000085000000|100%|HC|  |TAMS 0x0000000085000000, 0x0000000084f00000| Complete 
|   4|0x0000000085000000, 0x0000000085100000, 0x0000000085100000|100%| O|  |TAMS 0x0000000085100000, 0x0000000085000000| Untracked 
|   5|0x0000000085100000, 0x0000000085200000, 0x0000000085200000|100%| O|  |TAMS 0x0000000085200000, 0x0000000085100000| Untracked 
|   6|0x0000000085200000, 0x0000000085300000, 0x0000000085300000|100%| O|  |TAMS 0x0000000085300000, 0x0000000085200000| Untracked 
|   7|0x0000000085300000, 0x0000000085400000, 0x0000000085400000|100%| O|  |TAMS 0x0000000085400000, 0x0000000085300000| Untracked 
|   8|0x0000000085400000, 0x0000000085500000, 0x0000000085500000|100%| O|  |TAMS 0x0000000085400000, 0x0000000085400000| Untracked 
|   9|0x0000000085500000, 0x0000000085600000, 0x0000000085600000|100%| O|  |TAMS 0x0000000085600000, 0x0000000085500000| Untracked 
|  10|0x0000000085600000, 0x0000000085700000, 0x0000000085700000|100%| O|  |TAMS 0x0000000085700000, 0x0000000085600000| Untracked 
|  11|0x0000000085700000, 0x0000000085800000, 0x0000000085800000|100%| O|  |TAMS 0x0000000085800000, 0x0000000085700000| Untracked 
|  12|0x0000000085800000, 0x0000000085900000, 0x0000000085900000|100%| O|  |TAMS 0x0000000085900000, 0x0000000085800000| Untracked 
|  13|0x0000000085900000, 0x0000000085a00000, 0x0000000085a00000|100%| O|  |TAMS 0x0000000085a00000, 0x0000000085900000| Untracked 
|  14|0x0000000085a00000, 0x0000000085b00000, 0x0000000085b00000|100%| O|  |TAMS 0x0000000085b00000, 0x0000000085a00000| Untracked 
|  15|0x0000000085b00000, 0x0000000085c00000, 0x0000000085c00000|100%| O|  |TAMS 0x0000000085c00000, 0x0000000085b00000| Untracked 
|  16|0x0000000085c00000, 0x0000000085d00000, 0x0000000085d00000|100%| O|  |TAMS 0x0000000085d00000, 0x0000000085c00000| Untracked 
|  17|0x0000000085d00000, 0x0000000085e00000, 0x0000000085e00000|100%| O|  |TAMS 0x0000000085e00000, 0x0000000085d00000| Untracked 
|  18|0x0000000085e00000, 0x0000000085f00000, 0x0000000085f00000|100%| O|  |TAMS 0x0000000085f00000, 0x0000000085e00000| Untracked 
|  19|0x0000000085f00000, 0x0000000086000000, 0x0000000086000000|100%| O|  |TAMS 0x0000000086000000, 0x0000000085f00000| Untracked 
|  20|0x0000000086000000, 0x0000000086100000, 0x0000000086100000|100%| O|  |TAMS 0x0000000086100000, 0x0000000086000000| Untracked 
|  21|0x0000000086100000, 0x0000000086200000, 0x0000000086200000|100%| O|  |TAMS 0x0000000086200000, 0x0000000086100000| Untracked 
|  22|0x0000000086200000, 0x0000000086300000, 0x0000000086300000|100%|HS|  |TAMS 0x0000000086300000, 0x0000000086200000| Complete 
|  23|0x0000000086300000, 0x0000000086400000, 0x0000000086400000|100%|HC|  |TAMS 0x0000000086400000, 0x0000000086300000| Complete 
|  24|0x0000000086400000, 0x0000000086500000, 0x0000000086500000|100%| O|  |TAMS 0x0000000086500000, 0x0000000086400000| Untracked 
|  25|0x0000000086500000, 0x0000000086600000, 0x0000000086600000|100%| O|  |TAMS 0x0000000086600000, 0x0000000086500000| Untracked 
|  26|0x0000000086600000, 0x0000000086700000, 0x0000000086700000|100%| O|  |TAMS 0x0000000086700000, 0x0000000086600000| Untracked 
|  27|0x0000000086700000, 0x0000000086800000, 0x0000000086800000|100%| O|  |TAMS 0x0000000086800000, 0x0000000086700000| Untracked 
|  28|0x0000000086800000, 0x0000000086900000, 0x0000000086900000|100%| O|  |TAMS 0x0000000086900000, 0x0000000086800000| Untracked 
|  29|0x0000000086900000, 0x0000000086a00000, 0x0000000086a00000|100%| O|  |TAMS 0x0000000086a00000, 0x0000000086900000| Untracked 
|  30|0x0000000086a00000, 0x0000000086b00000, 0x0000000086b00000|100%| O|  |TAMS 0x0000000086b00000, 0x0000000086a00000| Untracked 
|  31|0x0000000086b00000, 0x0000000086c00000, 0x0000000086c00000|100%| O|  |TAMS 0x0000000086c00000, 0x0000000086b00000| Untracked 
|  32|0x0000000086c00000, 0x0000000086d00000, 0x0000000086d00000|100%| O|  |TAMS 0x0000000086d00000, 0x0000000086c00000| Untracked 
|  33|0x0000000086d00000, 0x0000000086e00000, 0x0000000086e00000|100%| O|  |TAMS 0x0000000086e00000, 0x0000000086d00000| Untracked 
|  34|0x0000000086e00000, 0x0000000086f00000, 0x0000000086f00000|100%| O|  |TAMS 0x0000000086f00000, 0x0000000086e00000| Untracked 
|  35|0x0000000086f00000, 0x0000000087000000, 0x0000000087000000|100%| O|  |TAMS 0x0000000087000000, 0x0000000086f00000| Untracked 
|  36|0x0000000087000000, 0x0000000087100000, 0x0000000087100000|100%| O|  |TAMS 0x0000000087100000, 0x0000000087000000| Untracked 
|  37|0x0000000087100000, 0x0000000087200000, 0x0000000087200000|100%| O|  |TAMS 0x0000000087200000, 0x0000000087100000| Untracked 
|  38|0x0000000087200000, 0x0000000087300000, 0x0000000087300000|100%| O|  |TAMS 0x0000000087300000, 0x0000000087200000| Untracked 
|  39|0x0000000087300000, 0x0000000087400000, 0x0000000087400000|100%| O|  |TAMS 0x0000000087400000, 0x0000000087300000| Untracked 
|  40|0x0000000087400000, 0x0000000087500000, 0x0000000087500000|100%| O|  |TAMS 0x0000000087500000, 0x0000000087400000| Untracked 
|  41|0x0000000087500000, 0x0000000087600000, 0x0000000087600000|100%| O|  |TAMS 0x0000000087600000, 0x0000000087500000| Untracked 
|  42|0x0000000087600000, 0x0000000087700000, 0x0000000087700000|100%| O|  |TAMS 0x0000000087700000, 0x0000000087600000| Untracked 
|  43|0x0000000087700000, 0x0000000087800000, 0x0000000087800000|100%| O|  |TAMS 0x0000000087800000, 0x0000000087700000| Untracked 
|  44|0x0000000087800000, 0x0000000087900000, 0x0000000087900000|100%| O|  |TAMS 0x0000000087900000, 0x0000000087800000| Untracked 
|  45|0x0000000087900000, 0x0000000087a00000, 0x0000000087a00000|100%| O|  |TAMS 0x0000000087a00000, 0x0000000087900000| Untracked 
|  46|0x0000000087a00000, 0x0000000087b00000, 0x0000000087b00000|100%| O|  |TAMS 0x0000000087b00000, 0x0000000087a00000| Untracked 
|  47|0x0000000087b00000, 0x0000000087c00000, 0x0000000087c00000|100%| O|  |TAMS 0x0000000087c00000, 0x0000000087b00000| Untracked 
|  48|0x0000000087c00000, 0x0000000087d00000, 0x0000000087d00000|100%| O|  |TAMS 0x0000000087d00000, 0x0000000087c00000| Untracked 
|  49|0x0000000087d00000, 0x0000000087e00000, 0x0000000087e00000|100%| O|  |TAMS 0x0000000087e00000, 0x0000000087d00000| Untracked 
|  50|0x0000000087e00000, 0x0000000087f00000, 0x0000000087f00000|100%| O|  |TAMS 0x0000000087f00000, 0x0000000087e00000| Untracked 
|  51|0x0000000087f00000, 0x0000000088000000, 0x0000000088000000|100%| O|  |TAMS 0x0000000087fe4800, 0x0000000087f00000| Untracked 
|  52|0x0000000088000000, 0x0000000088100000, 0x0000000088100000|100%| O|  |TAMS 0x0000000088000000, 0x0000000088000000| Untracked 
|  53|0x0000000088100000, 0x0000000088200000, 0x0000000088200000|100%|HS|  |TAMS 0x0000000088100000, 0x0000000088100000| Complete 
|  54|0x0000000088200000, 0x0000000088300000, 0x0000000088300000|100%|HC|  |TAMS 0x0000000088200000, 0x0000000088200000| Complete 
|  55|0x0000000088300000, 0x0000000088400000, 0x0000000088400000|100%| O|  |TAMS 0x0000000088300000, 0x0000000088300000| Untracked 
|  56|0x0000000088400000, 0x0000000088500000, 0x0000000088500000|100%| O|  |TAMS 0x0000000088400000, 0x0000000088400000| Untracked 
|  57|0x0000000088500000, 0x0000000088600000, 0x0000000088600000|100%| O|  |TAMS 0x0000000088500000, 0x0000000088500000| Untracked 
|  58|0x0000000088600000, 0x0000000088700000, 0x0000000088700000|100%| O|  |TAMS 0x0000000088600000, 0x0000000088600000| Untracked 
|  59|0x0000000088700000, 0x0000000088800000, 0x0000000088800000|100%| O|  |TAMS 0x0000000088700000, 0x0000000088700000| Untracked 
|  60|0x0000000088800000, 0x0000000088900000, 0x0000000088900000|100%| O|  |TAMS 0x0000000088800000, 0x0000000088800000| Untracked 
|  61|0x0000000088900000, 0x0000000088a00000, 0x0000000088a00000|100%| O|  |TAMS 0x0000000088900000, 0x0000000088900000| Untracked 
|  62|0x0000000088a00000, 0x0000000088b00000, 0x0000000088b00000|100%| O|  |TAMS 0x0000000088a00000, 0x0000000088a00000| Untracked 
|  63|0x0000000088b00000, 0x0000000088c00000, 0x0000000088c00000|100%| O|  |TAMS 0x0000000088b00000, 0x0000000088b00000| Untracked 
|  64|0x0000000088c00000, 0x0000000088d00000, 0x0000000088d00000|100%| O|  |TAMS 0x0000000088c00000, 0x0000000088c00000| Untracked 
|  65|0x0000000088d00000, 0x0000000088e00000, 0x0000000088e00000|100%| O|  |TAMS 0x0000000088d00000, 0x0000000088d00000| Untracked 
|  66|0x0000000088e00000, 0x0000000088f00000, 0x0000000088f00000|100%| O|  |TAMS 0x0000000088e00000, 0x0000000088e00000| Untracked 
|  67|0x0000000088f00000, 0x0000000089000000, 0x0000000089000000|100%| O|  |TAMS 0x0000000088f00000, 0x0000000088f00000| Untracked 
|  68|0x0000000089000000, 0x0000000089100000, 0x0000000089100000|100%| O|  |TAMS 0x0000000089000000, 0x0000000089000000| Untracked 
|  69|0x0000000089100000, 0x0000000089200000, 0x0000000089200000|100%| O|  |TAMS 0x0000000089100000, 0x0000000089100000| Untracked 
|  70|0x0000000089200000, 0x0000000089300000, 0x0000000089300000|100%| O|  |TAMS 0x0000000089200000, 0x0000000089200000| Untracked 
|  71|0x0000000089300000, 0x0000000089400000, 0x0000000089400000|100%| O|  |TAMS 0x0000000089300000, 0x0000000089300000| Untracked 
|  72|0x0000000089400000, 0x0000000089500000, 0x0000000089500000|100%| O|  |TAMS 0x0000000089400000, 0x0000000089400000| Untracked 
|  73|0x0000000089500000, 0x0000000089600000, 0x0000000089600000|100%| O|  |TAMS 0x0000000089500000, 0x0000000089500000| Untracked 
|  74|0x0000000089600000, 0x0000000089700000, 0x0000000089700000|100%| O|  |TAMS 0x0000000089600000, 0x0000000089600000| Untracked 
|  75|0x0000000089700000, 0x0000000089800000, 0x0000000089800000|100%| O|  |TAMS 0x0000000089700000, 0x0000000089700000| Untracked 
|  76|0x0000000089800000, 0x0000000089900000, 0x0000000089900000|100%| O|  |TAMS 0x0000000089800000, 0x0000000089800000| Untracked 
|  77|0x0000000089900000, 0x0000000089a00000, 0x0000000089a00000|100%| O|  |TAMS 0x0000000089900000, 0x0000000089900000| Untracked 
|  78|0x0000000089a00000, 0x0000000089b00000, 0x0000000089b00000|100%| O|  |TAMS 0x0000000089a00000, 0x0000000089a00000| Untracked 
|  79|0x0000000089b00000, 0x0000000089c00000, 0x0000000089c00000|100%| O|  |TAMS 0x0000000089b00000, 0x0000000089b00000| Untracked 
|  80|0x0000000089c00000, 0x0000000089d00000, 0x0000000089d00000|100%| O|  |TAMS 0x0000000089c00000, 0x0000000089c00000| Untracked 
|  81|0x0000000089d00000, 0x0000000089e00000, 0x0000000089e00000|100%| O|  |TAMS 0x0000000089d00000, 0x0000000089d00000| Untracked 
|  82|0x0000000089e00000, 0x0000000089f00000, 0x0000000089f00000|100%| O|  |TAMS 0x0000000089e00000, 0x0000000089e00000| Untracked 
|  83|0x0000000089f00000, 0x000000008a000000, 0x000000008a000000|100%| O|  |TAMS 0x0000000089f00000, 0x0000000089f00000| Untracked 
|  84|0x000000008a000000, 0x000000008a100000, 0x000000008a100000|100%| O|  |TAMS 0x000000008a000000, 0x000000008a000000| Untracked 
|  85|0x000000008a100000, 0x000000008a200000, 0x000000008a200000|100%| O|  |TAMS 0x000000008a100000, 0x000000008a100000| Untracked 
|  86|0x000000008a200000, 0x000000008a300000, 0x000000008a300000|100%| O|  |TAMS 0x000000008a200000, 0x000000008a200000| Untracked 
|  87|0x000000008a300000, 0x000000008a400000, 0x000000008a400000|100%| O|  |TAMS 0x000000008a300000, 0x000000008a300000| Untracked 
|  88|0x000000008a400000, 0x000000008a500000, 0x000000008a500000|100%| O|  |TAMS 0x000000008a400000, 0x000000008a400000| Untracked 
|  89|0x000000008a500000, 0x000000008a600000, 0x000000008a600000|100%| O|  |TAMS 0x000000008a500000, 0x000000008a500000| Untracked 
|  90|0x000000008a600000, 0x000000008a700000, 0x000000008a700000|100%| O|  |TAMS 0x000000008a600000, 0x000000008a600000| Untracked 
|  91|0x000000008a700000, 0x000000008a800000, 0x000000008a800000|100%| O|  |TAMS 0x000000008a700000, 0x000000008a700000| Untracked 
|  92|0x000000008a800000, 0x000000008a900000, 0x000000008a900000|100%| O|  |TAMS 0x000000008a800000, 0x000000008a800000| Untracked 
|  93|0x000000008a900000, 0x000000008aa00000, 0x000000008aa00000|100%| O|  |TAMS 0x000000008a900000, 0x000000008a900000| Untracked 
|  94|0x000000008aa00000, 0x000000008ab00000, 0x000000008ab00000|100%| O|  |TAMS 0x000000008aa00000, 0x000000008aa00000| Untracked 
|  95|0x000000008ab00000, 0x000000008ac00000, 0x000000008ac00000|100%| O|  |TAMS 0x000000008ab00000, 0x000000008ab00000| Untracked 
|  96|0x000000008ac00000, 0x000000008ad00000, 0x000000008ad00000|100%| O|  |TAMS 0x000000008ac00000, 0x000000008ac00000| Untracked 
|  97|0x000000008ad00000, 0x000000008ae00000, 0x000000008ae00000|100%| O|  |TAMS 0x000000008ad00000, 0x000000008ad00000| Untracked 
|  98|0x000000008ae00000, 0x000000008af00000, 0x000000008af00000|100%| O|  |TAMS 0x000000008ae00000, 0x000000008ae00000| Untracked 
|  99|0x000000008af00000, 0x000000008b000000, 0x000000008b000000|100%| O|  |TAMS 0x000000008af00000, 0x000000008af00000| Untracked 
| 100|0x000000008b000000, 0x000000008b100000, 0x000000008b100000|100%| O|  |TAMS 0x000000008b000000, 0x000000008b000000| Untracked 
| 101|0x000000008b100000, 0x000000008b200000, 0x000000008b200000|100%| O|  |TAMS 0x000000008b100000, 0x000000008b100000| Untracked 
| 102|0x000000008b200000, 0x000000008b300000, 0x000000008b300000|100%| O|  |TAMS 0x000000008b200000, 0x000000008b200000| Untracked 
| 103|0x000000008b300000, 0x000000008b400000, 0x000000008b400000|100%| O|  |TAMS 0x000000008b300000, 0x000000008b300000| Untracked 
| 104|0x000000008b400000, 0x000000008b500000, 0x000000008b500000|100%| O|  |TAMS 0x000000008b400000, 0x000000008b400000| Untracked 
| 105|0x000000008b500000, 0x000000008b600000, 0x000000008b600000|100%| O|  |TAMS 0x000000008b500000, 0x000000008b500000| Untracked 
| 106|0x000000008b600000, 0x000000008b700000, 0x000000008b700000|100%| O|  |TAMS 0x000000008b600000, 0x000000008b600000| Untracked 
| 107|0x000000008b700000, 0x000000008b800000, 0x000000008b800000|100%| O|  |TAMS 0x000000008b700000, 0x000000008b700000| Untracked 
| 108|0x000000008b800000, 0x000000008b900000, 0x000000008b900000|100%| O|  |TAMS 0x000000008b800000, 0x000000008b800000| Untracked 
| 109|0x000000008b900000, 0x000000008ba00000, 0x000000008ba00000|100%| O|  |TAMS 0x000000008b900000, 0x000000008b900000| Untracked 
| 110|0x000000008ba00000, 0x000000008bb00000, 0x000000008bb00000|100%| O|  |TAMS 0x000000008ba00000, 0x000000008ba00000| Untracked 
| 111|0x000000008bb00000, 0x000000008bc00000, 0x000000008bc00000|100%| O|  |TAMS 0x000000008bb00000, 0x000000008bb00000| Untracked 
| 112|0x000000008bc00000, 0x000000008bd00000, 0x000000008bd00000|100%| O|  |TAMS 0x000000008bc00000, 0x000000008bc00000| Untracked 
| 113|0x000000008bd00000, 0x000000008be00000, 0x000000008be00000|100%| O|  |TAMS 0x000000008bd00000, 0x000000008bd00000| Untracked 
| 114|0x000000008be00000, 0x000000008bf00000, 0x000000008bf00000|100%| O|  |TAMS 0x000000008be00000, 0x000000008be00000| Untracked 
| 115|0x000000008bf00000, 0x000000008c000000, 0x000000008c000000|100%| O|  |TAMS 0x000000008bf00000, 0x000000008bf00000| Untracked 
| 116|0x000000008c000000, 0x000000008c000000, 0x000000008c100000|  0%| F|  |TAMS 0x000000008c000000, 0x000000008c000000| Untracked 
| 117|0x000000008c100000, 0x000000008c100000, 0x000000008c200000|  0%| F|  |TAMS 0x000000008c100000, 0x000000008c100000| Untracked 
| 118|0x000000008c200000, 0x000000008c200000, 0x000000008c300000|  0%| F|  |TAMS 0x000000008c200000, 0x000000008c200000| Untracked 
| 119|0x000000008c300000, 0x000000008c300000, 0x000000008c400000|  0%| F|  |TAMS 0x000000008c300000, 0x000000008c300000| Untracked 
| 120|0x000000008c400000, 0x000000008c400000, 0x000000008c500000|  0%| F|  |TAMS 0x000000008c400000, 0x000000008c400000| Untracked 
| 121|0x000000008c500000, 0x000000008c500000, 0x000000008c600000|  0%| F|  |TAMS 0x000000008c500000, 0x000000008c500000| Untracked 
| 122|0x000000008c600000, 0x000000008c600000, 0x000000008c700000|  0%| F|  |TAMS 0x000000008c600000, 0x000000008c600000| Untracked 
| 123|0x000000008c700000, 0x000000008c700000, 0x000000008c800000|  0%| F|  |TAMS 0x000000008c700000, 0x000000008c700000| Untracked 
| 124|0x000000008c800000, 0x000000008c800000, 0x000000008c900000|  0%| F|  |TAMS 0x000000008c800000, 0x000000008c800000| Untracked 
| 125|0x000000008c900000, 0x000000008c900000, 0x000000008ca00000|  0%| F|  |TAMS 0x000000008c900000, 0x000000008c900000| Untracked 
| 126|0x000000008ca00000, 0x000000008ca00000, 0x000000008cb00000|  0%| F|  |TAMS 0x000000008ca00000, 0x000000008ca00000| Untracked 
| 127|0x000000008cb00000, 0x000000008cb00000, 0x000000008cc00000|  0%| F|  |TAMS 0x000000008cb00000, 0x000000008cb00000| Untracked 
| 128|0x000000008cc00000, 0x000000008cc00000, 0x000000008cd00000|  0%| F|  |TAMS 0x000000008cc00000, 0x000000008cc00000| Untracked 
| 129|0x000000008cd00000, 0x000000008cd00000, 0x000000008ce00000|  0%| F|  |TAMS 0x000000008cd00000, 0x000000008cd00000| Untracked 
| 130|0x000000008ce00000, 0x000000008ce00000, 0x000000008cf00000|  0%| F|  |TAMS 0x000000008ce00000, 0x000000008ce00000| Untracked 
| 131|0x000000008cf00000, 0x000000008cf00000, 0x000000008d000000|  0%| F|  |TAMS 0x000000008cf00000, 0x000000008cf00000| Untracked 
| 132|0x000000008d000000, 0x000000008d000000, 0x000000008d100000|  0%| F|  |TAMS 0x000000008d000000, 0x000000008d000000| Untracked 
| 133|0x000000008d100000, 0x000000008d100000, 0x000000008d200000|  0%| F|  |TAMS 0x000000008d100000, 0x000000008d100000| Untracked 
| 134|0x000000008d200000, 0x000000008d200000, 0x000000008d300000|  0%| F|  |TAMS 0x000000008d200000, 0x000000008d200000| Untracked 
| 135|0x000000008d300000, 0x000000008d300000, 0x000000008d400000|  0%| F|  |TAMS 0x000000008d300000, 0x000000008d300000| Untracked 
| 136|0x000000008d400000, 0x000000008d400000, 0x000000008d500000|  0%| F|  |TAMS 0x000000008d400000, 0x000000008d400000| Untracked 
| 137|0x000000008d500000, 0x000000008d500000, 0x000000008d600000|  0%| F|  |TAMS 0x000000008d500000, 0x000000008d500000| Untracked 
| 138|0x000000008d600000, 0x000000008d600000, 0x000000008d700000|  0%| F|  |TAMS 0x000000008d600000, 0x000000008d600000| Untracked 
| 139|0x000000008d700000, 0x000000008d700000, 0x000000008d800000|  0%| F|  |TAMS 0x000000008d700000, 0x000000008d700000| Untracked 
| 140|0x000000008d800000, 0x000000008d800000, 0x000000008d900000|  0%| F|  |TAMS 0x000000008d800000, 0x000000008d800000| Untracked 
| 141|0x000000008d900000, 0x000000008d900000, 0x000000008da00000|  0%| F|  |TAMS 0x000000008d900000, 0x000000008d900000| Untracked 
| 142|0x000000008da00000, 0x000000008da00000, 0x000000008db00000|  0%| F|  |TAMS 0x000000008da00000, 0x000000008da00000| Untracked 
| 143|0x000000008db00000, 0x000000008db00000, 0x000000008dc00000|  0%| F|  |TAMS 0x000000008db00000, 0x000000008db00000| Untracked 
| 144|0x000000008dc00000, 0x000000008dc00000, 0x000000008dd00000|  0%| F|  |TAMS 0x000000008dc00000, 0x000000008dc00000| Untracked 
| 145|0x000000008dd00000, 0x000000008dd00000, 0x000000008de00000|  0%| F|  |TAMS 0x000000008dd00000, 0x000000008dd00000| Untracked 
| 146|0x000000008de00000, 0x000000008de00000, 0x000000008df00000|  0%| F|  |TAMS 0x000000008de00000, 0x000000008de00000| Untracked 
| 147|0x000000008df00000, 0x000000008df00000, 0x000000008e000000|  0%| F|  |TAMS 0x000000008df00000, 0x000000008df00000| Untracked 
| 148|0x000000008e000000, 0x000000008e000000, 0x000000008e100000|  0%| F|  |TAMS 0x000000008e000000, 0x000000008e000000| Untracked 
| 149|0x000000008e100000, 0x000000008e1f74e8, 0x000000008e200000| 96%| S|CS|TAMS 0x000000008e100000, 0x000000008e100000| Complete 
| 150|0x000000008e200000, 0x000000008e300000, 0x000000008e300000|100%| S|CS|TAMS 0x000000008e200000, 0x000000008e200000| Complete 
| 151|0x000000008e300000, 0x000000008e400000, 0x000000008e400000|100%| S|CS|TAMS 0x000000008e300000, 0x000000008e300000| Complete 
| 152|0x000000008e400000, 0x000000008e400000, 0x000000008e500000|  0%| F|  |TAMS 0x000000008e400000, 0x000000008e400000| Untracked 
| 153|0x000000008e500000, 0x000000008e500000, 0x000000008e600000|  0%| F|  |TAMS 0x000000008e500000, 0x000000008e500000| Untracked 
| 154|0x000000008e600000, 0x000000008e600000, 0x000000008e700000|  0%| F|  |TAMS 0x000000008e600000, 0x000000008e600000| Untracked 
| 155|0x000000008e700000, 0x000000008e800000, 0x000000008e800000|100%| S|CS|TAMS 0x000000008e700000, 0x000000008e700000| Complete 
| 156|0x000000008e800000, 0x000000008e800000, 0x000000008e900000|  0%| F|  |TAMS 0x000000008e800000, 0x000000008e800000| Untracked 
| 157|0x000000008e900000, 0x000000008e900000, 0x000000008ea00000|  0%| F|  |TAMS 0x000000008e900000, 0x000000008e900000| Untracked 
| 158|0x000000008ea00000, 0x000000008ea00000, 0x000000008eb00000|  0%| F|  |TAMS 0x000000008ea00000, 0x000000008ea00000| Untracked 
| 159|0x000000008eb00000, 0x000000008eb00000, 0x000000008ec00000|  0%| F|  |TAMS 0x000000008eb00000, 0x000000008eb00000| Untracked 
| 160|0x000000008ec00000, 0x000000008ec00000, 0x000000008ed00000|  0%| F|  |TAMS 0x000000008ec00000, 0x000000008ec00000| Untracked 
| 161|0x000000008ed00000, 0x000000008ed00000, 0x000000008ee00000|  0%| F|  |TAMS 0x000000008ed00000, 0x000000008ed00000| Untracked 
| 162|0x000000008ee00000, 0x000000008ee00000, 0x000000008ef00000|  0%| F|  |TAMS 0x000000008ee00000, 0x000000008ee00000| Untracked 
| 163|0x000000008ef00000, 0x000000008ef00000, 0x000000008f000000|  0%| F|  |TAMS 0x000000008ef00000, 0x000000008ef00000| Untracked 
| 164|0x000000008f000000, 0x000000008f000000, 0x000000008f100000|  0%| F|  |TAMS 0x000000008f000000, 0x000000008f000000| Untracked 
| 165|0x000000008f100000, 0x000000008f100000, 0x000000008f200000|  0%| F|  |TAMS 0x000000008f100000, 0x000000008f100000| Untracked 
| 166|0x000000008f200000, 0x000000008f200000, 0x000000008f300000|  0%| F|  |TAMS 0x000000008f200000, 0x000000008f200000| Untracked 
| 167|0x000000008f300000, 0x000000008f300000, 0x000000008f400000|  0%| F|  |TAMS 0x000000008f300000, 0x000000008f300000| Untracked 
| 168|0x000000008f400000, 0x000000008f400000, 0x000000008f500000|  0%| F|  |TAMS 0x000000008f400000, 0x000000008f400000| Untracked 
| 169|0x000000008f500000, 0x000000008f500000, 0x000000008f600000|  0%| F|  |TAMS 0x000000008f500000, 0x000000008f500000| Untracked 
| 170|0x000000008f600000, 0x000000008f600000, 0x000000008f700000|  0%| F|  |TAMS 0x000000008f600000, 0x000000008f600000| Untracked 
| 171|0x000000008f700000, 0x000000008f700000, 0x000000008f800000|  0%| F|  |TAMS 0x000000008f700000, 0x000000008f700000| Untracked 
| 172|0x000000008f800000, 0x000000008f800000, 0x000000008f900000|  0%| F|  |TAMS 0x000000008f800000, 0x000000008f800000| Untracked 
| 173|0x000000008f900000, 0x000000008f900000, 0x000000008fa00000|  0%| F|  |TAMS 0x000000008f900000, 0x000000008f900000| Untracked 
| 174|0x000000008fa00000, 0x000000008fa00000, 0x000000008fb00000|  0%| F|  |TAMS 0x000000008fa00000, 0x000000008fa00000| Untracked 
| 175|0x000000008fb00000, 0x000000008fb00000, 0x000000008fc00000|  0%| F|  |TAMS 0x000000008fb00000, 0x000000008fb00000| Untracked 
| 176|0x000000008fc00000, 0x000000008fc00000, 0x000000008fd00000|  0%| F|  |TAMS 0x000000008fc00000, 0x000000008fc00000| Untracked 
| 177|0x000000008fd00000, 0x000000008fd00000, 0x000000008fe00000|  0%| F|  |TAMS 0x000000008fd00000, 0x000000008fd00000| Untracked 
| 178|0x000000008fe00000, 0x000000008fe00000, 0x000000008ff00000|  0%| F|  |TAMS 0x000000008fe00000, 0x000000008fe00000| Untracked 
| 179|0x000000008ff00000, 0x000000008ff00000, 0x0000000090000000|  0%| F|  |TAMS 0x000000008ff00000, 0x000000008ff00000| Untracked 
| 180|0x0000000090000000, 0x0000000090000000, 0x0000000090100000|  0%| F|  |TAMS 0x0000000090000000, 0x0000000090000000| Untracked 
| 181|0x0000000090100000, 0x0000000090100000, 0x0000000090200000|  0%| F|  |TAMS 0x0000000090100000, 0x0000000090100000| Untracked 
| 182|0x0000000090200000, 0x0000000090200000, 0x0000000090300000|  0%| F|  |TAMS 0x0000000090200000, 0x0000000090200000| Untracked 
| 183|0x0000000090300000, 0x0000000090300000, 0x0000000090400000|  0%| F|  |TAMS 0x0000000090300000, 0x0000000090300000| Untracked 
| 184|0x0000000090400000, 0x0000000090400000, 0x0000000090500000|  0%| F|  |TAMS 0x0000000090400000, 0x0000000090400000| Untracked 
| 185|0x0000000090500000, 0x0000000090500000, 0x0000000090600000|  0%| F|  |TAMS 0x0000000090500000, 0x0000000090500000| Untracked 
| 186|0x0000000090600000, 0x0000000090600000, 0x0000000090700000|  0%| F|  |TAMS 0x0000000090600000, 0x0000000090600000| Untracked 
| 187|0x0000000090700000, 0x0000000090700000, 0x0000000090800000|  0%| F|  |TAMS 0x0000000090700000, 0x0000000090700000| Untracked 
| 188|0x0000000090800000, 0x0000000090800000, 0x0000000090900000|  0%| F|  |TAMS 0x0000000090800000, 0x0000000090800000| Untracked 
| 189|0x0000000090900000, 0x0000000090900000, 0x0000000090a00000|  0%| F|  |TAMS 0x0000000090900000, 0x0000000090900000| Untracked 
| 190|0x0000000090a00000, 0x0000000090a00000, 0x0000000090b00000|  0%| F|  |TAMS 0x0000000090a00000, 0x0000000090a00000| Untracked 
| 191|0x0000000090b00000, 0x0000000090b00000, 0x0000000090c00000|  0%| F|  |TAMS 0x0000000090b00000, 0x0000000090b00000| Untracked 
| 192|0x0000000090c00000, 0x0000000090c00000, 0x0000000090d00000|  0%| F|  |TAMS 0x0000000090c00000, 0x0000000090c00000| Untracked 
| 193|0x0000000090d00000, 0x0000000090d00000, 0x0000000090e00000|  0%| F|  |TAMS 0x0000000090d00000, 0x0000000090d00000| Untracked 
| 194|0x0000000090e00000, 0x0000000090e00000, 0x0000000090f00000|  0%| F|  |TAMS 0x0000000090e00000, 0x0000000090e00000| Untracked 
| 195|0x0000000090f00000, 0x0000000090f00000, 0x0000000091000000|  0%| F|  |TAMS 0x0000000090f00000, 0x0000000090f00000| Untracked 
| 196|0x0000000091000000, 0x0000000091000000, 0x0000000091100000|  0%| F|  |TAMS 0x0000000091000000, 0x0000000091000000| Untracked 
| 197|0x0000000091100000, 0x0000000091100000, 0x0000000091200000|  0%| F|  |TAMS 0x0000000091100000, 0x0000000091100000| Untracked 
| 198|0x0000000091200000, 0x0000000091200000, 0x0000000091300000|  0%| F|  |TAMS 0x0000000091200000, 0x0000000091200000| Untracked 
| 199|0x0000000091300000, 0x0000000091300000, 0x0000000091400000|  0%| F|  |TAMS 0x0000000091300000, 0x0000000091300000| Untracked 
| 200|0x0000000091400000, 0x0000000091400000, 0x0000000091500000|  0%| F|  |TAMS 0x0000000091400000, 0x0000000091400000| Untracked 
| 201|0x0000000091500000, 0x0000000091500000, 0x0000000091600000|  0%| F|  |TAMS 0x0000000091500000, 0x0000000091500000| Untracked 
| 202|0x0000000091600000, 0x0000000091600000, 0x0000000091700000|  0%| F|  |TAMS 0x0000000091600000, 0x0000000091600000| Untracked 
| 203|0x0000000091700000, 0x0000000091700000, 0x0000000091800000|  0%| F|  |TAMS 0x0000000091700000, 0x0000000091700000| Untracked 
| 204|0x0000000091800000, 0x0000000091800000, 0x0000000091900000|  0%| F|  |TAMS 0x0000000091800000, 0x0000000091800000| Untracked 
| 205|0x0000000091900000, 0x0000000091900000, 0x0000000091a00000|  0%| F|  |TAMS 0x0000000091900000, 0x0000000091900000| Untracked 
| 206|0x0000000091a00000, 0x0000000091a00000, 0x0000000091b00000|  0%| F|  |TAMS 0x0000000091a00000, 0x0000000091a00000| Untracked 
| 207|0x0000000091b00000, 0x0000000091b00000, 0x0000000091c00000|  0%| F|  |TAMS 0x0000000091b00000, 0x0000000091b00000| Untracked 
| 208|0x0000000091c00000, 0x0000000091c00000, 0x0000000091d00000|  0%| F|  |TAMS 0x0000000091c00000, 0x0000000091c00000| Untracked 
| 209|0x0000000091d00000, 0x0000000091d00000, 0x0000000091e00000|  0%| F|  |TAMS 0x0000000091d00000, 0x0000000091d00000| Untracked 
| 210|0x0000000091e00000, 0x0000000091e00000, 0x0000000091f00000|  0%| F|  |TAMS 0x0000000091e00000, 0x0000000091e00000| Untracked 

Card table byte_map: [0x000001fb7f6c0000,0x000001fb7faa0000] _byte_map_base: 0x000001fb7f29a000

Marking Bits (Prev, Next): (CMBitMap*) 0x000001fb6c915550, (CMBitMap*) 0x000001fb6c915510
 Prev Bits: [0x000001fb01ed0000, 0x000001fb03da0000)
 Next Bits: [0x000001fb00000000, 0x000001fb01ed0000)

Polling page: 0x000001fb6c070000

Metaspace:

Usage:
  Non-class:     69.58 MB used.
      Class:      8.39 MB used.
       Both:     77.97 MB used.

Virtual space:
  Non-class space:      128.00 MB reserved,      69.75 MB ( 54%) committed,  2 nodes.
      Class space:        1.00 GB reserved,       8.56 MB ( <1%) committed,  1 nodes.
             Both:        1.12 GB reserved,      78.31 MB (  7%) committed. 

Chunk freelists:
   Non-Class:  9.83 MB
       Class:  7.47 MB
        Both:  17.30 MB

MaxMetaspaceSize: unlimited
CompressedClassSpaceSize: 1.00 GB
Initial GC threshold: 21.00 MB
Current GC threshold: 87.75 MB
CDS: off
MetaspaceReclaimPolicy: balanced
 - commit_granule_bytes: 65536.
 - commit_granule_words: 8192.
 - virtual_space_node_default_size: 8388608.
 - enlarge_chunks_in_place: 1.
 - new_chunks_are_fully_committed: 0.
 - uncommit_free_chunks: 1.
 - use_allocation_guard: 0.
 - handle_deallocations: 1.


Internal statistics:

num_allocs_failed_limit: 6.
num_arena_births: 344.
num_arena_deaths: 0.
num_vsnodes_births: 3.
num_vsnodes_deaths: 0.
num_space_committed: 1251.
num_space_uncommitted: 0.
num_chunks_returned_to_freelist: 6.
num_chunks_taken_from_freelist: 2904.
num_chunk_merges: 6.
num_chunk_splits: 2390.
num_chunks_enlarged: 2126.
num_inconsistent_stats: 0.

CodeHeap 'non-profiled nmethods': size=120000Kb used=8417Kb max_used=8417Kb free=111582Kb
 bounds [0x000001fb77860000, 0x000001fb780a0000, 0x000001fb7ed90000]
CodeHeap 'profiled nmethods': size=120000Kb used=37599Kb max_used=37599Kb free=82400Kb
 bounds [0x000001fb6fd90000, 0x000001fb72250000, 0x000001fb772c0000]
CodeHeap 'non-nmethods': size=5760Kb used=1427Kb max_used=1453Kb free=4332Kb
 bounds [0x000001fb772c0000, 0x000001fb77530000, 0x000001fb77860000]
 total_blobs=14067 nmethods=13352 adapters=622
 compilation: enabled
              stopped_count=0, restarted_count=0
 full_count=0

Compilation events (20 events):
Event: 28.189 Thread 0x000001fb06ab1490 nmethod 16812 0x000001fb72246090 code [0x000001fb722462e0, 0x000001fb72246788]
Event: 28.189 Thread 0x000001fb06ab1490 16813       2       org.jetbrains.kotlin.backend.common.ClassLoweringVisitor::visitProperty (7 bytes)
Event: 28.191 Thread 0x000001fb06ab1490 nmethod 16813 0x000001fb72246b10 code [0x000001fb72246d40, 0x000001fb722471c8]
Event: 28.191 Thread 0x000001fb06ab1490 16814       2       org.jetbrains.kotlin.backend.common.ClassLoweringVisitor::visitProperty (6 bytes)
Event: 28.192 Thread 0x000001fb06ab1490 nmethod 16814 0x000001fb72247510 code [0x000001fb72247780, 0x000001fb72247ce8]
Event: 28.192 Thread 0x000001fb06ab1490 16815       2       org.jetbrains.kotlin.backend.common.lower.loops.handlers.CollectionIndicesHandler::<init> (12 bytes)
Event: 28.193 Thread 0x000001fb06ab1490 nmethod 16815 0x000001fb72248090 code [0x000001fb722482c0, 0x000001fb72248798]
Event: 28.194 Thread 0x000001fb06ab1490 16823       2       org.jetbrains.kotlin.backend.common.lower.SharedVariablesLowering$SharedVariablesTransformer$collectSharedVariables$1::visitDeclaration (13 bytes)
Event: 28.196 Thread 0x000001fb06ab1490 nmethod 16823 0x000001fb72248a90 code [0x000001fb72248d20, 0x000001fb72249488]
Event: 28.196 Thread 0x000001fb06ab1490 16824       2       org.jetbrains.kotlin.backend.common.lower.SharedVariablesLowering$SharedVariablesTransformer$collectSharedVariables$1::visitDeclaration (34 bytes)
Event: 28.198 Thread 0x000001fb06ab1490 nmethod 16824 0x000001fb72249910 code [0x000001fb72249b80, 0x000001fb7224a288]
Event: 28.198 Thread 0x000001fb06ab1490 16816       2       org.jetbrains.kotlin.backend.common.lower.loops.handlers.ArrayIndicesHandler::<init> (22 bytes)
Event: 28.199 Thread 0x000001fb06ab1490 nmethod 16816 0x000001fb7224a690 code [0x000001fb7224a8c0, 0x000001fb7224add8]
Event: 28.199 Thread 0x000001fb0be14390 nmethod 16633 0x000001fb78097710 code [0x000001fb78097900, 0x000001fb78097eb0]
Event: 28.199 Thread 0x000001fb06ab1490 16817       2       org.jetbrains.kotlin.backend.common.lower.loops.handlers.CharSequenceIndicesHandler::<init> (12 bytes)
Event: 28.200 Thread 0x000001fb0be14390 16742       4       org.jetbrains.kotlin.backend.jvm.lower.InlineCallableReferenceToLambdaVisitor::visitDeclaration (13 bytes)
Event: 28.200 Thread 0x000001fb06ab1490 nmethod 16817 0x000001fb7224b110 code [0x000001fb7224b340, 0x000001fb7224b818]
Event: 28.200 Thread 0x000001fb06ab1490 16818       2       org.jetbrains.kotlin.backend.common.lower.loops.handlers.UntilHandler::<init> (35 bytes)
Event: 28.201 Thread 0x000001fb06ab1490 nmethod 16818 0x000001fb7224bb10 code [0x000001fb7224bd00, 0x000001fb7224c128]
Event: 28.201 Thread 0x000001fb06ab1490 16819       2       org.jetbrains.kotlin.backend.common.lower.loops.handlers.RangeUntilHandler::<init> (35 bytes)

GC Heap History (20 events):
Event: 8.644 GC heap after
{Heap after GC invocations=22 (full 0):
 garbage-first heap   total 216064K, used 52490K [0x0000000084c00000, 0x0000000100000000)
  region size 1024K, 1 young (1024K), 1 survivors (1024K)
 Metaspace       used 53665K, committed 53888K, reserved 1114112K
  class space    used 6325K, committed 6400K, reserved 1048576K
}
Event: 11.360 GC heap before
{Heap before GC invocations=22 (full 0):
 garbage-first heap   total 216064K, used 170250K [0x0000000084c00000, 0x0000000100000000)
  region size 1024K, 115 young (117760K), 1 survivors (1024K)
 Metaspace       used 57587K, committed 57792K, reserved 1114112K
  class space    used 6696K, committed 6784K, reserved 1048576K
}
Event: 11.374 GC heap after
{Heap after GC invocations=23 (full 0):
 garbage-first heap   total 216064K, used 62650K [0x0000000084c00000, 0x0000000100000000)
  region size 1024K, 10 young (10240K), 10 survivors (10240K)
 Metaspace       used 57587K, committed 57792K, reserved 1114112K
  class space    used 6696K, committed 6784K, reserved 1048576K
}
Event: 16.545 GC heap before
{Heap before GC invocations=23 (full 0):
 garbage-first heap   total 216064K, used 171194K [0x0000000084c00000, 0x0000000100000000)
  region size 1024K, 114 young (116736K), 10 survivors (10240K)
 Metaspace       used 60689K, committed 60928K, reserved 1114112K
  class space    used 6829K, committed 6976K, reserved 1048576K
}
Event: 16.572 GC heap after
{Heap after GC invocations=24 (full 0):
 garbage-first heap   total 216064K, used 74428K [0x0000000084c00000, 0x0000000100000000)
  region size 1024K, 10 young (10240K), 10 survivors (10240K)
 Metaspace       used 60689K, committed 60928K, reserved 1114112K
  class space    used 6829K, committed 6976K, reserved 1048576K
}
Event: 20.031 GC heap before
{Heap before GC invocations=24 (full 0):
 garbage-first heap   total 216064K, used 167612K [0x0000000084c00000, 0x0000000100000000)
  region size 1024K, 101 young (103424K), 10 survivors (10240K)
 Metaspace       used 62158K, committed 62400K, reserved 1114112K
  class space    used 6926K, committed 7040K, reserved 1048576K
}
Event: 20.052 GC heap after
{Heap after GC invocations=25 (full 0):
 garbage-first heap   total 216064K, used 83295K [0x0000000084c00000, 0x0000000100000000)
  region size 1024K, 9 young (9216K), 9 survivors (9216K)
 Metaspace       used 62158K, committed 62400K, reserved 1114112K
  class space    used 6926K, committed 7040K, reserved 1048576K
}
Event: 22.221 GC heap before
{Heap before GC invocations=25 (full 0):
 garbage-first heap   total 216064K, used 170335K [0x0000000084c00000, 0x0000000100000000)
  region size 1024K, 94 young (96256K), 9 survivors (9216K)
 Metaspace       used 63095K, committed 63360K, reserved 1114112K
  class space    used 6980K, committed 7104K, reserved 1048576K
}
Event: 22.239 GC heap after
{Heap after GC invocations=26 (full 0):
 garbage-first heap   total 216064K, used 88765K [0x0000000084c00000, 0x0000000100000000)
  region size 1024K, 5 young (5120K), 5 survivors (5120K)
 Metaspace       used 63095K, committed 63360K, reserved 1114112K
  class space    used 6980K, committed 7104K, reserved 1048576K
}
Event: 24.290 GC heap before
{Heap before GC invocations=26 (full 0):
 garbage-first heap   total 216064K, used 173757K [0x0000000084c00000, 0x0000000100000000)
  region size 1024K, 88 young (90112K), 5 survivors (5120K)
 Metaspace       used 69145K, committed 69440K, reserved 1114112K
  class space    used 7559K, committed 7744K, reserved 1048576K
}
Event: 24.313 GC heap after
{Heap after GC invocations=27 (full 0):
 garbage-first heap   total 216064K, used 100310K [0x0000000084c00000, 0x0000000100000000)
  region size 1024K, 11 young (11264K), 11 survivors (11264K)
 Metaspace       used 69145K, committed 69440K, reserved 1114112K
  class space    used 7559K, committed 7744K, reserved 1048576K
}
Event: 25.341 GC heap before
{Heap before GC invocations=27 (full 0):
 garbage-first heap   total 216064K, used 171990K [0x0000000084c00000, 0x0000000100000000)
  region size 1024K, 81 young (82944K), 11 survivors (11264K)
 Metaspace       used 71672K, committed 71936K, reserved 1114112K
  class space    used 7858K, committed 8000K, reserved 1048576K
}
Event: 25.367 GC heap after
{Heap after GC invocations=28 (full 0):
 garbage-first heap   total 216064K, used 112477K [0x0000000084c00000, 0x0000000100000000)
  region size 1024K, 11 young (11264K), 11 survivors (11264K)
 Metaspace       used 71672K, committed 71936K, reserved 1114112K
  class space    used 7858K, committed 8000K, reserved 1048576K
}
Event: 26.970 GC heap before
{Heap before GC invocations=28 (full 0):
 garbage-first heap   total 216064K, used 171869K [0x0000000084c00000, 0x0000000100000000)
  region size 1024K, 69 young (70656K), 11 survivors (11264K)
 Metaspace       used 78762K, committed 79104K, reserved 1179648K
  class space    used 8553K, committed 8704K, reserved 1048576K
}
Event: 26.987 GC heap after
{Heap after GC invocations=29 (full 0):
 garbage-first heap   total 216064K, used 119024K [0x0000000084c00000, 0x0000000100000000)
  region size 1024K, 6 young (6144K), 6 survivors (6144K)
 Metaspace       used 78762K, committed 79104K, reserved 1179648K
  class space    used 8553K, committed 8704K, reserved 1048576K
}
Event: 27.643 GC heap before
{Heap before GC invocations=29 (full 0):
 garbage-first heap   total 216064K, used 173296K [0x0000000084c00000, 0x0000000100000000)
  region size 1024K, 59 young (60416K), 6 survivors (6144K)
 Metaspace       used 79532K, committed 79872K, reserved 1179648K
  class space    used 8585K, committed 8768K, reserved 1048576K
}
Event: 27.656 GC heap after
{Heap after GC invocations=30 (full 0):
 garbage-first heap   total 216064K, used 121354K [0x0000000084c00000, 0x0000000100000000)
  region size 1024K, 3 young (3072K), 3 survivors (3072K)
 Metaspace       used 79532K, committed 79872K, reserved 1179648K
  class space    used 8585K, committed 8768K, reserved 1048576K
}
Event: 27.920 GC heap before
{Heap before GC invocations=30 (full 0):
 garbage-first heap   total 216064K, used 175626K [0x0000000084c00000, 0x0000000100000000)
  region size 1024K, 56 young (57344K), 3 survivors (3072K)
 Metaspace       used 79669K, committed 80064K, reserved 1179648K
  class space    used 8585K, committed 8768K, reserved 1048576K
}
Event: 27.929 GC heap after
{Heap after GC invocations=31 (full 0):
 garbage-first heap   total 216064K, used 121856K [0x0000000084c00000, 0x0000000100000000)
  region size 1024K, 3 young (3072K), 3 survivors (3072K)
 Metaspace       used 79669K, committed 80064K, reserved 1179648K
  class space    used 8585K, committed 8768K, reserved 1048576K
}
Event: 28.202 GC heap before
{Heap before GC invocations=31 (full 0):
 garbage-first heap   total 216064K, used 178176K [0x0000000084c00000, 0x0000000100000000)
  region size 1024K, 58 young (59392K), 3 survivors (3072K)
 Metaspace       used 79842K, committed 80192K, reserved 1179648K
  class space    used 8593K, committed 8768K, reserved 1048576K
}

Dll operation events (2 events):
Event: 0.047 Loaded shared library C:\Program Files\Android\Android Studio\jbr\bin\java.dll
Event: 2.060 Loaded shared library C:\Program Files\Android\Android Studio\jbr\bin\verify.dll

Deoptimization events (20 events):
Event: 27.509 Thread 0x000001fb6c8bb340 DEOPT PACKING pc=0x000001fb77f3de1c sp=0x000000b9bd9fc2c0
Event: 27.509 Thread 0x000001fb6c8bb340 DEOPT UNPACKING pc=0x000001fb773169a3 sp=0x000000b9bd9fc280 mode 2
Event: 27.639 Thread 0x000001fb6c8bb340 Uncommon trap: trap_request=0xffffff66 fr.pc=0x000001fb7807cf78 relative=0x00000000000001b8
Event: 27.639 Thread 0x000001fb6c8bb340 Uncommon trap: reason=speculate_class_check action=maybe_recompile pc=0x000001fb7807cf78 method=org.jetbrains.kotlin.ir.visitors.IrVisitorsKt.acceptChildrenVoid(Lorg/jetbrains/kotlin/ir/IrElement;Lorg/jetbrains/kotlin/ir/visitors/IrElementVisitorVoid;)V @
Event: 27.639 Thread 0x000001fb6c8bb340 DEOPT PACKING pc=0x000001fb7807cf78 sp=0x000000b9bd9fd280
Event: 27.639 Thread 0x000001fb6c8bb340 DEOPT UNPACKING pc=0x000001fb773169a3 sp=0x000000b9bd9fd0e8 mode 2
Event: 27.639 Thread 0x000001fb6c8bb340 Uncommon trap: trap_request=0xffffff66 fr.pc=0x000001fb7807cf78 relative=0x00000000000001b8
Event: 27.639 Thread 0x000001fb6c8bb340 Uncommon trap: reason=speculate_class_check action=maybe_recompile pc=0x000001fb7807cf78 method=org.jetbrains.kotlin.ir.visitors.IrVisitorsKt.acceptChildrenVoid(Lorg/jetbrains/kotlin/ir/IrElement;Lorg/jetbrains/kotlin/ir/visitors/IrElementVisitorVoid;)V @
Event: 27.640 Thread 0x000001fb6c8bb340 DEOPT PACKING pc=0x000001fb7807cf78 sp=0x000000b9bd9fd3c0
Event: 27.640 Thread 0x000001fb6c8bb340 DEOPT UNPACKING pc=0x000001fb773169a3 sp=0x000000b9bd9fd228 mode 2
Event: 27.741 Thread 0x000001fb6c8bb340 Uncommon trap: trap_request=0xffffffc6 fr.pc=0x000001fb77f3de1c relative=0x00000000000005bc
Event: 27.741 Thread 0x000001fb6c8bb340 Uncommon trap: reason=bimorphic_or_optimized_type_check action=maybe_recompile pc=0x000001fb77f3de1c method=org.jetbrains.kotlin.ir.expressions.impl.IrConstructorCallImpl$Companion.fromSymbolOwner(IILorg/jetbrains/kotlin/ir/types/IrType;Lorg/jetbrains/kot
Event: 27.741 Thread 0x000001fb6c8bb340 DEOPT PACKING pc=0x000001fb77f3de1c sp=0x000000b9bd9fc420
Event: 27.741 Thread 0x000001fb6c8bb340 DEOPT UNPACKING pc=0x000001fb773169a3 sp=0x000000b9bd9fc3e0 mode 2
Event: 28.043 Thread 0x000001fb6c8bb340 DEOPT PACKING pc=0x000001fb721923e2 sp=0x000000b9bd9fde00
Event: 28.043 Thread 0x000001fb6c8bb340 DEOPT UNPACKING pc=0x000001fb77317143 sp=0x000000b9bd9fd380 mode 0
Event: 28.170 Thread 0x000001fb6c8bb340 Uncommon trap: trap_request=0xffffff45 fr.pc=0x000001fb78094620 relative=0x0000000000002740
Event: 28.170 Thread 0x000001fb6c8bb340 Uncommon trap: reason=unstable_if action=reinterpret pc=0x000001fb78094620 method=java.util.HashMap.keySet()Ljava/util/Set; @ 6 c2
Event: 28.170 Thread 0x000001fb6c8bb340 DEOPT PACKING pc=0x000001fb78094620 sp=0x000000b9bd9fda00
Event: 28.170 Thread 0x000001fb6c8bb340 DEOPT UNPACKING pc=0x000001fb773169a3 sp=0x000000b9bd9fd8f0 mode 2

Classes unloaded (0 events):
No events

Classes redefined (0 events):
No events

Internal exceptions (20 events):
Event: 8.170 Thread 0x000001fb6c8bb340 Implicit null exception at 0x000001fb778c2358 to 0x000001fb778c23ea
Event: 9.595 Thread 0x000001fb6c8bb340 Exception <a 'java/lang/NoSuchMethodError'{0x000000008dc866e8}: 'int java.lang.invoke.DirectMethodHandle$Holder.invokeStaticInit(java.lang.Object, int)'> (0x000000008dc866e8) 
thrown [s\src\hotspot\share\interpreter\linkResolver.cpp, line 771]
Event: 10.134 Thread 0x000001fb6c8bb340 Exception <a 'java/lang/NoSuchMethodError'{0x000000008c67c1a0}: 'java.lang.Object java.lang.invoke.DirectMethodHandle$Holder.invokeStatic(java.lang.Object, int, java.lang.Object)'> (0x000000008c67c1a0) 
thrown [s\src\hotspot\share\interpreter\linkResolver.cpp, line 771]
Event: 10.304 Thread 0x000001fb6c8bb340 Exception <a 'java/lang/NoSuchMethodError'{0x000000008c1356c8}: 'java.lang.Object java.lang.invoke.DirectMethodHandle$Holder.newInvokeSpecial(java.lang.Object, java.lang.Object, java.lang.Object, java.lang.Object, java.lang.Object, java.lang.Object, java.lang.Object)'> (0x000000008c1356c8) 
thrown [s\src\hotspot\share\interpreter\linkResolver.cpp, line 771]
Event: 10.305 Thread 0x000001fb6c8bb340 Exception <a 'java/lang/NoSuchMethodError'{0x000000008c13a7d0}: 'java.lang.Object java.lang.invoke.Invokers$Holder.linkToTargetMethod(java.lang.Object, java.lang.Object, java.lang.Object, java.lang.Object, java.lang.Object, java.lang.Object, java.lang.Object)'> (0x000000008c13a7d0) 
thrown [s\src\hotspot\share\interpreter\linkResolver.cpp, line 771]
Event: 10.712 Thread 0x000001fb6c8bb340 Exception <a 'java/lang/NoSuchMethodError'{0x000000008baa9430}: 'java.lang.Object java.lang.invoke.DirectMethodHandle$Holder.invokeInterface(java.lang.Object, java.lang.Object, java.lang.Object)'> (0x000000008baa9430) 
thrown [s\src\hotspot\share\interpreter\linkResolver.cpp, line 771]
Event: 10.712 Thread 0x000001fb6c8bb340 Exception <a 'java/lang/IncompatibleClassChangeError'{0x000000008baacda0}: Found class java.lang.Object, but interface was expected> (0x000000008baacda0) 
thrown [s\src\hotspot\share\interpreter\linkResolver.cpp, line 838]
Event: 11.078 Thread 0x000001fb6c8bb340 Exception <a 'java/lang/NoSuchMethodError'{0x000000008b007e80}: 'java.lang.Object java.lang.invoke.DirectMethodHandle$Holder.newInvokeSpecial(java.lang.Object, int, java.lang.Object, java.lang.Object)'> (0x000000008b007e80) 
thrown [s\src\hotspot\share\interpreter\linkResolver.cpp, line 771]
Event: 11.359 Thread 0x000001fb6c8bb340 Implicit null exception at 0x000001fb77b9fe5c to 0x000001fb77ba0b28
Event: 13.521 Thread 0x000001fb6c8bb340 Implicit null exception at 0x000001fb77d52878 to 0x000001fb77d5aa70
Event: 14.045 Thread 0x000001fb6c8bb340 Implicit null exception at 0x000001fb77c7e5ac to 0x000001fb77c7e661
Event: 16.310 Thread 0x000001fb6c8bb340 Implicit null exception at 0x000001fb77dd0fad to 0x000001fb77dd51c8
Event: 17.719 Thread 0x000001fb6c8bb340 Implicit null exception at 0x000001fb77c76c4f to 0x000001fb77c77414
Event: 22.594 Thread 0x000001fb6c8bb340 Exception <a 'java/lang/NoSuchMethodError'{0x0000000091671688}: 'java.lang.Object java.lang.invoke.DirectMethodHandle$Holder.invokeStaticInit(java.lang.Object, java.lang.Object, java.lang.Object, java.lang.Object)'> (0x0000000091671688) 
thrown [s\src\hotspot\share\interpreter\linkResolver.cpp, line 771]
Event: 23.049 Thread 0x000001fb6c8bb340 Exception <a 'java/lang/NoSuchMethodError'{0x00000000908e5b88}: 'java.lang.Object java.lang.invoke.DirectMethodHandle$Holder.newInvokeSpecial(java.lang.Object, java.lang.Object, java.lang.Object, int, int)'> (0x00000000908e5b88) 
thrown [s\src\hotspot\share\interpreter\linkResolver.cpp, line 771]
Event: 23.050 Thread 0x000001fb6c8bb340 Exception <a 'java/lang/NoSuchMethodError'{0x00000000908e99c8}: 'java.lang.Object java.lang.invoke.DirectMethodHandle$Holder.invokeSpecial(java.lang.Object, java.lang.Object, java.lang.Object, java.lang.Object, int, int)'> (0x00000000908e99c8) 
thrown [s\src\hotspot\share\interpreter\linkResolver.cpp, line 771]
Event: 23.127 Thread 0x000001fb6c8bb340 Exception <a 'java/lang/NoSuchMethodError'{0x000000009057da50}: 'java.lang.Object java.lang.invoke.DirectMethodHandle$Holder.invokeSpecial(java.lang.Object, java.lang.Object, int, int, java.lang.Object, java.lang.Object, java.lang.Object, java.lang.Object, java.lang.Object)'> (0x000000009057da50) 
thrown [s\src\hotspot\share\interpreter\linkResolver.cpp, line 771]
Event: 23.809 Thread 0x000001fb6c8bb340 Exception <a 'java/lang/NoSuchMethodError'{0x000000008f0a9a98}: 'java.lang.Object java.lang.invoke.DirectMethodHandle$Holder.newInvokeSpecial(java.lang.Object, java.lang.Object, int, int, java.lang.Object, java.lang.Object, java.lang.Object)'> (0x000000008f0a9a98) 
thrown [s\src\hotspot\share\interpreter\linkResolver.cpp, line 771]
Event: 23.809 Thread 0x000001fb6c8bb340 Exception <a 'java/lang/NoSuchMethodError'{0x000000008f0ae340}: 'java.lang.Object java.lang.invoke.DirectMethodHandle$Holder.invokeSpecial(java.lang.Object, java.lang.Object, java.lang.Object, int, int, java.lang.Object, java.lang.Object, java.lang.Object)'> (0x000000008f0ae340) 
thrown [s\src\hotspot\share\interpreter\linkResolver.cpp, line 771]
Event: 24.164 Thread 0x000001fb6c8bb340 Implicit null exception at 0x000001fb778c8010 to 0x000001fb778c82c8

VM Operations (20 events):
Event: 27.108 Executing VM operation: HandshakeAllThreads done
Event: 27.110 Executing VM operation: HandshakeAllThreads
Event: 27.110 Executing VM operation: HandshakeAllThreads done
Event: 27.110 Executing VM operation: HandshakeAllThreads
Event: 27.145 Executing VM operation: HandshakeAllThreads done
Event: 27.185 Executing VM operation: ICBufferFull
Event: 27.185 Executing VM operation: ICBufferFull done
Event: 27.185 Executing VM operation: ICBufferFull
Event: 27.185 Executing VM operation: ICBufferFull done
Event: 27.347 Executing VM operation: ICBufferFull
Event: 27.347 Executing VM operation: ICBufferFull done
Event: 27.555 Executing VM operation: ICBufferFull
Event: 27.555 Executing VM operation: ICBufferFull done
Event: 27.643 Executing VM operation: G1CollectForAllocation
Event: 27.656 Executing VM operation: G1CollectForAllocation done
Event: 27.920 Executing VM operation: G1CollectForAllocation
Event: 27.929 Executing VM operation: G1CollectForAllocation done
Event: 28.194 Executing VM operation: ICBufferFull
Event: 28.194 Executing VM operation: ICBufferFull done
Event: 28.201 Executing VM operation: G1CollectForAllocation

Events (20 events):
Event: 25.736 Thread 0x000001fb06ab27c0 flushing nmethod 0x000001fb71a38990
Event: 25.736 Thread 0x000001fb06ab27c0 flushing nmethod 0x000001fb71a7b190
Event: 25.736 Thread 0x000001fb06ab27c0 flushing nmethod 0x000001fb71a8c990
Event: 25.736 Thread 0x000001fb06ab27c0 flushing nmethod 0x000001fb71ac2d90
Event: 25.736 Thread 0x000001fb06ab27c0 flushing nmethod 0x000001fb71acbd10
Event: 25.736 Thread 0x000001fb06ab27c0 flushing nmethod 0x000001fb71ad0490
Event: 25.736 Thread 0x000001fb06ab27c0 flushing nmethod 0x000001fb71ad3e90
Event: 25.736 Thread 0x000001fb06ab27c0 flushing nmethod 0x000001fb71af6710
Event: 25.737 Thread 0x000001fb06ab27c0 flushing nmethod 0x000001fb71b40790
Event: 25.737 Thread 0x000001fb06ab27c0 flushing nmethod 0x000001fb71b82390
Event: 25.738 Thread 0x000001fb06ab27c0 flushing nmethod 0x000001fb71c92210
Event: 25.739 Thread 0x000001fb06ab27c0 flushing nmethod 0x000001fb71c9fe10
Event: 25.739 Thread 0x000001fb06ab27c0 flushing nmethod 0x000001fb71cae890
Event: 25.739 Thread 0x000001fb06ab27c0 flushing nmethod 0x000001fb71cb4410
Event: 25.739 Thread 0x000001fb06ab27c0 flushing nmethod 0x000001fb71cbc890
Event: 25.739 Thread 0x000001fb06ab27c0 flushing nmethod 0x000001fb71cbdb10
Event: 25.739 Thread 0x000001fb06ab27c0 flushing nmethod 0x000001fb71cdf610
Event: 27.151 Thread 0x000001fb06ab27c0 flushing nmethod 0x000001fb77cbc890
Event: 27.202 Thread 0x000001fb06ab27c0 flushing nmethod 0x000001fb718fe910
Event: 27.202 Thread 0x000001fb06ab27c0 flushing nmethod 0x000001fb71902510


Dynamic libraries:
0x00007ff7d8420000 - 0x00007ff7d842a000 	C:\Program Files\Android\Android Studio\jbr\bin\java.exe
0x00007ff807a10000 - 0x00007ff807c27000 	C:\windows\SYSTEM32\ntdll.dll
0x00007ff807430000 - 0x00007ff8074f4000 	C:\windows\System32\KERNEL32.DLL
0x00007ff804ec0000 - 0x00007ff80526d000 	C:\windows\System32\KERNELBASE.dll
0x00007ff804da0000 - 0x00007ff804eb1000 	C:\windows\System32\ucrtbase.dll
0x00007ffff9700000 - 0x00007ffff971b000 	C:\Program Files\Android\Android Studio\jbr\bin\VCRUNTIME140.dll
0x00007fffd2490000 - 0x00007fffd24a7000 	C:\Program Files\Android\Android Studio\jbr\bin\jli.dll
0x00007ff806d90000 - 0x00007ff806f3e000 	C:\windows\System32\USER32.dll
0x00007ff8054d0000 - 0x00007ff8054f6000 	C:\windows\System32\win32u.dll
0x00007ff807000000 - 0x00007ff807029000 	C:\windows\System32\GDI32.dll
0x00007ff805270000 - 0x00007ff805389000 	C:\windows\System32\gdi32full.dll
0x00007ff805500000 - 0x00007ff80559a000 	C:\windows\System32\msvcp_win.dll
0x00007fffd6870000 - 0x00007fffd6b03000 	C:\windows\WinSxS\amd64_microsoft.windows.common-controls_6595b64144ccf1df_6.0.22621.3672_none_2713b9d173822955\COMCTL32.dll
0x00007ff807770000 - 0x00007ff807817000 	C:\windows\System32\msvcrt.dll
0x00007ff806c50000 - 0x00007ff806c81000 	C:\windows\System32\IMM32.DLL
0x00007ffff6510000 - 0x00007ffff651c000 	C:\Program Files\Android\Android Studio\jbr\bin\vcruntime140_1.dll
0x00007ffff6480000 - 0x00007ffff650d000 	C:\Program Files\Android\Android Studio\jbr\bin\msvcp140.dll
0x00007fff68c60000 - 0x00007fff698e3000 	C:\Program Files\Android\Android Studio\jbr\bin\server\jvm.dll
0x00007ff806f40000 - 0x00007ff806ff2000 	C:\windows\System32\ADVAPI32.dll
0x00007ff8076b0000 - 0x00007ff807759000 	C:\windows\System32\sechost.dll
0x00007ff8055a0000 - 0x00007ff8055c8000 	C:\windows\System32\bcrypt.dll
0x00007ff807310000 - 0x00007ff807424000 	C:\windows\System32\RPCRT4.dll
0x00007fffdcb70000 - 0x00007fffdcb79000 	C:\windows\SYSTEM32\WSOCK32.dll
0x00007ffffed50000 - 0x00007ffffed84000 	C:\windows\SYSTEM32\WINMM.dll
0x00007ffff20d0000 - 0x00007ffff20da000 	C:\windows\SYSTEM32\VERSION.dll
0x00007ff803e00000 - 0x00007ff803e4d000 	C:\windows\SYSTEM32\POWRPROF.dll
0x00007ff807500000 - 0x00007ff807571000 	C:\windows\System32\WS2_32.dll
0x00007ff803de0000 - 0x00007ff803df3000 	C:\windows\SYSTEM32\UMPDC.dll
0x00007ff803d40000 - 0x00007ff803d58000 	C:\windows\SYSTEM32\kernel.appcore.dll
0x00007ff8003c0000 - 0x00007ff8003ca000 	C:\Program Files\Android\Android Studio\jbr\bin\jimage.dll
0x00007ff801bb0000 - 0x00007ff801de2000 	C:\windows\SYSTEM32\DBGHELP.DLL
0x00007ff806050000 - 0x00007ff8063de000 	C:\windows\System32\combase.dll
0x00007ff807820000 - 0x00007ff8078f7000 	C:\windows\System32\OLEAUT32.dll
0x00007ffff2370000 - 0x00007ffff23a2000 	C:\windows\SYSTEM32\dbgcore.DLL
0x00007ff805450000 - 0x00007ff8054cb000 	C:\windows\System32\bcryptPrimitives.dll
0x00007ffffc130000 - 0x00007ffffc155000 	C:\Program Files\Android\Android Studio\jbr\bin\java.dll
0x00007ffff99c0000 - 0x00007ffff99d8000 	C:\Program Files\Android\Android Studio\jbr\bin\zip.dll
0x00007ff8063e0000 - 0x00007ff806c47000 	C:\windows\System32\SHELL32.dll
0x00007ff802c60000 - 0x00007ff80355f000 	C:\windows\SYSTEM32\windows.storage.dll
0x00007ff802b20000 - 0x00007ff802c5f000 	C:\windows\SYSTEM32\wintypes.dll
0x00007ff806c90000 - 0x00007ff806d89000 	C:\windows\System32\SHCORE.dll
0x00007ff807970000 - 0x00007ff8079ce000 	C:\windows\System32\shlwapi.dll
0x00007ff804c60000 - 0x00007ff804c87000 	C:\windows\SYSTEM32\profapi.dll
0x00007fffe7b70000 - 0x00007fffe7b89000 	C:\Program Files\Android\Android Studio\jbr\bin\net.dll
0x00007ff800e40000 - 0x00007ff800f76000 	C:\windows\SYSTEM32\WINHTTP.dll
0x00007ff804290000 - 0x00007ff8042f9000 	C:\windows\system32\mswsock.dll
0x00007fffd9700000 - 0x00007fffd9716000 	C:\Program Files\Android\Android Studio\jbr\bin\nio.dll
0x00007fffff990000 - 0x00007fffff9a0000 	C:\Program Files\Android\Android Studio\jbr\bin\verify.dll

dbghelp: loaded successfully - version: 4.0.5 - missing functions: none
symbol engine: initialized successfully - sym options: 0x614 - pdb path: .;C:\Program Files\Android\Android Studio\jbr\bin;C:\windows\SYSTEM32;C:\windows\WinSxS\amd64_microsoft.windows.common-controls_6595b64144ccf1df_6.0.22621.3672_none_2713b9d173822955;C:\Program Files\Android\Android Studio\jbr\bin\server

VM Arguments:
java_command: org.jetbrains.kotlin.cli.jvm.K2JVMCompiler @C:\Users\angel\OneDrive\Escritorio\DilloSports\app\build\20240912_14598057478205311983.compiler.options
java_class_path (initial): C:\Users\angel\.gradle\caches\modules-2\files-2.1\org.jetbrains.kotlin\kotlin-compiler-embeddable\1.9.0\2c8c3a7402becca891f12739b3e9fd2dc2adbd7a\kotlin-compiler-embeddable-1.9.0.jar;C:\Users\angel\.gradle\caches\modules-2\files-2.1\org.jetbrains.kotlin\kotlin-stdlib\1.9.0\8ee15ef0c67dc83d874f412d84378d7f0eb50b63\kotlin-stdlib-1.9.0.jar;C:\Users\angel\.gradle\caches\modules-2\files-2.1\org.jetbrains.kotlin\kotlin-script-runtime\1.9.0\4b3102cbbb7e1b58d9d1adf89563f00069ffa7d1\kotlin-script-runtime-1.9.0.jar;C:\Users\angel\.gradle\caches\modules-2\files-2.1\org.jetbrains.kotlin\kotlin-reflect\1.6.10\1cbe9c92c12a94eea200d23c2bbaedaf3daf5132\kotlin-reflect-1.6.10.jar;C:\Users\angel\.gradle\caches\modules-2\files-2.1\org.jetbrains.kotlin\kotlin-daemon-embeddable\1.9.0\186543f5e28cf8d9a0290fecc2cf34301c40a65c\kotlin-daemon-embeddable-1.9.0.jar;C:\Users\angel\.gradle\caches\modules-2\files-2.1\org.jetbrains.intellij.deps\trove4j\1.0.20200330\3afb14d5f9ceb459d724e907a21145e8ff394f02\trove4j-1.0.20200330.jar;C:\Users\angel\.gradle\caches\modules-2\files-2.1\org.jetbrains.kotlin\kotlin-stdlib-common\1.9.0\cd65c21cfd1eec4d44ef09f9f52b6d9f8a720636\kotlin-stdlib-common-1.9.0.jar;C:\Users\angel\.gradle\caches\modules-2\files-2.1\org.jetbrains\annotations\13.0\919f0dfe192fb4e063e7dacadee7f8bb9a2672a9\annotations-13.0.jar
Launcher Type: SUN_STANDARD

[Global flags]
     intx CICompilerCount                          = 4                                         {product} {ergonomic}
     uint ConcGCThreads                            = 3                                         {product} {ergonomic}
     uint G1ConcRefinementThreads                  = 10                                        {product} {ergonomic}
   size_t G1HeapRegionSize                         = 1048576                                   {product} {ergonomic}
    uintx GCDrainStackTargetSize                   = 64                                        {product} {ergonomic}
   size_t InitialHeapSize                          = 130023424                                 {product} {ergonomic}
   size_t MarkStackSize                            = 4194304                                   {product} {ergonomic}
   size_t MaxHeapSize                              = 2067791872                                {product} {ergonomic}
   size_t MaxNewSize                               = 1240465408                                {product} {ergonomic}
   size_t MinHeapDeltaBytes                        = 1048576                                   {product} {ergonomic}
   size_t MinHeapSize                              = 8388608                                   {product} {ergonomic}
    uintx NonNMethodCodeHeapSize                   = 5839372                                {pd product} {ergonomic}
    uintx NonProfiledCodeHeapSize                  = 122909434                              {pd product} {ergonomic}
    uintx ProfiledCodeHeapSize                     = 122909434                              {pd product} {ergonomic}
    uintx ReservedCodeCacheSize                    = 251658240                              {pd product} {ergonomic}
     bool SegmentedCodeCache                       = true                                      {product} {ergonomic}
   size_t SoftMaxHeapSize                          = 2067791872                             {manageable} {ergonomic}
     bool UseCompressedClassPointers               = true                           {product lp64_product} {ergonomic}
     bool UseCompressedOops                        = true                           {product lp64_product} {ergonomic}
     bool UseG1GC                                  = true                                      {product} {ergonomic}
     bool UseLargePagesIndividualAllocation        = false                                  {pd product} {ergonomic}

Logging:
Log output configuration:
 #0: stdout all=warning uptime,level,tags
 #1: stderr all=off uptime,level,tags

Environment Variables:
PATH=C:\Program Files (x86)\Common Files\Oracle\Java\java8path;C:\Program Files (x86)\Common Files\Oracle\Java\javapath;C:\oracle\dbhomeXE\bin;C:\app\angel\product\21c\dbhomeXE\bin;C:\windows\system32;C:\windows;C:\windows\System32\Wbem;C:\windows\System32\WindowsPowerShell\v1.0\;C:\windows\System32\OpenSSH\;C:\Program Files\dotnet\;C:\Program Files (x86)\Microsoft SQL Server\160\Tools\Binn\;C:\Program Files\Microsoft SQL Server\160\Tools\Binn\;C:\Program Files\Microsoft SQL Server\Client SDK\ODBC\170\Tools\Binn\;C:\Program Files\Microsoft SQL Server\160\DTS\Binn\;C:\Program Files (x86)\Microsoft SQL Server\160\DTS\Binn\;C:\Program Files\Azure Data Studio\bin;C:\Program Files\HP\HP One Agent;C:\Program Files\Git\cmd;C:\Users\angel\AppData\Local\Microsoft\WindowsApps;;C:\Users\angel\AppData\Local\Programs\Microsoft VS Code\bin;C:\Users\angel\.dotnet\tools;C:\Program Files\Azure Data Studio\bin
USERNAME=angel
OS=Windows_NT
PROCESSOR_IDENTIFIER=Intel64 Family 6 Model 154 Stepping 4, GenuineIntel
TMP=C:\Users\angel\AppData\Local\Temp
TEMP=C:\Users\angel\AppData\Local\Temp



Periodic native trim disabled

JNI global refs:
JNI global refs: 13, weak refs: 33

JNI global refs memory usage: 843, weak refs: 841

OOME stack traces (most recent first):
Classloader memory used:
Loader jdk.internal.loader.ClassLoaders$AppClassLoader                                 : 8597K
Loader bootstrap                                                                       : 1360K
Loader jdk.internal.reflect.DelegatingClassLoader                                      : 23657B


---------------  S Y S T E M  ---------------

OS:
 Windows 11 , 64 bit Build 22621 (10.0.22621.3958)
OS uptime: 1 days 22:29 hours
Hyper-V role detected

CPU: total 12 (initial active 12) (6 cores per cpu, 2 threads per core) family 6 model 154 stepping 4 microcode 0x432, cx8, cmov, fxsr, ht, mmx, 3dnowpref, sse, sse2, sse3, ssse3, sse4.1, sse4.2, popcnt, lzcnt, tsc, tscinvbit, avx, avx2, aes, erms, clmul, bmi1, bmi2, adx, sha, fma, vzeroupper, clflush, clflushopt, clwb, hv
Processor Information for processor 0
  Max Mhz: 1100, Current Mhz: 1100, Mhz Limit: 1100
Processor Information for processor 1
  Max Mhz: 1100, Current Mhz: 1100, Mhz Limit: 1100
Processor Information for processor 2
  Max Mhz: 1100, Current Mhz: 1100, Mhz Limit: 1100
Processor Information for processor 3
  Max Mhz: 1100, Current Mhz: 1100, Mhz Limit: 1100
Processor Information for processor 4
  Max Mhz: 1100, Current Mhz: 800, Mhz Limit: 792
Processor Information for processor 5
  Max Mhz: 1100, Current Mhz: 800, Mhz Limit: 792
Processor Information for processor 6
  Max Mhz: 1100, Current Mhz: 800, Mhz Limit: 792
Processor Information for processor 7
  Max Mhz: 1100, Current Mhz: 800, Mhz Limit: 792
Processor Information for processor 8
  Max Mhz: 1100, Current Mhz: 800, Mhz Limit: 792
Processor Information for processor 9
  Max Mhz: 1100, Current Mhz: 800, Mhz Limit: 792
Processor Information for processor 10
  Max Mhz: 1100, Current Mhz: 800, Mhz Limit: 792
Processor Information for processor 11
  Max Mhz: 1100, Current Mhz: 800, Mhz Limit: 792

Memory: 4k page, system-wide physical 7885M (521M free)
TotalPageFile size 17885M (AvailPageFile size 49M)
current process WorkingSet (physical memory assigned to process): 455M, peak: 459M
current process commit charge ("private bytes"): 498M, peak: 713M

vm_info: OpenJDK 64-Bit Server VM (17.0.10+0--11609105) for windows-amd64 JRE (17.0.10+0--11609105), built on Mar 21 2024 19:10:56 by "androidbuild" with MS VC++ 16.10 / 16.11 (VS2019)

END.
