#
# There is insufficient memory for the Java Runtime Environment to continue.
# Native memory allocation (mmap) failed to map 233832448 bytes for G1 virtual space
# Possible reasons:
#   The system is out of physical RAM or swap space
#   The process is running with CompressedOops enabled, and the Java Heap may be blocking the growth of the native heap
# Possible solutions:
#   Reduce memory load on the system
#   Increase physical memory or swap space
#   Check if swap backing store is full
#   Decrease Java heap size (-Xmx/-Xms)
#   Decrease number of Java threads
#   Decrease Java thread stack sizes (-Xss)
#   Set larger code cache with -XX:ReservedCodeCacheSize=
#   JVM is running with Unscaled Compressed Oops mode in which the Java heap is
#     placed in the first 4GB address space. The Java Heap base address is the
#     maximum limit for the native heap growth. Please use -XX:HeapBaseMinAddress
#     to set the Java Heap base and to place the Java Heap above 4GB virtual address.
# This output file may be truncated or incomplete.
#
#  Out of Memory Error (os_windows.cpp:3825), pid=23952, tid=12308
#
# JRE version: OpenJDK Runtime Environment (17.0.10) (build 17.0.10+0--11609105)
# Java VM: OpenJDK 64-Bit Server VM (17.0.10+0--11609105, mixed mode, tiered, compressed oops, compressed class ptrs, g1 gc, windows-amd64)
# No core dump will be written. Minidumps are not enabled by default on client versions of Windows
#

---------------  S U M M A R Y ------------

Command Line: --add-opens=java.base/java.util=ALL-UNNAMED --add-opens=java.base/java.lang=ALL-UNNAMED --add-opens=java.base/java.lang.invoke=ALL-UNNAMED --add-opens=java.prefs/java.util.prefs=ALL-UNNAMED --add-opens=java.base/java.nio.charset=ALL-UNNAMED --add-opens=java.base/java.net=ALL-UNNAMED --add-opens=java.base/java.util.concurrent.atomic=ALL-UNNAMED -Xmx2048m -Dfile.encoding=UTF-8 -Duser.country=SV -Duser.language=es -Duser.variant -javaagent:C:\Users\angel\.gradle\wrapper\dists\gradle-8.7-bin\bhs2wmbdwecv87pi65oeuq5iu\gradle-8.7\lib\agents\gradle-instrumentation-agent-8.7.jar org.gradle.launcher.daemon.bootstrap.GradleDaemon 8.7

Host: 12th Gen Intel(R) Core(TM) i7-1250U, 12 cores, 7G,  Windows 11 , 64 bit Build 22621 (10.0.22621.3958)
Time: Fri Aug 30 00:57:38 2024 Hora estándar, América Central elapsed time: 18.243003 seconds (0d 0h 0m 18s)

---------------  T H R E A D  ---------------

Current thread (0x000002a3f916de90):  VMThread "VM Thread" [stack: 0x000000af2b200000,0x000000af2b300000] [id=12308]

Stack: [0x000000af2b200000,0x000000af2b300000]
Native frames: (J=compiled Java code, j=interpreted, Vv=VM code, C=native code)
V  [jvm.dll+0x688de9]
V  [jvm.dll+0x8423da]
V  [jvm.dll+0x84401e]
V  [jvm.dll+0x844683]
V  [jvm.dll+0x24be0f]
V  [jvm.dll+0x685bb9]
V  [jvm.dll+0x67a46a]
V  [jvm.dll+0x30cbab]
V  [jvm.dll+0x314056]
V  [jvm.dll+0x363dce]
V  [jvm.dll+0x363fff]
V  [jvm.dll+0x2e2978]
V  [jvm.dll+0x2e0b54]
V  [jvm.dll+0x2e015c]
V  [jvm.dll+0x32502b]
V  [jvm.dll+0x848d7b]
V  [jvm.dll+0x849ac1]
V  [jvm.dll+0x849fdd]
V  [jvm.dll+0x84a3b4]
V  [jvm.dll+0x84a480]
V  [jvm.dll+0x7f0c7a]
V  [jvm.dll+0x687c65]
C  [ucrtbase.dll+0x29333]
C  [KERNEL32.DLL+0x1257d]
C  [ntdll.dll+0x5af28]

VM_Operation (0x000000af2c9f4630): G1CollectForAllocation, mode: safepoint, requested by thread 0x000002a3fef34460


---------------  P R O C E S S  ---------------

Threads class SMR info:
_java_thread_list=0x000002a3fe30a450, length=72, elements={
0x000002a3df0ecd80, 0x000002a3f916f3d0, 0x000002a3f9170160, 0x000002a3f9300ab0,
0x000002a3f9301670, 0x000002a3f9302230, 0x000002a3f9304d00, 0x000002a3f9305aa0,
0x000002a3f9306d60, 0x000002a3f930a2b0, 0x000002a3f91109a0, 0x000002a3f952f570,
0x000002a3fe638030, 0x000002a3fef796e0, 0x000002a38057be40, 0x000002a38066ad20,
0x000002a3ff1f52e0, 0x000002a3ff20c460, 0x000002a3fef34460, 0x000002a3ff2424c0,
0x000002a3ff2429d0, 0x000002a3ff23f220, 0x000002a3ff240b70, 0x000002a3ff23f730,
0x000002a3ff241080, 0x000002a3ff241fb0, 0x000002a3ff241590, 0x000002a3ff23fc40,
0x000002a3ff240150, 0x000002a3ff241aa0, 0x000002a3fe168bc0, 0x000002a3fe1690d0,
0x000002a3fe16b950, 0x000002a3fe166d60, 0x000002a3fe167270, 0x000002a3fe16a510,
0x000002a3fe165e30, 0x000002a3fe16af30, 0x000002a3fe16a000, 0x000002a3fe16d7b0,
0x000002a3fe1695e0, 0x000002a3fe16d2a0, 0x000002a3fe166340, 0x000002a3fe16be60,
0x000002a3fe166850, 0x000002a3fe16b440, 0x000002a3fe16c370, 0x000002a3fe167780,
0x000002a3fe167c90, 0x000002a3fe1681a0, 0x000002a3812d6820, 0x000002a3812d58f0,
0x000002a3812d07f0, 0x000002a3812d7750, 0x000002a3812d2140, 0x000002a3812d49c0,
0x000002a3812d3580, 0x000002a3812d6d30, 0x000002a3812d6310, 0x000002a3812d1c30,
0x000002a3812d7240, 0x000002a3812d2b60, 0x000002a3812d3070, 0x000002a3812d3a90,
0x000002a3812d4ed0, 0x000002a3812d7c60, 0x000002a3812d8170, 0x000002a3812d53e0,
0x000002a3812d1720, 0x000002a3812d3fa0, 0x000002a3812d0d00, 0x000002a3fe1b8610
}

Java Threads: ( => current thread )
  0x000002a3df0ecd80 JavaThread "main" [_thread_blocked, id=20396, stack(0x000000af2ac00000,0x000000af2ad00000)]
  0x000002a3f916f3d0 JavaThread "Reference Handler" daemon [_thread_blocked, id=24692, stack(0x000000af2b300000,0x000000af2b400000)]
  0x000002a3f9170160 JavaThread "Finalizer" daemon [_thread_blocked, id=14528, stack(0x000000af2b400000,0x000000af2b500000)]
  0x000002a3f9300ab0 JavaThread "Signal Dispatcher" daemon [_thread_blocked, id=30540, stack(0x000000af2b500000,0x000000af2b600000)]
  0x000002a3f9301670 JavaThread "Attach Listener" daemon [_thread_blocked, id=3052, stack(0x000000af2b600000,0x000000af2b700000)]
  0x000002a3f9302230 JavaThread "Service Thread" daemon [_thread_blocked, id=29836, stack(0x000000af2b700000,0x000000af2b800000)]
  0x000002a3f9304d00 JavaThread "Monitor Deflation Thread" daemon [_thread_blocked, id=14520, stack(0x000000af2b800000,0x000000af2b900000)]
  0x000002a3f9305aa0 JavaThread "C2 CompilerThread0" daemon [_thread_blocked, id=34424, stack(0x000000af2b900000,0x000000af2ba00000)]
  0x000002a3f9306d60 JavaThread "C1 CompilerThread0" daemon [_thread_blocked, id=18196, stack(0x000000af2ba00000,0x000000af2bb00000)]
  0x000002a3f930a2b0 JavaThread "Sweeper thread" daemon [_thread_blocked, id=7780, stack(0x000000af2bb00000,0x000000af2bc00000)]
  0x000002a3f91109a0 JavaThread "Common-Cleaner" daemon [_thread_blocked, id=10364, stack(0x000000af2bc00000,0x000000af2bd00000)]
  0x000002a3f952f570 JavaThread "Notification Thread" daemon [_thread_blocked, id=19032, stack(0x000000af2bd00000,0x000000af2be00000)]
  0x000002a3fe638030 JavaThread "Daemon health stats" [_thread_blocked, id=8404, stack(0x000000af2c400000,0x000000af2c500000)]
  0x000002a3fef796e0 JavaThread "Incoming local TCP Connector on port 49810" [_thread_in_native, id=10580, stack(0x000000af2c300000,0x000000af2c400000)]
  0x000002a38057be40 JavaThread "Daemon periodic checks" [_thread_blocked, id=12128, stack(0x000000af2c500000,0x000000af2c600000)]
  0x000002a38066ad20 JavaThread "Daemon" [_thread_blocked, id=34252, stack(0x000000af2c700000,0x000000af2c800000)]
  0x000002a3ff1f52e0 JavaThread "Handler for socket connection from /127.0.0.1:49810 to /127.0.0.1:49811" [_thread_in_native, id=28784, stack(0x000000af2c800000,0x000000af2c900000)]
  0x000002a3ff20c460 JavaThread "Cancel handler" [_thread_blocked, id=3428, stack(0x000000af2c600000,0x000000af2c700000)]
  0x000002a3fef34460 JavaThread "Daemon worker" [_thread_blocked, id=10912, stack(0x000000af2c900000,0x000000af2ca00000)]
  0x000002a3ff2424c0 JavaThread "Asynchronous log dispatcher for DefaultDaemonConnection: socket connection from /127.0.0.1:49810 to /127.0.0.1:49811" [_thread_blocked, id=35684, stack(0x000000af2ca00000,0x000000af2cb00000)]
  0x000002a3ff2429d0 JavaThread "Stdin handler" [_thread_blocked, id=35432, stack(0x000000af2cb00000,0x000000af2cc00000)]
  0x000002a3ff23f220 JavaThread "Daemon client event forwarder" [_thread_blocked, id=15640, stack(0x000000af2cc00000,0x000000af2cd00000)]
  0x000002a3ff240b70 JavaThread "Cache worker for journal cache (C:\Users\angel\.gradle\caches\journal-1)" [_thread_blocked, id=33988, stack(0x000000af2d300000,0x000000af2d400000)]
  0x000002a3ff23f730 JavaThread "File lock request listener" [_thread_in_native, id=23976, stack(0x000000af2d400000,0x000000af2d500000)]
  0x000002a3ff241080 JavaThread "Cache worker for file hash cache (C:\Users\angel\.gradle\caches\8.7\fileHashes)" [_thread_blocked, id=22416, stack(0x000000af2d200000,0x000000af2d300000)]
  0x000002a3ff241fb0 JavaThread "Cache worker for file hash cache (C:\Users\angel\OneDrive\Escritorio\DilloSports\.gradle\8.7\fileHashes)" [_thread_blocked, id=12140, stack(0x000000af2d600000,0x000000af2d700000)]
  0x000002a3ff241590 JavaThread "File watcher server" daemon [_thread_blocked, id=1044, stack(0x000000af2d700000,0x000000af2d800000)]
  0x000002a3ff23fc40 JavaThread "File watcher consumer" daemon [_thread_blocked, id=13112, stack(0x000000af2d800000,0x000000af2d900000)]
  0x000002a3ff240150 JavaThread "jar transforms" [_thread_blocked, id=30536, stack(0x000000af2d900000,0x000000af2da00000)]
  0x000002a3ff241aa0 JavaThread "jar transforms Thread 2" [_thread_blocked, id=34092, stack(0x000000af2da00000,0x000000af2db00000)]
  0x000002a3fe168bc0 JavaThread "jar transforms Thread 3" [_thread_blocked, id=19688, stack(0x000000af2db00000,0x000000af2dc00000)]
  0x000002a3fe1690d0 JavaThread "jar transforms Thread 4" [_thread_blocked, id=32460, stack(0x000000af2dc00000,0x000000af2dd00000)]
  0x000002a3fe16b950 JavaThread "jar transforms Thread 5" [_thread_blocked, id=8640, stack(0x000000af2dd00000,0x000000af2de00000)]
  0x000002a3fe166d60 JavaThread "jar transforms Thread 6" [_thread_blocked, id=14876, stack(0x000000af2de00000,0x000000af2df00000)]
  0x000002a3fe167270 JavaThread "jar transforms Thread 7" [_thread_blocked, id=13200, stack(0x000000af2df00000,0x000000af2e000000)]
  0x000002a3fe16a510 JavaThread "jar transforms Thread 8" [_thread_blocked, id=30376, stack(0x000000af2e000000,0x000000af2e100000)]
  0x000002a3fe165e30 JavaThread "jar transforms Thread 9" [_thread_blocked, id=22168, stack(0x000000af2e100000,0x000000af2e200000)]
  0x000002a3fe16af30 JavaThread "jar transforms Thread 10" [_thread_blocked, id=8000, stack(0x000000af2e200000,0x000000af2e300000)]
  0x000002a3fe16a000 JavaThread "Cache worker for checksums cache (C:\Users\angel\OneDrive\Escritorio\DilloSports\.gradle\8.7\checksums)" [_thread_blocked, id=24068, stack(0x000000af2d500000,0x000000af2d600000)]
  0x000002a3fe16d7b0 JavaThread "Cache worker for cache directory md-supplier (C:\Users\angel\.gradle\caches\8.7\md-supplier)" [_thread_blocked, id=20892, stack(0x000000af2e300000,0x000000af2e400000)]
  0x000002a3fe1695e0 JavaThread "Cache worker for cache directory md-rule (C:\Users\angel\.gradle\caches\8.7\md-rule)" [_thread_blocked, id=5608, stack(0x000000af2e400000,0x000000af2e500000)]
  0x000002a3fe16d2a0 JavaThread "Cache worker for file content cache (C:\Users\angel\.gradle\caches\8.7\fileContent)" [_thread_blocked, id=1828, stack(0x000000af2e500000,0x000000af2e600000)]
  0x000002a3fe166340 JavaThread "Unconstrained build operations" [_thread_blocked, id=27748, stack(0x000000af2e700000,0x000000af2e800000)]
  0x000002a3fe16be60 JavaThread "Unconstrained build operations Thread 2" [_thread_blocked, id=4596, stack(0x000000af2e800000,0x000000af2e900000)]
  0x000002a3fe166850 JavaThread "Unconstrained build operations Thread 3" [_thread_blocked, id=22016, stack(0x000000af2e600000,0x000000af2e700000)]
  0x000002a3fe16b440 JavaThread "Unconstrained build operations Thread 4" [_thread_blocked, id=21188, stack(0x000000af2e900000,0x000000af2ea00000)]
  0x000002a3fe16c370 JavaThread "Unconstrained build operations Thread 5" [_thread_blocked, id=5572, stack(0x000000af2ea00000,0x000000af2eb00000)]
  0x000002a3fe167780 JavaThread "Unconstrained build operations Thread 6" [_thread_blocked, id=13360, stack(0x000000af2eb00000,0x000000af2ec00000)]
  0x000002a3fe167c90 JavaThread "Unconstrained build operations Thread 7" [_thread_blocked, id=31064, stack(0x000000af2ec00000,0x000000af2ed00000)]
  0x000002a3fe1681a0 JavaThread "Unconstrained build operations Thread 8" [_thread_blocked, id=29236, stack(0x000000af2ed00000,0x000000af2ee00000)]
  0x000002a3812d6820 JavaThread "Unconstrained build operations Thread 9" [_thread_blocked, id=24928, stack(0x000000af2ee00000,0x000000af2ef00000)]
  0x000002a3812d58f0 JavaThread "Unconstrained build operations Thread 10" [_thread_blocked, id=29408, stack(0x000000af2ef00000,0x000000af2f000000)]
  0x000002a3812d07f0 JavaThread "Cache worker for Build Output Cleanup Cache (C:\Users\angel\OneDrive\Escritorio\DilloSports\.gradle\buildOutputCleanup)" [_thread_blocked, id=32148, stack(0x000000af2f100000,0x000000af2f200000)]
  0x000002a3812d7750 JavaThread "Unconstrained build operations Thread 11" [_thread_blocked, id=15648, stack(0x000000af2f200000,0x000000af2f300000)]
  0x000002a3812d2140 JavaThread "Unconstrained build operations Thread 12" [_thread_blocked, id=28084, stack(0x000000af2f300000,0x000000af2f400000)]
  0x000002a3812d49c0 JavaThread "Unconstrained build operations Thread 13" [_thread_blocked, id=32900, stack(0x000000af2f400000,0x000000af2f500000)]
  0x000002a3812d3580 JavaThread "Unconstrained build operations Thread 14" [_thread_blocked, id=15380, stack(0x000000af2f500000,0x000000af2f600000)]
  0x000002a3812d6d30 JavaThread "Unconstrained build operations Thread 15" [_thread_blocked, id=15448, stack(0x000000af2f600000,0x000000af2f700000)]
  0x000002a3812d6310 JavaThread "Unconstrained build operations Thread 16" [_thread_blocked, id=27020, stack(0x000000af2f700000,0x000000af2f800000)]
  0x000002a3812d1c30 JavaThread "Unconstrained build operations Thread 17" [_thread_blocked, id=1064, stack(0x000000af2f800000,0x000000af2f900000)]
  0x000002a3812d7240 JavaThread "Unconstrained build operations Thread 18" [_thread_blocked, id=15932, stack(0x000000af2f900000,0x000000af2fa00000)]
  0x000002a3812d2b60 JavaThread "Unconstrained build operations Thread 19" [_thread_blocked, id=10664, stack(0x000000af2fa00000,0x000000af2fb00000)]
  0x000002a3812d3070 JavaThread "Unconstrained build operations Thread 20" [_thread_blocked, id=5932, stack(0x000000af2fb00000,0x000000af2fc00000)]
  0x000002a3812d3a90 JavaThread "Unconstrained build operations Thread 21" [_thread_blocked, id=25872, stack(0x000000af2fc00000,0x000000af2fd00000)]
  0x000002a3812d4ed0 JavaThread "Unconstrained build operations Thread 22" [_thread_blocked, id=32040, stack(0x000000af2fd00000,0x000000af2fe00000)]
  0x000002a3812d7c60 JavaThread "Unconstrained build operations Thread 23" [_thread_blocked, id=3812, stack(0x000000af2fe00000,0x000000af2ff00000)]
  0x000002a3812d8170 JavaThread "Unconstrained build operations Thread 24" [_thread_blocked, id=1116, stack(0x000000af2ff00000,0x000000af30000000)]
  0x000002a3812d53e0 JavaThread "Unconstrained build operations Thread 25" [_thread_blocked, id=24976, stack(0x000000af30000000,0x000000af30100000)]
  0x000002a3812d1720 JavaThread "Unconstrained build operations Thread 26" [_thread_blocked, id=23788, stack(0x000000af30100000,0x000000af30200000)]
  0x000002a3812d3fa0 JavaThread "Unconstrained build operations Thread 27" [_thread_blocked, id=9260, stack(0x000000af30200000,0x000000af30300000)]
  0x000002a3812d0d00 JavaThread "Unconstrained build operations Thread 28" [_thread_blocked, id=30892, stack(0x000000af30300000,0x000000af30400000)]
  0x000002a3fe1b8610 JavaThread "C2 CompilerThread1" daemon [_thread_blocked, id=33844, stack(0x000000af2f000000,0x000000af2f100000)]

Other Threads:
=>0x000002a3f916de90 VMThread "VM Thread" [stack: 0x000000af2b200000,0x000000af2b300000] [id=12308]
  0x000002a3f952fc60 WatcherThread [stack: 0x000000af2be00000,0x000000af2bf00000] [id=4236]
  0x000002a3df148210 GCTaskThread "GC Thread#0" [stack: 0x000000af2ad00000,0x000000af2ae00000] [id=17636]
  0x000002a3fe217930 GCTaskThread "GC Thread#1" [stack: 0x000000af2c000000,0x000000af2c100000] [id=9964]
  0x000002a3fe2186f0 GCTaskThread "GC Thread#2" [stack: 0x000000af2c100000,0x000000af2c200000] [id=9700]
  0x000002a3fe218170 GCTaskThread "GC Thread#3" [stack: 0x000000af2c200000,0x000000af2c300000] [id=27640]
  0x000002a3fe216b70 GCTaskThread "GC Thread#4" [stack: 0x000000af2bf00000,0x000000af2c000000] [id=28584]
  0x000002a3fe216e30 GCTaskThread "GC Thread#5" [stack: 0x000000af2cd00000,0x000000af2ce00000] [id=20312]
  0x000002a3fe2170f0 GCTaskThread "GC Thread#6" [stack: 0x000000af2ce00000,0x000000af2cf00000] [id=28920]
  0x000002a3fe217eb0 GCTaskThread "GC Thread#7" [stack: 0x000000af2cf00000,0x000000af2d000000] [id=16892]
  0x000002a3fe2173b0 GCTaskThread "GC Thread#8" [stack: 0x000000af2d000000,0x000000af2d100000] [id=31188]
  0x000002a3df159160 ConcurrentGCThread "G1 Main Marker" [stack: 0x000000af2ae00000,0x000000af2af00000] [id=33240]
  0x000002a3df159b80 ConcurrentGCThread "G1 Conc#0" [stack: 0x000000af2af00000,0x000000af2b000000] [id=34616]
  0x000002a3fe218430 ConcurrentGCThread "G1 Conc#1" [stack: 0x000000af2d100000,0x000000af2d200000] [id=34400]
  0x000002a3df19dd40 ConcurrentGCThread "G1 Refine#0" [stack: 0x000000af2b000000,0x000000af2b100000] [id=26164]
  0x000002a3ffaeef70 ConcurrentGCThread "G1 Refine#1" [stack: 0x000000af30500000,0x000000af30600000] [id=16140]
  0x000002a3ffaef260 ConcurrentGCThread "G1 Refine#2" [stack: 0x000000af30600000,0x000000af30700000] [id=8188]
  0x000002a3ffaec360 ConcurrentGCThread "G1 Refine#3" [stack: 0x000000af30700000,0x000000af30800000] [id=3456]
  0x000002a3df19e770 ConcurrentGCThread "G1 Service" [stack: 0x000000af2b100000,0x000000af2b200000] [id=32584]

Threads with active compile tasks:

VM state: at safepoint (normal execution)

VM Mutex/Monitor currently owned by a thread:  ([mutex/lock_event])
[0x000002a3df0e93b0] Threads_lock - owner thread: 0x000002a3f916de90
[0x000002a3df0ea2e0] Heap_lock - owner thread: 0x000002a3fef34460

Heap address: 0x0000000080000000, size: 2048 MB, Compressed Oops mode: 32-bit

CDS archive(s) not mapped
Compressed class space mapped at: 0x0000000100000000-0x0000000140000000, reserved size: 1073741824
Narrow klass base: 0x0000000000000000, Narrow klass shift: 3, Narrow klass range: 0x140000000

GC Precious Log:
 CPUs: 12 total, 10 available
 Memory: 7885M
 Large Page Support: Disabled
 NUMA Support: Disabled
 Compressed Oops: Enabled (32-bit)
 Heap Region Size: 1M
 Heap Min Capacity: 8M
 Heap Initial Capacity: 124M
 Heap Max Capacity: 2G
 Pre-touch: Disabled
 Parallel Workers: 9
 Concurrent Workers: 2
 Concurrent Refinement Workers: 9
 Periodic GC: Disabled

Heap:
 garbage-first heap   total 168960K, used 110476K [0x0000000080000000, 0x0000000100000000)
  region size 1024K, 4 young (4096K), 4 survivors (4096K)
 Metaspace       used 80086K, committed 80832K, reserved 1179648K
  class space    used 11247K, committed 11584K, reserved 1048576K

Heap Regions: E=young(eden), S=young(survivor), O=old, HS=humongous(starts), HC=humongous(continues), CS=collection set, F=free, OA=open archive, CA=closed archive, TAMS=top-at-mark-start (previous, next)
|   0|0x0000000080000000, 0x0000000080100000, 0x0000000080100000|100%|HS|  |TAMS 0x0000000080100000, 0x0000000080000000| Complete 
|   1|0x0000000080100000, 0x0000000080200000, 0x0000000080200000|100%|HC|  |TAMS 0x0000000080200000, 0x0000000080100000| Complete 
|   2|0x0000000080200000, 0x0000000080300000, 0x0000000080300000|100%|HC|  |TAMS 0x0000000080300000, 0x0000000080200000| Complete 
|   3|0x0000000080300000, 0x0000000080400000, 0x0000000080400000|100%|HC|  |TAMS 0x0000000080400000, 0x0000000080300000| Complete 
|   4|0x0000000080400000, 0x0000000080500000, 0x0000000080500000|100%| O|  |TAMS 0x0000000080500000, 0x0000000080400000| Untracked 
|   5|0x0000000080500000, 0x0000000080600000, 0x0000000080600000|100%| O|  |TAMS 0x0000000080600000, 0x0000000080500000| Untracked 
|   6|0x0000000080600000, 0x0000000080700000, 0x0000000080700000|100%| O|  |TAMS 0x0000000080700000, 0x0000000080600000| Untracked 
|   7|0x0000000080700000, 0x0000000080800000, 0x0000000080800000|100%| O|  |TAMS 0x0000000080800000, 0x0000000080700000| Untracked 
|   8|0x0000000080800000, 0x0000000080900000, 0x0000000080900000|100%| O|  |TAMS 0x0000000080900000, 0x0000000080800000| Untracked 
|   9|0x0000000080900000, 0x0000000080a00000, 0x0000000080a00000|100%| O|  |TAMS 0x0000000080a00000, 0x0000000080900000| Untracked 
|  10|0x0000000080a00000, 0x0000000080b00000, 0x0000000080b00000|100%| O|  |TAMS 0x0000000080b00000, 0x0000000080a00000| Untracked 
|  11|0x0000000080b00000, 0x0000000080c00000, 0x0000000080c00000|100%| O|  |TAMS 0x0000000080c00000, 0x0000000080b00000| Untracked 
|  12|0x0000000080c00000, 0x0000000080d00000, 0x0000000080d00000|100%| O|  |TAMS 0x0000000080d00000, 0x0000000080c00000| Untracked 
|  13|0x0000000080d00000, 0x0000000080e00000, 0x0000000080e00000|100%| O|  |TAMS 0x0000000080e00000, 0x0000000080d00000| Untracked 
|  14|0x0000000080e00000, 0x0000000080f00000, 0x0000000080f00000|100%| O|  |TAMS 0x0000000080f00000, 0x0000000080e00000| Untracked 
|  15|0x0000000080f00000, 0x0000000081000000, 0x0000000081000000|100%| O|  |TAMS 0x0000000081000000, 0x0000000080f00000| Untracked 
|  16|0x0000000081000000, 0x0000000081100000, 0x0000000081100000|100%| O|  |TAMS 0x0000000081100000, 0x0000000081000000| Untracked 
|  17|0x0000000081100000, 0x0000000081200000, 0x0000000081200000|100%| O|  |TAMS 0x0000000081200000, 0x0000000081100000| Untracked 
|  18|0x0000000081200000, 0x0000000081300000, 0x0000000081300000|100%| O|  |TAMS 0x0000000081300000, 0x0000000081200000| Untracked 
|  19|0x0000000081300000, 0x0000000081400000, 0x0000000081400000|100%|HS|  |TAMS 0x0000000081400000, 0x0000000081300000| Complete 
|  20|0x0000000081400000, 0x0000000081500000, 0x0000000081500000|100%|HC|  |TAMS 0x0000000081500000, 0x0000000081400000| Complete 
|  21|0x0000000081500000, 0x0000000081600000, 0x0000000081600000|100%|HC|  |TAMS 0x0000000081600000, 0x0000000081500000| Complete 
|  22|0x0000000081600000, 0x0000000081700000, 0x0000000081700000|100%|HC|  |TAMS 0x0000000081700000, 0x0000000081600000| Complete 
|  23|0x0000000081700000, 0x0000000081800000, 0x0000000081800000|100%|HC|  |TAMS 0x0000000081800000, 0x0000000081700000| Complete 
|  24|0x0000000081800000, 0x0000000081900000, 0x0000000081900000|100%|HS|  |TAMS 0x0000000081900000, 0x0000000081800000| Complete 
|  25|0x0000000081900000, 0x0000000081a00000, 0x0000000081a00000|100%|HC|  |TAMS 0x0000000081a00000, 0x0000000081900000| Complete 
|  26|0x0000000081a00000, 0x0000000081b00000, 0x0000000081b00000|100%|HC|  |TAMS 0x0000000081b00000, 0x0000000081a00000| Complete 
|  27|0x0000000081b00000, 0x0000000081c00000, 0x0000000081c00000|100%|HS|  |TAMS 0x0000000081c00000, 0x0000000081b00000| Complete 
|  28|0x0000000081c00000, 0x0000000081d00000, 0x0000000081d00000|100%|HC|  |TAMS 0x0000000081d00000, 0x0000000081c00000| Complete 
|  29|0x0000000081d00000, 0x0000000081e00000, 0x0000000081e00000|100%|HC|  |TAMS 0x0000000081e00000, 0x0000000081d00000| Complete 
|  30|0x0000000081e00000, 0x0000000081f00000, 0x0000000081f00000|100%| O|  |TAMS 0x0000000081f00000, 0x0000000081e00000| Untracked 
|  31|0x0000000081f00000, 0x0000000082000000, 0x0000000082000000|100%| O|  |TAMS 0x0000000082000000, 0x0000000081f00000| Untracked 
|  32|0x0000000082000000, 0x0000000082100000, 0x0000000082100000|100%| O|  |TAMS 0x0000000082100000, 0x0000000082000000| Untracked 
|  33|0x0000000082100000, 0x0000000082200000, 0x0000000082200000|100%| O|  |TAMS 0x0000000082200000, 0x0000000082100000| Untracked 
|  34|0x0000000082200000, 0x0000000082300000, 0x0000000082300000|100%|HS|  |TAMS 0x0000000082300000, 0x0000000082200000| Complete 
|  35|0x0000000082300000, 0x0000000082400000, 0x0000000082400000|100%| O|  |TAMS 0x0000000082400000, 0x0000000082300000| Untracked 
|  36|0x0000000082400000, 0x0000000082500000, 0x0000000082500000|100%| O|  |TAMS 0x0000000082500000, 0x0000000082400000| Untracked 
|  37|0x0000000082500000, 0x0000000082600000, 0x0000000082600000|100%| O|  |TAMS 0x0000000082600000, 0x0000000082500000| Untracked 
|  38|0x0000000082600000, 0x0000000082700000, 0x0000000082700000|100%| O|  |TAMS 0x0000000082700000, 0x0000000082600000| Untracked 
|  39|0x0000000082700000, 0x0000000082800000, 0x0000000082800000|100%| O|  |TAMS 0x0000000082800000, 0x0000000082700000| Untracked 
|  40|0x0000000082800000, 0x0000000082900000, 0x0000000082900000|100%| O|  |TAMS 0x0000000082900000, 0x0000000082800000| Untracked 
|  41|0x0000000082900000, 0x0000000082a00000, 0x0000000082a00000|100%| O|  |TAMS 0x0000000082a00000, 0x0000000082900000| Untracked 
|  42|0x0000000082a00000, 0x0000000082b00000, 0x0000000082b00000|100%| O|  |TAMS 0x0000000082b00000, 0x0000000082a00000| Untracked 
|  43|0x0000000082b00000, 0x0000000082c00000, 0x0000000082c00000|100%| O|  |TAMS 0x0000000082c00000, 0x0000000082b00000| Untracked 
|  44|0x0000000082c00000, 0x0000000082d00000, 0x0000000082d00000|100%| O|  |TAMS 0x0000000082d00000, 0x0000000082c00000| Untracked 
|  45|0x0000000082d00000, 0x0000000082e00000, 0x0000000082e00000|100%|HS|  |TAMS 0x0000000082e00000, 0x0000000082d00000| Complete 
|  46|0x0000000082e00000, 0x0000000082f00000, 0x0000000082f00000|100%|HC|  |TAMS 0x0000000082f00000, 0x0000000082e00000| Complete 
|  47|0x0000000082f00000, 0x0000000083000000, 0x0000000083000000|100%|HC|  |TAMS 0x0000000083000000, 0x0000000082f00000| Complete 
|  48|0x0000000083000000, 0x0000000083100000, 0x0000000083100000|100%| O|  |TAMS 0x0000000083100000, 0x0000000083000000| Untracked 
|  49|0x0000000083100000, 0x0000000083200000, 0x0000000083200000|100%| O|  |TAMS 0x0000000083200000, 0x0000000083100000| Untracked 
|  50|0x0000000083200000, 0x0000000083300000, 0x0000000083300000|100%| O|  |TAMS 0x0000000083300000, 0x0000000083200000| Untracked 
|  51|0x0000000083300000, 0x0000000083400000, 0x0000000083400000|100%| O|  |TAMS 0x0000000083300000, 0x0000000083300000| Untracked 
|  52|0x0000000083400000, 0x0000000083400000, 0x0000000083500000|  0%| F|  |TAMS 0x0000000083400000, 0x0000000083400000| Untracked 
|  53|0x0000000083500000, 0x0000000083600000, 0x0000000083600000|100%| O|  |TAMS 0x0000000083600000, 0x0000000083500000| Untracked 
|  54|0x0000000083600000, 0x0000000083700000, 0x0000000083700000|100%|HS|  |TAMS 0x0000000083700000, 0x0000000083600000| Complete 
|  55|0x0000000083700000, 0x0000000083800000, 0x0000000083800000|100%|HC|  |TAMS 0x0000000083800000, 0x0000000083700000| Complete 
|  56|0x0000000083800000, 0x0000000083900000, 0x0000000083900000|100%|HC|  |TAMS 0x0000000083900000, 0x0000000083800000| Complete 
|  57|0x0000000083900000, 0x0000000083a00000, 0x0000000083a00000|100%|HC|  |TAMS 0x0000000083a00000, 0x0000000083900000| Complete 
|  58|0x0000000083a00000, 0x0000000083b00000, 0x0000000083b00000|100%|HC|  |TAMS 0x0000000083b00000, 0x0000000083a00000| Complete 
|  59|0x0000000083b00000, 0x0000000083c00000, 0x0000000083c00000|100%|HS|  |TAMS 0x0000000083c00000, 0x0000000083b00000| Complete 
|  60|0x0000000083c00000, 0x0000000083d00000, 0x0000000083d00000|100%|HC|  |TAMS 0x0000000083d00000, 0x0000000083c00000| Complete 
|  61|0x0000000083d00000, 0x0000000083e00000, 0x0000000083e00000|100%|HC|  |TAMS 0x0000000083e00000, 0x0000000083d00000| Complete 
|  62|0x0000000083e00000, 0x0000000083f00000, 0x0000000083f00000|100%|HC|  |TAMS 0x0000000083f00000, 0x0000000083e00000| Complete 
|  63|0x0000000083f00000, 0x0000000084000000, 0x0000000084000000|100%|HC|  |TAMS 0x0000000084000000, 0x0000000083f00000| Complete 
|  64|0x0000000084000000, 0x0000000084100000, 0x0000000084100000|100%| O|  |TAMS 0x0000000084100000, 0x0000000084000000| Untracked 
|  65|0x0000000084100000, 0x0000000084200000, 0x0000000084200000|100%| O|  |TAMS 0x0000000084200000, 0x0000000084100000| Untracked 
|  66|0x0000000084200000, 0x0000000084300000, 0x0000000084300000|100%| O|  |TAMS 0x0000000084300000, 0x0000000084200000| Untracked 
|  67|0x0000000084300000, 0x0000000084400000, 0x0000000084400000|100%| O|  |TAMS 0x0000000084400000, 0x0000000084300000| Untracked 
|  68|0x0000000084400000, 0x0000000084500000, 0x0000000084500000|100%| O|  |TAMS 0x0000000084500000, 0x0000000084400000| Untracked 
|  69|0x0000000084500000, 0x0000000084600000, 0x0000000084600000|100%| O|  |TAMS 0x0000000084600000, 0x0000000084500000| Untracked 
|  70|0x0000000084600000, 0x0000000084700000, 0x0000000084700000|100%| O|  |TAMS 0x0000000084700000, 0x0000000084600000| Untracked 
|  71|0x0000000084700000, 0x0000000084800000, 0x0000000084800000|100%| O|  |TAMS 0x0000000084800000, 0x0000000084700000| Untracked 
|  72|0x0000000084800000, 0x0000000084900000, 0x0000000084900000|100%| O|  |TAMS 0x0000000084900000, 0x0000000084800000| Untracked 
|  73|0x0000000084900000, 0x0000000084a00000, 0x0000000084a00000|100%| O|  |TAMS 0x0000000084a00000, 0x0000000084900000| Untracked 
|  74|0x0000000084a00000, 0x0000000084b00000, 0x0000000084b00000|100%| O|  |TAMS 0x0000000084b00000, 0x0000000084a00000| Untracked 
|  75|0x0000000084b00000, 0x0000000084c00000, 0x0000000084c00000|100%| O|  |TAMS 0x0000000084c00000, 0x0000000084b00000| Untracked 
|  76|0x0000000084c00000, 0x0000000084d00000, 0x0000000084d00000|100%| O|  |TAMS 0x0000000084d00000, 0x0000000084c00000| Untracked 
|  77|0x0000000084d00000, 0x0000000084e00000, 0x0000000084e00000|100%| O|  |TAMS 0x0000000084e00000, 0x0000000084d00000| Untracked 
|  78|0x0000000084e00000, 0x0000000084f00000, 0x0000000084f00000|100%| O|  |TAMS 0x0000000084f00000, 0x0000000084e00000| Untracked 
|  79|0x0000000084f00000, 0x0000000085000000, 0x0000000085000000|100%| O|  |TAMS 0x0000000084fed000, 0x0000000084f00000| Untracked 
|  80|0x0000000085000000, 0x0000000085100000, 0x0000000085100000|100%| O|  |TAMS 0x0000000085000000, 0x0000000085000000| Untracked 
|  81|0x0000000085100000, 0x0000000085200000, 0x0000000085200000|100%| O|  |TAMS 0x0000000085100000, 0x0000000085100000| Untracked 
|  82|0x0000000085200000, 0x0000000085300000, 0x0000000085300000|100%| O|  |TAMS 0x0000000085200000, 0x0000000085200000| Untracked 
|  83|0x0000000085300000, 0x0000000085400000, 0x0000000085400000|100%| O|  |TAMS 0x0000000085300000, 0x0000000085300000| Untracked 
|  84|0x0000000085400000, 0x0000000085500000, 0x0000000085500000|100%| O|  |TAMS 0x0000000085400000, 0x0000000085400000| Untracked 
|  85|0x0000000085500000, 0x0000000085600000, 0x0000000085600000|100%| O|  |TAMS 0x0000000085500000, 0x0000000085500000| Untracked 
|  86|0x0000000085600000, 0x0000000085700000, 0x0000000085700000|100%| O|  |TAMS 0x0000000085600000, 0x0000000085600000| Untracked 
|  87|0x0000000085700000, 0x0000000085800000, 0x0000000085800000|100%| O|  |TAMS 0x0000000085700000, 0x0000000085700000| Untracked 
|  88|0x0000000085800000, 0x0000000085900000, 0x0000000085900000|100%| O|  |TAMS 0x0000000085800000, 0x0000000085800000| Untracked 
|  89|0x0000000085900000, 0x0000000085a00000, 0x0000000085a00000|100%| O|  |TAMS 0x0000000085900000, 0x0000000085900000| Untracked 
|  90|0x0000000085a00000, 0x0000000085b00000, 0x0000000085b00000|100%| O|  |TAMS 0x0000000085a00000, 0x0000000085a00000| Untracked 
|  91|0x0000000085b00000, 0x0000000085c00000, 0x0000000085c00000|100%| O|  |TAMS 0x0000000085b00000, 0x0000000085b00000| Untracked 
|  92|0x0000000085c00000, 0x0000000085c00000, 0x0000000085d00000|  0%| F|  |TAMS 0x0000000085c00000, 0x0000000085c00000| Untracked 
|  93|0x0000000085d00000, 0x0000000085d00000, 0x0000000085e00000|  0%| F|  |TAMS 0x0000000085d00000, 0x0000000085d00000| Untracked 
|  94|0x0000000085e00000, 0x0000000085e00000, 0x0000000085f00000|  0%| F|  |TAMS 0x0000000085e00000, 0x0000000085e00000| Untracked 
|  95|0x0000000085f00000, 0x0000000085f00000, 0x0000000086000000|  0%| F|  |TAMS 0x0000000085f00000, 0x0000000085f00000| Untracked 
|  96|0x0000000086000000, 0x0000000086100000, 0x0000000086100000|100%| O|  |TAMS 0x0000000086000000, 0x0000000086000000| Untracked 
|  97|0x0000000086100000, 0x0000000086200000, 0x0000000086200000|100%| O|  |TAMS 0x0000000086100000, 0x0000000086100000| Untracked 
|  98|0x0000000086200000, 0x0000000086300000, 0x0000000086300000|100%| O|  |TAMS 0x0000000086200000, 0x0000000086200000| Untracked 
|  99|0x0000000086300000, 0x0000000086400000, 0x0000000086400000|100%| O|  |TAMS 0x0000000086300000, 0x0000000086300000| Untracked 
| 100|0x0000000086400000, 0x0000000086500000, 0x0000000086500000|100%| O|  |TAMS 0x0000000086400000, 0x0000000086400000| Untracked 
| 101|0x0000000086500000, 0x0000000086600000, 0x0000000086600000|100%| O|  |TAMS 0x0000000086500000, 0x0000000086500000| Untracked 
| 102|0x0000000086600000, 0x0000000086700000, 0x0000000086700000|100%| O|  |TAMS 0x0000000086600000, 0x0000000086600000| Untracked 
| 103|0x0000000086700000, 0x0000000086800000, 0x0000000086800000|100%| O|  |TAMS 0x0000000086700000, 0x0000000086700000| Untracked 
| 104|0x0000000086800000, 0x0000000086900000, 0x0000000086900000|100%| O|  |TAMS 0x0000000086800000, 0x0000000086800000| Untracked 
| 105|0x0000000086900000, 0x0000000086a00000, 0x0000000086a00000|100%| O|  |TAMS 0x0000000086900000, 0x0000000086900000| Untracked 
| 106|0x0000000086a00000, 0x0000000086ae3200, 0x0000000086b00000| 88%| O|  |TAMS 0x0000000086a00000, 0x0000000086a00000| Untracked 
| 107|0x0000000086b00000, 0x0000000086b00000, 0x0000000086c00000|  0%| F|  |TAMS 0x0000000086b00000, 0x0000000086b00000| Untracked 
| 108|0x0000000086c00000, 0x0000000086d00000, 0x0000000086d00000|100%| O|  |TAMS 0x0000000086c00000, 0x0000000086c00000| Untracked 
| 109|0x0000000086d00000, 0x0000000086e00000, 0x0000000086e00000|100%| O|  |TAMS 0x0000000086d00000, 0x0000000086d00000| Untracked 
| 110|0x0000000086e00000, 0x0000000086e00000, 0x0000000086f00000|  0%| F|  |TAMS 0x0000000086e00000, 0x0000000086e00000| Untracked 
| 111|0x0000000086f00000, 0x0000000086f00000, 0x0000000087000000|  0%| F|  |TAMS 0x0000000086f00000, 0x0000000086f00000| Untracked 
| 112|0x0000000087000000, 0x0000000087000000, 0x0000000087100000|  0%| F|  |TAMS 0x0000000087000000, 0x0000000087000000| Untracked 
| 113|0x0000000087100000, 0x0000000087100000, 0x0000000087200000|  0%| F|  |TAMS 0x0000000087100000, 0x0000000087100000| Untracked 
| 114|0x0000000087200000, 0x0000000087200000, 0x0000000087300000|  0%| F|  |TAMS 0x0000000087200000, 0x0000000087200000| Untracked 
| 115|0x0000000087300000, 0x0000000087300000, 0x0000000087400000|  0%| F|  |TAMS 0x0000000087300000, 0x0000000087300000| Untracked 
| 116|0x0000000087400000, 0x0000000087400000, 0x0000000087500000|  0%| F|  |TAMS 0x0000000087400000, 0x0000000087400000| Untracked 
| 117|0x0000000087500000, 0x0000000087500000, 0x0000000087600000|  0%| F|  |TAMS 0x0000000087500000, 0x0000000087500000| Untracked 
| 118|0x0000000087600000, 0x0000000087600000, 0x0000000087700000|  0%| F|  |TAMS 0x0000000087600000, 0x0000000087600000| Untracked 
| 119|0x0000000087700000, 0x0000000087700000, 0x0000000087800000|  0%| F|  |TAMS 0x0000000087700000, 0x0000000087700000| Untracked 
| 120|0x0000000087800000, 0x0000000087800000, 0x0000000087900000|  0%| F|  |TAMS 0x0000000087800000, 0x0000000087800000| Untracked 
| 121|0x0000000087900000, 0x0000000087900000, 0x0000000087a00000|  0%| F|  |TAMS 0x0000000087900000, 0x0000000087900000| Untracked 
| 122|0x0000000087a00000, 0x0000000087a00000, 0x0000000087b00000|  0%| F|  |TAMS 0x0000000087a00000, 0x0000000087a00000| Untracked 
| 123|0x0000000087b00000, 0x0000000087b00000, 0x0000000087c00000|  0%| F|  |TAMS 0x0000000087b00000, 0x0000000087b00000| Untracked 
| 124|0x0000000087c00000, 0x0000000087c00000, 0x0000000087d00000|  0%| F|  |TAMS 0x0000000087c00000, 0x0000000087c00000| Untracked 
| 125|0x0000000087d00000, 0x0000000087d00000, 0x0000000087e00000|  0%| F|  |TAMS 0x0000000087d00000, 0x0000000087d00000| Untracked 
| 126|0x0000000087e00000, 0x0000000087e00000, 0x0000000087f00000|  0%| F|  |TAMS 0x0000000087e00000, 0x0000000087e00000| Untracked 
| 127|0x0000000087f00000, 0x0000000087f00000, 0x0000000088000000|  0%| F|  |TAMS 0x0000000087f00000, 0x0000000087f00000| Untracked 
| 128|0x0000000088000000, 0x0000000088000000, 0x0000000088100000|  0%| F|  |TAMS 0x0000000088000000, 0x0000000088000000| Untracked 
| 129|0x0000000088100000, 0x0000000088100000, 0x0000000088200000|  0%| F|  |TAMS 0x0000000088100000, 0x0000000088100000| Untracked 
| 130|0x0000000088200000, 0x0000000088200000, 0x0000000088300000|  0%| F|  |TAMS 0x0000000088200000, 0x0000000088200000| Untracked 
| 131|0x0000000088300000, 0x0000000088300000, 0x0000000088400000|  0%| F|  |TAMS 0x0000000088300000, 0x0000000088300000| Untracked 
| 132|0x0000000088400000, 0x0000000088500000, 0x0000000088500000|100%| S|CS|TAMS 0x0000000088400000, 0x0000000088400000| Complete 
| 133|0x0000000088500000, 0x0000000088600000, 0x0000000088600000|100%| S|CS|TAMS 0x0000000088500000, 0x0000000088500000| Complete 
| 134|0x0000000088600000, 0x0000000088700000, 0x0000000088700000|100%| S|CS|TAMS 0x0000000088600000, 0x0000000088600000| Complete 
| 135|0x0000000088700000, 0x0000000088800000, 0x0000000088800000|100%| S|CS|TAMS 0x0000000088700000, 0x0000000088700000| Complete 
| 136|0x0000000088800000, 0x0000000088800000, 0x0000000088900000|  0%| F|  |TAMS 0x0000000088800000, 0x0000000088800000| Untracked 
| 137|0x0000000088900000, 0x0000000088900000, 0x0000000088a00000|  0%| F|  |TAMS 0x0000000088900000, 0x0000000088900000| Untracked 
| 138|0x0000000088a00000, 0x0000000088a00000, 0x0000000088b00000|  0%| F|  |TAMS 0x0000000088a00000, 0x0000000088a00000| Untracked 
| 139|0x0000000088b00000, 0x0000000088b00000, 0x0000000088c00000|  0%| F|  |TAMS 0x0000000088b00000, 0x0000000088b00000| Untracked 
| 140|0x0000000088c00000, 0x0000000088c00000, 0x0000000088d00000|  0%| F|  |TAMS 0x0000000088c00000, 0x0000000088c00000| Untracked 
| 141|0x0000000088d00000, 0x0000000088d00000, 0x0000000088e00000|  0%| F|  |TAMS 0x0000000088d00000, 0x0000000088d00000| Untracked 
| 142|0x0000000088e00000, 0x0000000088e00000, 0x0000000088f00000|  0%| F|  |TAMS 0x0000000088e00000, 0x0000000088e00000| Untracked 
| 143|0x0000000088f00000, 0x0000000088f00000, 0x0000000089000000|  0%| F|  |TAMS 0x0000000088f00000, 0x0000000088f00000| Untracked 
| 144|0x0000000089000000, 0x0000000089000000, 0x0000000089100000|  0%| F|  |TAMS 0x0000000089000000, 0x0000000089000000| Untracked 
| 145|0x0000000089100000, 0x0000000089100000, 0x0000000089200000|  0%| F|  |TAMS 0x0000000089100000, 0x0000000089100000| Untracked 
| 146|0x0000000089200000, 0x0000000089200000, 0x0000000089300000|  0%| F|  |TAMS 0x0000000089200000, 0x0000000089200000| Untracked 
| 147|0x0000000089300000, 0x0000000089300000, 0x0000000089400000|  0%| F|  |TAMS 0x0000000089300000, 0x0000000089300000| Untracked 
| 148|0x0000000089400000, 0x0000000089400000, 0x0000000089500000|  0%| F|  |TAMS 0x0000000089400000, 0x0000000089400000| Untracked 
| 149|0x0000000089500000, 0x0000000089500000, 0x0000000089600000|  0%| F|  |TAMS 0x0000000089500000, 0x0000000089500000| Untracked 
| 150|0x0000000089600000, 0x0000000089600000, 0x0000000089700000|  0%| F|  |TAMS 0x0000000089600000, 0x0000000089600000| Untracked 
| 151|0x0000000089700000, 0x0000000089700000, 0x0000000089800000|  0%| F|  |TAMS 0x0000000089700000, 0x0000000089700000| Untracked 
| 152|0x0000000089800000, 0x0000000089800000, 0x0000000089900000|  0%| F|  |TAMS 0x0000000089800000, 0x0000000089800000| Untracked 
| 153|0x0000000089900000, 0x0000000089900000, 0x0000000089a00000|  0%| F|  |TAMS 0x0000000089900000, 0x0000000089900000| Untracked 
| 154|0x0000000089a00000, 0x0000000089a00000, 0x0000000089b00000|  0%| F|  |TAMS 0x0000000089a00000, 0x0000000089a00000| Untracked 
| 155|0x0000000089b00000, 0x0000000089b00000, 0x0000000089c00000|  0%| F|  |TAMS 0x0000000089b00000, 0x0000000089b00000| Untracked 
| 156|0x0000000089c00000, 0x0000000089c00000, 0x0000000089d00000|  0%| F|  |TAMS 0x0000000089c00000, 0x0000000089c00000| Untracked 
| 157|0x0000000089d00000, 0x0000000089d00000, 0x0000000089e00000|  0%| F|  |TAMS 0x0000000089d00000, 0x0000000089d00000| Untracked 
| 158|0x0000000089e00000, 0x0000000089e00000, 0x0000000089f00000|  0%| F|  |TAMS 0x0000000089e00000, 0x0000000089e00000| Untracked 
| 159|0x0000000089f00000, 0x0000000089f00000, 0x000000008a000000|  0%| F|  |TAMS 0x0000000089f00000, 0x0000000089f00000| Untracked 
| 160|0x000000008a000000, 0x000000008a000000, 0x000000008a100000|  0%| F|  |TAMS 0x000000008a000000, 0x000000008a000000| Untracked 
| 161|0x000000008a100000, 0x000000008a100000, 0x000000008a200000|  0%| F|  |TAMS 0x000000008a100000, 0x000000008a100000| Untracked 
| 162|0x000000008a200000, 0x000000008a200000, 0x000000008a300000|  0%| F|  |TAMS 0x000000008a200000, 0x000000008a200000| Untracked 
| 163|0x000000008a300000, 0x000000008a300000, 0x000000008a400000|  0%| F|  |TAMS 0x000000008a300000, 0x000000008a300000| Untracked 
| 164|0x000000008a400000, 0x000000008a400000, 0x000000008a500000|  0%| F|  |TAMS 0x000000008a400000, 0x000000008a400000| Untracked 

Card table byte_map: [0x000002a3f1e00000,0x000002a3f2200000] _byte_map_base: 0x000002a3f1a00000

Marking Bits (Prev, Next): (CMBitMap*) 0x000002a3df148830, (CMBitMap*) 0x000002a3df148870
 Prev Bits: [0x000002a3f2600000, 0x000002a3f4600000)
 Next Bits: [0x000002a3f4600000, 0x000002a3f6600000)

Polling page: 0x000002a3dd080000

Metaspace:

Usage:
  Non-class:     67.22 MB used.
      Class:     10.98 MB used.
       Both:     78.21 MB used.

Virtual space:
  Non-class space:      128.00 MB reserved,      67.62 MB ( 53%) committed,  2 nodes.
      Class space:        1.00 GB reserved,      11.31 MB (  1%) committed,  1 nodes.
             Both:        1.12 GB reserved,      78.94 MB (  7%) committed. 

Chunk freelists:
   Non-Class:  12.11 MB
       Class:  4.73 MB
        Both:  16.84 MB

MaxMetaspaceSize: unlimited
CompressedClassSpaceSize: 1.00 GB
Initial GC threshold: 21.00 MB
Current GC threshold: 131.19 MB
CDS: off
MetaspaceReclaimPolicy: balanced
 - commit_granule_bytes: 65536.
 - commit_granule_words: 8192.
 - virtual_space_node_default_size: 8388608.
 - enlarge_chunks_in_place: 1.
 - new_chunks_are_fully_committed: 0.
 - uncommit_free_chunks: 1.
 - use_allocation_guard: 0.
 - handle_deallocations: 1.


Internal statistics:

num_allocs_failed_limit: 3.
num_arena_births: 840.
num_arena_deaths: 0.
num_vsnodes_births: 3.
num_vsnodes_deaths: 0.
num_space_committed: 1261.
num_space_uncommitted: 0.
num_chunks_returned_to_freelist: 3.
num_chunks_taken_from_freelist: 3656.
num_chunk_merges: 3.
num_chunk_splits: 2521.
num_chunks_enlarged: 1818.
num_inconsistent_stats: 0.

CodeHeap 'non-profiled nmethods': size=120000Kb used=3992Kb max_used=3992Kb free=116008Kb
 bounds [0x000002a3ea090000, 0x000002a3ea480000, 0x000002a3f15c0000]
CodeHeap 'profiled nmethods': size=120000Kb used=13769Kb max_used=13769Kb free=106230Kb
 bounds [0x000002a3e25c0000, 0x000002a3e3340000, 0x000002a3e9af0000]
CodeHeap 'non-nmethods': size=5760Kb used=2365Kb max_used=2401Kb free=3395Kb
 bounds [0x000002a3e9af0000, 0x000002a3e9d60000, 0x000002a3ea090000]
 total_blobs=8139 nmethods=7242 adapters=809
 compilation: enabled
              stopped_count=0, restarted_count=0
 full_count=0

Compilation events (20 events):
Event: 18.215 Thread 0x000002a3f9306d60 7979       3       org.jetbrains.kotlin.cli.jvm.modules.CoreJrtVirtualFile::getChildren (5 bytes)
Event: 18.215 Thread 0x000002a3f9306d60 nmethod 7979 0x000002a3e332fc90 code [0x000002a3e332fe40, 0x000002a3e3330148]
Event: 18.216 Thread 0x000002a3f9306d60 7980       3       jdk.internal.jimage.ImageBufferCache::newCacheEntry (23 bytes)
Event: 18.216 Thread 0x000002a3f9306d60 nmethod 7980 0x000002a3e3330290 code [0x000002a3e33304a0, 0x000002a3e3330c98]
Event: 18.218 Thread 0x000002a3f9306d60 7981       3       java.io.ByteArrayOutputStream::close (1 bytes)
Event: 18.218 Thread 0x000002a3f9306d60 nmethod 7981 0x000002a3e3330f90 code [0x000002a3e3331120, 0x000002a3e3331238]
Event: 18.218 Thread 0x000002a3f9306d60 7982       3       java.util.zip.Inflater::<init> (6 bytes)
Event: 18.218 Thread 0x000002a3f9306d60 nmethod 7982 0x000002a3e3331310 code [0x000002a3e33314a0, 0x000002a3e33315e8]
Event: 18.219 Thread 0x000002a3f9306d60 7983       1       org.jetbrains.kotlin.cli.jvm.index.JavaRoot::component1 (5 bytes)
Event: 18.219 Thread 0x000002a3f9306d60 nmethod 7983 0x000002a3ea475710 code [0x000002a3ea4758a0, 0x000002a3ea475978]
Event: 18.219 Thread 0x000002a3f9306d60 7984       3       org.jetbrains.kotlin.com.intellij.openapi.vfs.impl.jar.CoreJarVirtualFile::isDirectory (15 bytes)
Event: 18.219 Thread 0x000002a3f9306d60 nmethod 7984 0x000002a3e3331690 code [0x000002a3e3331820, 0x000002a3e3331998]
Event: 18.220 Thread 0x000002a3f9306d60 7985       1       jdk.internal.jimage.ImageReader$Node::isCompleted (5 bytes)
Event: 18.220 Thread 0x000002a3f9306d60 nmethod 7985 0x000002a3ea475a10 code [0x000002a3ea475ba0, 0x000002a3ea475c78]
Event: 18.220 Thread 0x000002a3f9306d60 7986       1       jdk.internal.jimage.ImageReader$Directory::isDirectory (2 bytes)
Event: 18.220 Thread 0x000002a3f9306d60 nmethod 7986 0x000002a3ea475d10 code [0x000002a3ea475ea0, 0x000002a3ea475f78]
Event: 18.220 Thread 0x000002a3f9306d60 7987       3       jdk.internal.jrtfs.JrtPath::getFileSystem (5 bytes)
Event: 18.220 Thread 0x000002a3f9306d60 nmethod 7987 0x000002a3e3331a10 code [0x000002a3e3331ba0, 0x000002a3e3331cb8]
Event: 18.220 Thread 0x000002a3f9306d60 7988       3       jdk.internal.jrtfs.JrtFileSystemProvider::toJrtPath (27 bytes)
Event: 18.220 Thread 0x000002a3f9306d60 nmethod 7988 0x000002a3e3331d90 code [0x000002a3e3331f60, 0x000002a3e3332498]

GC Heap History (20 events):
Event: 13.642 GC heap after
{Heap after GC invocations=33 (full 0):
 garbage-first heap   total 124928K, used 73282K [0x0000000080000000, 0x0000000100000000)
  region size 1024K, 1 young (1024K), 1 survivors (1024K)
 Metaspace       used 60440K, committed 61120K, reserved 1114112K
  class space    used 8305K, committed 8576K, reserved 1048576K
}
Event: 14.888 GC heap before
{Heap before GC invocations=33 (full 0):
 garbage-first heap   total 124928K, used 96834K [0x0000000080000000, 0x0000000100000000)
  region size 1024K, 25 young (25600K), 1 survivors (1024K)
 Metaspace       used 61545K, committed 62208K, reserved 1114112K
  class space    used 8422K, committed 8704K, reserved 1048576K
}
Event: 14.904 GC heap after
{Heap after GC invocations=34 (full 0):
 garbage-first heap   total 161792K, used 76888K [0x0000000080000000, 0x0000000100000000)
  region size 1024K, 4 young (4096K), 4 survivors (4096K)
 Metaspace       used 61545K, committed 62208K, reserved 1114112K
  class space    used 8422K, committed 8704K, reserved 1048576K
}
Event: 15.983 GC heap before
{Heap before GC invocations=35 (full 0):
 garbage-first heap   total 161792K, used 122968K [0x0000000080000000, 0x0000000100000000)
  region size 1024K, 50 young (51200K), 4 survivors (4096K)
 Metaspace       used 63629K, committed 64320K, reserved 1114112K
  class space    used 8698K, committed 9024K, reserved 1048576K
}
Event: 15.992 GC heap after
{Heap after GC invocations=36 (full 0):
 garbage-first heap   total 161792K, used 79979K [0x0000000080000000, 0x0000000100000000)
  region size 1024K, 7 young (7168K), 7 survivors (7168K)
 Metaspace       used 63629K, committed 64320K, reserved 1114112K
  class space    used 8698K, committed 9024K, reserved 1048576K
}
Event: 16.020 GC heap before
{Heap before GC invocations=36 (full 0):
 garbage-first heap   total 161792K, used 81003K [0x0000000080000000, 0x0000000100000000)
  region size 1024K, 8 young (8192K), 7 survivors (7168K)
 Metaspace       used 63975K, committed 64640K, reserved 1114112K
  class space    used 8767K, committed 9088K, reserved 1048576K
}
Event: 16.029 GC heap after
{Heap after GC invocations=37 (full 0):
 garbage-first heap   total 161792K, used 79514K [0x0000000080000000, 0x0000000100000000)
  region size 1024K, 1 young (1024K), 1 survivors (1024K)
 Metaspace       used 63975K, committed 64640K, reserved 1114112K
  class space    used 8767K, committed 9088K, reserved 1048576K
}
Event: 16.650 GC heap before
{Heap before GC invocations=37 (full 0):
 garbage-first heap   total 161792K, used 125594K [0x0000000080000000, 0x0000000100000000)
  region size 1024K, 46 young (47104K), 1 survivors (1024K)
 Metaspace       used 70199K, committed 70848K, reserved 1114112K
  class space    used 9999K, committed 10304K, reserved 1048576K
}
Event: 16.653 GC heap after
{Heap after GC invocations=38 (full 0):
 garbage-first heap   total 161792K, used 80482K [0x0000000080000000, 0x0000000100000000)
  region size 1024K, 2 young (2048K), 2 survivors (2048K)
 Metaspace       used 70199K, committed 70848K, reserved 1114112K
  class space    used 9999K, committed 10304K, reserved 1048576K
}
Event: 17.195 GC heap before
{Heap before GC invocations=39 (full 0):
 garbage-first heap   total 161792K, used 128610K [0x0000000080000000, 0x0000000100000000)
  region size 1024K, 49 young (50176K), 2 survivors (2048K)
 Metaspace       used 76760K, committed 77504K, reserved 1179648K
  class space    used 10862K, committed 11200K, reserved 1048576K
}
Event: 17.198 GC heap after
{Heap after GC invocations=40 (full 0):
 garbage-first heap   total 161792K, used 81480K [0x0000000080000000, 0x0000000100000000)
  region size 1024K, 3 young (3072K), 3 survivors (3072K)
 Metaspace       used 76760K, committed 77504K, reserved 1179648K
  class space    used 10862K, committed 11200K, reserved 1048576K
}
Event: 17.234 GC heap before
{Heap before GC invocations=40 (full 0):
 garbage-first heap   total 161792K, used 85576K [0x0000000080000000, 0x0000000100000000)
  region size 1024K, 7 young (7168K), 3 survivors (3072K)
 Metaspace       used 77479K, committed 78144K, reserved 1179648K
  class space    used 10956K, committed 11264K, reserved 1048576K
}
Event: 17.237 GC heap after
{Heap after GC invocations=41 (full 0):
 garbage-first heap   total 161792K, used 81196K [0x0000000080000000, 0x0000000100000000)
  region size 1024K, 1 young (1024K), 1 survivors (1024K)
 Metaspace       used 77479K, committed 78144K, reserved 1179648K
  class space    used 10956K, committed 11264K, reserved 1048576K
}
Event: 17.527 GC heap before
{Heap before GC invocations=41 (full 0):
 garbage-first heap   total 161792K, used 139564K [0x0000000080000000, 0x0000000100000000)
  region size 1024K, 50 young (51200K), 1 survivors (1024K)
 Metaspace       used 79828K, committed 80576K, reserved 1179648K
  class space    used 11216K, committed 11520K, reserved 1048576K
}
Event: 17.533 GC heap after
{Heap after GC invocations=42 (full 0):
 garbage-first heap   total 161792K, used 93317K [0x0000000080000000, 0x0000000100000000)
  region size 1024K, 7 young (7168K), 7 survivors (7168K)
 Metaspace       used 79828K, committed 80576K, reserved 1179648K
  class space    used 11216K, committed 11520K, reserved 1048576K
}
Event: 17.837 GC heap before
{Heap before GC invocations=43 (full 0):
 garbage-first heap   total 168960K, used 135301K [0x0000000080000000, 0x0000000100000000)
  region size 1024K, 40 young (40960K), 7 survivors (7168K)
 Metaspace       used 79835K, committed 80576K, reserved 1179648K
  class space    used 11216K, committed 11520K, reserved 1048576K
}
Event: 17.855 GC heap after
{Heap after GC invocations=44 (full 0):
 garbage-first heap   total 168960K, used 105472K [0x0000000080000000, 0x0000000100000000)
  region size 1024K, 5 young (5120K), 5 survivors (5120K)
 Metaspace       used 79835K, committed 80576K, reserved 1179648K
  class space    used 11216K, committed 11520K, reserved 1048576K
}
Event: 17.868 GC heap before
{Heap before GC invocations=44 (full 0):
 garbage-first heap   total 168960K, used 108544K [0x0000000080000000, 0x0000000100000000)
  region size 1024K, 8 young (8192K), 5 survivors (5120K)
 Metaspace       used 79835K, committed 80576K, reserved 1179648K
  class space    used 11216K, committed 11520K, reserved 1048576K
}
Event: 17.874 GC heap after
{Heap after GC invocations=45 (full 0):
 garbage-first heap   total 168960K, used 106496K [0x0000000080000000, 0x0000000100000000)
  region size 1024K, 1 young (1024K), 1 survivors (1024K)
 Metaspace       used 79835K, committed 80576K, reserved 1179648K
  class space    used 11216K, committed 11520K, reserved 1048576K
}
Event: 18.223 GC heap before
{Heap before GC invocations=45 (full 0):
 garbage-first heap   total 168960K, used 136192K [0x0000000080000000, 0x0000000100000000)
  region size 1024K, 29 young (29696K), 1 survivors (1024K)
 Metaspace       used 80086K, committed 80832K, reserved 1179648K
  class space    used 11247K, committed 11584K, reserved 1048576K
}

Dll operation events (3 events):
Event: 0.065 Loaded shared library C:\Program Files\Android\Android Studio\jbr\bin\java.dll
Event: 0.240 Loaded shared library C:\Program Files\Android\Android Studio\jbr\bin\zip.dll
Event: 0.663 Loaded shared library C:\Program Files\Android\Android Studio\jbr\bin\verify.dll

Deoptimization events (20 events):
Event: 17.856 Thread 0x000002a3fef34460 Uncommon trap: trap_request=0xffffff45 fr.pc=0x000002a3ea41e9d0 relative=0x00000000000001d0
Event: 17.856 Thread 0x000002a3fef34460 Uncommon trap: reason=unstable_if action=reinterpret pc=0x000002a3ea41e9d0 method=java.lang.String.indexOf(Ljava/lang/String;)I @ 10 c2
Event: 17.856 Thread 0x000002a3fef34460 DEOPT PACKING pc=0x000002a3ea41e9d0 sp=0x000000af2c9f4ad0
Event: 17.856 Thread 0x000002a3fef34460 DEOPT UNPACKING pc=0x000002a3e9b469a3 sp=0x000000af2c9f4a60 mode 2
Event: 17.856 Thread 0x000002a3fef34460 Uncommon trap: trap_request=0xffffff45 fr.pc=0x000002a3ea42c670 relative=0x0000000000000930
Event: 17.856 Thread 0x000002a3fef34460 Uncommon trap: reason=unstable_if action=reinterpret pc=0x000002a3ea42c670 method=java.lang.String.lastIndexOf(II)I @ 4 c2
Event: 17.856 Thread 0x000002a3fef34460 DEOPT PACKING pc=0x000002a3ea42c670 sp=0x000000af2c9f4ac0
Event: 17.856 Thread 0x000002a3fef34460 DEOPT UNPACKING pc=0x000002a3e9b469a3 sp=0x000000af2c9f49d0 mode 2
Event: 17.856 Thread 0x000002a3fef34460 Uncommon trap: trap_request=0xffffff45 fr.pc=0x000002a3ea0ca400 relative=0x0000000000000460
Event: 17.856 Thread 0x000002a3fef34460 Uncommon trap: reason=unstable_if action=reinterpret pc=0x000002a3ea0ca400 method=java.lang.String.substring(II)Ljava/lang/String; @ 31 c2
Event: 17.856 Thread 0x000002a3fef34460 DEOPT PACKING pc=0x000002a3ea0ca400 sp=0x000000af2c9f4a50
Event: 17.856 Thread 0x000002a3fef34460 DEOPT UNPACKING pc=0x000002a3e9b469a3 sp=0x000000af2c9f4a20 mode 2
Event: 17.856 Thread 0x000002a3fef34460 Uncommon trap: trap_request=0xffffff45 fr.pc=0x000002a3ea2c7af0 relative=0x0000000000000450
Event: 17.856 Thread 0x000002a3fef34460 Uncommon trap: reason=unstable_if action=reinterpret pc=0x000002a3ea2c7af0 method=java.lang.String.substring(II)Ljava/lang/String; @ 31 c2
Event: 17.856 Thread 0x000002a3fef34460 DEOPT PACKING pc=0x000002a3ea2c7af0 sp=0x000000af2c9f4a50
Event: 17.856 Thread 0x000002a3fef34460 DEOPT UNPACKING pc=0x000002a3e9b469a3 sp=0x000000af2c9f49b0 mode 2
Event: 17.949 Thread 0x000002a3fef34460 Uncommon trap: trap_request=0xffffff45 fr.pc=0x000002a3ea43e054 relative=0x0000000000000854
Event: 17.949 Thread 0x000002a3fef34460 Uncommon trap: reason=unstable_if action=reinterpret pc=0x000002a3ea43e054 method=org.jetbrains.kotlin.com.intellij.openapi.vfs.impl.ZipEntryMap.isTheOne(Lorg/jetbrains/kotlin/com/intellij/openapi/vfs/impl/ArchiveHandler$EntryInfo;Ljava/lang/CharSequence;
Event: 17.949 Thread 0x000002a3fef34460 DEOPT PACKING pc=0x000002a3ea43e054 sp=0x000000af2c9f4a60
Event: 17.949 Thread 0x000002a3fef34460 DEOPT UNPACKING pc=0x000002a3e9b469a3 sp=0x000000af2c9f4950 mode 2

Classes unloaded (0 events):
No events

Classes redefined (0 events):
No events

Internal exceptions (20 events):
Event: 13.670 Thread 0x000002a3fef34460 Exception <a 'java/lang/NoSuchMethodError'{0x00000000878a1708}: 'void java.lang.invoke.DirectMethodHandle$Holder.invokeStatic(java.lang.Object, java.lang.Object, java.lang.Object, int, java.lang.Object)'> (0x00000000878a1708) 
thrown [s\src\hotspot\share\interpreter\linkResolver.cpp, line 771]
Event: 15.818 Thread 0x000002a3fef34460 Exception <a 'java/lang/IncompatibleClassChangeError'{0x0000000087928c60}: Found class java.lang.Object, but interface was expected> (0x0000000087928c60) 
thrown [s\src\hotspot\share\interpreter\linkResolver.cpp, line 838]
Event: 15.832 Thread 0x000002a3fef34460 Exception <a 'java/lang/NoSuchMethodError'{0x0000000087803cc0}: 'void java.lang.invoke.DirectMethodHandle$Holder.invokeVirtual(java.lang.Object, java.lang.Object)'> (0x0000000087803cc0) 
thrown [s\src\hotspot\share\interpreter\linkResolver.cpp, line 771]
Event: 15.874 Thread 0x000002a3fef34460 Exception <a 'java/lang/NoSuchMethodError'{0x000000008761dc20}: 'java.lang.Object java.lang.invoke.DirectMethodHandle$Holder.invokeStaticInit(java.lang.Object, int)'> (0x000000008761dc20) 
thrown [s\src\hotspot\share\interpreter\linkResolver.cpp, line 771]
Event: 16.431 Thread 0x000002a3fef34460 Implicit null exception at 0x000002a3ea0d4c72 to 0x000002a3ea0d5248
Event: 16.515 Thread 0x000002a3fef34460 Implicit null exception at 0x000002a3ea0d1772 to 0x000002a3ea0d1d58
Event: 16.681 Thread 0x000002a3fef34460 Exception <a 'sun/nio/fs/WindowsException'{0x0000000089ded7c8}> (0x0000000089ded7c8) 
thrown [s\src\hotspot\share\prims\jni.cpp, line 517]
Event: 16.689 Thread 0x000002a3fef34460 Exception <a 'sun/nio/fs/WindowsException'{0x0000000089def580}> (0x0000000089def580) 
thrown [s\src\hotspot\share\prims\jni.cpp, line 517]
Event: 16.816 Thread 0x000002a3fef34460 Exception <a 'java/lang/NoSuchMethodError'{0x00000000892a99a0}: 'long java.lang.invoke.DirectMethodHandle$Holder.invokeStatic(java.lang.Object)'> (0x00000000892a99a0) 
thrown [s\src\hotspot\share\interpreter\linkResolver.cpp, line 771]
Event: 16.817 Thread 0x000002a3fef34460 Exception <a 'java/lang/NoSuchMethodError'{0x00000000892ae7e8}: 'long java.lang.invoke.DirectMethodHandle$Holder.invokeStaticInit(java.lang.Object)'> (0x00000000892ae7e8) 
thrown [s\src\hotspot\share\interpreter\linkResolver.cpp, line 771]
Event: 16.857 Thread 0x000002a3fef34460 Exception <a 'java/lang/NoSuchMethodError'{0x0000000088c034f8}: 'long java.lang.invoke.Invokers$Holder.invoke_MT(java.lang.Object, java.lang.Object, java.lang.Object, java.lang.Object)'> (0x0000000088c034f8) 
thrown [s\src\hotspot\share\interpreter\linkResolver.cpp, line 771]
Event: 16.858 Thread 0x000002a3fef34460 Exception <a 'java/lang/NoSuchMethodError'{0x0000000088c0cb48}: 'int java.lang.invoke.Invokers$Holder.invoke_MT(java.lang.Object, java.lang.Object, java.lang.Object, java.lang.Object)'> (0x0000000088c0cb48) 
thrown [s\src\hotspot\share\interpreter\linkResolver.cpp, line 771]
Event: 16.859 Thread 0x000002a3fef34460 Exception <a 'java/lang/NoSuchMethodError'{0x0000000088c1da70}: 'void java.lang.invoke.DelegatingMethodHandle$Holder.reinvoke_L(java.lang.Object, java.lang.Object, java.lang.Object, long, java.lang.Object)'> (0x0000000088c1da70) 
thrown [s\src\hotspot\share\interpreter\linkResolver.cpp, line 771]
Event: 16.859 Thread 0x000002a3fef34460 Exception <a 'java/lang/NoSuchMethodError'{0x0000000088c26648}: 'java.lang.Object java.lang.invoke.DirectMethodHandle$Holder.invokeSpecial(java.lang.Object, java.lang.Object, java.lang.Object, java.lang.Object, long)'> (0x0000000088c26648) 
thrown [s\src\hotspot\share\interpreter\linkResolver.cpp, line 771]
Event: 16.860 Thread 0x000002a3fef34460 Exception <a 'java/lang/NoSuchMethodError'{0x0000000088c36fe8}: 'int java.lang.invoke.DelegatingMethodHandle$Holder.reinvoke_L(java.lang.Object, java.lang.Object, java.lang.Object, long, java.lang.Object, java.lang.Object)'> (0x0000000088c36fe8) 
thrown [s\src\hotspot\share\interpreter\linkResolver.cpp, line 771]
Event: 16.860 Thread 0x000002a3fef34460 Exception <a 'java/lang/NoSuchMethodError'{0x0000000088c472d0}: 'int java.lang.invoke.DelegatingMethodHandle$Holder.reinvoke_L(java.lang.Object, java.lang.Object, java.lang.Object, long, int, int)'> (0x0000000088c472d0) 
thrown [s\src\hotspot\share\interpreter\linkResolver.cpp, line 771]
Event: 16.861 Thread 0x000002a3fef34460 Exception <a 'java/lang/NoSuchMethodError'{0x0000000088c57360}: 'int java.lang.invoke.DelegatingMethodHandle$Holder.reinvoke_L(java.lang.Object, java.lang.Object, java.lang.Object, long, long, long)'> (0x0000000088c57360) 
thrown [s\src\hotspot\share\interpreter\linkResolver.cpp, line 771]
Event: 16.861 Thread 0x000002a3fef34460 Exception <a 'java/lang/NoSuchMethodError'{0x0000000088c670d0}: 'int java.lang.invoke.DelegatingMethodHandle$Holder.reinvoke_L(java.lang.Object, java.lang.Object, java.lang.Object, long, int)'> (0x0000000088c670d0) 
thrown [s\src\hotspot\share\interpreter\linkResolver.cpp, line 771]
Event: 17.325 Thread 0x000002a3fef34460 Exception <a 'java/lang/NoSuchMethodError'{0x00000000894479d8}: 'java.lang.Object java.lang.invoke.Invokers$Holder.invokeExact_MT(java.lang.Object, java.lang.Object, long, java.lang.Object)'> (0x00000000894479d8) 
thrown [s\src\hotspot\share\interpreter\linkResolver.cpp, line 771]
Event: 17.350 Thread 0x000002a3fef34460 Exception <a 'java/lang/NoSuchMethodError'{0x00000000892c7bf8}: 'java.lang.Object java.lang.invoke.Invokers$Holder.invoke_MT(java.lang.Object, java.lang.Object, java.lang.Object)'> (0x00000000892c7bf8) 
thrown [s\src\hotspot\share\interpreter\linkResolver.cpp, line 771]

VM Operations (20 events):
Event: 17.198 Executing VM operation: G1CollectForAllocation done
Event: 17.234 Executing VM operation: G1CollectForAllocation
Event: 17.237 Executing VM operation: G1CollectForAllocation done
Event: 17.249 Executing VM operation: HandshakeAllThreads
Event: 17.249 Executing VM operation: HandshakeAllThreads done
Event: 17.249 Executing VM operation: HandshakeAllThreads
Event: 17.249 Executing VM operation: HandshakeAllThreads done
Event: 17.279 Executing VM operation: HandshakeAllThreads
Event: 17.279 Executing VM operation: HandshakeAllThreads done
Event: 17.526 Executing VM operation: G1CollectForAllocation
Event: 17.533 Executing VM operation: G1CollectForAllocation done
Event: 17.563 Executing VM operation: G1PauseRemark
Event: 17.567 Executing VM operation: G1PauseRemark done
Event: 17.584 Executing VM operation: G1PauseCleanup
Event: 17.585 Executing VM operation: G1PauseCleanup done
Event: 17.837 Executing VM operation: G1CollectForAllocation
Event: 17.855 Executing VM operation: G1CollectForAllocation done
Event: 17.868 Executing VM operation: G1CollectForAllocation
Event: 17.874 Executing VM operation: G1CollectForAllocation done
Event: 18.223 Executing VM operation: G1CollectForAllocation

Events (20 events):
Event: 17.350 loading class java/nio/channels/FileChannel$MapMode done
Event: 17.350 loading class jdk/internal/misc/ExtendedMapMode
Event: 17.350 loading class jdk/internal/misc/ExtendedMapMode done
Event: 17.350 loading class sun/nio/ch/FileChannelImpl$DefaultUnmapper
Event: 17.350 loading class sun/nio/ch/FileChannelImpl$Unmapper
Event: 17.350 loading class jdk/internal/access/foreign/UnmapperProxy
Event: 17.350 loading class jdk/internal/access/foreign/UnmapperProxy done
Event: 17.350 loading class sun/nio/ch/FileChannelImpl$Unmapper done
Event: 17.350 loading class sun/nio/ch/FileChannelImpl$DefaultUnmapper done
Event: 17.350 loading class sun/nio/ch/Util$4
Event: 17.350 loading class sun/nio/ch/Util$4 done
Event: 17.351 loading class jdk/internal/access/foreign/MemorySegmentProxy
Event: 17.351 loading class jdk/internal/access/foreign/MemorySegmentProxy done
Event: 17.351 loading class java/io/UTFDataFormatException
Event: 17.351 loading class java/io/UTFDataFormatException done
Event: 17.393 Thread 0x000002a3fe1b8610 Thread added: 0x000002a3fe1b8610
Event: 17.516 Thread 0x000002a382194020 Thread added: 0x000002a382194020
Event: 18.095 Thread 0x000002a382194020 Thread exited: 0x000002a382194020
Event: 18.129 loading class java/nio/channels/NonWritableChannelException
Event: 18.129 loading class java/nio/channels/NonWritableChannelException done


Dynamic libraries:
0x00007ff7c16d0000 - 0x00007ff7c16da000 	C:\Program Files\Android\Android Studio\jbr\bin\java.exe
0x00007ffc45310000 - 0x00007ffc45527000 	C:\windows\SYSTEM32\ntdll.dll
0x00007ffc437b0000 - 0x00007ffc43874000 	C:\windows\System32\KERNEL32.DLL
0x00007ffc42780000 - 0x00007ffc42b2d000 	C:\windows\System32\KERNELBASE.dll
0x00007ffc42e00000 - 0x00007ffc42f11000 	C:\windows\System32\ucrtbase.dll
0x00007ffc319f0000 - 0x00007ffc31a0b000 	C:\Program Files\Android\Android Studio\jbr\bin\VCRUNTIME140.dll
0x00007ffbf6930000 - 0x00007ffbf6947000 	C:\Program Files\Android\Android Studio\jbr\bin\jli.dll
0x00007ffc0ca90000 - 0x00007ffc0cd23000 	C:\windows\WinSxS\amd64_microsoft.windows.common-controls_6595b64144ccf1df_6.0.22621.3672_none_2713b9d173822955\COMCTL32.dll
0x00007ffc44b50000 - 0x00007ffc44bf7000 	C:\windows\System32\msvcrt.dll
0x00007ffc43880000 - 0x00007ffc438a9000 	C:\windows\System32\GDI32.dll
0x00007ffc42ba0000 - 0x00007ffc42bc6000 	C:\windows\System32\win32u.dll
0x00007ffc42660000 - 0x00007ffc42779000 	C:\windows\System32\gdi32full.dll
0x00007ffc42f20000 - 0x00007ffc42fba000 	C:\windows\System32\msvcp_win.dll
0x00007ffc45120000 - 0x00007ffc452ce000 	C:\windows\System32\USER32.dll
0x00007ffc43710000 - 0x00007ffc43741000 	C:\windows\System32\IMM32.DLL
0x00007ffc3e2f0000 - 0x00007ffc3e2fc000 	C:\Program Files\Android\Android Studio\jbr\bin\vcruntime140_1.dll
0x00007ffbe3ec0000 - 0x00007ffbe3f4d000 	C:\Program Files\Android\Android Studio\jbr\bin\msvcp140.dll
0x00007ffbb1a10000 - 0x00007ffbb2693000 	C:\Program Files\Android\Android Studio\jbr\bin\server\jvm.dll
0x00007ffc43120000 - 0x00007ffc431d2000 	C:\windows\System32\ADVAPI32.dll
0x00007ffc44c00000 - 0x00007ffc44ca9000 	C:\windows\System32\sechost.dll
0x00007ffc42630000 - 0x00007ffc42658000 	C:\windows\System32\bcrypt.dll
0x00007ffc44f80000 - 0x00007ffc45094000 	C:\windows\System32\RPCRT4.dll
0x00007ffc41810000 - 0x00007ffc4185d000 	C:\windows\SYSTEM32\POWRPROF.dll
0x00007ffc3aa30000 - 0x00007ffc3aa64000 	C:\windows\SYSTEM32\WINMM.dll
0x00007ffc1b040000 - 0x00007ffc1b049000 	C:\windows\SYSTEM32\WSOCK32.dll
0x00007ffc30ff0000 - 0x00007ffc30ffa000 	C:\windows\SYSTEM32\VERSION.dll
0x00007ffc450a0000 - 0x00007ffc45111000 	C:\windows\System32\WS2_32.dll
0x00007ffc417f0000 - 0x00007ffc41803000 	C:\windows\SYSTEM32\UMPDC.dll
0x00007ffc41630000 - 0x00007ffc41648000 	C:\windows\SYSTEM32\kernel.appcore.dll
0x00007ffc1b990000 - 0x00007ffc1b99a000 	C:\Program Files\Android\Android Studio\jbr\bin\jimage.dll
0x00007ffc3f4a0000 - 0x00007ffc3f6d2000 	C:\windows\SYSTEM32\DBGHELP.DLL
0x00007ffc43360000 - 0x00007ffc436ed000 	C:\windows\System32\combase.dll
0x00007ffc438b0000 - 0x00007ffc43987000 	C:\windows\System32\OLEAUT32.dll
0x00007ffc12b10000 - 0x00007ffc12b42000 	C:\windows\SYSTEM32\dbgcore.DLL
0x00007ffc42fc0000 - 0x00007ffc4303b000 	C:\windows\System32\bcryptPrimitives.dll
0x00007ffc16eb0000 - 0x00007ffc16ebe000 	C:\Program Files\Android\Android Studio\jbr\bin\instrument.dll
0x00007ffbebb90000 - 0x00007ffbebbb5000 	C:\Program Files\Android\Android Studio\jbr\bin\java.dll
0x00007ffbfbc80000 - 0x00007ffbfbc98000 	C:\Program Files\Android\Android Studio\jbr\bin\zip.dll
0x00007ffc43cb0000 - 0x00007ffc44518000 	C:\windows\System32\SHELL32.dll
0x00007ffc40530000 - 0x00007ffc40e2e000 	C:\windows\SYSTEM32\windows.storage.dll
0x00007ffc403f0000 - 0x00007ffc4052f000 	C:\windows\SYSTEM32\wintypes.dll
0x00007ffc43260000 - 0x00007ffc43359000 	C:\windows\System32\SHCORE.dll
0x00007ffc44f20000 - 0x00007ffc44f7e000 	C:\windows\System32\shlwapi.dll
0x00007ffc42560000 - 0x00007ffc42581000 	C:\windows\SYSTEM32\profapi.dll
0x00007ffbfbb50000 - 0x00007ffbfbb69000 	C:\Program Files\Android\Android Studio\jbr\bin\net.dll
0x00007ffc3c160000 - 0x00007ffc3c296000 	C:\windows\SYSTEM32\WINHTTP.dll
0x00007ffc41b70000 - 0x00007ffc41bd9000 	C:\windows\system32\mswsock.dll
0x00007ffbfadc0000 - 0x00007ffbfadd6000 	C:\Program Files\Android\Android Studio\jbr\bin\nio.dll
0x00007ffc1b3f0000 - 0x00007ffc1b400000 	C:\Program Files\Android\Android Studio\jbr\bin\verify.dll
0x00007ffc06190000 - 0x00007ffc061b7000 	C:\Users\angel\.gradle\native\c067742578af261105cb4f569cf0c3c89f3d7b1fecec35dd04571415982c5e48\windows-amd64\native-platform.dll
0x00007ffbce260000 - 0x00007ffbce3a4000 	C:\Users\angel\.gradle\native\38dada09dfb8b06ba9b0570ebf7e218e3eb74d4ef43ca46872605cf95ebc2f47\windows-amd64\native-platform-file-events.dll
0x00007ffc19ea0000 - 0x00007ffc19ea9000 	C:\Program Files\Android\Android Studio\jbr\bin\management.dll
0x00007ffc19250000 - 0x00007ffc1925b000 	C:\Program Files\Android\Android Studio\jbr\bin\management_ext.dll
0x00007ffc43b10000 - 0x00007ffc43b18000 	C:\windows\System32\PSAPI.DLL
0x00007ffc41e60000 - 0x00007ffc41e7b000 	C:\windows\SYSTEM32\CRYPTSP.dll
0x00007ffc415e0000 - 0x00007ffc41615000 	C:\windows\system32\rsaenh.dll
0x00007ffc41c10000 - 0x00007ffc41c38000 	C:\windows\SYSTEM32\USERENV.dll
0x00007ffc41d70000 - 0x00007ffc41d7c000 	C:\windows\SYSTEM32\CRYPTBASE.dll
0x00007ffc41090000 - 0x00007ffc410bd000 	C:\windows\SYSTEM32\IPHLPAPI.DLL
0x00007ffc43b30000 - 0x00007ffc43b39000 	C:\windows\System32\NSI.dll
0x00007ffc3be90000 - 0x00007ffc3bea9000 	C:\windows\SYSTEM32\dhcpcsvc6.DLL
0x00007ffc3b490000 - 0x00007ffc3b4af000 	C:\windows\SYSTEM32\dhcpcsvc.DLL
0x00007ffc41100000 - 0x00007ffc411f8000 	C:\windows\SYSTEM32\DNSAPI.dll
0x00007ffc1a0b0000 - 0x00007ffc1a0b9000 	C:\Program Files\Android\Android Studio\jbr\bin\extnet.dll
0x00007ffc1b6a0000 - 0x00007ffc1b6a8000 	C:\windows\system32\wshunix.dll

dbghelp: loaded successfully - version: 4.0.5 - missing functions: none
symbol engine: initialized successfully - sym options: 0x614 - pdb path: .;C:\Program Files\Android\Android Studio\jbr\bin;C:\windows\SYSTEM32;C:\windows\WinSxS\amd64_microsoft.windows.common-controls_6595b64144ccf1df_6.0.22621.3672_none_2713b9d173822955;C:\Program Files\Android\Android Studio\jbr\bin\server;C:\Users\angel\.gradle\native\c067742578af261105cb4f569cf0c3c89f3d7b1fecec35dd04571415982c5e48\windows-amd64;C:\Users\angel\.gradle\native\38dada09dfb8b06ba9b0570ebf7e218e3eb74d4ef43ca46872605cf95ebc2f47\windows-amd64

VM Arguments:
jvm_args: --add-opens=java.base/java.util=ALL-UNNAMED --add-opens=java.base/java.lang=ALL-UNNAMED --add-opens=java.base/java.lang.invoke=ALL-UNNAMED --add-opens=java.prefs/java.util.prefs=ALL-UNNAMED --add-opens=java.base/java.nio.charset=ALL-UNNAMED --add-opens=java.base/java.net=ALL-UNNAMED --add-opens=java.base/java.util.concurrent.atomic=ALL-UNNAMED -Xmx2048m -Dfile.encoding=UTF-8 -Duser.country=SV -Duser.language=es -Duser.variant -javaagent:C:\Users\angel\.gradle\wrapper\dists\gradle-8.7-bin\bhs2wmbdwecv87pi65oeuq5iu\gradle-8.7\lib\agents\gradle-instrumentation-agent-8.7.jar 
java_command: org.gradle.launcher.daemon.bootstrap.GradleDaemon 8.7
java_class_path (initial): C:\Users\angel\.gradle\wrapper\dists\gradle-8.7-bin\bhs2wmbdwecv87pi65oeuq5iu\gradle-8.7\lib\gradle-launcher-8.7.jar
Launcher Type: SUN_STANDARD

[Global flags]
     intx CICompilerCount                          = 4                                         {product} {ergonomic}
     uint ConcGCThreads                            = 2                                         {product} {ergonomic}
     uint G1ConcRefinementThreads                  = 9                                         {product} {ergonomic}
   size_t G1HeapRegionSize                         = 1048576                                   {product} {ergonomic}
    uintx GCDrainStackTargetSize                   = 64                                        {product} {ergonomic}
   size_t InitialHeapSize                          = 130023424                                 {product} {ergonomic}
   size_t MarkStackSize                            = 4194304                                   {product} {ergonomic}
   size_t MaxHeapSize                              = 2147483648                                {product} {command line}
   size_t MaxNewSize                               = 1287651328                                {product} {ergonomic}
   size_t MinHeapDeltaBytes                        = 1048576                                   {product} {ergonomic}
   size_t MinHeapSize                              = 8388608                                   {product} {ergonomic}
    uintx NonNMethodCodeHeapSize                   = 5839372                                {pd product} {ergonomic}
    uintx NonProfiledCodeHeapSize                  = 122909434                              {pd product} {ergonomic}
    uintx ProfiledCodeHeapSize                     = 122909434                              {pd product} {ergonomic}
    uintx ReservedCodeCacheSize                    = 251658240                              {pd product} {ergonomic}
     bool SegmentedCodeCache                       = true                                      {product} {ergonomic}
   size_t SoftMaxHeapSize                          = 2147483648                             {manageable} {ergonomic}
     bool UseCompressedClassPointers               = true                           {product lp64_product} {ergonomic}
     bool UseCompressedOops                        = true                           {product lp64_product} {ergonomic}
     bool UseG1GC                                  = true                                      {product} {ergonomic}
     bool UseLargePagesIndividualAllocation        = false                                  {pd product} {ergonomic}

Logging:
Log output configuration:
 #0: stdout all=warning uptime,level,tags
 #1: stderr all=off uptime,level,tags

Environment Variables:
PATH=C:\Program Files (x86)\Common Files\Oracle\Java\java8path;C:\Program Files (x86)\Common Files\Oracle\Java\javapath;C:\oracle\dbhomeXE\bin;C:\app\angel\product\21c\dbhomeXE\bin;C:\windows\system32;C:\windows;C:\windows\System32\Wbem;C:\windows\System32\WindowsPowerShell\v1.0\;C:\windows\System32\OpenSSH\;C:\Program Files\dotnet\;C:\Program Files (x86)\Microsoft SQL Server\160\Tools\Binn\;C:\Program Files\Microsoft SQL Server\160\Tools\Binn\;C:\Program Files\Microsoft SQL Server\Client SDK\ODBC\170\Tools\Binn\;C:\Program Files\Microsoft SQL Server\160\DTS\Binn\;C:\Program Files (x86)\Microsoft SQL Server\160\DTS\Binn\;C:\Program Files\Azure Data Studio\bin;C:\Program Files\HP\HP One Agent;C:\Program Files\Git\cmd;C:\Users\angel\AppData\Local\Microsoft\WindowsApps;;C:\Users\angel\AppData\Local\Programs\Microsoft VS Code\bin;C:\Users\angel\.dotnet\tools;C:\Program Files\Azure Data Studio\bin
USERNAME=angel
OS=Windows_NT
PROCESSOR_IDENTIFIER=Intel64 Family 6 Model 154 Stepping 4, GenuineIntel
TMP=C:\Users\angel\AppData\Local\Temp
TEMP=C:\Users\angel\AppData\Local\Temp



Periodic native trim disabled

JNI global refs:
JNI global refs: 26, weak refs: 0

JNI global refs memory usage: 843, weak refs: 841

OOME stack traces (most recent first):
Classloader memory used:
Loader org.gradle.internal.classloader.VisitableURLClassLoader                         : 5971K
Loader bootstrap                                                                       : 2514K
Loader org.gradle.initialization.MixInLegacyTypesClassLoader                           : 1137K
Loader org.gradle.internal.classloader.VisitableURLClassLoader                         : 117K
Loader org.gradle.internal.classloader.VisitableURLClassLoader$InstrumentingVisitableURLClassLoader: 90789B
Loader jdk.internal.loader.ClassLoaders$PlatformClassLoader                            : 67933B
Loader jdk.internal.jrtfs.JrtFileSystemProvider$JrtFsLoader                            : 38532B
Loader jdk.internal.reflect.DelegatingClassLoader                                      : 34701B
Loader jdk.internal.loader.ClassLoaders$AppClassLoader                                 : 28771B
Loader org.gradle.groovy.scripts.internal.DefaultScriptCompilationHandler$ScriptClassLoader: 10932B
Loader org.codehaus.groovy.runtime.callsite.CallSiteClassLoader                        : 5853B

Classes loaded by more than one classloader:
Class org.gradle.internal.Cast                                                        : loaded 3 times (x 69B)
Class Program                                                                         : loaded 3 times (x 70B)
Class org.gradle.api.GradleException                                                  : loaded 3 times (x 80B)
Class org.gradle.internal.classpath.ClassPath                                         : loaded 2 times (x 68B)
Class org.gradle.api.internal.classpath.DefaultModuleRegistry                         : loaded 2 times (x 84B)
Class org.gradle.internal.exceptions.NonGradleCauseExceptionsHolder                   : loaded 2 times (x 68B)
Class Settings_gradle$1$1                                                             : loaded 2 times (x 72B)
Class jdk.internal.jimage.BasicImageReader$1                                          : loaded 2 times (x 75B)
Class org.gradle.api.Action                                                           : loaded 2 times (x 68B)
Class org.jetbrains.kotlin.idea.gradleTooling.model.samWithReceiver.SamWithReceiverModel: loaded 2 times (x 68B)
Class org.jetbrains.plugins.gradle.model.ExternalProject                              : loaded 2 times (x 68B)
Class org.jetbrains.plugins.gradle.model.IntelliJSettings                             : loaded 2 times (x 68B)
Class jdk.internal.jimage.ImageBufferCache$1                                          : loaded 2 times (x 78B)
Class jdk.internal.jimage.ImageBufferCache$2                                          : loaded 2 times (x 89B)
Class org.jetbrains.kotlin.idea.gradleTooling.KotlinMPPGradleModel                    : loaded 2 times (x 68B)
Class org.gradle.api.internal.DefaultClassPathProvider                                : loaded 2 times (x 74B)
Class org.gradle.internal.installation.GradleInstallation$1                           : loaded 2 times (x 73B)
Class jdk.internal.jrtfs.SystemImage$1                                                : loaded 2 times (x 76B)
Class jdk.internal.jrtfs.SystemImage$2                                                : loaded 2 times (x 74B)
Class org.gradle.internal.exceptions.DefaultMultiCauseException                       : loaded 2 times (x 93B)
Class org.gradle.tooling.model.UnsupportedMethodException                             : loaded 2 times (x 80B)
Class org.gradle.internal.time.MonotonicClock                                         : loaded 2 times (x 75B)
Class org.gradle.internal.classloader.FilteringClassLoader                            : loaded 2 times (x 103B)
Class jdk.internal.jimage.ImageReader$Resource                                        : loaded 2 times (x 82B)
Class jdk.internal.jrtfs.SystemImage                                                  : loaded 2 times (x 72B)
Class org.gradle.tooling.model.Model                                                  : loaded 2 times (x 68B)
Class org.gradle.internal.classpath.DefaultClassPath$ImmutableUniqueList$Builder      : loaded 2 times (x 73B)
Class org.jetbrains.kotlin.idea.gradleTooling.KotlinSourceSetContainer                : loaded 2 times (x 68B)
Class jdk.internal.jrtfs.JrtDirectoryStream$1                                         : loaded 2 times (x 81B)
Class org.gradle.internal.classloader.ClassLoaderVisitor                              : loaded 2 times (x 74B)
Class org.gradle.internal.time.DefaultCountdownTimer                                  : loaded 2 times (x 86B)
Class org.gradle.internal.service.DefaultServiceLocator                               : loaded 2 times (x 81B)
Class org.jetbrains.plugins.gradle.model.jar.JarTaskManifestConfiguration             : loaded 2 times (x 68B)
Class org.gradle.internal.service.UnknownServiceException                             : loaded 2 times (x 81B)
Class org.jetbrains.plugins.gradle.model.DependencyAccessorsModel                     : loaded 2 times (x 68B)
Class org.gradle.internal.classloader.DefaultClassLoaderFactory                       : loaded 2 times (x 80B)
Class jdk.internal.jimage.ImageReader$SharedImageReader                               : loaded 2 times (x 93B)
Class org.jetbrains.plugins.gradle.model.GradleExtensions                             : loaded 2 times (x 68B)
Class jdk.internal.jimage.decompressor.ZipDecompressorFactory                         : loaded 2 times (x 72B)
Class org.jetbrains.plugins.gradle.model.VersionCatalogsModel                         : loaded 2 times (x 68B)
Class sync_studio_tooling3_xy2hbywudpychf6jgokcj8ie$_run_closure1                     : loaded 2 times (x 137B)
Class org.gradle.internal.classloader.VisitableURLClassLoader$Spec                    : loaded 2 times (x 72B)
Class org.gradle.tooling.model.ProjectModel                                           : loaded 2 times (x 68B)
Class org.jetbrains.plugins.gradle.model.MavenRepositoryModel                         : loaded 2 times (x 68B)
Class org.gradle.tooling.internal.gradle.DefaultProjectIdentifier                     : loaded 2 times (x 84B)
Class org.gradle.util.GradleVersion                                                   : loaded 2 times (x 81B)
Class org.jetbrains.plugins.gradle.model.RepositoriesModel                            : loaded 2 times (x 68B)
Class kotlin.jvm.internal.markers.KMappedMarker                                       : loaded 2 times (x 68B)
Class org.gradle.api.internal.ClassPathProvider                                       : loaded 2 times (x 68B)
Class org.gradle.internal.classloader.ClasspathUtil$1                                 : loaded 2 times (x 74B)
Class org.gradle.internal.classloader.ClassLoaderFactory                              : loaded 2 times (x 68B)
Class jdk.internal.jimage.ImageHeader                                                 : loaded 2 times (x 69B)
Class org.gradle.api.internal.classpath.ManifestUtil                                  : loaded 2 times (x 69B)
Class org.gradle.api.specs.Spec                                                       : loaded 2 times (x 68B)
Class org.gradle.tooling.internal.gradle.GradleBuildIdentity                          : loaded 2 times (x 68B)
Class org.gradle.internal.IoActions                                                   : loaded 2 times (x 69B)
Class jdk.internal.jimage.decompressor.StringSharingDecompressorFactory               : loaded 2 times (x 72B)
Class org.gradle.api.internal.classpath.EffectiveClassPath                            : loaded 2 times (x 88B)
Class kotlin.jvm.internal.DefaultConstructorMarker                                    : loaded 2 times (x 69B)
Class org.gradle.internal.exceptions.ResolutionProvider                               : loaded 2 times (x 68B)
Class org.jetbrains.kotlin.idea.gradleTooling.model.annotation.AnnotationBasedPluginModel: loaded 2 times (x 68B)
Class org.jetbrains.kotlin.idea.gradleTooling.model.assignment.AssignmentModel        : loaded 2 times (x 68B)
Class org.gradle.internal.installation.CurrentGradleInstallation                      : loaded 2 times (x 71B)
Class org.gradle.internal.agents.InstrumentingClassLoader                             : loaded 2 times (x 68B)
Class org.gradle.internal.installation.CurrentGradleInstallationLocator               : loaded 2 times (x 69B)
Class org.gradle.api.internal.classpath.Module                                        : loaded 2 times (x 68B)
Class org.gradle.internal.service.CachingServiceLocator                               : loaded 2 times (x 80B)
Class org.gradle.internal.time.Timer                                                  : loaded 2 times (x 68B)
Class org.jetbrains.plugins.gradle.model.tests.ExternalTestsModel                     : loaded 2 times (x 68B)
Class org.jetbrains.kotlin.idea.gradleTooling.KotlinDslScriptAdditionalTask           : loaded 2 times (x 68B)
Class org.gradle.internal.classpath.DefaultClassPath                                  : loaded 2 times (x 88B)
Class ijInit1_b18p55t805masrf5pye3trfmr                                               : loaded 2 times (x 177B)
Class jdk.internal.jimage.BasicImageReader                                            : loaded 2 times (x 93B)
Class com.intellij.openapi.externalSystem.model.project.dependencies.ProjectDependencies: loaded 2 times (x 68B)
Class org.jetbrains.kotlin.idea.gradleTooling.PrepareKotlinIdeImportTaskModel         : loaded 2 times (x 68B)
Class jdk.internal.jimage.ImageLocation                                               : loaded 2 times (x 88B)
Class org.gradle.internal.impldep.com.google.common.base.Preconditions                : loaded 2 times (x 69B)
Class kotlin.jvm.functions.Function1                                                  : loaded 2 times (x 68B)
Class jdk.internal.jimage.ImageReader$Node                                            : loaded 2 times (x 82B)
Class org.gradle.internal.time.Time                                                   : loaded 2 times (x 69B)
Class jdk.internal.jimage.decompressor.CompressedResourceHeader                       : loaded 2 times (x 69B)
Class org.gradle.internal.time.TimeSource$1                                           : loaded 2 times (x 75B)
Class jdk.internal.jrtfs.JrtPath                                                      : loaded 2 times (x 116B)
Class jdk.internal.jimage.ImageStrings                                                : loaded 2 times (x 68B)
Class jdk.internal.jrtfs.JrtFileAttributes                                            : loaded 2 times (x 81B)
Class org.gradle.internal.classloader.SystemClassLoaderSpec                           : loaded 2 times (x 69B)
Class jdk.internal.jimage.decompressor.ResourceDecompressorRepository                 : loaded 2 times (x 69B)
Class kotlin.Function                                                                 : loaded 2 times (x 68B)
Class org.gradle.api.UncheckedIOException                                             : loaded 2 times (x 80B)
Class jdk.internal.jimage.decompressor.ResourceDecompressor$StringsProvider           : loaded 2 times (x 68B)
Class org.gradle.api.internal.classpath.ModuleRegistry                                : loaded 2 times (x 68B)
Class jdk.internal.jimage.decompressor.Decompressor                                   : loaded 2 times (x 70B)
Class jdk.internal.jrtfs.JrtFileSystem                                                : loaded 2 times (x 100B)
Class sync_studio_tooling3_xy2hbywudpychf6jgokcj8ie                                   : loaded 2 times (x 177B)
Class org.gradle.tooling.internal.gradle.GradleProjectIdentity                        : loaded 2 times (x 68B)
Class jdk.internal.jrtfs.JrtFileSystemProvider                                        : loaded 2 times (x 97B)
Class org.gradle.internal.time.CountdownTimer                                         : loaded 2 times (x 68B)
Class org.gradle.internal.time.Clock                                                  : loaded 2 times (x 68B)
Class org.gradle.internal.classloader.ClasspathUtil                                   : loaded 2 times (x 69B)
Class jdk.internal.jrtfs.JrtDirectoryStream                                           : loaded 2 times (x 87B)
Class org.gradle.tooling.model.BuildIdentifier                                        : loaded 2 times (x 68B)
Class jdk.internal.jimage.decompressor.ResourceDecompressor                           : loaded 2 times (x 68B)
Class org.gradle.api.internal.DefaultClassPathRegistry                                : loaded 2 times (x 74B)
Class org.gradle.api.internal.classpath.DefaultModuleRegistry$DefaultModule           : loaded 2 times (x 84B)
Class org.gradle.internal.time.TimeSource                                             : loaded 2 times (x 68B)
Class org.jetbrains.kotlin.android.synthetic.idea.AndroidExtensionsGradleModel        : loaded 2 times (x 68B)
Class org.gradle.api.internal.classpath.UnknownModuleException                        : loaded 2 times (x 80B)
Class org.jetbrains.plugins.gradle.model.IntelliJProjectSettings                      : loaded 2 times (x 68B)
Class org.gradle.internal.service.ServiceLookupException                              : loaded 2 times (x 80B)
Class jdk.internal.jimage.ImageStringsReader                                          : loaded 2 times (x 78B)
Class org.gradle.cache.GlobalCache                                                    : loaded 2 times (x 68B)
Class jdk.internal.jimage.decompressor.ResourceDecompressorFactory                    : loaded 2 times (x 72B)
Class org.jetbrains.kotlin.idea.gradleTooling.model.lombok.LombokModel                : loaded 2 times (x 68B)
Class org.gradle.tooling.model.ProjectIdentifier                                      : loaded 2 times (x 68B)
Class [Lorg.gradle.api.internal.ClassPathProvider;                                    : loaded 2 times (x 67B)
Class jdk.internal.jimage.ImageReader$SharedImageReader$LocationVisitor               : loaded 2 times (x 68B)
Class org.gradle.internal.operations.MultipleBuildOperationFailures                   : loaded 2 times (x 93B)
Class org.gradle.util.internal.GUtil                                                  : loaded 2 times (x 69B)
Class jdk.internal.jimage.decompressor.ZipDecompressor                                : loaded 2 times (x 73B)
Class org.jetbrains.plugins.gradle.model.AnnotationProcessingModel                    : loaded 2 times (x 68B)
Class org.gradle.internal.classloader.ClassLoaderSpec                                 : loaded 2 times (x 69B)
Class org.gradle.internal.classloader.VisitableURLClassLoader                         : loaded 2 times (x 115B)
Class org.gradle.internal.installation.GradleInstallation                             : loaded 2 times (x 73B)
Class org.gradle.api.internal.ClassPathRegistry                                       : loaded 2 times (x 68B)
Class org.gradle.internal.classloader.VisitableURLClassLoader$InstrumentingVisitableURLClassLoader: loaded 2 times (x 121B)
Class org.gradle.internal.classloader.ClassLoaderHierarchy                            : loaded 2 times (x 68B)
Class org.gradle.internal.exceptions.MultiCauseException                              : loaded 2 times (x 68B)
Class jdk.internal.jimage.ImageReader                                                 : loaded 2 times (x 73B)
Class org.jetbrains.kotlin.idea.gradleTooling.model.parcelize.ParcelizeGradleModel    : loaded 2 times (x 68B)
Class org.gradle.internal.InternalTransformer                                         : loaded 2 times (x 68B)
Class org.jetbrains.kotlin.idea.gradleTooling.model.noarg.NoArgModel                  : loaded 2 times (x 68B)
Class org.jetbrains.kotlin.idea.gradleTooling.KotlinGradleModel                       : loaded 2 times (x 68B)
Class org.gradle.tooling.internal.gradle.DefaultBuildIdentifier                       : loaded 2 times (x 77B)
Class org.gradle.internal.service.ServiceLocator                                      : loaded 2 times (x 68B)
Class Settings_gradle$1                                                               : loaded 2 times (x 72B)
Class org.jetbrains.kotlin.idea.gradleTooling.model.allopen.AllOpenModel              : loaded 2 times (x 68B)
Class org.gradle.internal.classpath.DefaultClassPath$ImmutableUniqueList              : loaded 2 times (x 159B)
Class jdk.internal.jimage.ImageBufferCache                                            : loaded 2 times (x 69B)
Class org.gradle.internal.time.DefaultTimer                                           : loaded 2 times (x 78B)
Class org.gradle.internal.classpath.TransformedClassPath                              : loaded 2 times (x 94B)
Class Settings_gradle                                                                 : loaded 2 times (x 126B)
Class jdk.internal.jimage.ImageReader$Directory                                       : loaded 2 times (x 82B)


---------------  S Y S T E M  ---------------

OS:
 Windows 11 , 64 bit Build 22621 (10.0.22621.3958)
OS uptime: 5 days 3:55 hours
Hyper-V role detected

CPU: total 12 (initial active 10) (6 cores per cpu, 2 threads per core) family 6 model 154 stepping 4 microcode 0x432, cx8, cmov, fxsr, ht, mmx, 3dnowpref, sse, sse2, sse3, ssse3, sse4.1, sse4.2, popcnt, lzcnt, tsc, tscinvbit, avx, avx2, aes, erms, clmul, bmi1, bmi2, adx, sha, fma, vzeroupper, clflush, clflushopt, clwb, hv
Processor Information for processor 0
  Max Mhz: 1100, Current Mhz: 1100, Mhz Limit: 1100
Processor Information for processor 1
  Max Mhz: 1100, Current Mhz: 1100, Mhz Limit: 1100
Processor Information for processor 2
  Max Mhz: 1100, Current Mhz: 1100, Mhz Limit: 1100
Processor Information for processor 3
  Max Mhz: 1100, Current Mhz: 1100, Mhz Limit: 1100
Processor Information for processor 4
  Max Mhz: 1100, Current Mhz: 800, Mhz Limit: 792
Processor Information for processor 5
  Max Mhz: 1100, Current Mhz: 800, Mhz Limit: 792
Processor Information for processor 6
  Max Mhz: 1100, Current Mhz: 800, Mhz Limit: 792
Processor Information for processor 7
  Max Mhz: 1100, Current Mhz: 800, Mhz Limit: 792
Processor Information for processor 8
  Max Mhz: 1100, Current Mhz: 800, Mhz Limit: 792
Processor Information for processor 9
  Max Mhz: 1100, Current Mhz: 800, Mhz Limit: 792
Processor Information for processor 10
  Max Mhz: 1100, Current Mhz: 800, Mhz Limit: 792
Processor Information for processor 11
  Max Mhz: 1100, Current Mhz: 800, Mhz Limit: 792

Memory: 4k page, system-wide physical 7885M (591M free)
TotalPageFile size 17885M (AvailPageFile size 71M)
current process WorkingSet (physical memory assigned to process): 364M, peak: 371M
current process commit charge ("private bytes"): 399M, peak: 623M

vm_info: OpenJDK 64-Bit Server VM (17.0.10+0--11609105) for windows-amd64 JRE (17.0.10+0--11609105), built on Mar 21 2024 19:10:56 by "androidbuild" with MS VC++ 16.10 / 16.11 (VS2019)

END.
