#
# There is insufficient memory for the Java Runtime Environment to continue.
# Native memory allocation (mmap) failed to map 177209344 bytes for G1 virtual space
# Possible reasons:
#   The system is out of physical RAM or swap space
#   The process is running with CompressedOops enabled, and the Java Heap may be blocking the growth of the native heap
# Possible solutions:
#   Reduce memory load on the system
#   Increase physical memory or swap space
#   Check if swap backing store is full
#   Decrease Java heap size (-Xmx/-Xms)
#   Decrease number of Java threads
#   Decrease Java thread stack sizes (-Xss)
#   Set larger code cache with -XX:ReservedCodeCacheSize=
#   JVM is running with Unscaled Compressed Oops mode in which the Java heap is
#     placed in the first 4GB address space. The Java Heap base address is the
#     maximum limit for the native heap growth. Please use -XX:HeapBaseMinAddress
#     to set the Java Heap base and to place the Java Heap above 4GB virtual address.
# This output file may be truncated or incomplete.
#
#  Out of Memory Error (os_windows.cpp:3825), pid=28480, tid=6032
#
# JRE version: OpenJDK Runtime Environment (17.0.10) (build 17.0.10+0--11609105)
# Java VM: OpenJDK 64-Bit Server VM (17.0.10+0--11609105, mixed mode, tiered, compressed oops, compressed class ptrs, g1 gc, windows-amd64)
# No core dump will be written. Minidumps are not enabled by default on client versions of Windows
#

---------------  S U M M A R Y ------------

Command Line: org.jetbrains.kotlin.cli.jvm.K2JVMCompiler @C:\Users\angel\OneDrive\Escritorio\DilloSports\app\build\20240912_14783159504380718541.compiler.options

Host: 12th Gen Intel(R) Core(TM) i7-1250U, 12 cores, 7G,  Windows 11 , 64 bit Build 22621 (10.0.22621.3958)
Time: Thu Sep 12 22:34:37 2024 Hora estándar, América Central elapsed time: 30.903214 seconds (0d 0h 0m 30s)

---------------  T H R E A D  ---------------

Current thread (0x000002163e765f00):  VMThread "VM Thread" [stack: 0x000000d889c00000,0x000000d889d00000] [id=6032]

Stack: [0x000000d889c00000,0x000000d889d00000]
Native frames: (J=compiled Java code, j=interpreted, Vv=VM code, C=native code)
V  [jvm.dll+0x688de9]
V  [jvm.dll+0x8423da]
V  [jvm.dll+0x84401e]
V  [jvm.dll+0x844683]
V  [jvm.dll+0x24be0f]
V  [jvm.dll+0x685bb9]
V  [jvm.dll+0x67a46a]
V  [jvm.dll+0x30cbab]
V  [jvm.dll+0x314056]
V  [jvm.dll+0x363dce]
V  [jvm.dll+0x363fff]
V  [jvm.dll+0x2e2978]
V  [jvm.dll+0x2e0b54]
V  [jvm.dll+0x2e015c]
V  [jvm.dll+0x32502b]
V  [jvm.dll+0x848d7b]
V  [jvm.dll+0x849ac1]
V  [jvm.dll+0x849fdd]
V  [jvm.dll+0x84a3b4]
V  [jvm.dll+0x84a480]
V  [jvm.dll+0x7f0c7a]
V  [jvm.dll+0x687c65]
C  [ucrtbase.dll+0x29333]
C  [KERNEL32.DLL+0x1257d]
C  [ntdll.dll+0x5af28]

VM_Operation (0x000000d8896fce80): G1CollectForAllocation, mode: safepoint, requested by thread 0x000002162476c140


---------------  P R O C E S S  ---------------

Threads class SMR info:
_java_thread_list=0x0000021643489860, length=14, elements={
0x000002162476c140, 0x000002163e76e2e0, 0x000002163e8a0a30, 0x000002163e8fa5f0,
0x000002163e8d3c40, 0x000002163e8d4d70, 0x000002163e8f02c0, 0x000002163e8f14d0,
0x000002163e8f2970, 0x000002163e8f3f20, 0x000002163ea624a0, 0x000002163ea85a50,
0x000002163ea281a0, 0x0000021644edd630
}

Java Threads: ( => current thread )
  0x000002162476c140 JavaThread "main" [_thread_blocked, id=4496, stack(0x000000d889600000,0x000000d889700000)]
  0x000002163e76e2e0 JavaThread "Reference Handler" daemon [_thread_blocked, id=21104, stack(0x000000d889d00000,0x000000d889e00000)]
  0x000002163e8a0a30 JavaThread "Finalizer" daemon [_thread_blocked, id=3008, stack(0x000000d889e00000,0x000000d889f00000)]
  0x000002163e8fa5f0 JavaThread "Signal Dispatcher" daemon [_thread_blocked, id=2224, stack(0x000000d889f00000,0x000000d88a000000)]
  0x000002163e8d3c40 JavaThread "Attach Listener" daemon [_thread_blocked, id=36824, stack(0x000000d88a000000,0x000000d88a100000)]
  0x000002163e8d4d70 JavaThread "Service Thread" daemon [_thread_blocked, id=12252, stack(0x000000d88a100000,0x000000d88a200000)]
  0x000002163e8f02c0 JavaThread "Monitor Deflation Thread" daemon [_thread_blocked, id=33544, stack(0x000000d88a200000,0x000000d88a300000)]
  0x000002163e8f14d0 JavaThread "C2 CompilerThread0" daemon [_thread_blocked, id=20600, stack(0x000000d88a300000,0x000000d88a400000)]
  0x000002163e8f2970 JavaThread "C1 CompilerThread0" daemon [_thread_blocked, id=12124, stack(0x000000d88a400000,0x000000d88a500000)]
  0x000002163e8f3f20 JavaThread "Sweeper thread" daemon [_thread_blocked, id=7828, stack(0x000000d88a500000,0x000000d88a600000)]
  0x000002163ea624a0 JavaThread "Notification Thread" daemon [_thread_blocked, id=25000, stack(0x000000d88a600000,0x000000d88a700000)]
  0x000002163ea85a50 JavaThread "Common-Cleaner" daemon [_thread_blocked, id=7580, stack(0x000000d88a800000,0x000000d88a900000)]
  0x000002163ea281a0 JavaThread "C2 CompilerThread1" daemon [_thread_blocked, id=23176, stack(0x000000d88b400000,0x000000d88b500000)]
  0x0000021644edd630 JavaThread "C2 CompilerThread2" daemon [_thread_blocked, id=10752, stack(0x000000d88b500000,0x000000d88b600000)]

Other Threads:
=>0x000002163e765f00 VMThread "VM Thread" [stack: 0x000000d889c00000,0x000000d889d00000] [id=6032]
  0x000002163ea74ed0 WatcherThread [stack: 0x000000d88a700000,0x000000d88a800000] [id=33624]
  0x00000216247c5cf0 GCTaskThread "GC Thread#0" [stack: 0x000000d889700000,0x000000d889800000] [id=29860]
  0x00000216432ba7b0 GCTaskThread "GC Thread#1" [stack: 0x000000d88a900000,0x000000d88aa00000] [id=25748]
  0x00000216433f31a0 GCTaskThread "GC Thread#2" [stack: 0x000000d88aa00000,0x000000d88ab00000] [id=25476]
  0x00000216433f3460 GCTaskThread "GC Thread#3" [stack: 0x000000d88ab00000,0x000000d88ac00000] [id=18100]
  0x00000216433f3720 GCTaskThread "GC Thread#4" [stack: 0x000000d88ac00000,0x000000d88ad00000] [id=22568]
  0x0000021643ab1040 GCTaskThread "GC Thread#5" [stack: 0x000000d88ad00000,0x000000d88ae00000] [id=33296]
  0x0000021643b78030 GCTaskThread "GC Thread#6" [stack: 0x000000d88ae00000,0x000000d88af00000] [id=10812]
  0x00000216437f8050 GCTaskThread "GC Thread#7" [stack: 0x000000d88af00000,0x000000d88b000000] [id=14964]
  0x00000216437f8310 GCTaskThread "GC Thread#8" [stack: 0x000000d88b000000,0x000000d88b100000] [id=30872]
  0x0000021643ec4220 GCTaskThread "GC Thread#9" [stack: 0x000000d88b300000,0x000000d88b400000] [id=33140]
  0x00000216247d62c0 ConcurrentGCThread "G1 Main Marker" [stack: 0x000000d889800000,0x000000d889900000] [id=22436]
  0x00000216247d6ce0 ConcurrentGCThread "G1 Conc#0" [stack: 0x000000d889900000,0x000000d889a00000] [id=34528]
  0x0000021643afabd0 ConcurrentGCThread "G1 Conc#1" [stack: 0x000000d88b100000,0x000000d88b200000] [id=29008]
  0x0000021643ac8360 ConcurrentGCThread "G1 Conc#2" [stack: 0x000000d88b200000,0x000000d88b300000] [id=35636]
  0x000002162481ec30 ConcurrentGCThread "G1 Refine#0" [stack: 0x000000d889a00000,0x000000d889b00000] [id=6232]
  0x00000216471aa840 ConcurrentGCThread "G1 Refine#1" [stack: 0x000000d88b600000,0x000000d88b700000] [id=31880]
  0x0000021645363b00 ConcurrentGCThread "G1 Refine#2" [stack: 0x000000d88b700000,0x000000d88b800000] [id=25324]
  0x00000216453649b0 ConcurrentGCThread "G1 Refine#3" [stack: 0x000000d88b800000,0x000000d88b900000] [id=20188]
  0x0000021645363810 ConcurrentGCThread "G1 Refine#4" [stack: 0x000000d88b900000,0x000000d88ba00000] [id=35240]
  0x00000216453617c0 ConcurrentGCThread "G1 Refine#5" [stack: 0x000000d88ba00000,0x000000d88bb00000] [id=10244]
  0x0000021645362090 ConcurrentGCThread "G1 Refine#6" [stack: 0x000000d88bb00000,0x000000d88bc00000] [id=4304]
  0x0000021645362960 ConcurrentGCThread "G1 Refine#7" [stack: 0x000000d88bc00000,0x000000d88bd00000] [id=13576]
  0x0000021645363520 ConcurrentGCThread "G1 Refine#8" [stack: 0x000000d88bd00000,0x000000d88be00000] [id=10420]
  0x000002163e5aa840 ConcurrentGCThread "G1 Service" [stack: 0x000000d889b00000,0x000000d889c00000] [id=31756]

Threads with active compile tasks:
C2 CompilerThread0    30921 15569       4       org.jetbrains.kotlin.resolve.calls.inference.components.NewTypeSubstitutor::substituteParametrizedType (441 bytes)
C1 CompilerThread0    30921 15634       3       org.jetbrains.kotlin.backend.jvm.lower.JvmMultiFieldValueClassLowering::visitParameter (279 bytes)
C2 CompilerThread1    30921 15635       4       org.jetbrains.kotlin.backend.jvm.MfvcNodeKt::needsMfvcFlattening (147 bytes)
C2 CompilerThread2    30921 15576       4       org.jetbrains.kotlin.resolve.calls.inference.components.NewTypeSubstitutor::substitute (1067 bytes)

VM state: at safepoint (normal execution)

VM Mutex/Monitor currently owned by a thread:  ([mutex/lock_event])
[0x0000021624765c10] Threads_lock - owner thread: 0x000002163e765f00
[0x0000021624767320] Heap_lock - owner thread: 0x000002162476c140

Heap address: 0x0000000084c00000, size: 1972 MB, Compressed Oops mode: 32-bit

CDS archive(s) not mapped
Compressed class space mapped at: 0x0000000100000000-0x0000000140000000, reserved size: 1073741824
Narrow klass base: 0x0000000000000000, Narrow klass shift: 3, Narrow klass range: 0x140000000

GC Precious Log:
 CPUs: 12 total, 12 available
 Memory: 7885M
 Large Page Support: Disabled
 NUMA Support: Disabled
 Compressed Oops: Enabled (32-bit)
 Heap Region Size: 1M
 Heap Min Capacity: 8M
 Heap Initial Capacity: 124M
 Heap Max Capacity: 1972M
 Pre-touch: Disabled
 Parallel Workers: 10
 Concurrent Workers: 3
 Concurrent Refinement Workers: 10
 Periodic GC: Disabled

Heap:
 garbage-first heap   total 195584K, used 118127K [0x0000000084c00000, 0x0000000100000000)
  region size 1024K, 6 young (6144K), 6 survivors (6144K)
 Metaspace       used 78741K, committed 79040K, reserved 1179648K
  class space    used 8553K, committed 8704K, reserved 1048576K

Heap Regions: E=young(eden), S=young(survivor), O=old, HS=humongous(starts), HC=humongous(continues), CS=collection set, F=free, OA=open archive, CA=closed archive, TAMS=top-at-mark-start (previous, next)
|   0|0x0000000084c00000, 0x0000000084d00000, 0x0000000084d00000|100%|HS|  |TAMS 0x0000000084d00000, 0x0000000084c00000| Complete 
|   1|0x0000000084d00000, 0x0000000084e00000, 0x0000000084e00000|100%|HC|  |TAMS 0x0000000084e00000, 0x0000000084d00000| Complete 
|   2|0x0000000084e00000, 0x0000000084f00000, 0x0000000084f00000|100%|HC|  |TAMS 0x0000000084f00000, 0x0000000084e00000| Complete 
|   3|0x0000000084f00000, 0x0000000085000000, 0x0000000085000000|100%|HC|  |TAMS 0x0000000085000000, 0x0000000084f00000| Complete 
|   4|0x0000000085000000, 0x0000000085100000, 0x0000000085100000|100%| O|  |TAMS 0x0000000085100000, 0x0000000085000000| Untracked 
|   5|0x0000000085100000, 0x0000000085200000, 0x0000000085200000|100%| O|  |TAMS 0x0000000085200000, 0x0000000085100000| Untracked 
|   6|0x0000000085200000, 0x0000000085300000, 0x0000000085300000|100%| O|  |TAMS 0x0000000085300000, 0x0000000085200000| Untracked 
|   7|0x0000000085300000, 0x0000000085400000, 0x0000000085400000|100%| O|  |TAMS 0x0000000085400000, 0x0000000085300000| Untracked 
|   8|0x0000000085400000, 0x0000000085500000, 0x0000000085500000|100%| O|  |TAMS 0x0000000085400000, 0x0000000085400000| Untracked 
|   9|0x0000000085500000, 0x0000000085600000, 0x0000000085600000|100%| O|  |TAMS 0x0000000085600000, 0x0000000085500000| Untracked 
|  10|0x0000000085600000, 0x0000000085700000, 0x0000000085700000|100%| O|  |TAMS 0x0000000085700000, 0x0000000085600000| Untracked 
|  11|0x0000000085700000, 0x0000000085800000, 0x0000000085800000|100%| O|  |TAMS 0x0000000085800000, 0x0000000085700000| Untracked 
|  12|0x0000000085800000, 0x0000000085900000, 0x0000000085900000|100%| O|  |TAMS 0x0000000085900000, 0x0000000085800000| Untracked 
|  13|0x0000000085900000, 0x0000000085a00000, 0x0000000085a00000|100%| O|  |TAMS 0x0000000085a00000, 0x0000000085900000| Untracked 
|  14|0x0000000085a00000, 0x0000000085b00000, 0x0000000085b00000|100%| O|  |TAMS 0x0000000085b00000, 0x0000000085a00000| Untracked 
|  15|0x0000000085b00000, 0x0000000085c00000, 0x0000000085c00000|100%| O|  |TAMS 0x0000000085c00000, 0x0000000085b00000| Untracked 
|  16|0x0000000085c00000, 0x0000000085d00000, 0x0000000085d00000|100%| O|  |TAMS 0x0000000085d00000, 0x0000000085c00000| Untracked 
|  17|0x0000000085d00000, 0x0000000085e00000, 0x0000000085e00000|100%| O|  |TAMS 0x0000000085e00000, 0x0000000085d00000| Untracked 
|  18|0x0000000085e00000, 0x0000000085f00000, 0x0000000085f00000|100%| O|  |TAMS 0x0000000085f00000, 0x0000000085e00000| Untracked 
|  19|0x0000000085f00000, 0x0000000086000000, 0x0000000086000000|100%| O|  |TAMS 0x0000000086000000, 0x0000000085f00000| Untracked 
|  20|0x0000000086000000, 0x0000000086100000, 0x0000000086100000|100%| O|  |TAMS 0x0000000086100000, 0x0000000086000000| Untracked 
|  21|0x0000000086100000, 0x0000000086200000, 0x0000000086200000|100%|HS|  |TAMS 0x0000000086200000, 0x0000000086100000| Complete 
|  22|0x0000000086200000, 0x0000000086300000, 0x0000000086300000|100%|HC|  |TAMS 0x0000000086300000, 0x0000000086200000| Complete 
|  23|0x0000000086300000, 0x0000000086400000, 0x0000000086400000|100%| O|  |TAMS 0x0000000086400000, 0x0000000086300000| Untracked 
|  24|0x0000000086400000, 0x0000000086500000, 0x0000000086500000|100%| O|  |TAMS 0x0000000086500000, 0x0000000086400000| Untracked 
|  25|0x0000000086500000, 0x0000000086600000, 0x0000000086600000|100%| O|  |TAMS 0x0000000086600000, 0x0000000086500000| Untracked 
|  26|0x0000000086600000, 0x0000000086700000, 0x0000000086700000|100%| O|  |TAMS 0x0000000086700000, 0x0000000086600000| Untracked 
|  27|0x0000000086700000, 0x0000000086800000, 0x0000000086800000|100%| O|  |TAMS 0x0000000086800000, 0x0000000086700000| Untracked 
|  28|0x0000000086800000, 0x0000000086900000, 0x0000000086900000|100%| O|  |TAMS 0x0000000086900000, 0x0000000086800000| Untracked 
|  29|0x0000000086900000, 0x0000000086a00000, 0x0000000086a00000|100%| O|  |TAMS 0x0000000086a00000, 0x0000000086900000| Untracked 
|  30|0x0000000086a00000, 0x0000000086b00000, 0x0000000086b00000|100%| O|  |TAMS 0x0000000086b00000, 0x0000000086a00000| Untracked 
|  31|0x0000000086b00000, 0x0000000086c00000, 0x0000000086c00000|100%| O|  |TAMS 0x0000000086c00000, 0x0000000086b00000| Untracked 
|  32|0x0000000086c00000, 0x0000000086d00000, 0x0000000086d00000|100%| O|  |TAMS 0x0000000086d00000, 0x0000000086c00000| Untracked 
|  33|0x0000000086d00000, 0x0000000086e00000, 0x0000000086e00000|100%| O|  |TAMS 0x0000000086e00000, 0x0000000086d00000| Untracked 
|  34|0x0000000086e00000, 0x0000000086f00000, 0x0000000086f00000|100%| O|  |TAMS 0x0000000086f00000, 0x0000000086e00000| Untracked 
|  35|0x0000000086f00000, 0x0000000087000000, 0x0000000087000000|100%| O|  |TAMS 0x0000000087000000, 0x0000000086f00000| Untracked 
|  36|0x0000000087000000, 0x0000000087100000, 0x0000000087100000|100%| O|  |TAMS 0x0000000087100000, 0x0000000087000000| Untracked 
|  37|0x0000000087100000, 0x0000000087200000, 0x0000000087200000|100%| O|  |TAMS 0x0000000087200000, 0x0000000087100000| Untracked 
|  38|0x0000000087200000, 0x0000000087300000, 0x0000000087300000|100%| O|  |TAMS 0x0000000087300000, 0x0000000087200000| Untracked 
|  39|0x0000000087300000, 0x0000000087400000, 0x0000000087400000|100%| O|  |TAMS 0x0000000087400000, 0x0000000087300000| Untracked 
|  40|0x0000000087400000, 0x0000000087500000, 0x0000000087500000|100%| O|  |TAMS 0x0000000087500000, 0x0000000087400000| Untracked 
|  41|0x0000000087500000, 0x0000000087600000, 0x0000000087600000|100%| O|  |TAMS 0x0000000087600000, 0x0000000087500000| Untracked 
|  42|0x0000000087600000, 0x0000000087700000, 0x0000000087700000|100%| O|  |TAMS 0x0000000087700000, 0x0000000087600000| Untracked 
|  43|0x0000000087700000, 0x0000000087800000, 0x0000000087800000|100%| O|  |TAMS 0x0000000087800000, 0x0000000087700000| Untracked 
|  44|0x0000000087800000, 0x0000000087900000, 0x0000000087900000|100%| O|  |TAMS 0x0000000087900000, 0x0000000087800000| Untracked 
|  45|0x0000000087900000, 0x0000000087a00000, 0x0000000087a00000|100%| O|  |TAMS 0x0000000087a00000, 0x0000000087900000| Untracked 
|  46|0x0000000087a00000, 0x0000000087b00000, 0x0000000087b00000|100%| O|  |TAMS 0x0000000087b00000, 0x0000000087a00000| Untracked 
|  47|0x0000000087b00000, 0x0000000087c00000, 0x0000000087c00000|100%| O|  |TAMS 0x0000000087c00000, 0x0000000087b00000| Untracked 
|  48|0x0000000087c00000, 0x0000000087d00000, 0x0000000087d00000|100%| O|  |TAMS 0x0000000087c00000, 0x0000000087c00000| Untracked 
|  49|0x0000000087d00000, 0x0000000087e00000, 0x0000000087e00000|100%| O|  |TAMS 0x0000000087d00000, 0x0000000087d00000| Untracked 
|  50|0x0000000087e00000, 0x0000000087f00000, 0x0000000087f00000|100%| O|  |TAMS 0x0000000087e00000, 0x0000000087e00000| Untracked 
|  51|0x0000000087f00000, 0x0000000088000000, 0x0000000088000000|100%| O|  |TAMS 0x0000000087f00000, 0x0000000087f00000| Untracked 
|  52|0x0000000088000000, 0x0000000088100000, 0x0000000088100000|100%|HS|  |TAMS 0x0000000088000000, 0x0000000088000000| Complete 
|  53|0x0000000088100000, 0x0000000088200000, 0x0000000088200000|100%|HC|  |TAMS 0x0000000088100000, 0x0000000088100000| Complete 
|  54|0x0000000088200000, 0x0000000088300000, 0x0000000088300000|100%| O|  |TAMS 0x0000000088200000, 0x0000000088200000| Untracked 
|  55|0x0000000088300000, 0x0000000088400000, 0x0000000088400000|100%| O|  |TAMS 0x0000000088300000, 0x0000000088300000| Untracked 
|  56|0x0000000088400000, 0x0000000088500000, 0x0000000088500000|100%| O|  |TAMS 0x0000000088400000, 0x0000000088400000| Untracked 
|  57|0x0000000088500000, 0x0000000088600000, 0x0000000088600000|100%| O|  |TAMS 0x0000000088500000, 0x0000000088500000| Untracked 
|  58|0x0000000088600000, 0x0000000088700000, 0x0000000088700000|100%| O|  |TAMS 0x0000000088600000, 0x0000000088600000| Untracked 
|  59|0x0000000088700000, 0x0000000088800000, 0x0000000088800000|100%| O|  |TAMS 0x0000000088700000, 0x0000000088700000| Untracked 
|  60|0x0000000088800000, 0x0000000088900000, 0x0000000088900000|100%| O|  |TAMS 0x0000000088800000, 0x0000000088800000| Untracked 
|  61|0x0000000088900000, 0x0000000088a00000, 0x0000000088a00000|100%| O|  |TAMS 0x0000000088900000, 0x0000000088900000| Untracked 
|  62|0x0000000088a00000, 0x0000000088b00000, 0x0000000088b00000|100%| O|  |TAMS 0x0000000088a00000, 0x0000000088a00000| Untracked 
|  63|0x0000000088b00000, 0x0000000088c00000, 0x0000000088c00000|100%| O|  |TAMS 0x0000000088b00000, 0x0000000088b00000| Untracked 
|  64|0x0000000088c00000, 0x0000000088d00000, 0x0000000088d00000|100%| O|  |TAMS 0x0000000088c00000, 0x0000000088c00000| Untracked 
|  65|0x0000000088d00000, 0x0000000088e00000, 0x0000000088e00000|100%| O|  |TAMS 0x0000000088d00000, 0x0000000088d00000| Untracked 
|  66|0x0000000088e00000, 0x0000000088f00000, 0x0000000088f00000|100%| O|  |TAMS 0x0000000088e00000, 0x0000000088e00000| Untracked 
|  67|0x0000000088f00000, 0x0000000089000000, 0x0000000089000000|100%| O|  |TAMS 0x0000000088f00000, 0x0000000088f00000| Untracked 
|  68|0x0000000089000000, 0x0000000089100000, 0x0000000089100000|100%| O|  |TAMS 0x0000000089000000, 0x0000000089000000| Untracked 
|  69|0x0000000089100000, 0x0000000089200000, 0x0000000089200000|100%| O|  |TAMS 0x0000000089100000, 0x0000000089100000| Untracked 
|  70|0x0000000089200000, 0x0000000089300000, 0x0000000089300000|100%| O|  |TAMS 0x0000000089200000, 0x0000000089200000| Untracked 
|  71|0x0000000089300000, 0x0000000089400000, 0x0000000089400000|100%| O|  |TAMS 0x0000000089300000, 0x0000000089300000| Untracked 
|  72|0x0000000089400000, 0x0000000089500000, 0x0000000089500000|100%| O|  |TAMS 0x0000000089400000, 0x0000000089400000| Untracked 
|  73|0x0000000089500000, 0x0000000089600000, 0x0000000089600000|100%| O|  |TAMS 0x0000000089500000, 0x0000000089500000| Untracked 
|  74|0x0000000089600000, 0x0000000089700000, 0x0000000089700000|100%| O|  |TAMS 0x0000000089600000, 0x0000000089600000| Untracked 
|  75|0x0000000089700000, 0x0000000089800000, 0x0000000089800000|100%| O|  |TAMS 0x0000000089700000, 0x0000000089700000| Untracked 
|  76|0x0000000089800000, 0x0000000089900000, 0x0000000089900000|100%| O|  |TAMS 0x0000000089800000, 0x0000000089800000| Untracked 
|  77|0x0000000089900000, 0x0000000089a00000, 0x0000000089a00000|100%| O|  |TAMS 0x0000000089900000, 0x0000000089900000| Untracked 
|  78|0x0000000089a00000, 0x0000000089b00000, 0x0000000089b00000|100%| O|  |TAMS 0x0000000089a00000, 0x0000000089a00000| Untracked 
|  79|0x0000000089b00000, 0x0000000089c00000, 0x0000000089c00000|100%| O|  |TAMS 0x0000000089b00000, 0x0000000089b00000| Untracked 
|  80|0x0000000089c00000, 0x0000000089d00000, 0x0000000089d00000|100%| O|  |TAMS 0x0000000089c00000, 0x0000000089c00000| Untracked 
|  81|0x0000000089d00000, 0x0000000089e00000, 0x0000000089e00000|100%| O|  |TAMS 0x0000000089d00000, 0x0000000089d00000| Untracked 
|  82|0x0000000089e00000, 0x0000000089f00000, 0x0000000089f00000|100%| O|  |TAMS 0x0000000089e00000, 0x0000000089e00000| Untracked 
|  83|0x0000000089f00000, 0x000000008a000000, 0x000000008a000000|100%| O|  |TAMS 0x0000000089f00000, 0x0000000089f00000| Untracked 
|  84|0x000000008a000000, 0x000000008a100000, 0x000000008a100000|100%| O|  |TAMS 0x000000008a000000, 0x000000008a000000| Untracked 
|  85|0x000000008a100000, 0x000000008a200000, 0x000000008a200000|100%| O|  |TAMS 0x000000008a100000, 0x000000008a100000| Untracked 
|  86|0x000000008a200000, 0x000000008a300000, 0x000000008a300000|100%| O|  |TAMS 0x000000008a200000, 0x000000008a200000| Untracked 
|  87|0x000000008a300000, 0x000000008a400000, 0x000000008a400000|100%| O|  |TAMS 0x000000008a300000, 0x000000008a300000| Untracked 
|  88|0x000000008a400000, 0x000000008a500000, 0x000000008a500000|100%| O|  |TAMS 0x000000008a400000, 0x000000008a400000| Untracked 
|  89|0x000000008a500000, 0x000000008a600000, 0x000000008a600000|100%| O|  |TAMS 0x000000008a500000, 0x000000008a500000| Untracked 
|  90|0x000000008a600000, 0x000000008a700000, 0x000000008a700000|100%| O|  |TAMS 0x000000008a600000, 0x000000008a600000| Untracked 
|  91|0x000000008a700000, 0x000000008a800000, 0x000000008a800000|100%| O|  |TAMS 0x000000008a700000, 0x000000008a700000| Untracked 
|  92|0x000000008a800000, 0x000000008a900000, 0x000000008a900000|100%| O|  |TAMS 0x000000008a800000, 0x000000008a800000| Untracked 
|  93|0x000000008a900000, 0x000000008aa00000, 0x000000008aa00000|100%| O|  |TAMS 0x000000008a900000, 0x000000008a900000| Untracked 
|  94|0x000000008aa00000, 0x000000008ab00000, 0x000000008ab00000|100%| O|  |TAMS 0x000000008aa00000, 0x000000008aa00000| Untracked 
|  95|0x000000008ab00000, 0x000000008ac00000, 0x000000008ac00000|100%| O|  |TAMS 0x000000008ab00000, 0x000000008ab00000| Untracked 
|  96|0x000000008ac00000, 0x000000008ad00000, 0x000000008ad00000|100%| O|  |TAMS 0x000000008ac00000, 0x000000008ac00000| Untracked 
|  97|0x000000008ad00000, 0x000000008ae00000, 0x000000008ae00000|100%| O|  |TAMS 0x000000008ad00000, 0x000000008ad00000| Untracked 
|  98|0x000000008ae00000, 0x000000008af00000, 0x000000008af00000|100%| O|  |TAMS 0x000000008ae00000, 0x000000008ae00000| Untracked 
|  99|0x000000008af00000, 0x000000008b000000, 0x000000008b000000|100%| O|  |TAMS 0x000000008af00000, 0x000000008af00000| Untracked 
| 100|0x000000008b000000, 0x000000008b100000, 0x000000008b100000|100%| O|  |TAMS 0x000000008b000000, 0x000000008b000000| Untracked 
| 101|0x000000008b100000, 0x000000008b200000, 0x000000008b200000|100%| O|  |TAMS 0x000000008b100000, 0x000000008b100000| Untracked 
| 102|0x000000008b200000, 0x000000008b300000, 0x000000008b300000|100%| O|  |TAMS 0x000000008b200000, 0x000000008b200000| Untracked 
| 103|0x000000008b300000, 0x000000008b400000, 0x000000008b400000|100%| O|  |TAMS 0x000000008b300000, 0x000000008b300000| Untracked 
| 104|0x000000008b400000, 0x000000008b500000, 0x000000008b500000|100%| O|  |TAMS 0x000000008b400000, 0x000000008b400000| Untracked 
| 105|0x000000008b500000, 0x000000008b600000, 0x000000008b600000|100%| O|  |TAMS 0x000000008b500000, 0x000000008b500000| Untracked 
| 106|0x000000008b600000, 0x000000008b700000, 0x000000008b700000|100%| O|  |TAMS 0x000000008b600000, 0x000000008b600000| Untracked 
| 107|0x000000008b700000, 0x000000008b800000, 0x000000008b800000|100%| O|  |TAMS 0x000000008b700000, 0x000000008b700000| Untracked 
| 108|0x000000008b800000, 0x000000008b900000, 0x000000008b900000|100%| O|  |TAMS 0x000000008b800000, 0x000000008b800000| Untracked 
| 109|0x000000008b900000, 0x000000008b95be00, 0x000000008ba00000| 35%| O|  |TAMS 0x000000008b900000, 0x000000008b900000| Untracked 
| 110|0x000000008ba00000, 0x000000008ba00000, 0x000000008bb00000|  0%| F|  |TAMS 0x000000008ba00000, 0x000000008ba00000| Untracked 
| 111|0x000000008bb00000, 0x000000008bb00000, 0x000000008bc00000|  0%| F|  |TAMS 0x000000008bb00000, 0x000000008bb00000| Untracked 
| 112|0x000000008bc00000, 0x000000008bc00000, 0x000000008bd00000|  0%| F|  |TAMS 0x000000008bc00000, 0x000000008bc00000| Untracked 
| 113|0x000000008bd00000, 0x000000008bd00000, 0x000000008be00000|  0%| F|  |TAMS 0x000000008bd00000, 0x000000008bd00000| Untracked 
| 114|0x000000008be00000, 0x000000008be00000, 0x000000008bf00000|  0%| F|  |TAMS 0x000000008be00000, 0x000000008be00000| Untracked 
| 115|0x000000008bf00000, 0x000000008bf00000, 0x000000008c000000|  0%| F|  |TAMS 0x000000008bf00000, 0x000000008bf00000| Untracked 
| 116|0x000000008c000000, 0x000000008c000000, 0x000000008c100000|  0%| F|  |TAMS 0x000000008c000000, 0x000000008c000000| Untracked 
| 117|0x000000008c100000, 0x000000008c100000, 0x000000008c200000|  0%| F|  |TAMS 0x000000008c100000, 0x000000008c100000| Untracked 
| 118|0x000000008c200000, 0x000000008c200000, 0x000000008c300000|  0%| F|  |TAMS 0x000000008c200000, 0x000000008c200000| Untracked 
| 119|0x000000008c300000, 0x000000008c300000, 0x000000008c400000|  0%| F|  |TAMS 0x000000008c300000, 0x000000008c300000| Untracked 
| 120|0x000000008c400000, 0x000000008c400000, 0x000000008c500000|  0%| F|  |TAMS 0x000000008c400000, 0x000000008c400000| Untracked 
| 121|0x000000008c500000, 0x000000008c500000, 0x000000008c600000|  0%| F|  |TAMS 0x000000008c500000, 0x000000008c500000| Untracked 
| 122|0x000000008c600000, 0x000000008c600000, 0x000000008c700000|  0%| F|  |TAMS 0x000000008c600000, 0x000000008c600000| Untracked 
| 123|0x000000008c700000, 0x000000008c700000, 0x000000008c800000|  0%| F|  |TAMS 0x000000008c700000, 0x000000008c700000| Untracked 
| 124|0x000000008c800000, 0x000000008c800000, 0x000000008c900000|  0%| F|  |TAMS 0x000000008c800000, 0x000000008c800000| Untracked 
| 125|0x000000008c900000, 0x000000008c900000, 0x000000008ca00000|  0%| F|  |TAMS 0x000000008c900000, 0x000000008c900000| Untracked 
| 126|0x000000008ca00000, 0x000000008ca00000, 0x000000008cb00000|  0%| F|  |TAMS 0x000000008ca00000, 0x000000008ca00000| Untracked 
| 127|0x000000008cb00000, 0x000000008cb00000, 0x000000008cc00000|  0%| F|  |TAMS 0x000000008cb00000, 0x000000008cb00000| Untracked 
| 128|0x000000008cc00000, 0x000000008cc00000, 0x000000008cd00000|  0%| F|  |TAMS 0x000000008cc00000, 0x000000008cc00000| Untracked 
| 129|0x000000008cd00000, 0x000000008cd00000, 0x000000008ce00000|  0%| F|  |TAMS 0x000000008cd00000, 0x000000008cd00000| Untracked 
| 130|0x000000008ce00000, 0x000000008ce00000, 0x000000008cf00000|  0%| F|  |TAMS 0x000000008ce00000, 0x000000008ce00000| Untracked 
| 131|0x000000008cf00000, 0x000000008cf00000, 0x000000008d000000|  0%| F|  |TAMS 0x000000008cf00000, 0x000000008cf00000| Untracked 
| 132|0x000000008d000000, 0x000000008d000000, 0x000000008d100000|  0%| F|  |TAMS 0x000000008d000000, 0x000000008d000000| Untracked 
| 133|0x000000008d100000, 0x000000008d200000, 0x000000008d200000|100%| S|CS|TAMS 0x000000008d100000, 0x000000008d100000| Complete 
| 134|0x000000008d200000, 0x000000008d300000, 0x000000008d300000|100%| S|CS|TAMS 0x000000008d200000, 0x000000008d200000| Complete 
| 135|0x000000008d300000, 0x000000008d400000, 0x000000008d400000|100%| S|CS|TAMS 0x000000008d300000, 0x000000008d300000| Complete 
| 136|0x000000008d400000, 0x000000008d500000, 0x000000008d500000|100%| S|CS|TAMS 0x000000008d400000, 0x000000008d400000| Complete 
| 137|0x000000008d500000, 0x000000008d600000, 0x000000008d600000|100%| S|CS|TAMS 0x000000008d500000, 0x000000008d500000| Complete 
| 138|0x000000008d600000, 0x000000008d600000, 0x000000008d700000|  0%| F|  |TAMS 0x000000008d600000, 0x000000008d600000| Untracked 
| 139|0x000000008d700000, 0x000000008d700000, 0x000000008d800000|  0%| F|  |TAMS 0x000000008d700000, 0x000000008d700000| Untracked 
| 140|0x000000008d800000, 0x000000008d800000, 0x000000008d900000|  0%| F|  |TAMS 0x000000008d800000, 0x000000008d800000| Untracked 
| 141|0x000000008d900000, 0x000000008da00000, 0x000000008da00000|100%| S|CS|TAMS 0x000000008d900000, 0x000000008d900000| Complete 
| 142|0x000000008da00000, 0x000000008da00000, 0x000000008db00000|  0%| F|  |TAMS 0x000000008da00000, 0x000000008da00000| Untracked 
| 143|0x000000008db00000, 0x000000008db00000, 0x000000008dc00000|  0%| F|  |TAMS 0x000000008db00000, 0x000000008db00000| Untracked 
| 144|0x000000008dc00000, 0x000000008dc00000, 0x000000008dd00000|  0%| F|  |TAMS 0x000000008dc00000, 0x000000008dc00000| Untracked 
| 145|0x000000008dd00000, 0x000000008dd00000, 0x000000008de00000|  0%| F|  |TAMS 0x000000008dd00000, 0x000000008dd00000| Untracked 
| 146|0x000000008de00000, 0x000000008de00000, 0x000000008df00000|  0%| F|  |TAMS 0x000000008de00000, 0x000000008de00000| Untracked 
| 147|0x000000008df00000, 0x000000008df00000, 0x000000008e000000|  0%| F|  |TAMS 0x000000008df00000, 0x000000008df00000| Untracked 
| 148|0x000000008e000000, 0x000000008e000000, 0x000000008e100000|  0%| F|  |TAMS 0x000000008e000000, 0x000000008e000000| Untracked 
| 149|0x000000008e100000, 0x000000008e100000, 0x000000008e200000|  0%| F|  |TAMS 0x000000008e100000, 0x000000008e100000| Untracked 
| 150|0x000000008e200000, 0x000000008e200000, 0x000000008e300000|  0%| F|  |TAMS 0x000000008e200000, 0x000000008e200000| Untracked 
| 151|0x000000008e300000, 0x000000008e300000, 0x000000008e400000|  0%| F|  |TAMS 0x000000008e300000, 0x000000008e300000| Untracked 
| 152|0x000000008e400000, 0x000000008e400000, 0x000000008e500000|  0%| F|  |TAMS 0x000000008e400000, 0x000000008e400000| Untracked 
| 153|0x000000008e500000, 0x000000008e500000, 0x000000008e600000|  0%| F|  |TAMS 0x000000008e500000, 0x000000008e500000| Untracked 
| 154|0x000000008e600000, 0x000000008e600000, 0x000000008e700000|  0%| F|  |TAMS 0x000000008e600000, 0x000000008e600000| Untracked 
| 155|0x000000008e700000, 0x000000008e700000, 0x000000008e800000|  0%| F|  |TAMS 0x000000008e700000, 0x000000008e700000| Untracked 
| 156|0x000000008e800000, 0x000000008e800000, 0x000000008e900000|  0%| F|  |TAMS 0x000000008e800000, 0x000000008e800000| Untracked 
| 157|0x000000008e900000, 0x000000008e900000, 0x000000008ea00000|  0%| F|  |TAMS 0x000000008e900000, 0x000000008e900000| Untracked 
| 158|0x000000008ea00000, 0x000000008ea00000, 0x000000008eb00000|  0%| F|  |TAMS 0x000000008ea00000, 0x000000008ea00000| Untracked 
| 159|0x000000008eb00000, 0x000000008eb00000, 0x000000008ec00000|  0%| F|  |TAMS 0x000000008eb00000, 0x000000008eb00000| Untracked 
| 160|0x000000008ec00000, 0x000000008ec00000, 0x000000008ed00000|  0%| F|  |TAMS 0x000000008ec00000, 0x000000008ec00000| Untracked 
| 161|0x000000008ed00000, 0x000000008ed00000, 0x000000008ee00000|  0%| F|  |TAMS 0x000000008ed00000, 0x000000008ed00000| Untracked 
| 162|0x000000008ee00000, 0x000000008ee00000, 0x000000008ef00000|  0%| F|  |TAMS 0x000000008ee00000, 0x000000008ee00000| Untracked 
| 163|0x000000008ef00000, 0x000000008ef00000, 0x000000008f000000|  0%| F|  |TAMS 0x000000008ef00000, 0x000000008ef00000| Untracked 
| 164|0x000000008f000000, 0x000000008f000000, 0x000000008f100000|  0%| F|  |TAMS 0x000000008f000000, 0x000000008f000000| Untracked 
| 165|0x000000008f100000, 0x000000008f100000, 0x000000008f200000|  0%| F|  |TAMS 0x000000008f100000, 0x000000008f100000| Untracked 
| 166|0x000000008f200000, 0x000000008f200000, 0x000000008f300000|  0%| F|  |TAMS 0x000000008f200000, 0x000000008f200000| Untracked 
| 167|0x000000008f300000, 0x000000008f300000, 0x000000008f400000|  0%| F|  |TAMS 0x000000008f300000, 0x000000008f300000| Untracked 
| 168|0x000000008f400000, 0x000000008f400000, 0x000000008f500000|  0%| F|  |TAMS 0x000000008f400000, 0x000000008f400000| Untracked 
| 169|0x000000008f500000, 0x000000008f500000, 0x000000008f600000|  0%| F|  |TAMS 0x000000008f500000, 0x000000008f500000| Untracked 
| 170|0x000000008f600000, 0x000000008f600000, 0x000000008f700000|  0%| F|  |TAMS 0x000000008f600000, 0x000000008f600000| Untracked 
| 171|0x000000008f700000, 0x000000008f700000, 0x000000008f800000|  0%| F|  |TAMS 0x000000008f700000, 0x000000008f700000| Untracked 
| 172|0x000000008f800000, 0x000000008f800000, 0x000000008f900000|  0%| F|  |TAMS 0x000000008f800000, 0x000000008f800000| Untracked 
| 173|0x000000008f900000, 0x000000008f900000, 0x000000008fa00000|  0%| F|  |TAMS 0x000000008f900000, 0x000000008f900000| Untracked 
| 174|0x000000008fa00000, 0x000000008fa00000, 0x000000008fb00000|  0%| F|  |TAMS 0x000000008fa00000, 0x000000008fa00000| Untracked 
| 175|0x000000008fb00000, 0x000000008fb00000, 0x000000008fc00000|  0%| F|  |TAMS 0x000000008fb00000, 0x000000008fb00000| Untracked 
| 176|0x000000008fc00000, 0x000000008fc00000, 0x000000008fd00000|  0%| F|  |TAMS 0x000000008fc00000, 0x000000008fc00000| Untracked 
| 177|0x000000008fd00000, 0x000000008fd00000, 0x000000008fe00000|  0%| F|  |TAMS 0x000000008fd00000, 0x000000008fd00000| Untracked 
| 178|0x000000008fe00000, 0x000000008fe00000, 0x000000008ff00000|  0%| F|  |TAMS 0x000000008fe00000, 0x000000008fe00000| Untracked 
| 179|0x000000008ff00000, 0x000000008ff00000, 0x0000000090000000|  0%| F|  |TAMS 0x000000008ff00000, 0x000000008ff00000| Untracked 
| 180|0x0000000090000000, 0x0000000090000000, 0x0000000090100000|  0%| F|  |TAMS 0x0000000090000000, 0x0000000090000000| Untracked 
| 181|0x0000000090100000, 0x0000000090100000, 0x0000000090200000|  0%| F|  |TAMS 0x0000000090100000, 0x0000000090100000| Untracked 
| 182|0x0000000090200000, 0x0000000090200000, 0x0000000090300000|  0%| F|  |TAMS 0x0000000090200000, 0x0000000090200000| Untracked 
| 183|0x0000000090300000, 0x0000000090300000, 0x0000000090400000|  0%| F|  |TAMS 0x0000000090300000, 0x0000000090300000| Untracked 
| 184|0x0000000090400000, 0x0000000090400000, 0x0000000090500000|  0%| F|  |TAMS 0x0000000090400000, 0x0000000090400000| Untracked 
| 185|0x0000000090500000, 0x0000000090500000, 0x0000000090600000|  0%| F|  |TAMS 0x0000000090500000, 0x0000000090500000| Untracked 
| 186|0x0000000090600000, 0x0000000090600000, 0x0000000090700000|  0%| F|  |TAMS 0x0000000090600000, 0x0000000090600000| Untracked 
| 187|0x0000000090700000, 0x0000000090700000, 0x0000000090800000|  0%| F|  |TAMS 0x0000000090700000, 0x0000000090700000| Untracked 
| 188|0x0000000090800000, 0x0000000090800000, 0x0000000090900000|  0%| F|  |TAMS 0x0000000090800000, 0x0000000090800000| Untracked 
| 189|0x0000000090900000, 0x0000000090900000, 0x0000000090a00000|  0%| F|  |TAMS 0x0000000090900000, 0x0000000090900000| Untracked 
| 190|0x0000000090a00000, 0x0000000090a00000, 0x0000000090b00000|  0%| F|  |TAMS 0x0000000090a00000, 0x0000000090a00000| Untracked 

Card table byte_map: [0x0000021637570000,0x0000021637950000] _byte_map_base: 0x000002163714a000

Marking Bits (Prev, Next): (CMBitMap*) 0x00000216247c6310, (CMBitMap*) 0x00000216247c6350
 Prev Bits: [0x0000021637d30000, 0x0000021639c00000)
 Next Bits: [0x0000021639c00000, 0x000002163bad0000)

Polling page: 0x00000216226d0000

Metaspace:

Usage:
  Non-class:     68.54 MB used.
      Class:      8.35 MB used.
       Both:     76.90 MB used.

Virtual space:
  Non-class space:      128.00 MB reserved,      68.69 MB ( 54%) committed,  2 nodes.
      Class space:        1.00 GB reserved,       8.50 MB ( <1%) committed,  1 nodes.
             Both:        1.12 GB reserved,      77.19 MB (  7%) committed. 

Chunk freelists:
   Non-Class:  10.88 MB
       Class:  7.50 MB
        Both:  18.38 MB

MaxMetaspaceSize: unlimited
CompressedClassSpaceSize: 1.00 GB
Initial GC threshold: 21.00 MB
Current GC threshold: 85.00 MB
CDS: off
MetaspaceReclaimPolicy: balanced
 - commit_granule_bytes: 65536.
 - commit_granule_words: 8192.
 - virtual_space_node_default_size: 8388608.
 - enlarge_chunks_in_place: 1.
 - new_chunks_are_fully_committed: 0.
 - uncommit_free_chunks: 1.
 - use_allocation_guard: 0.
 - handle_deallocations: 1.


Internal statistics:

num_allocs_failed_limit: 6.
num_arena_births: 344.
num_arena_deaths: 0.
num_vsnodes_births: 3.
num_vsnodes_deaths: 0.
num_space_committed: 1233.
num_space_uncommitted: 0.
num_chunks_returned_to_freelist: 6.
num_chunks_taken_from_freelist: 2866.
num_chunk_merges: 6.
num_chunk_splits: 2358.
num_chunks_enlarged: 2091.
num_inconsistent_stats: 0.

CodeHeap 'non-profiled nmethods': size=120000Kb used=8003Kb max_used=8176Kb free=111996Kb
 bounds [0x000002162f710000, 0x000002162ff10000, 0x0000021636c40000]
CodeHeap 'profiled nmethods': size=120000Kb used=32108Kb max_used=32108Kb free=87891Kb
 bounds [0x0000021627c40000, 0x0000021629bb0000, 0x000002162f170000]
CodeHeap 'non-nmethods': size=5760Kb used=1386Kb max_used=1450Kb free=4373Kb
 bounds [0x000002162f170000, 0x000002162f3e0000, 0x000002162f710000]
 total_blobs=13032 nmethods=12320 adapters=621
 compilation: enabled
              stopped_count=0, restarted_count=0
 full_count=0

Compilation events (20 events):
Event: 30.840 Thread 0x000002163e8f2970 nmethod 15612 0x0000021628786210 code [0x00000216287863c0, 0x00000216287866b8]
Event: 30.840 Thread 0x000002163e8f2970 15624       3       org.jetbrains.kotlin.ir.declarations.lazy.IrLazyFunction$valueParameters$2::invoke (28 bytes)
Event: 30.840 Thread 0x000002163ea281a0 nmethod 15617 0x000002162fe6e910 code [0x000002162fe6eac0, 0x000002162fe6edf8]
Event: 30.840 Thread 0x000002163e8f2970 nmethod 15624 0x0000021629553c90 code [0x0000021629553e80, 0x0000021629554368]
Event: 30.840 Thread 0x000002163e8f2970 15625       3       org.jetbrains.kotlin.ir.declarations.lazy.AbstractIrLazyFunction::createValueParameters (5 bytes)
Event: 30.840 Thread 0x000002163ea281a0 15635       4       org.jetbrains.kotlin.backend.jvm.MfvcNodeKt::needsMfvcFlattening (147 bytes)
Event: 30.840 Thread 0x000002163e8f2970 nmethod 15625 0x0000021629646010 code [0x00000216296461a0, 0x00000216296462c8]
Event: 30.840 Thread 0x000002163e8f2970 15630       3       org.jetbrains.kotlin.ir.declarations.lazy.IrLazyFunction$extensionReceiverParameter$2::invoke (5 bytes)
Event: 30.840 Thread 0x000002163e8f2970 nmethod 15630 0x0000021628e21510 code [0x0000021628e216a0, 0x0000021628e217e8]
Event: 30.840 Thread 0x000002163e8f2970 15628       3       org.jetbrains.kotlin.backend.jvm.JvmGeneratorExtensionsImpl::isStaticFunction (67 bytes)
Event: 30.843 Thread 0x000002163e8f2970 nmethod 15628 0x0000021629ba1590 code [0x0000021629ba19a0, 0x0000021629ba3768]
Event: 30.843 Thread 0x000002163e8f2970 15631       3       org.jetbrains.kotlin.ir.declarations.lazy.IrLazyFunction$extensionReceiverParameter$2::invoke (46 bytes)
Event: 30.843 Thread 0x000002163e8f2970 nmethod 15631 0x0000021629ba3f90 code [0x0000021629ba41a0, 0x0000021629ba4818]
Event: 30.843 Thread 0x000002163e8f2970 15629       3       org.jetbrains.kotlin.resolve.DescriptorUtils::isNonCompanionObject (28 bytes)
Event: 30.843 Thread 0x000002163e8f2970 nmethod 15629 0x0000021628e66e90 code [0x0000021628e67080, 0x0000021628e67798]
Event: 30.843 Thread 0x000002163e8f2970 15632       3       org.jetbrains.kotlin.ir.declarations.lazy.AbstractIrLazyFunction::generateReceiverParameterStub (6 bytes)
Event: 30.844 Thread 0x000002163e8f2970 nmethod 15632 0x0000021629ba4a90 code [0x0000021629ba4cc0, 0x0000021629ba5308]
Event: 30.844 Thread 0x000002163e8f2970 15633       3       org.jetbrains.kotlin.ir.declarations.lazy.IrLazyFunctionBase$DefaultImpls::generateReceiverParameterStub (15 bytes)
Event: 30.844 Thread 0x000002163e8f2970 nmethod 15633 0x0000021629ba5590 code [0x0000021629ba57c0, 0x0000021629ba5e68]
Event: 30.844 Thread 0x000002163e8f2970 15634       3       org.jetbrains.kotlin.backend.jvm.lower.JvmMultiFieldValueClassLowering::visitParameter (279 bytes)

GC Heap History (20 events):
Event: 13.400 GC heap after
{Heap after GC invocations=29 (full 0):
 garbage-first heap   total 184320K, used 52383K [0x0000000084c00000, 0x0000000100000000)
  region size 1024K, 1 young (1024K), 1 survivors (1024K)
 Metaspace       used 54054K, committed 54272K, reserved 1114112K
  class space    used 6326K, committed 6400K, reserved 1048576K
}
Event: 13.982 GC heap before
{Heap before GC invocations=29 (full 0):
 garbage-first heap   total 184320K, used 142495K [0x0000000084c00000, 0x0000000100000000)
  region size 1024K, 89 young (91136K), 1 survivors (1024K)
 Metaspace       used 54709K, committed 54912K, reserved 1114112K
  class space    used 6409K, committed 6528K, reserved 1048576K
}
Event: 13.987 GC heap after
{Heap after GC invocations=30 (full 0):
 garbage-first heap   total 184320K, used 52534K [0x0000000084c00000, 0x0000000100000000)
  region size 1024K, 2 young (2048K), 2 survivors (2048K)
 Metaspace       used 54709K, committed 54912K, reserved 1114112K
  class space    used 6409K, committed 6528K, reserved 1048576K
}
Event: 18.103 GC heap before
{Heap before GC invocations=30 (full 0):
 garbage-first heap   total 184320K, used 152886K [0x0000000084c00000, 0x0000000100000000)
  region size 1024K, 99 young (101376K), 2 survivors (2048K)
 Metaspace       used 59020K, committed 59264K, reserved 1114112K
  class space    used 6717K, committed 6848K, reserved 1048576K
}
Event: 18.124 GC heap after
{Heap after GC invocations=31 (full 0):
 garbage-first heap   total 184320K, used 64292K [0x0000000084c00000, 0x0000000100000000)
  region size 1024K, 13 young (13312K), 13 survivors (13312K)
 Metaspace       used 59020K, committed 59264K, reserved 1114112K
  class space    used 6717K, committed 6848K, reserved 1048576K
}
Event: 21.306 GC heap before
{Heap before GC invocations=31 (full 0):
 garbage-first heap   total 184320K, used 147236K [0x0000000084c00000, 0x0000000100000000)
  region size 1024K, 92 young (94208K), 13 survivors (13312K)
 Metaspace       used 60838K, committed 61120K, reserved 1114112K
  class space    used 6829K, committed 6976K, reserved 1048576K
}
Event: 21.338 GC heap after
{Heap after GC invocations=32 (full 0):
 garbage-first heap   total 184320K, used 75336K [0x0000000084c00000, 0x0000000100000000)
  region size 1024K, 9 young (9216K), 9 survivors (9216K)
 Metaspace       used 60838K, committed 61120K, reserved 1114112K
  class space    used 6829K, committed 6976K, reserved 1048576K
}
Event: 23.865 GC heap before
{Heap before GC invocations=32 (full 0):
 garbage-first heap   total 184320K, used 147016K [0x0000000084c00000, 0x0000000100000000)
  region size 1024K, 79 young (80896K), 9 survivors (9216K)
 Metaspace       used 62164K, committed 62400K, reserved 1114112K
  class space    used 6925K, committed 7040K, reserved 1048576K
}
Event: 23.886 GC heap after
{Heap after GC invocations=33 (full 0):
 garbage-first heap   total 184320K, used 81715K [0x0000000084c00000, 0x0000000100000000)
  region size 1024K, 7 young (7168K), 7 survivors (7168K)
 Metaspace       used 62164K, committed 62400K, reserved 1114112K
  class space    used 6925K, committed 7040K, reserved 1048576K
}
Event: 25.783 GC heap before
{Heap before GC invocations=33 (full 0):
 garbage-first heap   total 184320K, used 148275K [0x0000000084c00000, 0x0000000100000000)
  region size 1024K, 72 young (73728K), 7 survivors (7168K)
 Metaspace       used 62527K, committed 62784K, reserved 1114112K
  class space    used 6936K, committed 7040K, reserved 1048576K
}
Event: 25.802 GC heap after
{Heap after GC invocations=34 (full 0):
 garbage-first heap   total 184320K, used 88064K [0x0000000084c00000, 0x0000000100000000)
  region size 1024K, 6 young (6144K), 6 survivors (6144K)
 Metaspace       used 62527K, committed 62784K, reserved 1114112K
  class space    used 6936K, committed 7040K, reserved 1048576K
}
Event: 27.212 GC heap before
{Heap before GC invocations=34 (full 0):
 garbage-first heap   total 184320K, used 150528K [0x0000000084c00000, 0x0000000100000000)
  region size 1024K, 67 young (68608K), 6 survivors (6144K)
 Metaspace       used 68050K, committed 68416K, reserved 1114112K
  class space    used 7497K, committed 7680K, reserved 1048576K
}
Event: 27.224 GC heap after
{Heap after GC invocations=35 (full 0):
 garbage-first heap   total 184320K, used 90797K [0x0000000084c00000, 0x0000000100000000)
  region size 1024K, 3 young (3072K), 3 survivors (3072K)
 Metaspace       used 68050K, committed 68416K, reserved 1114112K
  class space    used 7497K, committed 7680K, reserved 1048576K
}
Event: 28.383 GC heap before
{Heap before GC invocations=35 (full 0):
 garbage-first heap   total 184320K, used 152237K [0x0000000084c00000, 0x0000000100000000)
  region size 1024K, 63 young (64512K), 3 survivors (3072K)
 Metaspace       used 69221K, committed 69568K, reserved 1114112K
  class space    used 7559K, committed 7744K, reserved 1048576K
}
Event: 28.403 GC heap after
{Heap after GC invocations=36 (full 0):
 garbage-first heap   total 184320K, used 100632K [0x0000000084c00000, 0x0000000100000000)
  region size 1024K, 8 young (8192K), 8 survivors (8192K)
 Metaspace       used 69221K, committed 69568K, reserved 1114112K
  class space    used 7559K, committed 7744K, reserved 1048576K
}
Event: 28.889 GC heap before
{Heap before GC invocations=36 (full 0):
 garbage-first heap   total 184320K, used 149784K [0x0000000084c00000, 0x0000000100000000)
  region size 1024K, 56 young (57344K), 8 survivors (8192K)
 Metaspace       used 69332K, committed 69696K, reserved 1114112K
  class space    used 7566K, committed 7744K, reserved 1048576K
}
Event: 28.913 GC heap after
{Heap after GC invocations=37 (full 0):
 garbage-first heap   total 184320K, used 110024K [0x0000000084c00000, 0x0000000100000000)
  region size 1024K, 7 young (7168K), 7 survivors (7168K)
 Metaspace       used 69332K, committed 69696K, reserved 1114112K
  class space    used 7566K, committed 7744K, reserved 1048576K
}
Event: 29.905 GC heap before
{Heap before GC invocations=37 (full 0):
 garbage-first heap   total 184320K, used 149960K [0x0000000084c00000, 0x0000000100000000)
  region size 1024K, 46 young (47104K), 7 survivors (7168K)
 Metaspace       used 74009K, committed 74368K, reserved 1179648K
  class space    used 8037K, committed 8192K, reserved 1048576K
}
Event: 29.920 GC heap after
{Heap after GC invocations=38 (full 0):
 garbage-first heap   total 184320K, used 113624K [0x0000000084c00000, 0x0000000100000000)
  region size 1024K, 3 young (3072K), 3 survivors (3072K)
 Metaspace       used 74009K, committed 74368K, reserved 1179648K
  class space    used 8037K, committed 8192K, reserved 1048576K
}
Event: 30.849 GC heap before
{Heap before GC invocations=38 (full 0):
 garbage-first heap   total 184320K, used 152536K [0x0000000084c00000, 0x0000000100000000)
  region size 1024K, 41 young (41984K), 3 survivors (3072K)
 Metaspace       used 78741K, committed 79040K, reserved 1179648K
  class space    used 8553K, committed 8704K, reserved 1048576K
}

Dll operation events (2 events):
Event: 0.043 Loaded shared library C:\Program Files\Android\Android Studio\jbr\bin\java.dll
Event: 3.714 Loaded shared library C:\Program Files\Android\Android Studio\jbr\bin\verify.dll

Deoptimization events (20 events):
Event: 30.651 Thread 0x000002162476c140 DEOPT PACKING pc=0x000002162fe4a898 sp=0x000000d8896fcb70
Event: 30.651 Thread 0x000002162476c140 DEOPT UNPACKING pc=0x000002162f1c69a3 sp=0x000000d8896fcaf0 mode 2
Event: 30.651 Thread 0x000002162476c140 Uncommon trap: trap_request=0xffffffc6 fr.pc=0x000002162fe4a898 relative=0x0000000000000e98
Event: 30.651 Thread 0x000002162476c140 Uncommon trap: reason=bimorphic_or_optimized_type_check action=maybe_recompile pc=0x000002162fe4a898 method=org.jetbrains.kotlin.ir.util.TransformKt.transformIfNeeded(Ljava/util/List;Lorg/jetbrains/kotlin/ir/visitors/IrElementTransformer;Ljava/lang/Object
Event: 30.651 Thread 0x000002162476c140 DEOPT PACKING pc=0x000002162fe4a898 sp=0x000000d8896fcb70
Event: 30.651 Thread 0x000002162476c140 DEOPT UNPACKING pc=0x000002162f1c69a3 sp=0x000000d8896fcaf0 mode 2
Event: 30.651 Thread 0x000002162476c140 Uncommon trap: trap_request=0xffffffc6 fr.pc=0x000002162fe4a898 relative=0x0000000000000e98
Event: 30.651 Thread 0x000002162476c140 Uncommon trap: reason=bimorphic_or_optimized_type_check action=maybe_recompile pc=0x000002162fe4a898 method=org.jetbrains.kotlin.ir.util.TransformKt.transformIfNeeded(Ljava/util/List;Lorg/jetbrains/kotlin/ir/visitors/IrElementTransformer;Ljava/lang/Object
Event: 30.652 Thread 0x000002162476c140 DEOPT PACKING pc=0x000002162fe4a898 sp=0x000000d8896fcb70
Event: 30.652 Thread 0x000002162476c140 DEOPT UNPACKING pc=0x000002162f1c69a3 sp=0x000000d8896fcaf0 mode 2
Event: 30.654 Thread 0x000002162476c140 Uncommon trap: trap_request=0xffffffc6 fr.pc=0x000002162fe4a898 relative=0x0000000000000e98
Event: 30.654 Thread 0x000002162476c140 Uncommon trap: reason=bimorphic_or_optimized_type_check action=maybe_recompile pc=0x000002162fe4a898 method=org.jetbrains.kotlin.ir.util.TransformKt.transformIfNeeded(Ljava/util/List;Lorg/jetbrains/kotlin/ir/visitors/IrElementTransformer;Ljava/lang/Object
Event: 30.654 Thread 0x000002162476c140 DEOPT PACKING pc=0x000002162fe4a898 sp=0x000000d8896fc880
Event: 30.654 Thread 0x000002162476c140 DEOPT UNPACKING pc=0x000002162f1c69a3 sp=0x000000d8896fc800 mode 2
Event: 30.654 Thread 0x000002162476c140 Uncommon trap: trap_request=0xffffffc6 fr.pc=0x000002162febabd0 relative=0x00000000000004f0
Event: 30.654 Thread 0x000002162476c140 Uncommon trap: reason=bimorphic_or_optimized_type_check action=maybe_recompile pc=0x000002162febabd0 method=org.jetbrains.kotlin.ir.util.TransformKt.transformIfNeeded(Ljava/util/List;Lorg/jetbrains/kotlin/ir/visitors/IrElementTransformer;Ljava/lang/Object
Event: 30.654 Thread 0x000002162476c140 DEOPT PACKING pc=0x000002162febabd0 sp=0x000000d8896fc850
Event: 30.654 Thread 0x000002162476c140 DEOPT UNPACKING pc=0x000002162f1c69a3 sp=0x000000d8896fc7f0 mode 2
Event: 30.723 Thread 0x000002162476c140 DEOPT PACKING pc=0x0000021629ad8110 sp=0x000000d8896fdc10
Event: 30.724 Thread 0x000002162476c140 DEOPT UNPACKING pc=0x000002162f1c7143 sp=0x000000d8896fd130 mode 0

Classes unloaded (0 events):
No events

Classes redefined (0 events):
No events

Internal exceptions (20 events):
Event: 12.861 Thread 0x000002162476c140 Implicit null exception at 0x000002162f819489 to 0x000002162f819570
Event: 12.861 Thread 0x000002162476c140 Implicit null exception at 0x000002162f7743d8 to 0x000002162f77446a
Event: 14.716 Thread 0x000002162476c140 Exception <a 'java/lang/NoSuchMethodError'{0x000000008eef0ea0}: 'int java.lang.invoke.DirectMethodHandle$Holder.invokeStaticInit(java.lang.Object, int)'> (0x000000008eef0ea0) 
thrown [s\src\hotspot\share\interpreter\linkResolver.cpp, line 771]
Event: 15.196 Thread 0x000002162476c140 Exception <a 'java/lang/NoSuchMethodError'{0x000000008d8e6fd8}: 'java.lang.Object java.lang.invoke.DirectMethodHandle$Holder.invokeStatic(java.lang.Object, int, java.lang.Object)'> (0x000000008d8e6fd8) 
thrown [s\src\hotspot\share\interpreter\linkResolver.cpp, line 771]
Event: 15.397 Thread 0x000002162476c140 Exception <a 'java/lang/NoSuchMethodError'{0x000000008d39d3e8}: 'java.lang.Object java.lang.invoke.DirectMethodHandle$Holder.newInvokeSpecial(java.lang.Object, java.lang.Object, java.lang.Object, java.lang.Object, java.lang.Object, java.lang.Object, java.lang.Object)'> (0x000000008d39d3e8) 
thrown [s\src\hotspot\share\interpreter\linkResolver.cpp, line 771]
Event: 15.397 Thread 0x000002162476c140 Exception <a 'java/lang/NoSuchMethodError'{0x000000008d3a24f0}: 'java.lang.Object java.lang.invoke.Invokers$Holder.linkToTargetMethod(java.lang.Object, java.lang.Object, java.lang.Object, java.lang.Object, java.lang.Object, java.lang.Object, java.lang.Object)'> (0x000000008d3a24f0) 
thrown [s\src\hotspot\share\interpreter\linkResolver.cpp, line 771]
Event: 15.884 Thread 0x000002162476c140 Exception <a 'java/lang/NoSuchMethodError'{0x000000008cc4e3a8}: 'java.lang.Object java.lang.invoke.DirectMethodHandle$Holder.invokeInterface(java.lang.Object, java.lang.Object, java.lang.Object)'> (0x000000008cc4e3a8) 
thrown [s\src\hotspot\share\interpreter\linkResolver.cpp, line 771]
Event: 15.885 Thread 0x000002162476c140 Exception <a 'java/lang/IncompatibleClassChangeError'{0x000000008cc51d18}: Found class java.lang.Object, but interface was expected> (0x000000008cc51d18) 
thrown [s\src\hotspot\share\interpreter\linkResolver.cpp, line 838]
Event: 16.351 Thread 0x000002162476c140 Exception <a 'java/lang/NoSuchMethodError'{0x000000008c3c8518}: 'java.lang.Object java.lang.invoke.DirectMethodHandle$Holder.newInvokeSpecial(java.lang.Object, int, java.lang.Object, java.lang.Object)'> (0x000000008c3c8518) 
thrown [s\src\hotspot\share\interpreter\linkResolver.cpp, line 771]
Event: 16.671 Thread 0x000002162476c140 Implicit null exception at 0x000002162f81553c to 0x000002162f815cf8
Event: 19.023 Thread 0x000002162476c140 Implicit null exception at 0x000002162fbd48ac to 0x000002162fbd4961
Event: 19.025 Thread 0x000002162476c140 Implicit null exception at 0x000002162fa3b280 to 0x000002162fa42f58
Event: 25.382 Thread 0x000002162476c140 Implicit null exception at 0x000002162fd86f5f to 0x000002162fd8894c
Event: 26.672 Thread 0x000002162476c140 Exception <a 'java/lang/NoSuchMethodError'{0x000000008d5e0820}: 'java.lang.Object java.lang.invoke.DirectMethodHandle$Holder.invokeStaticInit(java.lang.Object, java.lang.Object, java.lang.Object, java.lang.Object)'> (0x000000008d5e0820) 
thrown [s\src\hotspot\share\interpreter\linkResolver.cpp, line 771]
Event: 27.085 Thread 0x000002162476c140 Exception <a 'java/lang/NoSuchMethodError'{0x000000008c653d70}: 'java.lang.Object java.lang.invoke.DirectMethodHandle$Holder.newInvokeSpecial(java.lang.Object, java.lang.Object, java.lang.Object, int, int)'> (0x000000008c653d70) 
thrown [s\src\hotspot\share\interpreter\linkResolver.cpp, line 771]
Event: 27.085 Thread 0x000002162476c140 Exception <a 'java/lang/NoSuchMethodError'{0x000000008c657bb0}: 'java.lang.Object java.lang.invoke.DirectMethodHandle$Holder.invokeSpecial(java.lang.Object, java.lang.Object, java.lang.Object, java.lang.Object, int, int)'> (0x000000008c657bb0) 
thrown [s\src\hotspot\share\interpreter\linkResolver.cpp, line 771]
Event: 27.155 Thread 0x000002162476c140 Exception <a 'java/lang/NoSuchMethodError'{0x000000008c4ec3e0}: 'java.lang.Object java.lang.invoke.DirectMethodHandle$Holder.invokeSpecial(java.lang.Object, java.lang.Object, int, int, java.lang.Object, java.lang.Object, java.lang.Object, java.lang.Object, java.lang.Object)'> (0x000000008c4ec3e0) 
thrown [s\src\hotspot\share\interpreter\linkResolver.cpp, line 771]
Event: 27.821 Thread 0x000002162476c140 Exception <a 'java/lang/NoSuchMethodError'{0x000000008eb39fc8}: 'java.lang.Object java.lang.invoke.DirectMethodHandle$Holder.newInvokeSpecial(java.lang.Object, java.lang.Object, int, int, java.lang.Object, java.lang.Object, java.lang.Object)'> (0x000000008eb39fc8) 
thrown [s\src\hotspot\share\interpreter\linkResolver.cpp, line 771]
Event: 27.822 Thread 0x000002162476c140 Exception <a 'java/lang/NoSuchMethodError'{0x000000008eb3e908}: 'java.lang.Object java.lang.invoke.DirectMethodHandle$Holder.invokeSpecial(java.lang.Object, java.lang.Object, java.lang.Object, int, int, java.lang.Object, java.lang.Object, java.lang.Object)'> (0x000000008eb3e908) 
thrown [s\src\hotspot\share\interpreter\linkResolver.cpp, line 771]
Event: 28.199 Thread 0x000002162476c140 Implicit null exception at 0x000002162f77ae90 to 0x000002162f77b148

VM Operations (20 events):
Event: 30.080 Executing VM operation: HandshakeAllThreads done
Event: 30.091 Executing VM operation: HandshakeAllThreads
Event: 30.092 Executing VM operation: HandshakeAllThreads done
Event: 30.121 Executing VM operation: HandshakeAllThreads
Event: 30.121 Executing VM operation: HandshakeAllThreads done
Event: 30.124 Executing VM operation: HandshakeAllThreads
Event: 30.124 Executing VM operation: HandshakeAllThreads done
Event: 30.148 Executing VM operation: ICBufferFull
Event: 30.148 Executing VM operation: ICBufferFull done
Event: 30.419 Executing VM operation: ICBufferFull
Event: 30.419 Executing VM operation: ICBufferFull done
Event: 30.484 Executing VM operation: HandshakeAllThreads
Event: 30.484 Executing VM operation: HandshakeAllThreads done
Event: 30.486 Executing VM operation: HandshakeAllThreads
Event: 30.486 Executing VM operation: HandshakeAllThreads done
Event: 30.556 Executing VM operation: ICBufferFull
Event: 30.556 Executing VM operation: ICBufferFull done
Event: 30.829 Executing VM operation: ICBufferFull
Event: 30.829 Executing VM operation: ICBufferFull done
Event: 30.849 Executing VM operation: G1CollectForAllocation

Events (20 events):
Event: 30.165 Thread 0x000002163e8f3f20 flushing nmethod 0x0000021629559b90
Event: 30.166 Thread 0x000002163e8f3f20 flushing nmethod 0x00000216295a8c10
Event: 30.167 Thread 0x000002163e8f3f20 flushing nmethod 0x00000216295d3090
Event: 30.167 Thread 0x000002163e8f3f20 flushing nmethod 0x000002162964a990
Event: 30.167 Thread 0x000002163e8f3f20 flushing nmethod 0x000002162965fe10
Event: 30.167 Thread 0x000002163e8f3f20 flushing nmethod 0x0000021629674d10
Event: 30.167 Thread 0x000002163e8f3f20 flushing nmethod 0x000002162967bd90
Event: 30.167 Thread 0x000002163e8f3f20 flushing nmethod 0x00000216296c1010
Event: 30.168 Thread 0x000002163e8f3f20 flushing nmethod 0x000002162970e710
Event: 30.168 Thread 0x000002163e8f3f20 flushing nmethod 0x000002162975d190
Event: 30.168 Thread 0x000002163e8f3f20 flushing nmethod 0x00000216297a9790
Event: 30.168 Thread 0x000002163e8f3f20 flushing nmethod 0x00000216297d9910
Event: 30.168 Thread 0x000002163e8f3f20 flushing nmethod 0x0000021629813f10
Event: 30.168 Thread 0x000002163e8f3f20 flushing nmethod 0x0000021629820710
Event: 30.168 Thread 0x000002163e8f3f20 flushing nmethod 0x0000021629837690
Event: 30.168 Thread 0x000002163e8f3f20 flushing nmethod 0x0000021629838690
Event: 30.168 Thread 0x000002163e8f3f20 flushing nmethod 0x000002162983a710
Event: 30.168 Thread 0x000002163e8f3f20 flushing nmethod 0x000002162983c490
Event: 30.170 Thread 0x000002163e8f3f20 flushing nmethod 0x00000216298fde90
Event: 30.172 Thread 0x000002163e8f3f20 flushing nmethod 0x00000216299dfb10


Dynamic libraries:
0x00007ff7d8420000 - 0x00007ff7d842a000 	C:\Program Files\Android\Android Studio\jbr\bin\java.exe
0x00007ff807a10000 - 0x00007ff807c27000 	C:\windows\SYSTEM32\ntdll.dll
0x00007ff807430000 - 0x00007ff8074f4000 	C:\windows\System32\KERNEL32.DLL
0x00007ff804ec0000 - 0x00007ff80526d000 	C:\windows\System32\KERNELBASE.dll
0x00007ff804da0000 - 0x00007ff804eb1000 	C:\windows\System32\ucrtbase.dll
0x00007ffff9700000 - 0x00007ffff971b000 	C:\Program Files\Android\Android Studio\jbr\bin\VCRUNTIME140.dll
0x00007fffd2490000 - 0x00007fffd24a7000 	C:\Program Files\Android\Android Studio\jbr\bin\jli.dll
0x00007ff806d90000 - 0x00007ff806f3e000 	C:\windows\System32\USER32.dll
0x00007ff8054d0000 - 0x00007ff8054f6000 	C:\windows\System32\win32u.dll
0x00007ff807000000 - 0x00007ff807029000 	C:\windows\System32\GDI32.dll
0x00007ff805270000 - 0x00007ff805389000 	C:\windows\System32\gdi32full.dll
0x00007ff805500000 - 0x00007ff80559a000 	C:\windows\System32\msvcp_win.dll
0x00007fffd6870000 - 0x00007fffd6b03000 	C:\windows\WinSxS\amd64_microsoft.windows.common-controls_6595b64144ccf1df_6.0.22621.3672_none_2713b9d173822955\COMCTL32.dll
0x00007ff807770000 - 0x00007ff807817000 	C:\windows\System32\msvcrt.dll
0x00007ff806c50000 - 0x00007ff806c81000 	C:\windows\System32\IMM32.DLL
0x00007ffff6510000 - 0x00007ffff651c000 	C:\Program Files\Android\Android Studio\jbr\bin\vcruntime140_1.dll
0x00007ffff6480000 - 0x00007ffff650d000 	C:\Program Files\Android\Android Studio\jbr\bin\msvcp140.dll
0x00007fff68c60000 - 0x00007fff698e3000 	C:\Program Files\Android\Android Studio\jbr\bin\server\jvm.dll
0x00007ff806f40000 - 0x00007ff806ff2000 	C:\windows\System32\ADVAPI32.dll
0x00007ff8076b0000 - 0x00007ff807759000 	C:\windows\System32\sechost.dll
0x00007ff8055a0000 - 0x00007ff8055c8000 	C:\windows\System32\bcrypt.dll
0x00007ff807310000 - 0x00007ff807424000 	C:\windows\System32\RPCRT4.dll
0x00007ffff20d0000 - 0x00007ffff20da000 	C:\windows\SYSTEM32\VERSION.dll
0x00007fffdcb70000 - 0x00007fffdcb79000 	C:\windows\SYSTEM32\WSOCK32.dll
0x00007ff803e00000 - 0x00007ff803e4d000 	C:\windows\SYSTEM32\POWRPROF.dll
0x00007ff807500000 - 0x00007ff807571000 	C:\windows\System32\WS2_32.dll
0x00007ffffed50000 - 0x00007ffffed84000 	C:\windows\SYSTEM32\WINMM.dll
0x00007ff803de0000 - 0x00007ff803df3000 	C:\windows\SYSTEM32\UMPDC.dll
0x00007ff803d40000 - 0x00007ff803d58000 	C:\windows\SYSTEM32\kernel.appcore.dll
0x00007ff8003c0000 - 0x00007ff8003ca000 	C:\Program Files\Android\Android Studio\jbr\bin\jimage.dll
0x00007ff801bb0000 - 0x00007ff801de2000 	C:\windows\SYSTEM32\DBGHELP.DLL
0x00007ff806050000 - 0x00007ff8063de000 	C:\windows\System32\combase.dll
0x00007ff807820000 - 0x00007ff8078f7000 	C:\windows\System32\OLEAUT32.dll
0x00007ffff2370000 - 0x00007ffff23a2000 	C:\windows\SYSTEM32\dbgcore.DLL
0x00007ff805450000 - 0x00007ff8054cb000 	C:\windows\System32\bcryptPrimitives.dll
0x00007ffffc130000 - 0x00007ffffc155000 	C:\Program Files\Android\Android Studio\jbr\bin\java.dll
0x00007ffff99c0000 - 0x00007ffff99d8000 	C:\Program Files\Android\Android Studio\jbr\bin\zip.dll
0x00007ff8063e0000 - 0x00007ff806c47000 	C:\windows\System32\SHELL32.dll
0x00007ff802c60000 - 0x00007ff80355f000 	C:\windows\SYSTEM32\windows.storage.dll
0x00007ff802b20000 - 0x00007ff802c5f000 	C:\windows\SYSTEM32\wintypes.dll
0x00007ff806c90000 - 0x00007ff806d89000 	C:\windows\System32\SHCORE.dll
0x00007ff807970000 - 0x00007ff8079ce000 	C:\windows\System32\shlwapi.dll
0x00007ff804c60000 - 0x00007ff804c87000 	C:\windows\SYSTEM32\profapi.dll
0x00007fffe7b70000 - 0x00007fffe7b89000 	C:\Program Files\Android\Android Studio\jbr\bin\net.dll
0x00007ff800e40000 - 0x00007ff800f76000 	C:\windows\SYSTEM32\WINHTTP.dll
0x00007ff804290000 - 0x00007ff8042f9000 	C:\windows\system32\mswsock.dll
0x00007fffd9700000 - 0x00007fffd9716000 	C:\Program Files\Android\Android Studio\jbr\bin\nio.dll
0x00007fffff990000 - 0x00007fffff9a0000 	C:\Program Files\Android\Android Studio\jbr\bin\verify.dll

dbghelp: loaded successfully - version: 4.0.5 - missing functions: none
symbol engine: initialized successfully - sym options: 0x614 - pdb path: .;C:\Program Files\Android\Android Studio\jbr\bin;C:\windows\SYSTEM32;C:\windows\WinSxS\amd64_microsoft.windows.common-controls_6595b64144ccf1df_6.0.22621.3672_none_2713b9d173822955;C:\Program Files\Android\Android Studio\jbr\bin\server

VM Arguments:
java_command: org.jetbrains.kotlin.cli.jvm.K2JVMCompiler @C:\Users\angel\OneDrive\Escritorio\DilloSports\app\build\20240912_14783159504380718541.compiler.options
java_class_path (initial): C:\Users\angel\.gradle\caches\modules-2\files-2.1\org.jetbrains.kotlin\kotlin-compiler-embeddable\1.9.0\2c8c3a7402becca891f12739b3e9fd2dc2adbd7a\kotlin-compiler-embeddable-1.9.0.jar;C:\Users\angel\.gradle\caches\modules-2\files-2.1\org.jetbrains.kotlin\kotlin-stdlib\1.9.0\8ee15ef0c67dc83d874f412d84378d7f0eb50b63\kotlin-stdlib-1.9.0.jar;C:\Users\angel\.gradle\caches\modules-2\files-2.1\org.jetbrains.kotlin\kotlin-script-runtime\1.9.0\4b3102cbbb7e1b58d9d1adf89563f00069ffa7d1\kotlin-script-runtime-1.9.0.jar;C:\Users\angel\.gradle\caches\modules-2\files-2.1\org.jetbrains.kotlin\kotlin-reflect\1.6.10\1cbe9c92c12a94eea200d23c2bbaedaf3daf5132\kotlin-reflect-1.6.10.jar;C:\Users\angel\.gradle\caches\modules-2\files-2.1\org.jetbrains.kotlin\kotlin-daemon-embeddable\1.9.0\186543f5e28cf8d9a0290fecc2cf34301c40a65c\kotlin-daemon-embeddable-1.9.0.jar;C:\Users\angel\.gradle\caches\modules-2\files-2.1\org.jetbrains.intellij.deps\trove4j\1.0.20200330\3afb14d5f9ceb459d724e907a21145e8ff394f02\trove4j-1.0.20200330.jar;C:\Users\angel\.gradle\caches\modules-2\files-2.1\org.jetbrains.kotlin\kotlin-stdlib-common\1.9.0\cd65c21cfd1eec4d44ef09f9f52b6d9f8a720636\kotlin-stdlib-common-1.9.0.jar;C:\Users\angel\.gradle\caches\modules-2\files-2.1\org.jetbrains\annotations\13.0\919f0dfe192fb4e063e7dacadee7f8bb9a2672a9\annotations-13.0.jar
Launcher Type: SUN_STANDARD

[Global flags]
     intx CICompilerCount                          = 4                                         {product} {ergonomic}
     uint ConcGCThreads                            = 3                                         {product} {ergonomic}
     uint G1ConcRefinementThreads                  = 10                                        {product} {ergonomic}
   size_t G1HeapRegionSize                         = 1048576                                   {product} {ergonomic}
    uintx GCDrainStackTargetSize                   = 64                                        {product} {ergonomic}
   size_t InitialHeapSize                          = 130023424                                 {product} {ergonomic}
   size_t MarkStackSize                            = 4194304                                   {product} {ergonomic}
   size_t MaxHeapSize                              = 2067791872                                {product} {ergonomic}
   size_t MaxNewSize                               = 1240465408                                {product} {ergonomic}
   size_t MinHeapDeltaBytes                        = 1048576                                   {product} {ergonomic}
   size_t MinHeapSize                              = 8388608                                   {product} {ergonomic}
    uintx NonNMethodCodeHeapSize                   = 5839372                                {pd product} {ergonomic}
    uintx NonProfiledCodeHeapSize                  = 122909434                              {pd product} {ergonomic}
    uintx ProfiledCodeHeapSize                     = 122909434                              {pd product} {ergonomic}
    uintx ReservedCodeCacheSize                    = 251658240                              {pd product} {ergonomic}
     bool SegmentedCodeCache                       = true                                      {product} {ergonomic}
   size_t SoftMaxHeapSize                          = 2067791872                             {manageable} {ergonomic}
     bool UseCompressedClassPointers               = true                           {product lp64_product} {ergonomic}
     bool UseCompressedOops                        = true                           {product lp64_product} {ergonomic}
     bool UseG1GC                                  = true                                      {product} {ergonomic}
     bool UseLargePagesIndividualAllocation        = false                                  {pd product} {ergonomic}

Logging:
Log output configuration:
 #0: stdout all=warning uptime,level,tags
 #1: stderr all=off uptime,level,tags

Environment Variables:
PATH=C:\Program Files (x86)\Common Files\Oracle\Java\java8path;C:\Program Files (x86)\Common Files\Oracle\Java\javapath;C:\oracle\dbhomeXE\bin;C:\app\angel\product\21c\dbhomeXE\bin;C:\windows\system32;C:\windows;C:\windows\System32\Wbem;C:\windows\System32\WindowsPowerShell\v1.0\;C:\windows\System32\OpenSSH\;C:\Program Files\dotnet\;C:\Program Files (x86)\Microsoft SQL Server\160\Tools\Binn\;C:\Program Files\Microsoft SQL Server\160\Tools\Binn\;C:\Program Files\Microsoft SQL Server\Client SDK\ODBC\170\Tools\Binn\;C:\Program Files\Microsoft SQL Server\160\DTS\Binn\;C:\Program Files (x86)\Microsoft SQL Server\160\DTS\Binn\;C:\Program Files\Azure Data Studio\bin;C:\Program Files\HP\HP One Agent;C:\Program Files\Git\cmd;C:\Users\angel\AppData\Local\Microsoft\WindowsApps;;C:\Users\angel\AppData\Local\Programs\Microsoft VS Code\bin;C:\Users\angel\.dotnet\tools;C:\Program Files\Azure Data Studio\bin
USERNAME=angel
OS=Windows_NT
PROCESSOR_IDENTIFIER=Intel64 Family 6 Model 154 Stepping 4, GenuineIntel
TMP=C:\Users\angel\AppData\Local\Temp
TEMP=C:\Users\angel\AppData\Local\Temp



Periodic native trim disabled

JNI global refs:
JNI global refs: 13, weak refs: 19

JNI global refs memory usage: 843, weak refs: 841

OOME stack traces (most recent first):
Classloader memory used:
Loader jdk.internal.loader.ClassLoaders$AppClassLoader                                 : 8458K
Loader bootstrap                                                                       : 1360K
Loader jdk.internal.reflect.DelegatingClassLoader                                      : 23833B


---------------  S Y S T E M  ---------------

OS:
 Windows 11 , 64 bit Build 22621 (10.0.22621.3958)
OS uptime: 1 days 22:27 hours
Hyper-V role detected

CPU: total 12 (initial active 12) (6 cores per cpu, 2 threads per core) family 6 model 154 stepping 4 microcode 0x432, cx8, cmov, fxsr, ht, mmx, 3dnowpref, sse, sse2, sse3, ssse3, sse4.1, sse4.2, popcnt, lzcnt, tsc, tscinvbit, avx, avx2, aes, erms, clmul, bmi1, bmi2, adx, sha, fma, vzeroupper, clflush, clflushopt, clwb, hv
Processor Information for processor 0
  Max Mhz: 1100, Current Mhz: 1100, Mhz Limit: 1100
Processor Information for processor 1
  Max Mhz: 1100, Current Mhz: 1100, Mhz Limit: 1100
Processor Information for processor 2
  Max Mhz: 1100, Current Mhz: 1100, Mhz Limit: 1100
Processor Information for processor 3
  Max Mhz: 1100, Current Mhz: 1100, Mhz Limit: 1100
Processor Information for processor 4
  Max Mhz: 1100, Current Mhz: 800, Mhz Limit: 792
Processor Information for processor 5
  Max Mhz: 1100, Current Mhz: 800, Mhz Limit: 792
Processor Information for processor 6
  Max Mhz: 1100, Current Mhz: 800, Mhz Limit: 792
Processor Information for processor 7
  Max Mhz: 1100, Current Mhz: 800, Mhz Limit: 792
Processor Information for processor 8
  Max Mhz: 1100, Current Mhz: 800, Mhz Limit: 792
Processor Information for processor 9
  Max Mhz: 1100, Current Mhz: 800, Mhz Limit: 792
Processor Information for processor 10
  Max Mhz: 1100, Current Mhz: 800, Mhz Limit: 792
Processor Information for processor 11
  Max Mhz: 1100, Current Mhz: 800, Mhz Limit: 792

Memory: 4k page, system-wide physical 7885M (585M free)
TotalPageFile size 17885M (AvailPageFile size 83M)
current process WorkingSet (physical memory assigned to process): 389M, peak: 413M
current process commit charge ("private bytes"): 441M, peak: 610M

vm_info: OpenJDK 64-Bit Server VM (17.0.10+0--11609105) for windows-amd64 JRE (17.0.10+0--11609105), built on Mar 21 2024 19:10:56 by "androidbuild" with MS VC++ 16.10 / 16.11 (VS2019)

END.
