#
# There is insufficient memory for the Java Runtime Environment to continue.
# Native memory allocation (malloc) failed to allocate 1145936 bytes for Chunk::new
# Possible reasons:
#   The system is out of physical RAM or swap space
#   The process is running with CompressedOops enabled, and the Java Heap may be blocking the growth of the native heap
# Possible solutions:
#   Reduce memory load on the system
#   Increase physical memory or swap space
#   Check if swap backing store is full
#   Decrease Java heap size (-Xmx/-Xms)
#   Decrease number of Java threads
#   Decrease Java thread stack sizes (-Xss)
#   Set larger code cache with -XX:ReservedCodeCacheSize=
#   JVM is running with Unscaled Compressed Oops mode in which the Java heap is
#     placed in the first 4GB address space. The Java Heap base address is the
#     maximum limit for the native heap growth. Please use -XX:HeapBaseMinAddress
#     to set the Java Heap base and to place the Java Heap above 4GB virtual address.
# This output file may be truncated or incomplete.
#
#  Out of Memory Error (arena.cpp:191), pid=19028, tid=30976
#
# JRE version: OpenJDK Runtime Environment (17.0.10) (build 17.0.10+0--11609105)
# Java VM: OpenJDK 64-Bit Server VM (17.0.10+0--11609105, mixed mode, tiered, compressed oops, compressed class ptrs, g1 gc, windows-amd64)
# No core dump will be written. Minidumps are not enabled by default on client versions of Windows
#

---------------  S U M M A R Y ------------

Command Line: --add-opens=java.base/java.util=ALL-UNNAMED --add-opens=java.base/java.lang=ALL-UNNAMED --add-opens=java.base/java.lang.invoke=ALL-UNNAMED --add-opens=java.prefs/java.util.prefs=ALL-UNNAMED --add-opens=java.base/java.nio.charset=ALL-UNNAMED --add-opens=java.base/java.net=ALL-UNNAMED --add-opens=java.base/java.util.concurrent.atomic=ALL-UNNAMED -Xmx2048m -Dfile.encoding=UTF-8 -Duser.country=SV -Duser.language=es -Duser.variant -javaagent:C:\Users\angel\.gradle\wrapper\dists\gradle-8.7-bin\bhs2wmbdwecv87pi65oeuq5iu\gradle-8.7\lib\agents\gradle-instrumentation-agent-8.7.jar org.gradle.launcher.daemon.bootstrap.GradleDaemon 8.7

Host: 12th Gen Intel(R) Core(TM) i7-1250U, 12 cores, 7G,  Windows 11 , 64 bit Build 22621 (10.0.22621.3672)
Time: Wed Aug 14 22:41:42 2024 Hora estándar, América Central elapsed time: 7.502108 seconds (0d 0h 0m 7s)

---------------  T H R E A D  ---------------

Current thread (0x000002127e4fa850):  JavaThread "C2 CompilerThread0" daemon [_thread_in_native, id=30976, stack(0x000000774a800000,0x000000774a900000)]


Current CompileTask:
C2:   7502 4127       4       org.codehaus.groovy.runtime.metaclass.MetaMethodIndex::addMethodToList (128 bytes)

Stack: [0x000000774a800000,0x000000774a900000]
Native frames: (J=compiled Java code, j=interpreted, Vv=VM code, C=native code)
V  [jvm.dll+0x688de9]
V  [jvm.dll+0x8423da]
V  [jvm.dll+0x84401e]
V  [jvm.dll+0x844683]
V  [jvm.dll+0x24be0f]
V  [jvm.dll+0xac524]
V  [jvm.dll+0xacb6c]
V  [jvm.dll+0x36bd12]
V  [jvm.dll+0x1bde16]
V  [jvm.dll+0x21dbf9]
V  [jvm.dll+0x21cec1]
V  [jvm.dll+0x1a60ad]
V  [jvm.dll+0x22cd78]
V  [jvm.dll+0x22aeb0]
V  [jvm.dll+0x7f6877]
V  [jvm.dll+0x7f0c7a]
V  [jvm.dll+0x687c65]
C  [ucrtbase.dll+0x29333]
C  [KERNEL32.DLL+0x1257d]
C  [ntdll.dll+0x5af28]


---------------  P R O C E S S  ---------------

Threads class SMR info:
_java_thread_list=0x000002127ea2a1e0, length=40, elements={
0x000002127350be20, 0x000002127e3802b0, 0x000002127e3818d0, 0x000002127e4f42a0,
0x000002127e4f5c80, 0x000002127e4f6840, 0x000002127e4f9310, 0x000002127e4fa850,
0x000002127e4fb300, 0x000002127e4fe4b0, 0x000002127e308f10, 0x000002127e7f39f0,
0x0000021213fa8f40, 0x0000021213d6c600, 0x000002127edc1480, 0x000002127eb8f2b0,
0x000002127eb8f790, 0x000002121420aae0, 0x0000021213fc4870, 0x0000021213ff68d0,
0x0000021213ff59a0, 0x0000021213ff5eb0, 0x0000021213ff5490, 0x0000021213ff63c0,
0x0000021214f08540, 0x0000021214f07610, 0x0000021214f08030, 0x0000021214f09980,
0x0000021214f09e90, 0x0000021214f08f60, 0x0000021214f0b2d0, 0x0000021214f0a8b0,
0x0000021214f0bcf0, 0x0000021214f0c200, 0x0000021214f07b20, 0x0000021214f0c710,
0x0000021214f08a50, 0x0000021214f0cc20, 0x0000021214f0a3a0, 0x0000021214f0adc0
}

Java Threads: ( => current thread )
  0x000002127350be20 JavaThread "main" [_thread_blocked, id=16340, stack(0x0000007749b00000,0x0000007749c00000)]
  0x000002127e3802b0 JavaThread "Reference Handler" daemon [_thread_blocked, id=3832, stack(0x000000774a200000,0x000000774a300000)]
  0x000002127e3818d0 JavaThread "Finalizer" daemon [_thread_blocked, id=34684, stack(0x000000774a300000,0x000000774a400000)]
  0x000002127e4f42a0 JavaThread "Signal Dispatcher" daemon [_thread_blocked, id=7268, stack(0x000000774a400000,0x000000774a500000)]
  0x000002127e4f5c80 JavaThread "Attach Listener" daemon [_thread_blocked, id=34592, stack(0x000000774a500000,0x000000774a600000)]
  0x000002127e4f6840 JavaThread "Service Thread" daemon [_thread_blocked, id=31268, stack(0x000000774a600000,0x000000774a700000)]
  0x000002127e4f9310 JavaThread "Monitor Deflation Thread" daemon [_thread_blocked, id=18828, stack(0x000000774a700000,0x000000774a800000)]
=>0x000002127e4fa850 JavaThread "C2 CompilerThread0" daemon [_thread_in_native, id=30976, stack(0x000000774a800000,0x000000774a900000)]
  0x000002127e4fb300 JavaThread "C1 CompilerThread0" daemon [_thread_blocked, id=7448, stack(0x000000774a900000,0x000000774aa00000)]
  0x000002127e4fe4b0 JavaThread "Sweeper thread" daemon [_thread_blocked, id=40760, stack(0x000000774aa00000,0x000000774ab00000)]
  0x000002127e308f10 JavaThread "Common-Cleaner" daemon [_thread_blocked, id=572, stack(0x000000774ab00000,0x000000774ac00000)]
  0x000002127e7f39f0 JavaThread "Notification Thread" daemon [_thread_blocked, id=33412, stack(0x000000774ac00000,0x000000774ad00000)]
  0x0000021213fa8f40 JavaThread "Daemon health stats" [_thread_blocked, id=6824, stack(0x000000774b200000,0x000000774b300000)]
  0x0000021213d6c600 JavaThread "Incoming local TCP Connector on port 49920" [_thread_in_native, id=25936, stack(0x000000774b300000,0x000000774b400000)]
  0x000002127edc1480 JavaThread "Daemon periodic checks" [_thread_blocked, id=4636, stack(0x000000774b400000,0x000000774b500000)]
  0x000002127eb8f2b0 JavaThread "Daemon" [_thread_blocked, id=38988, stack(0x000000774b500000,0x000000774b600000)]
  0x000002127eb8f790 JavaThread "Handler for socket connection from /127.0.0.1:49920 to /127.0.0.1:49921" [_thread_in_native, id=12308, stack(0x000000774b600000,0x000000774b700000)]
  0x000002121420aae0 JavaThread "Cancel handler" [_thread_blocked, id=3416, stack(0x000000774b700000,0x000000774b800000)]
  0x0000021213fc4870 JavaThread "Daemon worker" [_thread_in_native, id=33128, stack(0x000000774b800000,0x000000774b900000)]
  0x0000021213ff68d0 JavaThread "Asynchronous log dispatcher for DefaultDaemonConnection: socket connection from /127.0.0.1:49920 to /127.0.0.1:49921" [_thread_blocked, id=28032, stack(0x000000774b900000,0x000000774ba00000)]
  0x0000021213ff59a0 JavaThread "Stdin handler" [_thread_blocked, id=8356, stack(0x000000774ba00000,0x000000774bb00000)]
  0x0000021213ff5eb0 JavaThread "Daemon client event forwarder" [_thread_blocked, id=18936, stack(0x000000774bb00000,0x000000774bc00000)]
  0x0000021213ff5490 JavaThread "Cache worker for journal cache (C:\Users\angel\.gradle\caches\journal-1)" [_thread_blocked, id=904, stack(0x000000774c000000,0x000000774c100000)]
  0x0000021213ff63c0 JavaThread "File lock request listener" [_thread_in_native, id=32412, stack(0x000000774c100000,0x000000774c200000)]
  0x0000021214f08540 JavaThread "Cache worker for file hash cache (C:\Users\angel\.gradle\caches\8.7\fileHashes)" [_thread_blocked, id=37528, stack(0x000000774c200000,0x000000774c300000)]
  0x0000021214f07610 JavaThread "Cache worker for file hash cache (C:\Users\angel\OneDrive\Escritorio\DilloSports\.gradle\8.7\fileHashes)" [_thread_blocked, id=14932, stack(0x000000774c300000,0x000000774c400000)]
  0x0000021214f08030 JavaThread "File watcher server" daemon [_thread_in_native, id=6748, stack(0x000000774c400000,0x000000774c500000)]
  0x0000021214f09980 JavaThread "File watcher consumer" daemon [_thread_blocked, id=11020, stack(0x000000774c500000,0x000000774c600000)]
  0x0000021214f09e90 JavaThread "jar transforms" [_thread_blocked, id=39696, stack(0x000000774c600000,0x000000774c700000)]
  0x0000021214f08f60 JavaThread "jar transforms Thread 2" [_thread_blocked, id=2344, stack(0x000000774c700000,0x000000774c800000)]
  0x0000021214f0b2d0 JavaThread "jar transforms Thread 3" [_thread_blocked, id=34344, stack(0x000000774c800000,0x000000774c900000)]
  0x0000021214f0a8b0 JavaThread "jar transforms Thread 4" [_thread_blocked, id=4916, stack(0x000000774c900000,0x000000774ca00000)]
  0x0000021214f0bcf0 JavaThread "jar transforms Thread 5" [_thread_blocked, id=27588, stack(0x000000774ca00000,0x000000774cb00000)]
  0x0000021214f0c200 JavaThread "jar transforms Thread 6" [_thread_blocked, id=29408, stack(0x000000774cb00000,0x000000774cc00000)]
  0x0000021214f07b20 JavaThread "jar transforms Thread 7" [_thread_blocked, id=32020, stack(0x000000774cc00000,0x000000774cd00000)]
  0x0000021214f0c710 JavaThread "jar transforms Thread 8" [_thread_blocked, id=12376, stack(0x000000774cd00000,0x000000774ce00000)]
  0x0000021214f08a50 JavaThread "Cache worker for checksums cache (C:\Users\angel\OneDrive\Escritorio\DilloSports\.gradle\8.7\checksums)" [_thread_blocked, id=27204, stack(0x000000774ce00000,0x000000774cf00000)]
  0x0000021214f0cc20 JavaThread "Cache worker for cache directory md-supplier (C:\Users\angel\.gradle\caches\8.7\md-supplier)" [_thread_blocked, id=27268, stack(0x000000774cf00000,0x000000774d000000)]
  0x0000021214f0a3a0 JavaThread "Cache worker for cache directory md-rule (C:\Users\angel\.gradle\caches\8.7\md-rule)" [_thread_blocked, id=35592, stack(0x000000774d000000,0x000000774d100000)]
  0x0000021214f0adc0 JavaThread "Cache worker for file content cache (C:\Users\angel\.gradle\caches\8.7\fileContent)" [_thread_blocked, id=23748, stack(0x000000774d100000,0x000000774d200000)]

Other Threads:
  0x000002127e37d460 VMThread "VM Thread" [stack: 0x000000774a100000,0x000000774a200000] [id=22924]
  0x000002127e7f3ed0 WatcherThread [stack: 0x000000774ad00000,0x000000774ae00000] [id=31032]
  0x0000021273568de0 GCTaskThread "GC Thread#0" [stack: 0x0000007749c00000,0x0000007749d00000] [id=13464]
  0x000002121321ba60 GCTaskThread "GC Thread#1" [stack: 0x000000774ae00000,0x000000774af00000] [id=30672]
  0x000002127ee10a80 GCTaskThread "GC Thread#2" [stack: 0x000000774af00000,0x000000774b000000] [id=25792]
  0x0000021213464680 GCTaskThread "GC Thread#3" [stack: 0x000000774b000000,0x000000774b100000] [id=15664]
  0x000002127ef95680 GCTaskThread "GC Thread#4" [stack: 0x000000774b100000,0x000000774b200000] [id=28552]
  0x0000021213370870 GCTaskThread "GC Thread#5" [stack: 0x000000774bc00000,0x000000774bd00000] [id=16676]
  0x000002121424d020 GCTaskThread "GC Thread#6" [stack: 0x000000774bd00000,0x000000774be00000] [id=29672]
  0x0000021213fe7e50 GCTaskThread "GC Thread#7" [stack: 0x000000774be00000,0x000000774bf00000] [id=32212]
  0x000002127357a4d0 ConcurrentGCThread "G1 Main Marker" [stack: 0x0000007749d00000,0x0000007749e00000] [id=6816]
  0x000002127357aef0 ConcurrentGCThread "G1 Conc#0" [stack: 0x0000007749e00000,0x0000007749f00000] [id=40948]
  0x0000021214024060 ConcurrentGCThread "G1 Conc#1" [stack: 0x000000774bf00000,0x000000774c000000] [id=39336]
  0x00000212735bdf10 ConcurrentGCThread "G1 Refine#0" [stack: 0x0000007749f00000,0x000000774a000000] [id=472]
  0x00000212735be940 ConcurrentGCThread "G1 Service" [stack: 0x000000774a000000,0x000000774a100000] [id=20920]

Threads with active compile tasks:
C2 CompilerThread0     7556 4127       4       org.codehaus.groovy.runtime.metaclass.MetaMethodIndex::addMethodToList (128 bytes)

VM state: not at safepoint (normal execution)

VM Mutex/Monitor currently owned by a thread: None

Heap address: 0x0000000080000000, size: 2048 MB, Compressed Oops mode: 32-bit

CDS archive(s) not mapped
Compressed class space mapped at: 0x0000000100000000-0x0000000140000000, reserved size: 1073741824
Narrow klass base: 0x0000000000000000, Narrow klass shift: 3, Narrow klass range: 0x140000000

GC Precious Log:
 CPUs: 12 total, 8 available
 Memory: 7885M
 Large Page Support: Disabled
 NUMA Support: Disabled
 Compressed Oops: Enabled (32-bit)
 Heap Region Size: 1M
 Heap Min Capacity: 8M
 Heap Initial Capacity: 124M
 Heap Max Capacity: 2G
 Pre-touch: Disabled
 Parallel Workers: 8
 Concurrent Workers: 2
 Concurrent Refinement Workers: 8
 Periodic GC: Disabled

Heap:
 garbage-first heap   total 108544K, used 84356K [0x0000000080000000, 0x0000000100000000)
  region size 1024K, 35 young (35840K), 1 survivors (1024K)
 Metaspace       used 49635K, committed 50048K, reserved 1114112K
  class space    used 6708K, committed 6912K, reserved 1048576K

Heap Regions: E=young(eden), S=young(survivor), O=old, HS=humongous(starts), HC=humongous(continues), CS=collection set, F=free, OA=open archive, CA=closed archive, TAMS=top-at-mark-start (previous, next)
|   0|0x0000000080000000, 0x0000000080100000, 0x0000000080100000|100%|HS|  |TAMS 0x0000000080100000, 0x0000000080000000| Complete 
|   1|0x0000000080100000, 0x0000000080200000, 0x0000000080200000|100%|HC|  |TAMS 0x0000000080200000, 0x0000000080100000| Complete 
|   2|0x0000000080200000, 0x0000000080300000, 0x0000000080300000|100%|HC|  |TAMS 0x0000000080300000, 0x0000000080200000| Complete 
|   3|0x0000000080300000, 0x0000000080400000, 0x0000000080400000|100%|HC|  |TAMS 0x0000000080400000, 0x0000000080300000| Complete 
|   4|0x0000000080400000, 0x0000000080500000, 0x0000000080500000|100%| O|  |TAMS 0x0000000080500000, 0x0000000080400000| Untracked 
|   5|0x0000000080500000, 0x0000000080600000, 0x0000000080600000|100%| O|  |TAMS 0x0000000080600000, 0x0000000080500000| Untracked 
|   6|0x0000000080600000, 0x0000000080700000, 0x0000000080700000|100%| O|  |TAMS 0x0000000080700000, 0x0000000080600000| Untracked 
|   7|0x0000000080700000, 0x0000000080800000, 0x0000000080800000|100%| O|  |TAMS 0x0000000080800000, 0x0000000080700000| Untracked 
|   8|0x0000000080800000, 0x0000000080900000, 0x0000000080900000|100%| O|  |TAMS 0x0000000080900000, 0x0000000080800000| Untracked 
|   9|0x0000000080900000, 0x0000000080a00000, 0x0000000080a00000|100%| O|  |TAMS 0x0000000080a00000, 0x0000000080900000| Untracked 
|  10|0x0000000080a00000, 0x0000000080ab0000, 0x0000000080b00000| 68%| O|  |TAMS 0x0000000080ab0000, 0x0000000080a00000| Untracked 
|  11|0x0000000080b00000, 0x0000000080c00000, 0x0000000080c00000|100%| O|  |TAMS 0x0000000080c00000, 0x0000000080b00000| Untracked 
|  12|0x0000000080c00000, 0x0000000080d00000, 0x0000000080d00000|100%| O|  |TAMS 0x0000000080d00000, 0x0000000080c00000| Untracked 
|  13|0x0000000080d00000, 0x0000000080e00000, 0x0000000080e00000|100%| O|  |TAMS 0x0000000080e00000, 0x0000000080d00000| Untracked 
|  14|0x0000000080e00000, 0x0000000080f00000, 0x0000000080f00000|100%| O|  |TAMS 0x0000000080f00000, 0x0000000080e00000| Untracked 
|  15|0x0000000080f00000, 0x0000000081000000, 0x0000000081000000|100%| O|  |TAMS 0x0000000081000000, 0x0000000080f00000| Untracked 
|  16|0x0000000081000000, 0x0000000081100000, 0x0000000081100000|100%| O|  |TAMS 0x0000000081100000, 0x0000000081000000| Untracked 
|  17|0x0000000081100000, 0x0000000081200000, 0x0000000081200000|100%| O|  |TAMS 0x0000000081200000, 0x0000000081100000| Untracked 
|  18|0x0000000081200000, 0x0000000081300000, 0x0000000081300000|100%| O|  |TAMS 0x0000000081300000, 0x0000000081200000| Untracked 
|  19|0x0000000081300000, 0x0000000081400000, 0x0000000081400000|100%|HS|  |TAMS 0x0000000081400000, 0x0000000081300000| Complete 
|  20|0x0000000081400000, 0x0000000081500000, 0x0000000081500000|100%|HC|  |TAMS 0x0000000081500000, 0x0000000081400000| Complete 
|  21|0x0000000081500000, 0x0000000081600000, 0x0000000081600000|100%|HC|  |TAMS 0x0000000081600000, 0x0000000081500000| Complete 
|  22|0x0000000081600000, 0x0000000081700000, 0x0000000081700000|100%|HC|  |TAMS 0x0000000081700000, 0x0000000081600000| Complete 
|  23|0x0000000081700000, 0x0000000081800000, 0x0000000081800000|100%|HC|  |TAMS 0x0000000081800000, 0x0000000081700000| Complete 
|  24|0x0000000081800000, 0x0000000081900000, 0x0000000081900000|100%|HS|  |TAMS 0x0000000081900000, 0x0000000081800000| Complete 
|  25|0x0000000081900000, 0x0000000081a00000, 0x0000000081a00000|100%|HC|  |TAMS 0x0000000081a00000, 0x0000000081900000| Complete 
|  26|0x0000000081a00000, 0x0000000081b00000, 0x0000000081b00000|100%|HC|  |TAMS 0x0000000081b00000, 0x0000000081a00000| Complete 
|  27|0x0000000081b00000, 0x0000000081c00000, 0x0000000081c00000|100%|HS|  |TAMS 0x0000000081c00000, 0x0000000081b00000| Complete 
|  28|0x0000000081c00000, 0x0000000081d00000, 0x0000000081d00000|100%|HC|  |TAMS 0x0000000081d00000, 0x0000000081c00000| Complete 
|  29|0x0000000081d00000, 0x0000000081e00000, 0x0000000081e00000|100%|HC|  |TAMS 0x0000000081e00000, 0x0000000081d00000| Complete 
|  30|0x0000000081e00000, 0x0000000081f00000, 0x0000000081f00000|100%| O|  |TAMS 0x0000000081f00000, 0x0000000081e00000| Untracked 
|  31|0x0000000081f00000, 0x0000000082000000, 0x0000000082000000|100%| O|  |TAMS 0x0000000082000000, 0x0000000081f00000| Untracked 
|  32|0x0000000082000000, 0x0000000082100000, 0x0000000082100000|100%| O|  |TAMS 0x0000000082100000, 0x0000000082000000| Untracked 
|  33|0x0000000082100000, 0x0000000082200000, 0x0000000082200000|100%| O|  |TAMS 0x0000000082200000, 0x0000000082100000| Untracked 
|  34|0x0000000082200000, 0x0000000082300000, 0x0000000082300000|100%|HS|  |TAMS 0x0000000082300000, 0x0000000082200000| Complete 
|  35|0x0000000082300000, 0x0000000082400000, 0x0000000082400000|100%| O|  |TAMS 0x0000000082400000, 0x0000000082300000| Untracked 
|  36|0x0000000082400000, 0x0000000082500000, 0x0000000082500000|100%| O|  |TAMS 0x0000000082500000, 0x0000000082400000| Untracked 
|  37|0x0000000082500000, 0x0000000082600000, 0x0000000082600000|100%| O|  |TAMS 0x0000000082600000, 0x0000000082500000| Untracked 
|  38|0x0000000082600000, 0x0000000082700000, 0x0000000082700000|100%| O|  |TAMS 0x0000000082700000, 0x0000000082600000| Untracked 
|  39|0x0000000082700000, 0x0000000082800000, 0x0000000082800000|100%| O|  |TAMS 0x0000000082800000, 0x0000000082700000| Untracked 
|  40|0x0000000082800000, 0x0000000082900000, 0x0000000082900000|100%| O|  |TAMS 0x0000000082900000, 0x0000000082800000| Untracked 
|  41|0x0000000082900000, 0x0000000082a00000, 0x0000000082a00000|100%| O|  |TAMS 0x0000000082a00000, 0x0000000082900000| Untracked 
|  42|0x0000000082a00000, 0x0000000082b00000, 0x0000000082b00000|100%| O|  |TAMS 0x0000000082b00000, 0x0000000082a00000| Untracked 
|  43|0x0000000082b00000, 0x0000000082c00000, 0x0000000082c00000|100%| O|  |TAMS 0x0000000082c00000, 0x0000000082b00000| Untracked 
|  44|0x0000000082c00000, 0x0000000082d00000, 0x0000000082d00000|100%| O|  |TAMS 0x0000000082d00000, 0x0000000082c00000| Untracked 
|  45|0x0000000082d00000, 0x0000000082d5ce00, 0x0000000082e00000| 36%| O|  |TAMS 0x0000000082d5ce00, 0x0000000082d00000| Untracked 
|  46|0x0000000082e00000, 0x0000000082e00000, 0x0000000082f00000|  0%| F|  |TAMS 0x0000000082e00000, 0x0000000082e00000| Untracked 
|  47|0x0000000082f00000, 0x0000000083000000, 0x0000000083000000|100%|HS|  |TAMS 0x0000000083000000, 0x0000000082f00000| Complete 
|  48|0x0000000083000000, 0x0000000083100000, 0x0000000083100000|100%|HC|  |TAMS 0x0000000083100000, 0x0000000083000000| Complete 
|  49|0x0000000083100000, 0x0000000083200000, 0x0000000083200000|100%|HS|  |TAMS 0x0000000083100000, 0x0000000083100000| Complete 
|  50|0x0000000083200000, 0x0000000083300000, 0x0000000083300000|100%|HC|  |TAMS 0x0000000083200000, 0x0000000083200000| Complete 
|  51|0x0000000083300000, 0x0000000083300000, 0x0000000083400000|  0%| F|  |TAMS 0x0000000083300000, 0x0000000083300000| Untracked 
|  52|0x0000000083400000, 0x0000000083400000, 0x0000000083500000|  0%| F|  |TAMS 0x0000000083400000, 0x0000000083400000| Untracked 
|  53|0x0000000083500000, 0x0000000083500000, 0x0000000083600000|  0%| F|  |TAMS 0x0000000083500000, 0x0000000083500000| Untracked 
|  54|0x0000000083600000, 0x0000000083600000, 0x0000000083700000|  0%| F|  |TAMS 0x0000000083600000, 0x0000000083600000| Untracked 
|  55|0x0000000083700000, 0x0000000083700000, 0x0000000083800000|  0%| F|  |TAMS 0x0000000083700000, 0x0000000083700000| Untracked 
|  56|0x0000000083800000, 0x0000000083800000, 0x0000000083900000|  0%| F|  |TAMS 0x0000000083800000, 0x0000000083800000| Untracked 
|  57|0x0000000083900000, 0x0000000083900000, 0x0000000083a00000|  0%| F|  |TAMS 0x0000000083900000, 0x0000000083900000| Untracked 
|  58|0x0000000083a00000, 0x0000000083a00000, 0x0000000083b00000|  0%| F|  |TAMS 0x0000000083a00000, 0x0000000083a00000| Untracked 
|  59|0x0000000083b00000, 0x0000000083b00000, 0x0000000083c00000|  0%| F|  |TAMS 0x0000000083b00000, 0x0000000083b00000| Untracked 
|  60|0x0000000083c00000, 0x0000000083c00000, 0x0000000083d00000|  0%| F|  |TAMS 0x0000000083c00000, 0x0000000083c00000| Untracked 
|  61|0x0000000083d00000, 0x0000000083d00000, 0x0000000083e00000|  0%| F|  |TAMS 0x0000000083d00000, 0x0000000083d00000| Untracked 
|  62|0x0000000083e00000, 0x0000000083e00000, 0x0000000083f00000|  0%| F|  |TAMS 0x0000000083e00000, 0x0000000083e00000| Untracked 
|  63|0x0000000083f00000, 0x0000000083f00000, 0x0000000084000000|  0%| F|  |TAMS 0x0000000083f00000, 0x0000000083f00000| Untracked 
|  64|0x0000000084000000, 0x0000000084000000, 0x0000000084100000|  0%| F|  |TAMS 0x0000000084000000, 0x0000000084000000| Untracked 
|  65|0x0000000084100000, 0x0000000084100000, 0x0000000084200000|  0%| F|  |TAMS 0x0000000084100000, 0x0000000084100000| Untracked 
|  66|0x0000000084200000, 0x0000000084200000, 0x0000000084300000|  0%| F|  |TAMS 0x0000000084200000, 0x0000000084200000| Untracked 
|  67|0x0000000084300000, 0x0000000084300000, 0x0000000084400000|  0%| F|  |TAMS 0x0000000084300000, 0x0000000084300000| Untracked 
|  68|0x0000000084400000, 0x0000000084400000, 0x0000000084500000|  0%| F|  |TAMS 0x0000000084400000, 0x0000000084400000| Untracked 
|  69|0x0000000084500000, 0x0000000084500000, 0x0000000084600000|  0%| F|  |TAMS 0x0000000084500000, 0x0000000084500000| Untracked 
|  70|0x0000000084600000, 0x0000000084680c10, 0x0000000084700000| 50%| E|  |TAMS 0x0000000084600000, 0x0000000084600000| Complete 
|  71|0x0000000084700000, 0x0000000084800000, 0x0000000084800000|100%| E|CS|TAMS 0x0000000084700000, 0x0000000084700000| Complete 
|  72|0x0000000084800000, 0x0000000084900000, 0x0000000084900000|100%| E|CS|TAMS 0x0000000084800000, 0x0000000084800000| Complete 
|  73|0x0000000084900000, 0x0000000084a00000, 0x0000000084a00000|100%| E|CS|TAMS 0x0000000084900000, 0x0000000084900000| Complete 
|  74|0x0000000084a00000, 0x0000000084b00000, 0x0000000084b00000|100%| E|CS|TAMS 0x0000000084a00000, 0x0000000084a00000| Complete 
|  75|0x0000000084b00000, 0x0000000084c00000, 0x0000000084c00000|100%| E|CS|TAMS 0x0000000084b00000, 0x0000000084b00000| Complete 
|  76|0x0000000084c00000, 0x0000000084d00000, 0x0000000084d00000|100%| E|CS|TAMS 0x0000000084c00000, 0x0000000084c00000| Complete 
|  77|0x0000000084d00000, 0x0000000084e00000, 0x0000000084e00000|100%| E|CS|TAMS 0x0000000084d00000, 0x0000000084d00000| Complete 
|  78|0x0000000084e00000, 0x0000000084f00000, 0x0000000084f00000|100%| E|CS|TAMS 0x0000000084e00000, 0x0000000084e00000| Complete 
|  79|0x0000000084f00000, 0x0000000085000000, 0x0000000085000000|100%| E|CS|TAMS 0x0000000084f00000, 0x0000000084f00000| Complete 
|  80|0x0000000085000000, 0x0000000085100000, 0x0000000085100000|100%| E|CS|TAMS 0x0000000085000000, 0x0000000085000000| Complete 
|  81|0x0000000085100000, 0x0000000085200000, 0x0000000085200000|100%| E|CS|TAMS 0x0000000085100000, 0x0000000085100000| Complete 
|  82|0x0000000085200000, 0x0000000085300000, 0x0000000085300000|100%| E|CS|TAMS 0x0000000085200000, 0x0000000085200000| Complete 
|  83|0x0000000085300000, 0x0000000085400000, 0x0000000085400000|100%| E|CS|TAMS 0x0000000085300000, 0x0000000085300000| Complete 
|  84|0x0000000085400000, 0x0000000085500000, 0x0000000085500000|100%| E|CS|TAMS 0x0000000085400000, 0x0000000085400000| Complete 
|  85|0x0000000085500000, 0x0000000085600000, 0x0000000085600000|100%| E|CS|TAMS 0x0000000085500000, 0x0000000085500000| Complete 
|  86|0x0000000085600000, 0x0000000085700000, 0x0000000085700000|100%| E|CS|TAMS 0x0000000085600000, 0x0000000085600000| Complete 
|  87|0x0000000085700000, 0x0000000085800000, 0x0000000085800000|100%| E|CS|TAMS 0x0000000085700000, 0x0000000085700000| Complete 
|  88|0x0000000085800000, 0x0000000085900000, 0x0000000085900000|100%| E|CS|TAMS 0x0000000085800000, 0x0000000085800000| Complete 
|  89|0x0000000085900000, 0x0000000085a00000, 0x0000000085a00000|100%| E|CS|TAMS 0x0000000085900000, 0x0000000085900000| Complete 
|  90|0x0000000085a00000, 0x0000000085b00000, 0x0000000085b00000|100%| E|CS|TAMS 0x0000000085a00000, 0x0000000085a00000| Complete 
|  91|0x0000000085b00000, 0x0000000085c00000, 0x0000000085c00000|100%| E|CS|TAMS 0x0000000085b00000, 0x0000000085b00000| Complete 
|  92|0x0000000085c00000, 0x0000000085d00000, 0x0000000085d00000|100%| E|CS|TAMS 0x0000000085c00000, 0x0000000085c00000| Complete 
|  93|0x0000000085d00000, 0x0000000085e00000, 0x0000000085e00000|100%| E|CS|TAMS 0x0000000085d00000, 0x0000000085d00000| Complete 
|  94|0x0000000085e00000, 0x0000000085f00000, 0x0000000085f00000|100%| E|CS|TAMS 0x0000000085e00000, 0x0000000085e00000| Complete 
|  95|0x0000000085f00000, 0x0000000086000000, 0x0000000086000000|100%| E|CS|TAMS 0x0000000085f00000, 0x0000000085f00000| Complete 
|  96|0x0000000086000000, 0x0000000086100000, 0x0000000086100000|100%| E|CS|TAMS 0x0000000086000000, 0x0000000086000000| Complete 
|  97|0x0000000086100000, 0x0000000086200000, 0x0000000086200000|100%| E|CS|TAMS 0x0000000086100000, 0x0000000086100000| Complete 
|  98|0x0000000086200000, 0x0000000086300000, 0x0000000086300000|100%| E|CS|TAMS 0x0000000086200000, 0x0000000086200000| Complete 
|  99|0x0000000086300000, 0x0000000086400000, 0x0000000086400000|100%| E|CS|TAMS 0x0000000086300000, 0x0000000086300000| Complete 
| 100|0x0000000086400000, 0x0000000086500000, 0x0000000086500000|100%| E|CS|TAMS 0x0000000086400000, 0x0000000086400000| Complete 
| 101|0x0000000086500000, 0x0000000086600000, 0x0000000086600000|100%| E|CS|TAMS 0x0000000086500000, 0x0000000086500000| Complete 
| 102|0x0000000086600000, 0x0000000086700000, 0x0000000086700000|100%| E|CS|TAMS 0x0000000086600000, 0x0000000086600000| Complete 
| 103|0x0000000086700000, 0x0000000086754500, 0x0000000086800000| 32%| S|CS|TAMS 0x0000000086700000, 0x0000000086700000| Complete 
| 104|0x0000000086800000, 0x0000000086900000, 0x0000000086900000|100%| E|CS|TAMS 0x0000000086800000, 0x0000000086800000| Complete 
| 123|0x0000000087b00000, 0x0000000087c00000, 0x0000000087c00000|100%| E|CS|TAMS 0x0000000087b00000, 0x0000000087b00000| Complete 

Card table byte_map: [0x0000021277110000,0x0000021277510000] _byte_map_base: 0x0000021276d10000

Marking Bits (Prev, Next): (CMBitMap*) 0x0000021273569440, (CMBitMap*) 0x0000021273569400
 Prev Bits: [0x0000021279910000, 0x000002127b910000)
 Next Bits: [0x0000021277910000, 0x0000021279910000)

Polling page: 0x0000021271220000

Metaspace:

Usage:
  Non-class:     41.95 MB used.
      Class:      6.56 MB used.
       Both:     48.51 MB used.

Virtual space:
  Non-class space:       64.00 MB reserved,      42.19 MB ( 66%) committed,  1 nodes.
      Class space:        1.00 GB reserved,       6.75 MB ( <1%) committed,  1 nodes.
             Both:        1.06 GB reserved,      48.94 MB (  4%) committed. 

Chunk freelists:
   Non-Class:  5.67 MB
       Class:  9.20 MB
        Both:  14.87 MB

MaxMetaspaceSize: unlimited
CompressedClassSpaceSize: 1.00 GB
Initial GC threshold: 21.00 MB
Current GC threshold: 75.00 MB
CDS: off
MetaspaceReclaimPolicy: balanced
 - commit_granule_bytes: 65536.
 - commit_granule_words: 8192.
 - virtual_space_node_default_size: 8388608.
 - enlarge_chunks_in_place: 1.
 - new_chunks_are_fully_committed: 0.
 - uncommit_free_chunks: 1.
 - use_allocation_guard: 0.
 - handle_deallocations: 1.


Internal statistics:

num_allocs_failed_limit: 3.
num_arena_births: 472.
num_arena_deaths: 0.
num_vsnodes_births: 2.
num_vsnodes_deaths: 0.
num_space_committed: 783.
num_space_uncommitted: 0.
num_chunks_returned_to_freelist: 3.
num_chunks_taken_from_freelist: 2083.
num_chunk_merges: 3.
num_chunk_splits: 1309.
num_chunks_enlarged: 875.
num_inconsistent_stats: 0.

CodeHeap 'non-profiled nmethods': size=120000Kb used=2236Kb max_used=2236Kb free=117763Kb
 bounds [0x0000021207ad0000, 0x0000021207d40000, 0x000002120f000000]
CodeHeap 'profiled nmethods': size=120000Kb used=8799Kb max_used=8799Kb free=111200Kb
 bounds [0x0000021200000000, 0x00000212008a0000, 0x0000021207530000]
CodeHeap 'non-nmethods': size=5760Kb used=2303Kb max_used=2330Kb free=3456Kb
 bounds [0x0000021207530000, 0x00000212077a0000, 0x0000021207ad0000]
 total_blobs=5007 nmethods=4195 adapters=723
 compilation: enabled
              stopped_count=0, restarted_count=0
 full_count=0

Compilation events (20 events):
Event: 7.449 Thread 0x000002127e4fb300 4191       3       java.lang.invoke.MethodType::methodType (14 bytes)
Event: 7.449 Thread 0x000002127e4fb300 nmethod 4191 0x000002120088da10 code [0x000002120088dbc0, 0x000002120088dee8]
Event: 7.449 Thread 0x000002127e4fb300 4190       3       java.lang.invoke.BoundMethodHandle::bindSingle (7 bytes)
Event: 7.450 Thread 0x000002127e4fb300 nmethod 4190 0x000002120088e010 code [0x000002120088e1a0, 0x000002120088e2a8]
Event: 7.450 Thread 0x000002127e4fb300 4192       3       java.lang.invoke.MethodHandles::makeIdentity (23 bytes)
Event: 7.450 Thread 0x000002127e4fb300 nmethod 4192 0x000002120088e390 code [0x000002120088e600, 0x000002120088efa8]
Event: 7.450 Thread 0x000002127e4fb300 4193       3       java.lang.invoke.SimpleMethodHandle::speciesData (4 bytes)
Event: 7.450 Thread 0x000002127e4fb300 nmethod 4193 0x000002120088f390 code [0x000002120088f520, 0x000002120088f638]
Event: 7.450 Thread 0x000002127e4fb300 4194       3       java.lang.invoke.SimpleMethodHandle::copyWithExtendL (7 bytes)
Event: 7.451 Thread 0x000002127e4fb300 nmethod 4194 0x000002120088f710 code [0x000002120088f8c0, 0x000002120088fa68]
Event: 7.457 Thread 0x000002127e4fb300 4196       3       java.lang.reflect.Proxy$ProxyBuilder::getElementType (19 bytes)
Event: 7.457 Thread 0x000002127e4fb300 nmethod 4196 0x000002120088fb90 code [0x000002120088fd60, 0x0000021200890018]
Event: 7.457 Thread 0x000002127e4fb300 4195       3       java.lang.reflect.Proxy$ProxyBuilder::addElementType (19 bytes)
Event: 7.458 Thread 0x000002127e4fb300 nmethod 4195 0x0000021200890190 code [0x0000021200890380, 0x0000021200890908]
Event: 7.458 Thread 0x000002127e4fb300 4197       3       java.util.concurrent.locks.ReentrantLock::isHeldByCurrentThread (8 bytes)
Event: 7.458 Thread 0x000002127e4fb300 nmethod 4197 0x0000021200890b10 code [0x0000021200890cc0, 0x0000021200890ed8]
Event: 7.460 Thread 0x000002127e4fb300 4198       3       sun.security.provider.DigestBase::engineDigest (112 bytes)
Event: 7.461 Thread 0x000002127e4fb300 nmethod 4198 0x0000021200890f90 code [0x0000021200891260, 0x0000021200891ea8]
Event: 7.495 Thread 0x000002127e4fb300 4199       3       java.lang.invoke.MemberName::isProtected (8 bytes)
Event: 7.495 Thread 0x000002127e4fb300 nmethod 4199 0x0000021200892310 code [0x00000212008924a0, 0x0000021200892678]

GC Heap History (20 events):
Event: 4.651 GC heap before
{Heap before GC invocations=5 (full 0):
 garbage-first heap   total 68608K, used 48369K [0x0000000080000000, 0x0000000100000000)
  region size 1024K, 29 young (29696K), 2 survivors (2048K)
 Metaspace       used 29988K, committed 30272K, reserved 1114112K
  class space    used 3996K, committed 4160K, reserved 1048576K
}
Event: 4.655 GC heap after
{Heap after GC invocations=6 (full 0):
 garbage-first heap   total 68608K, used 22282K [0x0000000080000000, 0x0000000100000000)
  region size 1024K, 4 young (4096K), 4 survivors (4096K)
 Metaspace       used 29988K, committed 30272K, reserved 1114112K
  class space    used 3996K, committed 4160K, reserved 1048576K
}
Event: 5.131 GC heap before
{Heap before GC invocations=6 (full 0):
 garbage-first heap   total 68608K, used 47882K [0x0000000080000000, 0x0000000100000000)
  region size 1024K, 20 young (20480K), 4 survivors (4096K)
 Metaspace       used 31766K, committed 32128K, reserved 1114112K
  class space    used 4319K, committed 4480K, reserved 1048576K
}
Event: 5.139 GC heap after
{Heap after GC invocations=7 (full 0):
 garbage-first heap   total 68608K, used 38035K [0x0000000080000000, 0x0000000100000000)
  region size 1024K, 4 young (4096K), 4 survivors (4096K)
 Metaspace       used 31766K, committed 32128K, reserved 1114112K
  class space    used 4319K, committed 4480K, reserved 1048576K
}
Event: 5.385 GC heap before
{Heap before GC invocations=8 (full 0):
 garbage-first heap   total 68608K, used 53395K [0x0000000080000000, 0x0000000100000000)
  region size 1024K, 18 young (18432K), 4 survivors (4096K)
 Metaspace       used 33655K, committed 34048K, reserved 1114112K
  class space    used 4606K, committed 4800K, reserved 1048576K
}
Event: 5.392 GC heap after
{Heap after GC invocations=9 (full 0):
 garbage-first heap   total 68608K, used 39067K [0x0000000080000000, 0x0000000100000000)
  region size 1024K, 1 young (1024K), 1 survivors (1024K)
 Metaspace       used 33655K, committed 34048K, reserved 1114112K
  class space    used 4606K, committed 4800K, reserved 1048576K
}
Event: 5.624 GC heap before
{Heap before GC invocations=9 (full 0):
 garbage-first heap   total 68608K, used 52379K [0x0000000080000000, 0x0000000100000000)
  region size 1024K, 15 young (15360K), 1 survivors (1024K)
 Metaspace       used 35286K, committed 35648K, reserved 1114112K
  class space    used 4889K, committed 5056K, reserved 1048576K
}
Event: 5.626 GC heap after
{Heap after GC invocations=10 (full 0):
 garbage-first heap   total 82944K, used 39699K [0x0000000080000000, 0x0000000100000000)
  region size 1024K, 2 young (2048K), 2 survivors (2048K)
 Metaspace       used 35286K, committed 35648K, reserved 1114112K
  class space    used 4889K, committed 5056K, reserved 1048576K
}
Event: 6.073 GC heap before
{Heap before GC invocations=11 (full 0):
 garbage-first heap   total 82944K, used 62227K [0x0000000080000000, 0x0000000100000000)
  region size 1024K, 25 young (25600K), 2 survivors (2048K)
 Metaspace       used 38794K, committed 39232K, reserved 1114112K
  class space    used 5444K, committed 5632K, reserved 1048576K
}
Event: 6.102 GC heap after
{Heap after GC invocations=12 (full 0):
 garbage-first heap   total 82944K, used 40735K [0x0000000080000000, 0x0000000100000000)
  region size 1024K, 3 young (3072K), 3 survivors (3072K)
 Metaspace       used 38794K, committed 39232K, reserved 1114112K
  class space    used 5444K, committed 5632K, reserved 1048576K
}
Event: 6.740 GC heap before
{Heap before GC invocations=12 (full 0):
 garbage-first heap   total 82944K, used 64287K [0x0000000080000000, 0x0000000100000000)
  region size 1024K, 27 young (27648K), 3 survivors (3072K)
 Metaspace       used 44317K, committed 44736K, reserved 1114112K
  class space    used 6002K, committed 6208K, reserved 1048576K
}
Event: 6.744 GC heap after
{Heap after GC invocations=13 (full 0):
 garbage-first heap   total 82944K, used 44184K [0x0000000080000000, 0x0000000100000000)
  region size 1024K, 4 young (4096K), 4 survivors (4096K)
 Metaspace       used 44317K, committed 44736K, reserved 1114112K
  class space    used 6002K, committed 6208K, reserved 1048576K
}
Event: 6.876 GC heap before
{Heap before GC invocations=14 (full 0):
 garbage-first heap   total 82944K, used 64664K [0x0000000080000000, 0x0000000100000000)
  region size 1024K, 24 young (24576K), 4 survivors (4096K)
 Metaspace       used 44829K, committed 45248K, reserved 1114112K
  class space    used 6057K, committed 6272K, reserved 1048576K
}
Event: 6.880 GC heap after
{Heap after GC invocations=15 (full 0):
 garbage-first heap   total 82944K, used 46204K [0x0000000080000000, 0x0000000100000000)
  region size 1024K, 2 young (2048K), 2 survivors (2048K)
 Metaspace       used 44829K, committed 45248K, reserved 1114112K
  class space    used 6057K, committed 6272K, reserved 1048576K
}
Event: 6.900 GC heap before
{Heap before GC invocations=15 (full 0):
 garbage-first heap   total 82944K, used 47228K [0x0000000080000000, 0x0000000100000000)
  region size 1024K, 5 young (5120K), 2 survivors (2048K)
 Metaspace       used 44972K, committed 45440K, reserved 1114112K
  class space    used 6065K, committed 6272K, reserved 1048576K
}
Event: 6.902 GC heap after
{Heap after GC invocations=16 (full 0):
 garbage-first heap   total 108544K, used 47020K [0x0000000080000000, 0x0000000100000000)
  region size 1024K, 1 young (1024K), 1 survivors (1024K)
 Metaspace       used 44972K, committed 45440K, reserved 1114112K
  class space    used 6065K, committed 6272K, reserved 1048576K
}
Event: 6.904 GC heap before
{Heap before GC invocations=16 (full 0):
 garbage-first heap   total 108544K, used 48044K [0x0000000080000000, 0x0000000100000000)
  region size 1024K, 2 young (2048K), 1 survivors (1024K)
 Metaspace       used 44972K, committed 45440K, reserved 1114112K
  class space    used 6065K, committed 6272K, reserved 1048576K
}
Event: 6.905 GC heap after
{Heap after GC invocations=17 (full 0):
 garbage-first heap   total 108544K, used 47482K [0x0000000080000000, 0x0000000100000000)
  region size 1024K, 1 young (1024K), 1 survivors (1024K)
 Metaspace       used 44972K, committed 45440K, reserved 1114112K
  class space    used 6065K, committed 6272K, reserved 1048576K
}
Event: 6.906 GC heap before
{Heap before GC invocations=17 (full 0):
 garbage-first heap   total 108544K, used 49530K [0x0000000080000000, 0x0000000100000000)
  region size 1024K, 2 young (2048K), 1 survivors (1024K)
 Metaspace       used 44972K, committed 45440K, reserved 1114112K
  class space    used 6065K, committed 6272K, reserved 1048576K
}
Event: 6.907 GC heap after
{Heap after GC invocations=18 (full 0):
 garbage-first heap   total 108544K, used 48516K [0x0000000080000000, 0x0000000100000000)
  region size 1024K, 1 young (1024K), 1 survivors (1024K)
 Metaspace       used 44972K, committed 45440K, reserved 1114112K
  class space    used 6065K, committed 6272K, reserved 1048576K
}

Dll operation events (3 events):
Event: 0.064 Loaded shared library C:\Program Files\Android\Android Studio\jbr\bin\java.dll
Event: 0.313 Loaded shared library C:\Program Files\Android\Android Studio\jbr\bin\zip.dll
Event: 0.767 Loaded shared library C:\Program Files\Android\Android Studio\jbr\bin\verify.dll

Deoptimization events (20 events):
Event: 6.963 Thread 0x0000021213fc4870 DEOPT PACKING pc=0x0000021207cc75e0 sp=0x000000774b8f7fd0
Event: 6.963 Thread 0x0000021213fc4870 DEOPT UNPACKING pc=0x00000212075869a3 sp=0x000000774b8f7f00 mode 2
Event: 6.963 Thread 0x0000021213fc4870 Uncommon trap: trap_request=0xffffffde fr.pc=0x0000021207cc75e0 relative=0x0000000000000400
Event: 6.963 Thread 0x0000021213fc4870 Uncommon trap: reason=class_check action=maybe_recompile pc=0x0000021207cc75e0 method=java.util.regex.Pattern$Start.match(Ljava/util/regex/Matcher;ILjava/lang/CharSequence;)Z @ 44 c2
Event: 6.963 Thread 0x0000021213fc4870 DEOPT PACKING pc=0x0000021207cc75e0 sp=0x000000774b8f7fd0
Event: 6.963 Thread 0x0000021213fc4870 DEOPT UNPACKING pc=0x00000212075869a3 sp=0x000000774b8f7f00 mode 2
Event: 6.964 Thread 0x0000021213fc4870 Uncommon trap: trap_request=0xffffffde fr.pc=0x0000021207ccb384 relative=0x00000000000002c4
Event: 6.964 Thread 0x0000021213fc4870 Uncommon trap: reason=class_check action=maybe_recompile pc=0x0000021207ccb384 method=java.util.regex.Pattern$Start.match(Ljava/util/regex/Matcher;ILjava/lang/CharSequence;)Z @ 44 c2
Event: 6.964 Thread 0x0000021213fc4870 DEOPT PACKING pc=0x0000021207ccb384 sp=0x000000774b8f7f30
Event: 6.964 Thread 0x0000021213fc4870 DEOPT UNPACKING pc=0x00000212075869a3 sp=0x000000774b8f7ef0 mode 2
Event: 6.984 Thread 0x0000021213fc4870 DEOPT PACKING pc=0x00000212003ab408 sp=0x000000774b8f8650
Event: 6.984 Thread 0x0000021213fc4870 DEOPT UNPACKING pc=0x0000021207587143 sp=0x000000774b8f7b58 mode 0
Event: 7.051 Thread 0x0000021213fc4870 Uncommon trap: trap_request=0xffffff45 fr.pc=0x0000021207c805f4 relative=0x0000000000003c54
Event: 7.051 Thread 0x0000021213fc4870 Uncommon trap: reason=unstable_if action=reinterpret pc=0x0000021207c805f4 method=org.objectweb.asm.Frame.push(I)V @ 26 c2
Event: 7.051 Thread 0x0000021213fc4870 DEOPT PACKING pc=0x0000021207c805f4 sp=0x000000774b8f5d00
Event: 7.051 Thread 0x0000021213fc4870 DEOPT UNPACKING pc=0x00000212075869a3 sp=0x000000774b8f5c28 mode 2
Event: 7.208 Thread 0x0000021213fc4870 Uncommon trap: trap_request=0xffffff45 fr.pc=0x0000021207c78130 relative=0x0000000000000110
Event: 7.208 Thread 0x0000021213fc4870 Uncommon trap: reason=unstable_if action=reinterpret pc=0x0000021207c78130 method=java.util.Arrays.hashCode([Ljava/lang/Object;)I @ 34 c2
Event: 7.208 Thread 0x0000021213fc4870 DEOPT PACKING pc=0x0000021207c78130 sp=0x000000774b8f7060
Event: 7.208 Thread 0x0000021213fc4870 DEOPT UNPACKING pc=0x00000212075869a3 sp=0x000000774b8f6fd8 mode 2

Classes unloaded (0 events):
No events

Classes redefined (0 events):
No events

Internal exceptions (20 events):
Event: 7.001 Thread 0x0000021213fc4870 Exception <a 'java/lang/ClassNotFoundException'{0x00000000865fb830}: sync_studio_tooling_4jrwf07cjpt5a7p7ftdukr3txCustomizer> (0x00000000865fb830) 
thrown [s\src\hotspot\share\classfile\systemDictionary.cpp, line 256]
Event: 7.006 Thread 0x0000021213fc4870 Exception <a 'java/lang/ClassNotFoundException'{0x000000008644c4a8}: org/gradle/internal/metaobject/ConfigureDelegateBeanInfo> (0x000000008644c4a8) 
thrown [s\src\hotspot\share\classfile\systemDictionary.cpp, line 256]
Event: 7.006 Thread 0x0000021213fc4870 Exception <a 'java/lang/ClassNotFoundException'{0x000000008645cd80}: org/gradle/internal/metaobject/ConfigureDelegateCustomizer> (0x000000008645cd80) 
thrown [s\src\hotspot\share\classfile\systemDictionary.cpp, line 256]
Event: 7.022 Thread 0x0000021213fc4870 Exception <a 'java/lang/ClassNotFoundException'{0x0000000086347c18}: org/gradle/api/internal/initialization/DefaultScriptHandler_DecoratedBeanInfo> (0x0000000086347c18) 
thrown [s\src\hotspot\share\classfile\systemDictionary.cpp, line 256]
Event: 7.023 Thread 0x0000021213fc4870 Exception <a 'java/lang/ClassNotFoundException'{0x000000008635a608}: org/gradle/api/internal/initialization/DefaultScriptHandlerBeanInfo> (0x000000008635a608) 
thrown [s\src\hotspot\share\classfile\systemDictionary.cpp, line 256]
Event: 7.024 Thread 0x0000021213fc4870 Exception <a 'java/lang/ClassNotFoundException'{0x000000008636cfc8}: org/gradle/api/internal/initialization/DefaultScriptHandlerCustomizer> (0x000000008636cfc8) 
thrown [s\src\hotspot\share\classfile\systemDictionary.cpp, line 256]
Event: 7.025 Thread 0x0000021213fc4870 Exception <a 'java/lang/ClassNotFoundException'{0x000000008638c360}: org/gradle/api/internal/initialization/DefaultScriptHandler_DecoratedCustomizer> (0x000000008638c360) 
thrown [s\src\hotspot\share\classfile\systemDictionary.cpp, line 256]
Event: 7.058 Thread 0x0000021213fc4870 Exception <a 'java/lang/NoSuchMethodError'{0x000000008600e8a0}: 'java.lang.Object java.lang.invoke.DirectMethodHandle$Holder.newInvokeSpecial(java.lang.Object, java.lang.Object, java.lang.Object, java.lang.Object, int)'> (0x000000008600e8a0) 
thrown [s\src\hotspot\share\interpreter\linkResolver.cpp, line 771]
Event: 7.058 Thread 0x0000021213fc4870 Exception <a 'java/lang/NoSuchMethodError'{0x0000000086013bc8}: 'java.lang.Object java.lang.invoke.DirectMethodHandle$Holder.invokeSpecial(java.lang.Object, java.lang.Object, java.lang.Object, java.lang.Object, java.lang.Object, int)'> (0x0000000086013bc8) 
thrown [s\src\hotspot\share\interpreter\linkResolver.cpp, line 771]
Event: 7.058 Thread 0x0000021213fc4870 Exception <a 'java/lang/NoSuchMethodError'{0x00000000860188a0}: 'java.lang.Object java.lang.invoke.Invokers$Holder.linkToTargetMethod(java.lang.Object, java.lang.Object, java.lang.Object, int, java.lang.Object)'> (0x00000000860188a0) 
thrown [s\src\hotspot\share\interpreter\linkResolver.cpp, line 771]
Event: 7.095 Thread 0x0000021213fc4870 Exception <a 'java/lang/NoSuchMethodError'{0x0000000085e12990}: 'int java.lang.invoke.DirectMethodHandle$Holder.invokeInterface(java.lang.Object, java.lang.Object, java.lang.Object, java.lang.Object)'> (0x0000000085e12990) 
thrown [s\src\hotspot\share\interpreter\linkResolver.cpp, line 771]
Event: 7.208 Thread 0x0000021213fc4870 Implicit null exception at 0x0000021207c7806c to 0x0000021207c78114
Event: 7.213 Thread 0x0000021213fc4870 Exception <a 'java/lang/ClassNotFoundException'{0x00000000858c1030}: org/gradle/api/internal/artifacts/dsl/dependencies/DefaultDependencyHandler_DecoratedBeanInfo> (0x00000000858c1030) 
thrown [s\src\hotspot\share\classfile\systemDictionary.cpp, line 256]
Event: 7.214 Thread 0x0000021213fc4870 Exception <a 'java/lang/ClassNotFoundException'{0x00000000858d8c20}: org/gradle/api/internal/artifacts/dsl/dependencies/DefaultDependencyHandlerBeanInfo> (0x00000000858d8c20) 
thrown [s\src\hotspot\share\classfile\systemDictionary.cpp, line 256]
Event: 7.214 Thread 0x0000021213fc4870 Exception <a 'java/lang/ClassNotFoundException'{0x00000000858f07d0}: org/gradle/api/internal/artifacts/dsl/dependencies/DefaultDependencyHandlerCustomizer> (0x00000000858f07d0) 
thrown [s\src\hotspot\share\classfile\systemDictionary.cpp, line 256]
Event: 7.217 Thread 0x0000021213fc4870 Exception <a 'java/lang/ClassNotFoundException'{0x0000000085733100}: org/gradle/api/internal/artifacts/dsl/dependencies/DefaultDependencyHandler_DecoratedCustomizer> (0x0000000085733100) 
thrown [s\src\hotspot\share\classfile\systemDictionary.cpp, line 256]
Event: 7.220 Thread 0x0000021213fc4870 Exception <a 'java/lang/ClassNotFoundException'{0x00000000857776e8}: sync_studio_tooling_4jrwf07cjpt5a7p7ftdukr3tx$_run_closure1BeanInfo> (0x00000000857776e8) 
thrown [s\src\hotspot\share\classfile\systemDictionary.cpp, line 256]
Event: 7.220 Thread 0x0000021213fc4870 Exception <a 'java/lang/ClassNotFoundException'{0x000000008577e6c0}: sync_studio_tooling_4jrwf07cjpt5a7p7ftdukr3tx$_run_closure1Customizer> (0x000000008577e6c0) 
thrown [s\src\hotspot\share\classfile\systemDictionary.cpp, line 256]
Event: 7.304 Thread 0x0000021213fc4870 Exception <a 'java/lang/NoSuchMethodError'{0x00000000853622a8}: 'java.lang.Object java.lang.invoke.DirectMethodHandle$Holder.newInvokeSpecial(java.lang.Object, int, java.lang.Object)'> (0x00000000853622a8) 
thrown [s\src\hotspot\share\interpreter\linkResolver.cpp, line 771]
Event: 7.353 Thread 0x0000021213fc4870 Exception <a 'java/lang/NoSuchMethodError'{0x000000008519e1b8}: 'void java.lang.invoke.DirectMethodHandle$Holder.invokeInterface(java.lang.Object, java.lang.Object)'> (0x000000008519e1b8) 
thrown [s\src\hotspot\share\interpreter\linkResolver.cpp, line 771]

VM Operations (20 events):
Event: 6.876 Executing VM operation: G1CollectForAllocation
Event: 6.880 Executing VM operation: G1CollectForAllocation done
Event: 6.900 Executing VM operation: G1TryInitiateConcMark
Event: 6.902 Executing VM operation: G1TryInitiateConcMark done
Event: 6.904 Executing VM operation: G1TryInitiateConcMark
Event: 6.905 Executing VM operation: G1TryInitiateConcMark done
Event: 6.906 Executing VM operation: G1TryInitiateConcMark
Event: 6.907 Executing VM operation: G1TryInitiateConcMark done
Event: 6.924 Executing VM operation: G1PauseRemark
Event: 6.928 Executing VM operation: G1PauseRemark done
Event: 6.936 Executing VM operation: G1PauseCleanup
Event: 6.936 Executing VM operation: G1PauseCleanup done
Event: 7.085 Executing VM operation: HandshakeAllThreads
Event: 7.085 Executing VM operation: HandshakeAllThreads done
Event: 7.089 Executing VM operation: HandshakeAllThreads
Event: 7.089 Executing VM operation: HandshakeAllThreads done
Event: 7.093 Executing VM operation: HandshakeAllThreads
Event: 7.093 Executing VM operation: HandshakeAllThreads done
Event: 7.182 Executing VM operation: HandshakeAllThreads
Event: 7.183 Executing VM operation: HandshakeAllThreads done

Events (20 events):
Event: 6.933 loading class sun/reflect/MagicAccessorImpl
Event: 6.933 loading class sun/reflect/MagicAccessorImpl done
Event: 6.965 loading class com/sun/beans/finder/MethodFinder
Event: 6.966 loading class com/sun/beans/finder/AbstractFinder
Event: 6.966 loading class com/sun/beans/finder/AbstractFinder done
Event: 6.966 loading class com/sun/beans/finder/MethodFinder done
Event: 6.966 loading class com/sun/beans/finder/MethodFinder$1
Event: 6.966 loading class com/sun/beans/finder/MethodFinder$1 done
Event: 6.967 loading class com/sun/beans/finder/FinderUtils
Event: 6.967 loading class com/sun/beans/finder/FinderUtils done
Event: 7.014 loading class java/lang/ThreadLocal$SuppliedThreadLocal
Event: 7.014 loading class java/lang/ThreadLocal$SuppliedThreadLocal done
Event: 7.016 loading class java/util/function/IntBinaryOperator
Event: 7.016 loading class java/util/function/IntBinaryOperator done
Event: 7.089 loading class java/util/ArrayList$ListItr
Event: 7.089 loading class java/util/ArrayList$ListItr done
Event: 7.462 loading class java/io/DeleteOnExitHook
Event: 7.462 loading class java/io/DeleteOnExitHook done
Event: 7.462 loading class java/io/DeleteOnExitHook$1
Event: 7.462 loading class java/io/DeleteOnExitHook$1 done


Dynamic libraries:
0x00007ff69ecf0000 - 0x00007ff69ecfa000 	C:\Program Files\Android\Android Studio\jbr\bin\java.exe
0x00007ffbe26f0000 - 0x00007ffbe2907000 	C:\windows\SYSTEM32\ntdll.dll
0x00007ffbe19c0000 - 0x00007ffbe1a84000 	C:\windows\System32\KERNEL32.DLL
0x00007ffbdfba0000 - 0x00007ffbdff4d000 	C:\windows\System32\KERNELBASE.dll
0x00007ffbdfa80000 - 0x00007ffbdfb91000 	C:\windows\System32\ucrtbase.dll
0x00007ffbba800000 - 0x00007ffbba817000 	C:\Program Files\Android\Android Studio\jbr\bin\jli.dll
0x00007ffbd6b40000 - 0x00007ffbd6b5b000 	C:\Program Files\Android\Android Studio\jbr\bin\VCRUNTIME140.dll
0x00007ffbe1780000 - 0x00007ffbe192e000 	C:\windows\System32\USER32.dll
0x00007ffbdfa50000 - 0x00007ffbdfa76000 	C:\windows\System32\win32u.dll
0x00007ffbe2680000 - 0x00007ffbe26a9000 	C:\windows\System32\GDI32.dll
0x00007ffbe02a0000 - 0x00007ffbe03b9000 	C:\windows\System32\gdi32full.dll
0x00007ffbe0140000 - 0x00007ffbe01da000 	C:\windows\System32\msvcp_win.dll
0x00007ffbded70000 - 0x00007ffbdf003000 	C:\windows\WinSxS\amd64_microsoft.windows.common-controls_6595b64144ccf1df_6.0.22621.3672_none_2713b9d173822955\COMCTL32.dll
0x00007ffbe1d50000 - 0x00007ffbe1df7000 	C:\windows\System32\msvcrt.dll
0x00007ffbe1640000 - 0x00007ffbe1671000 	C:\windows\System32\IMM32.DLL
0x00007ffbdb510000 - 0x00007ffbdb51c000 	C:\Program Files\Android\Android Studio\jbr\bin\vcruntime140_1.dll
0x00007ffb96e10000 - 0x00007ffb96e9d000 	C:\Program Files\Android\Android Studio\jbr\bin\msvcp140.dll
0x00007ffb42ee0000 - 0x00007ffb43b63000 	C:\Program Files\Android\Android Studio\jbr\bin\server\jvm.dll
0x00007ffbe1a90000 - 0x00007ffbe1b42000 	C:\windows\System32\ADVAPI32.dll
0x00007ffbe1ca0000 - 0x00007ffbe1d49000 	C:\windows\System32\sechost.dll
0x00007ffbdfa20000 - 0x00007ffbdfa48000 	C:\windows\System32\bcrypt.dll
0x00007ffbe1ea0000 - 0x00007ffbe1fb4000 	C:\windows\System32\RPCRT4.dll
0x00007ffbdf320000 - 0x00007ffbdf36d000 	C:\windows\SYSTEM32\POWRPROF.dll
0x00007ffbcbcc0000 - 0x00007ffbcbcca000 	C:\windows\SYSTEM32\VERSION.dll
0x00007ffbd86d0000 - 0x00007ffbd8704000 	C:\windows\SYSTEM32\WINMM.dll
0x00007ffbb3520000 - 0x00007ffbb3529000 	C:\windows\SYSTEM32\WSOCK32.dll
0x00007ffbe0d60000 - 0x00007ffbe0dd1000 	C:\windows\System32\WS2_32.dll
0x00007ffbdf1f0000 - 0x00007ffbdf203000 	C:\windows\SYSTEM32\UMPDC.dll
0x00007ffbde0e0000 - 0x00007ffbde0f8000 	C:\windows\SYSTEM32\kernel.appcore.dll
0x00007ffbdb200000 - 0x00007ffbdb20a000 	C:\Program Files\Android\Android Studio\jbr\bin\jimage.dll
0x00007ffbdf370000 - 0x00007ffbdf5a2000 	C:\windows\SYSTEM32\DBGHELP.DLL
0x00007ffbe1100000 - 0x00007ffbe1488000 	C:\windows\System32\combase.dll
0x00007ffbe2440000 - 0x00007ffbe2517000 	C:\windows\System32\OLEAUT32.dll
0x00007ffbdf210000 - 0x00007ffbdf242000 	C:\windows\SYSTEM32\dbgcore.DLL
0x00007ffbdff50000 - 0x00007ffbdffcb000 	C:\windows\System32\bcryptPrimitives.dll
0x00007ffbc5370000 - 0x00007ffbc537e000 	C:\Program Files\Android\Android Studio\jbr\bin\instrument.dll
0x00007ffbcaca0000 - 0x00007ffbcacc5000 	C:\Program Files\Android\Android Studio\jbr\bin\java.dll
0x00007ffbcaed0000 - 0x00007ffbcaee8000 	C:\Program Files\Android\Android Studio\jbr\bin\zip.dll
0x00007ffbe0440000 - 0x00007ffbe0c9f000 	C:\windows\System32\SHELL32.dll
0x00007ffbdd090000 - 0x00007ffbdd98c000 	C:\windows\SYSTEM32\windows.storage.dll
0x00007ffbdcf50000 - 0x00007ffbdd08f000 	C:\windows\SYSTEM32\wintypes.dll
0x00007ffbe0e40000 - 0x00007ffbe0f34000 	C:\windows\System32\SHCORE.dll
0x00007ffbe0de0000 - 0x00007ffbe0e3e000 	C:\windows\System32\shlwapi.dll
0x00007ffbdf950000 - 0x00007ffbdf971000 	C:\windows\SYSTEM32\profapi.dll
0x00007ffbcac60000 - 0x00007ffbcac79000 	C:\Program Files\Android\Android Studio\jbr\bin\net.dll
0x00007ffbdb6c0000 - 0x00007ffbdb7f6000 	C:\windows\SYSTEM32\WINHTTP.dll
0x00007ffbde5d0000 - 0x00007ffbde639000 	C:\windows\system32\mswsock.dll
0x00007ffbc9df0000 - 0x00007ffbc9e06000 	C:\Program Files\Android\Android Studio\jbr\bin\nio.dll
0x00007ffbd8530000 - 0x00007ffbd8540000 	C:\Program Files\Android\Android Studio\jbr\bin\verify.dll
0x00007ffbd8500000 - 0x00007ffbd8527000 	C:\Users\angel\.gradle\native\c067742578af261105cb4f569cf0c3c89f3d7b1fecec35dd04571415982c5e48\windows-amd64\native-platform.dll
0x00007ffb82ec0000 - 0x00007ffb83004000 	C:\Users\angel\.gradle\native\38dada09dfb8b06ba9b0570ebf7e218e3eb74d4ef43ca46872605cf95ebc2f47\windows-amd64\native-platform-file-events.dll
0x00007ffbc9de0000 - 0x00007ffbc9de9000 	C:\Program Files\Android\Android Studio\jbr\bin\management.dll
0x00007ffbc7390000 - 0x00007ffbc739b000 	C:\Program Files\Android\Android Studio\jbr\bin\management_ext.dll
0x00007ffbe1c90000 - 0x00007ffbe1c98000 	C:\windows\System32\PSAPI.DLL
0x00007ffbdf6b0000 - 0x00007ffbdf6cb000 	C:\windows\SYSTEM32\CRYPTSP.dll
0x00007ffbde8c0000 - 0x00007ffbde8f5000 	C:\windows\system32\rsaenh.dll
0x00007ffbde640000 - 0x00007ffbde668000 	C:\windows\SYSTEM32\USERENV.dll
0x00007ffbdeac0000 - 0x00007ffbdeacc000 	C:\windows\SYSTEM32\CRYPTBASE.dll
0x00007ffbddc80000 - 0x00007ffbddcad000 	C:\windows\SYSTEM32\IPHLPAPI.DLL
0x00007ffbe0d50000 - 0x00007ffbe0d59000 	C:\windows\System32\NSI.dll
0x00007ffbd9680000 - 0x00007ffbd9699000 	C:\windows\SYSTEM32\dhcpcsvc6.DLL
0x00007ffbd95e0000 - 0x00007ffbd95ff000 	C:\windows\SYSTEM32\dhcpcsvc.DLL
0x00007ffbddcb0000 - 0x00007ffbddda8000 	C:\windows\SYSTEM32\DNSAPI.dll
0x00007ffbcac50000 - 0x00007ffbcac59000 	C:\Program Files\Android\Android Studio\jbr\bin\extnet.dll
0x00007ffbcacf0000 - 0x00007ffbcacf8000 	C:\windows\system32\wshunix.dll

dbghelp: loaded successfully - version: 4.0.5 - missing functions: none
symbol engine: initialized successfully - sym options: 0x614 - pdb path: .;C:\Program Files\Android\Android Studio\jbr\bin;C:\windows\SYSTEM32;C:\windows\WinSxS\amd64_microsoft.windows.common-controls_6595b64144ccf1df_6.0.22621.3672_none_2713b9d173822955;C:\Program Files\Android\Android Studio\jbr\bin\server;C:\Users\angel\.gradle\native\c067742578af261105cb4f569cf0c3c89f3d7b1fecec35dd04571415982c5e48\windows-amd64;C:\Users\angel\.gradle\native\38dada09dfb8b06ba9b0570ebf7e218e3eb74d4ef43ca46872605cf95ebc2f47\windows-amd64

VM Arguments:
jvm_args: --add-opens=java.base/java.util=ALL-UNNAMED --add-opens=java.base/java.lang=ALL-UNNAMED --add-opens=java.base/java.lang.invoke=ALL-UNNAMED --add-opens=java.prefs/java.util.prefs=ALL-UNNAMED --add-opens=java.base/java.nio.charset=ALL-UNNAMED --add-opens=java.base/java.net=ALL-UNNAMED --add-opens=java.base/java.util.concurrent.atomic=ALL-UNNAMED -Xmx2048m -Dfile.encoding=UTF-8 -Duser.country=SV -Duser.language=es -Duser.variant -javaagent:C:\Users\angel\.gradle\wrapper\dists\gradle-8.7-bin\bhs2wmbdwecv87pi65oeuq5iu\gradle-8.7\lib\agents\gradle-instrumentation-agent-8.7.jar 
java_command: org.gradle.launcher.daemon.bootstrap.GradleDaemon 8.7
java_class_path (initial): C:\Users\angel\.gradle\wrapper\dists\gradle-8.7-bin\bhs2wmbdwecv87pi65oeuq5iu\gradle-8.7\lib\gradle-launcher-8.7.jar
Launcher Type: SUN_STANDARD

[Global flags]
     intx CICompilerCount                          = 4                                         {product} {ergonomic}
     uint ConcGCThreads                            = 2                                         {product} {ergonomic}
     uint G1ConcRefinementThreads                  = 8                                         {product} {ergonomic}
   size_t G1HeapRegionSize                         = 1048576                                   {product} {ergonomic}
    uintx GCDrainStackTargetSize                   = 64                                        {product} {ergonomic}
   size_t InitialHeapSize                          = 130023424                                 {product} {ergonomic}
   size_t MarkStackSize                            = 4194304                                   {product} {ergonomic}
   size_t MaxHeapSize                              = 2147483648                                {product} {command line}
   size_t MaxNewSize                               = 1287651328                                {product} {ergonomic}
   size_t MinHeapDeltaBytes                        = 1048576                                   {product} {ergonomic}
   size_t MinHeapSize                              = 8388608                                   {product} {ergonomic}
    uintx NonNMethodCodeHeapSize                   = 5839372                                {pd product} {ergonomic}
    uintx NonProfiledCodeHeapSize                  = 122909434                              {pd product} {ergonomic}
    uintx ProfiledCodeHeapSize                     = 122909434                              {pd product} {ergonomic}
    uintx ReservedCodeCacheSize                    = 251658240                              {pd product} {ergonomic}
     bool SegmentedCodeCache                       = true                                      {product} {ergonomic}
   size_t SoftMaxHeapSize                          = 2147483648                             {manageable} {ergonomic}
     bool UseCompressedClassPointers               = true                           {product lp64_product} {ergonomic}
     bool UseCompressedOops                        = true                           {product lp64_product} {ergonomic}
     bool UseG1GC                                  = true                                      {product} {ergonomic}
     bool UseLargePagesIndividualAllocation        = false                                  {pd product} {ergonomic}

Logging:
Log output configuration:
 #0: stdout all=warning uptime,level,tags
 #1: stderr all=off uptime,level,tags

Environment Variables:
PATH=C:\Program Files (x86)\Common Files\Oracle\Java\java8path;C:\Program Files (x86)\Common Files\Oracle\Java\javapath;C:\oracle\dbhomeXE\bin;C:\app\angel\product\21c\dbhomeXE\bin;C:\windows\system32;C:\windows;C:\windows\System32\Wbem;C:\windows\System32\WindowsPowerShell\v1.0\;C:\windows\System32\OpenSSH\;C:\Program Files\dotnet\;C:\Program Files (x86)\Microsoft SQL Server\160\Tools\Binn\;C:\Program Files\Microsoft SQL Server\160\Tools\Binn\;C:\Program Files\Microsoft SQL Server\Client SDK\ODBC\170\Tools\Binn\;C:\Program Files\Microsoft SQL Server\160\DTS\Binn\;C:\Program Files (x86)\Microsoft SQL Server\160\DTS\Binn\;C:\Program Files\Azure Data Studio\bin;C:\Program Files\HP\HP One Agent;C:\Program Files\Git\cmd;C:\Users\angel\AppData\Local\Microsoft\WindowsApps;;C:\Users\angel\AppData\Local\Programs\Microsoft VS Code\bin;C:\Users\angel\.dotnet\tools;C:\Program Files\Azure Data Studio\bin
USERNAME=angel
OS=Windows_NT
PROCESSOR_IDENTIFIER=Intel64 Family 6 Model 154 Stepping 4, GenuineIntel
TMP=C:\Users\angel\AppData\Local\Temp
TEMP=C:\Users\angel\AppData\Local\Temp



Periodic native trim disabled

JNI global refs:
JNI global refs: 27, weak refs: 5

JNI global refs memory usage: 843, weak refs: 841

OOME stack traces (most recent first):
Classloader memory used:
Loader org.gradle.internal.classloader.VisitableURLClassLoader                         : 2920K
Loader bootstrap                                                                       : 2354K
Loader org.gradle.initialization.MixInLegacyTypesClassLoader                           : 736K
Loader org.gradle.internal.classloader.VisitableURLClassLoader                         : 81079B
Loader jdk.internal.loader.ClassLoaders$PlatformClassLoader                            : 68165B
Loader jdk.internal.loader.ClassLoaders$AppClassLoader                                 : 28714B
Loader jdk.internal.reflect.DelegatingClassLoader                                      : 24603B
Loader org.gradle.groovy.scripts.internal.DefaultScriptCompilationHandler$ScriptClassLoader: 4504B
Loader org.codehaus.groovy.runtime.callsite.CallSiteClassLoader                        : 876B

Classes loaded by more than one classloader:
Class org.gradle.api.GradleException                                                  : loaded 3 times (x 80B)
Class org.gradle.util.GradleVersion                                                   : loaded 2 times (x 81B)
Class org.gradle.internal.classpath.ClassPath                                         : loaded 2 times (x 68B)
Class org.gradle.api.internal.classpath.DefaultModuleRegistry                         : loaded 2 times (x 84B)
Class org.gradle.internal.exceptions.NonGradleCauseExceptionsHolder                   : loaded 2 times (x 68B)
Class org.gradle.api.Action                                                           : loaded 2 times (x 68B)
Class org.gradle.api.internal.DefaultClassPathProvider                                : loaded 2 times (x 74B)
Class org.gradle.internal.installation.GradleInstallation$1                           : loaded 2 times (x 73B)
Class org.gradle.internal.exceptions.DefaultMultiCauseException                       : loaded 2 times (x 93B)
Class org.gradle.internal.time.MonotonicClock                                         : loaded 2 times (x 75B)
Class org.gradle.internal.classloader.FilteringClassLoader                            : loaded 2 times (x 103B)
Class org.gradle.internal.classpath.DefaultClassPath$ImmutableUniqueList$Builder      : loaded 2 times (x 73B)
Class org.gradle.internal.classloader.ClassLoaderVisitor                              : loaded 2 times (x 74B)
Class org.gradle.internal.time.DefaultCountdownTimer                                  : loaded 2 times (x 86B)
Class org.gradle.internal.service.DefaultServiceLocator                               : loaded 2 times (x 81B)
Class org.gradle.internal.service.UnknownServiceException                             : loaded 2 times (x 81B)
Class org.gradle.internal.classloader.DefaultClassLoaderFactory                       : loaded 2 times (x 80B)
Class org.gradle.internal.classloader.VisitableURLClassLoader$Spec                    : loaded 2 times (x 72B)
Class org.gradle.tooling.model.ProjectModel                                           : loaded 2 times (x 68B)
Class org.gradle.internal.installation.GradleInstallation                             : loaded 2 times (x 73B)
Class org.gradle.api.internal.classpath.ModuleRegistry                                : loaded 2 times (x 68B)
Class org.gradle.api.internal.ClassPathProvider                                       : loaded 2 times (x 68B)
Class org.gradle.internal.classloader.ClasspathUtil$1                                 : loaded 2 times (x 74B)
Class org.gradle.internal.classloader.ClassLoaderFactory                              : loaded 2 times (x 68B)
Class org.gradle.api.internal.classpath.ManifestUtil                                  : loaded 2 times (x 69B)
Class org.gradle.api.specs.Spec                                                       : loaded 2 times (x 68B)
Class org.gradle.internal.IoActions                                                   : loaded 2 times (x 69B)
Class org.gradle.api.internal.classpath.EffectiveClassPath                            : loaded 2 times (x 88B)
Class org.gradle.internal.exceptions.ResolutionProvider                               : loaded 2 times (x 68B)
Class org.gradle.internal.installation.CurrentGradleInstallation                      : loaded 2 times (x 71B)
Class org.gradle.internal.agents.InstrumentingClassLoader                             : loaded 2 times (x 68B)
Class org.gradle.internal.installation.CurrentGradleInstallationLocator               : loaded 2 times (x 69B)
Class org.gradle.api.internal.classpath.Module                                        : loaded 2 times (x 68B)
Class org.gradle.internal.service.CachingServiceLocator                               : loaded 2 times (x 80B)
Class org.gradle.internal.time.Timer                                                  : loaded 2 times (x 68B)
Class org.gradle.internal.classpath.DefaultClassPath                                  : loaded 2 times (x 88B)
Class org.gradle.internal.time.Time                                                   : loaded 2 times (x 69B)
Class org.gradle.internal.time.TimeSource$1                                           : loaded 2 times (x 75B)
Class org.gradle.internal.classloader.SystemClassLoaderSpec                           : loaded 2 times (x 69B)
Class kotlin.Function                                                                 : loaded 2 times (x 68B)
Class org.gradle.api.UncheckedIOException                                             : loaded 2 times (x 80B)
Class org.gradle.internal.time.Clock                                                  : loaded 2 times (x 68B)
Class org.gradle.internal.time.CountdownTimer                                         : loaded 2 times (x 68B)
Class org.gradle.internal.classloader.ClasspathUtil                                   : loaded 2 times (x 69B)
Class org.gradle.api.internal.DefaultClassPathRegistry                                : loaded 2 times (x 74B)
Class org.gradle.api.internal.classpath.DefaultModuleRegistry$DefaultModule           : loaded 2 times (x 84B)
Class org.gradle.internal.time.TimeSource                                             : loaded 2 times (x 68B)
Class org.gradle.api.internal.classpath.UnknownModuleException                        : loaded 2 times (x 80B)
Class org.gradle.internal.service.ServiceLookupException                              : loaded 2 times (x 80B)
Class org.gradle.cache.GlobalCache                                                    : loaded 2 times (x 68B)
Class [Lorg.gradle.api.internal.ClassPathProvider;                                    : loaded 2 times (x 67B)
Class org.gradle.internal.operations.MultipleBuildOperationFailures                   : loaded 2 times (x 93B)
Class org.gradle.util.internal.GUtil                                                  : loaded 2 times (x 69B)
Class org.gradle.internal.classloader.ClassLoaderSpec                                 : loaded 2 times (x 69B)
Class org.gradle.internal.classloader.VisitableURLClassLoader                         : loaded 2 times (x 115B)
Class org.gradle.internal.Cast                                                        : loaded 2 times (x 69B)
Class org.gradle.api.internal.ClassPathRegistry                                       : loaded 2 times (x 68B)
Class org.gradle.internal.classloader.VisitableURLClassLoader$InstrumentingVisitableURLClassLoader: loaded 2 times (x 121B)
Class org.gradle.internal.classloader.ClassLoaderHierarchy                            : loaded 2 times (x 68B)
Class org.gradle.internal.exceptions.MultiCauseException                              : loaded 2 times (x 68B)
Class org.gradle.internal.InternalTransformer                                         : loaded 2 times (x 68B)
Class org.gradle.internal.service.ServiceLocator                                      : loaded 2 times (x 68B)
Class org.gradle.internal.classpath.DefaultClassPath$ImmutableUniqueList              : loaded 2 times (x 159B)
Class org.gradle.internal.time.DefaultTimer                                           : loaded 2 times (x 78B)
Class org.gradle.internal.classpath.TransformedClassPath                              : loaded 2 times (x 94B)


---------------  S Y S T E M  ---------------

OS:
 Windows 11 , 64 bit Build 22621 (10.0.22621.3672)
OS uptime: 19 days 22:58 hours
Hyper-V role detected

CPU: total 12 (initial active 8) (6 cores per cpu, 2 threads per core) family 6 model 154 stepping 4 microcode 0x432, cx8, cmov, fxsr, ht, mmx, 3dnowpref, sse, sse2, sse3, ssse3, sse4.1, sse4.2, popcnt, lzcnt, tsc, tscinvbit, avx, avx2, aes, erms, clmul, bmi1, bmi2, adx, sha, fma, vzeroupper, clflush, clflushopt, clwb, hv
Processor Information for processor 0
  Max Mhz: 1100, Current Mhz: 1100, Mhz Limit: 1100
Processor Information for processor 1
  Max Mhz: 1100, Current Mhz: 1100, Mhz Limit: 1100
Processor Information for processor 2
  Max Mhz: 1100, Current Mhz: 1100, Mhz Limit: 1100
Processor Information for processor 3
  Max Mhz: 1100, Current Mhz: 1100, Mhz Limit: 1100
Processor Information for processor 4
  Max Mhz: 1100, Current Mhz: 800, Mhz Limit: 792
Processor Information for processor 5
  Max Mhz: 1100, Current Mhz: 800, Mhz Limit: 792
Processor Information for processor 6
  Max Mhz: 1100, Current Mhz: 800, Mhz Limit: 792
Processor Information for processor 7
  Max Mhz: 1100, Current Mhz: 800, Mhz Limit: 792
Processor Information for processor 8
  Max Mhz: 1100, Current Mhz: 800, Mhz Limit: 792
Processor Information for processor 9
  Max Mhz: 1100, Current Mhz: 800, Mhz Limit: 792
Processor Information for processor 10
  Max Mhz: 1100, Current Mhz: 800, Mhz Limit: 792
Processor Information for processor 11
  Max Mhz: 1100, Current Mhz: 800, Mhz Limit: 792

Memory: 4k page, system-wide physical 7885M (105M free)
TotalPageFile size 17885M (AvailPageFile size 11M)
current process WorkingSet (physical memory assigned to process): 261M, peak: 262M
current process commit charge ("private bytes"): 295M, peak: 297M

vm_info: OpenJDK 64-Bit Server VM (17.0.10+0--11609105) for windows-amd64 JRE (17.0.10+0--11609105), built on Mar 21 2024 19:10:56 by "androidbuild" with MS VC++ 16.10 / 16.11 (VS2019)

END.
